[0.332s] DEBUG:colcon:Command line arguments: ['/usr/bin/colcon', 'list', '-p', '--base-paths', '/home/atef/fav/ros2']
[0.332s] DEBUG:colcon:Parsed command line arguments: Namespace(log_base=None, log_level=None, verb_name='list', build_base='build', ignore_user_meta=False, metas=['./colcon.meta'], base_paths=['/home/atef/fav/ros2'], packages_ignore=None, packages_ignore_regex=None, paths=None, packages_up_to=None, packages_up_to_regex=None, packages_above=None, packages_above_and_dependencies=None, packages_above_depth=None, packages_select_by_dep=None, packages_skip_by_dep=None, packages_skip_up_to=None, packages_select_build_failed=False, packages_skip_build_finished=False, packages_select_test_failures=False, packages_skip_test_passed=False, packages_select=None, packages_skip=None, packages_select_regex=None, packages_skip_regex=None, packages_start=None, packages_end=None, allow_overriding=[], topological_order=False, names_only=False, paths_only=True, topological_graph=False, topological_graph_dot=False, topological_graph_density=False, topological_graph_legend=False, topological_graph_dot_cluster=False, topological_graph_dot_include_skipped=False, mixin_files=None, mixin=None, verb_parser=<colcon_mixin.mixin.mixin_argument.MixinArgumentDecorator object at 0x71f2a1f79b50>, verb_extension=<colcon_package_information.verb.list.ListVerb object at 0x71f2a1f77500>, main=<bound method ListVerb.main of <colcon_package_information.verb.list.ListVerb object at 0x71f2a1f77500>>, mixin_verb=('list',))
[0.407s] Level 1:colcon.colcon_core.package_discovery:discover_packages(colcon_meta) check parameters
[0.407s] Level 1:colcon.colcon_core.package_discovery:discover_packages(recursive) check parameters
[0.407s] Level 1:colcon.colcon_core.package_discovery:discover_packages(ignore) check parameters
[0.407s] Level 1:colcon.colcon_core.package_discovery:discover_packages(path) check parameters
[0.407s] Level 1:colcon.colcon_core.package_discovery:discover_packages(recursive) discover
[0.407s] INFO:colcon.colcon_core.package_discovery:Crawling recursively for packages in '/home/atef/fav/ros2'
[0.408s] Level 1:colcon.colcon_core.package_identification:_identify(/home/atef/fav/ros2) by extensions ['ignore', 'ignore_ament_install']
[0.408s] Level 1:colcon.colcon_core.package_identification:_identify(/home/atef/fav/ros2) by extension 'ignore'
[0.408s] Level 1:colcon.colcon_core.package_identification:_identify(/home/atef/fav/ros2) by extension 'ignore_ament_install'
[0.408s] Level 1:colcon.colcon_core.package_identification:_identify(/home/atef/fav/ros2) by extensions ['colcon_pkg']
[0.408s] Level 1:colcon.colcon_core.package_identification:_identify(/home/atef/fav/ros2) by extension 'colcon_pkg'
[0.408s] Level 1:colcon.colcon_core.package_identification:_identify(/home/atef/fav/ros2) by extensions ['colcon_meta']
[0.408s] Level 1:colcon.colcon_core.package_identification:_identify(/home/atef/fav/ros2) by extension 'colcon_meta'
[0.408s] Level 1:colcon.colcon_core.package_identification:_identify(/home/atef/fav/ros2) by extensions ['ros']
[0.408s] Level 1:colcon.colcon_core.package_identification:_identify(/home/atef/fav/ros2) by extension 'ros'
[0.447s] Level 1:colcon.colcon_core.package_identification:_identify(/home/atef/fav/ros2) by extensions ['cmake', 'python']
[0.447s] Level 1:colcon.colcon_core.package_identification:_identify(/home/atef/fav/ros2) by extension 'cmake'
[0.447s] Level 1:colcon.colcon_core.package_identification:_identify(/home/atef/fav/ros2) by extension 'python'
[0.447s] Level 1:colcon.colcon_core.package_identification:_identify(/home/atef/fav/ros2) by extensions ['python_setup_py']
[0.447s] Level 1:colcon.colcon_core.package_identification:_identify(/home/atef/fav/ros2) by extension 'python_setup_py'
[0.447s] Level 1:colcon.colcon_core.package_identification:_identify(/home/atef/fav/ros2/build) by extensions ['ignore', 'ignore_ament_install']
[0.447s] Level 1:colcon.colcon_core.package_identification:_identify(/home/atef/fav/ros2/build) by extension 'ignore'
[0.448s] Level 1:colcon.colcon_core.package_identification:_identify(/home/atef/fav/ros2/build) ignored
[0.448s] Level 1:colcon.colcon_core.package_identification:_identify(/home/atef/fav/ros2/install) by extensions ['ignore', 'ignore_ament_install']
[0.448s] Level 1:colcon.colcon_core.package_identification:_identify(/home/atef/fav/ros2/install) by extension 'ignore'
[0.448s] Level 1:colcon.colcon_core.package_identification:_identify(/home/atef/fav/ros2/install) ignored
[0.448s] Level 1:colcon.colcon_core.package_identification:_identify(/home/atef/fav/ros2/log) by extensions ['ignore', 'ignore_ament_install']
[0.448s] Level 1:colcon.colcon_core.package_identification:_identify(/home/atef/fav/ros2/log) by extension 'ignore'
[0.448s] Level 1:colcon.colcon_core.package_identification:_identify(/home/atef/fav/ros2/log) ignored
[0.448s] Level 1:colcon.colcon_core.package_identification:_identify(/home/atef/fav/ros2/src) by extensions ['ignore', 'ignore_ament_install']
[0.448s] Level 1:colcon.colcon_core.package_identification:_identify(/home/atef/fav/ros2/src) by extension 'ignore'
[0.449s] Level 1:colcon.colcon_core.package_identification:_identify(/home/atef/fav/ros2/src) by extension 'ignore_ament_install'
[0.449s] Level 1:colcon.colcon_core.package_identification:_identify(/home/atef/fav/ros2/src) by extensions ['colcon_pkg']
[0.449s] Level 1:colcon.colcon_core.package_identification:_identify(/home/atef/fav/ros2/src) by extension 'colcon_pkg'
[0.449s] Level 1:colcon.colcon_core.package_identification:_identify(/home/atef/fav/ros2/src) by extensions ['colcon_meta']
[0.449s] Level 1:colcon.colcon_core.package_identification:_identify(/home/atef/fav/ros2/src) by extension 'colcon_meta'
[0.449s] Level 1:colcon.colcon_core.package_identification:_identify(/home/atef/fav/ros2/src) by extensions ['ros']
[0.449s] Level 1:colcon.colcon_core.package_identification:_identify(/home/atef/fav/ros2/src) by extension 'ros'
[0.449s] Level 1:colcon.colcon_core.package_identification:_identify(/home/atef/fav/ros2/src) by extensions ['cmake', 'python']
[0.449s] Level 1:colcon.colcon_core.package_identification:_identify(/home/atef/fav/ros2/src) by extension 'cmake'
[0.449s] Level 1:colcon.colcon_core.package_identification:_identify(/home/atef/fav/ros2/src) by extension 'python'
[0.449s] Level 1:colcon.colcon_core.package_identification:_identify(/home/atef/fav/ros2/src) by extensions ['python_setup_py']
[0.449s] Level 1:colcon.colcon_core.package_identification:_identify(/home/atef/fav/ros2/src) by extension 'python_setup_py'
[0.449s] Level 1:colcon.colcon_core.package_identification:_identify(/home/atef/fav/ros2/src/fav) by extensions ['ignore', 'ignore_ament_install']
[0.449s] Level 1:colcon.colcon_core.package_identification:_identify(/home/atef/fav/ros2/src/fav) by extension 'ignore'
[0.449s] Level 1:colcon.colcon_core.package_identification:_identify(/home/atef/fav/ros2/src/fav) by extension 'ignore_ament_install'
[0.450s] Level 1:colcon.colcon_core.package_identification:_identify(/home/atef/fav/ros2/src/fav) by extensions ['colcon_pkg']
[0.450s] Level 1:colcon.colcon_core.package_identification:_identify(/home/atef/fav/ros2/src/fav) by extension 'colcon_pkg'
[0.450s] Level 1:colcon.colcon_core.package_identification:_identify(/home/atef/fav/ros2/src/fav) by extensions ['colcon_meta']
[0.450s] Level 1:colcon.colcon_core.package_identification:_identify(/home/atef/fav/ros2/src/fav) by extension 'colcon_meta'
[0.450s] Level 1:colcon.colcon_core.package_identification:_identify(/home/atef/fav/ros2/src/fav) by extensions ['ros']
[0.450s] Level 1:colcon.colcon_core.package_identification:_identify(/home/atef/fav/ros2/src/fav) by extension 'ros'
[0.450s] Level 1:colcon.colcon_core.package_identification:_identify(/home/atef/fav/ros2/src/fav) by extensions ['cmake', 'python']
[0.450s] Level 1:colcon.colcon_core.package_identification:_identify(/home/atef/fav/ros2/src/fav) by extension 'cmake'
[0.450s] Level 1:colcon.colcon_core.package_identification:_identify(/home/atef/fav/ros2/src/fav) by extension 'python'
[0.450s] Level 1:colcon.colcon_core.package_identification:_identify(/home/atef/fav/ros2/src/fav) by extensions ['python_setup_py']
[0.450s] Level 1:colcon.colcon_core.package_identification:_identify(/home/atef/fav/ros2/src/fav) by extension 'python_setup_py'
[0.450s] Level 1:colcon.colcon_core.package_identification:_identify(/home/atef/fav/ros2/src/fav/fav) by extensions ['ignore', 'ignore_ament_install']
[0.450s] Level 1:colcon.colcon_core.package_identification:_identify(/home/atef/fav/ros2/src/fav/fav) by extension 'ignore'
[0.450s] Level 1:colcon.colcon_core.package_identification:_identify(/home/atef/fav/ros2/src/fav/fav) by extension 'ignore_ament_install'
[0.451s] Level 1:colcon.colcon_core.package_identification:_identify(/home/atef/fav/ros2/src/fav/fav) by extensions ['colcon_pkg']
[0.451s] Level 1:colcon.colcon_core.package_identification:_identify(/home/atef/fav/ros2/src/fav/fav) by extension 'colcon_pkg'
[0.451s] Level 1:colcon.colcon_core.package_identification:_identify(/home/atef/fav/ros2/src/fav/fav) by extensions ['colcon_meta']
[0.451s] Level 1:colcon.colcon_core.package_identification:_identify(/home/atef/fav/ros2/src/fav/fav) by extension 'colcon_meta'
[0.451s] Level 1:colcon.colcon_core.package_identification:_identify(/home/atef/fav/ros2/src/fav/fav) by extensions ['ros']
[0.451s] Level 1:colcon.colcon_core.package_identification:_identify(/home/atef/fav/ros2/src/fav/fav) by extension 'ros'
[0.456s] DEBUG:colcon.colcon_core.package_identification:Package '/home/atef/fav/ros2/src/fav/fav' with type 'ros.ament_cmake' and name 'fav'
[0.456s] Level 1:colcon.colcon_core.package_identification:_identify(/home/atef/fav/ros2/src/fav/keyboard_control) by extensions ['ignore', 'ignore_ament_install']
[0.456s] Level 1:colcon.colcon_core.package_identification:_identify(/home/atef/fav/ros2/src/fav/keyboard_control) by extension 'ignore'
[0.456s] Level 1:colcon.colcon_core.package_identification:_identify(/home/atef/fav/ros2/src/fav/keyboard_control) by extension 'ignore_ament_install'
[0.456s] Level 1:colcon.colcon_core.package_identification:_identify(/home/atef/fav/ros2/src/fav/keyboard_control) by extensions ['colcon_pkg']
[0.456s] Level 1:colcon.colcon_core.package_identification:_identify(/home/atef/fav/ros2/src/fav/keyboard_control) by extension 'colcon_pkg'
[0.457s] Level 1:colcon.colcon_core.package_identification:_identify(/home/atef/fav/ros2/src/fav/keyboard_control) by extensions ['colcon_meta']
[0.457s] Level 1:colcon.colcon_core.package_identification:_identify(/home/atef/fav/ros2/src/fav/keyboard_control) by extension 'colcon_meta'
[0.457s] Level 1:colcon.colcon_core.package_identification:_identify(/home/atef/fav/ros2/src/fav/keyboard_control) by extensions ['ros']
[0.457s] Level 1:colcon.colcon_core.package_identification:_identify(/home/atef/fav/ros2/src/fav/keyboard_control) by extension 'ros'
[0.458s] DEBUG:colcon.colcon_core.package_identification:Package '/home/atef/fav/ros2/src/fav/keyboard_control' with type 'ros.ament_cmake' and name 'keyboard_control'
[0.458s] Level 1:colcon.colcon_core.package_identification:_identify(/home/atef/fav/ros2/src/fav/scenario_msgs) by extensions ['ignore', 'ignore_ament_install']
[0.458s] Level 1:colcon.colcon_core.package_identification:_identify(/home/atef/fav/ros2/src/fav/scenario_msgs) by extension 'ignore'
[0.458s] Level 1:colcon.colcon_core.package_identification:_identify(/home/atef/fav/ros2/src/fav/scenario_msgs) by extension 'ignore_ament_install'
[0.458s] Level 1:colcon.colcon_core.package_identification:_identify(/home/atef/fav/ros2/src/fav/scenario_msgs) by extensions ['colcon_pkg']
[0.458s] Level 1:colcon.colcon_core.package_identification:_identify(/home/atef/fav/ros2/src/fav/scenario_msgs) by extension 'colcon_pkg'
[0.458s] Level 1:colcon.colcon_core.package_identification:_identify(/home/atef/fav/ros2/src/fav/scenario_msgs) by extensions ['colcon_meta']
[0.458s] Level 1:colcon.colcon_core.package_identification:_identify(/home/atef/fav/ros2/src/fav/scenario_msgs) by extension 'colcon_meta'
[0.458s] Level 1:colcon.colcon_core.package_identification:_identify(/home/atef/fav/ros2/src/fav/scenario_msgs) by extensions ['ros']
[0.458s] Level 1:colcon.colcon_core.package_identification:_identify(/home/atef/fav/ros2/src/fav/scenario_msgs) by extension 'ros'
[0.460s] DEBUG:colcon.colcon_core.package_identification:Package '/home/atef/fav/ros2/src/fav/scenario_msgs' with type 'ros.ament_cmake' and name 'scenario_msgs'
[0.460s] Level 1:colcon.colcon_core.package_discovery:discover_packages(recursive) using defaults
