[0.018s] Invoking command in '/home/atef/fav/ros2/build/keyboard_control': CMAKE_PREFIX_PATH=${CMAKE_PREFIX_PATH}:/opt/ros/jazzy /bin/cmake --build /home/atef/fav/ros2/build/keyboard_control -- -j6 -l6
[0.077s] Invoked command in '/home/atef/fav/ros2/build/keyboard_control' returned '0': CMAKE_PREFIX_PATH=${CMAKE_PREFIX_PATH}:/opt/ros/jazzy /bin/cmake --build /home/atef/fav/ros2/build/keyboard_control -- -j6 -l6
[0.119s] Invoking command in '/home/atef/fav/ros2/build/keyboard_control': CMAKE_PREFIX_PATH=${CMAKE_PREFIX_PATH}:/opt/ros/jazzy /bin/cmake --install /home/atef/fav/ros2/build/keyboard_control
[0.129s] -- Install configuration: ""
[0.131s] -- Execute custom install script
[0.131s] -- Up-to-date symlink: /home/atef/fav/ros2/install/keyboard_control/lib/keyboard_control/keyboard_control_node
[0.131s] -- Up-to-date symlink: /home/atef/fav/ros2/install/keyboard_control/share/ament_index/resource_index/package_run_dependencies/keyboard_control
[0.131s] -- Up-to-date symlink: /home/atef/fav/ros2/install/keyboard_control/share/ament_index/resource_index/parent_prefix_path/keyboard_control
[0.132s] -- Up-to-date symlink: /home/atef/fav/ros2/install/keyboard_control/share/keyboard_control/environment/ament_prefix_path.sh
[0.132s] -- Up-to-date symlink: /home/atef/fav/ros2/install/keyboard_control/share/keyboard_control/environment/ament_prefix_path.dsv
[0.133s] -- Up-to-date symlink: /home/atef/fav/ros2/install/keyboard_control/share/keyboard_control/environment/path.sh
[0.133s] -- Up-to-date symlink: /home/atef/fav/ros2/install/keyboard_control/share/keyboard_control/environment/path.dsv
[0.134s] -- Up-to-date symlink: /home/atef/fav/ros2/install/keyboard_control/share/keyboard_control/local_setup.bash
[0.134s] -- Up-to-date symlink: /home/atef/fav/ros2/install/keyboard_control/share/keyboard_control/local_setup.sh
[0.134s] -- Up-to-date symlink: /home/atef/fav/ros2/install/keyboard_control/share/keyboard_control/local_setup.zsh
[0.135s] -- Up-to-date symlink: /home/atef/fav/ros2/install/keyboard_control/share/keyboard_control/local_setup.dsv
[0.135s] -- Symlinking: /home/atef/fav/ros2/install/keyboard_control/share/keyboard_control/package.dsv
[0.149s] -- Up-to-date symlink: /home/atef/fav/ros2/install/keyboard_control/share/ament_index/resource_index/packages/keyboard_control
[0.149s] -- Up-to-date symlink: /home/atef/fav/ros2/install/keyboard_control/share/keyboard_control/cmake/keyboard_controlConfig.cmake
[0.149s] -- Up-to-date symlink: /home/atef/fav/ros2/install/keyboard_control/share/keyboard_control/cmake/keyboard_controlConfig-version.cmake
[0.149s] -- Up-to-date symlink: /home/atef/fav/ros2/install/keyboard_control/share/keyboard_control/package.xml
[0.152s] Invoked command in '/home/atef/fav/ros2/build/keyboard_control' returned '0': CMAKE_PREFIX_PATH=${CMAKE_PREFIX_PATH}:/opt/ros/jazzy /bin/cmake --install /home/atef/fav/ros2/build/keyboard_control
