[0.000000] (-) TimerEvent: {}
[0.000980] (depth_control) JobQueued: {'identifier': 'depth_control', 'dependencies': OrderedDict()}
[0.001065] (keyboard_control) JobQueued: {'identifier': 'keyboard_control', 'dependencies': OrderedDict()}
[0.001107] (scenario_msgs) JobQueued: {'identifier': 'scenario_msgs', 'dependencies': OrderedDict()}
[0.001140] (fav) JobQueued: {'identifier': 'fav', 'dependencies': OrderedDict({'scenario_msgs': '/home/atef/fav/ros2/install/scenario_msgs'})}
[0.001182] (scenario_msgs) JobStarted: {'identifier': 'scenario_msgs'}
[0.016728] (depth_control) JobStarted: {'identifier': 'depth_control'}
[0.021341] (keyboard_control) JobStarted: {'identifier': 'keyboard_control'}
[0.027456] (scenario_msgs) JobProgress: {'identifier': 'scenario_msgs', 'progress': 'cmake'}
[0.028290] (scenario_msgs) JobProgress: {'identifier': 'scenario_msgs', 'progress': 'build'}
[0.029171] (scenario_msgs) Command: {'cmd': ['/bin/cmake', '--build', '/home/atef/fav/ros2/build/scenario_msgs', '--', '-j6', '-l6'], 'cwd': '/home/atef/fav/ros2/build/scenario_msgs', 'env': OrderedDict({'GZ_SIM_SYSTEM_PLUGIN_PATH': '/opt/ros/jazzy/lib/hippo_gz_plugins/', 'USER': 'atef', 'GZ_CONFIG_PATH': '/opt/ros/jazzy/opt/gz_sim_vendor/share/gz:/opt/ros/jazzy/opt/sdformat_vendor/share/gz:/opt/ros/jazzy/opt/gz_gui_vendor/share/gz:/opt/ros/jazzy/opt/gz_transport_vendor/share/gz:/opt/ros/jazzy/opt/gz_rendering_vendor/share/gz:/opt/ros/jazzy/opt/gz_plugin_vendor/share/gz:/opt/ros/jazzy/opt/gz_fuel_tools_vendor/share/gz:/opt/ros/jazzy/opt/gz_msgs_vendor/share/gz:/opt/ros/jazzy/opt/gz_common_vendor/share/gz', 'SHLVL': '0', 'LD_LIBRARY_PATH': '/opt/ros/jazzy/opt/gz_sim_vendor/lib:/opt/ros/jazzy/opt/gz_sensors_vendor/lib:/opt/ros/jazzy/opt/gz_physics_vendor/lib:/opt/ros/jazzy/opt/sdformat_vendor/lib:/opt/ros/jazzy/opt/rviz_ogre_vendor/lib:/opt/ros/jazzy/lib/x86_64-linux-gnu:/opt/ros/jazzy/opt/gz_gui_vendor/lib:/opt/ros/jazzy/opt/gz_transport_vendor/lib:/opt/ros/jazzy/opt/gz_rendering_vendor/lib:/opt/ros/jazzy/opt/gz_plugin_vendor/lib:/opt/ros/jazzy/opt/gz_fuel_tools_vendor/lib:/opt/ros/jazzy/opt/gz_msgs_vendor/lib:/opt/ros/jazzy/opt/gz_common_vendor/lib:/opt/ros/jazzy/opt/gz_math_vendor/lib:/opt/ros/jazzy/opt/gz_utils_vendor/lib:/opt/ros/jazzy/opt/gz_tools_vendor/lib:/opt/ros/jazzy/opt/gz_ogre_next_vendor/lib:/opt/ros/jazzy/opt/gz_dartsim_vendor/lib:/opt/ros/jazzy/opt/gz_cmake_vendor/lib:/opt/ros/jazzy/lib', 'HOME': '/home/atef', 'OLDPWD': '/home/atef/fav/ros2', 'ROS_PYTHON_VERSION': '3', 'LC_CTYPE': 'C.UTF-8', 'ROS_DISTRO': 'jazzy', 'LOGNAME': 'atef', '_': '/bin/colcon', 'ROS_VERSION': '2', 'TERM': 'xterm-256color', 'PATH': '/opt/ros/jazzy/opt/gz_msgs_vendor/bin:/opt/ros/jazzy/opt/gz_tools_vendor/bin:/opt/ros/jazzy/opt/gz_ogre_next_vendor/bin:/opt/ros/jazzy/bin:/bin:/usr/bin:/usr/ucb:/usr/local/bin', 'AMENT_PREFIX_PATH': '/opt/ros/jazzy', 'ROS_AUTOMATIC_DISCOVERY_RANGE': 'SUBNET', 'PWD': '/home/atef/fav/ros2/build/scenario_msgs', 'PYTHONPATH': '/opt/ros/jazzy/lib/python3.12/site-packages', 'COLCON': '1', 'CMAKE_PREFIX_PATH': '/opt/ros/jazzy/opt/gz_sim_vendor:/opt/ros/jazzy/opt/gz_sensors_vendor:/opt/ros/jazzy/opt/gz_physics_vendor:/opt/ros/jazzy/opt/sdformat_vendor:/opt/ros/jazzy/opt/gz_gui_vendor:/opt/ros/jazzy/opt/gz_transport_vendor:/opt/ros/jazzy/opt/gz_rendering_vendor:/opt/ros/jazzy/opt/gz_plugin_vendor:/opt/ros/jazzy/opt/gz_fuel_tools_vendor:/opt/ros/jazzy/opt/gz_msgs_vendor:/opt/ros/jazzy/opt/gz_common_vendor:/opt/ros/jazzy/opt/gz_math_vendor:/opt/ros/jazzy/opt/gz_utils_vendor:/opt/ros/jazzy/opt/gz_tools_vendor:/opt/ros/jazzy/opt/gz_ogre_next_vendor:/opt/ros/jazzy/opt/gz_dartsim_vendor:/opt/ros/jazzy/opt/gz_cmake_vendor:/opt/ros/jazzy'}), 'shell': False}
[0.031638] (depth_control) JobProgress: {'identifier': 'depth_control', 'progress': 'cmake'}
[0.032185] (depth_control) Command: {'cmd': ['/bin/cmake', '/home/atef/fav/ros2/src/depth_control', '--no-warn-unused-cli', '-DCMAKE_EXPORT_COMPILE_COMMANDS=ON', '-DAMENT_CMAKE_SYMLINK_INSTALL=1', '-DCMAKE_INSTALL_PREFIX=/home/atef/fav/ros2/install/depth_control'], 'cwd': '/home/atef/fav/ros2/build/depth_control', 'env': OrderedDict({'GZ_SIM_SYSTEM_PLUGIN_PATH': '/opt/ros/jazzy/lib/hippo_gz_plugins/', 'USER': 'atef', 'GZ_CONFIG_PATH': '/opt/ros/jazzy/opt/gz_sim_vendor/share/gz:/opt/ros/jazzy/opt/sdformat_vendor/share/gz:/opt/ros/jazzy/opt/gz_gui_vendor/share/gz:/opt/ros/jazzy/opt/gz_transport_vendor/share/gz:/opt/ros/jazzy/opt/gz_rendering_vendor/share/gz:/opt/ros/jazzy/opt/gz_plugin_vendor/share/gz:/opt/ros/jazzy/opt/gz_fuel_tools_vendor/share/gz:/opt/ros/jazzy/opt/gz_msgs_vendor/share/gz:/opt/ros/jazzy/opt/gz_common_vendor/share/gz', 'SHLVL': '0', 'LD_LIBRARY_PATH': '/opt/ros/jazzy/opt/gz_sim_vendor/lib:/opt/ros/jazzy/opt/gz_sensors_vendor/lib:/opt/ros/jazzy/opt/gz_physics_vendor/lib:/opt/ros/jazzy/opt/sdformat_vendor/lib:/opt/ros/jazzy/opt/rviz_ogre_vendor/lib:/opt/ros/jazzy/lib/x86_64-linux-gnu:/opt/ros/jazzy/opt/gz_gui_vendor/lib:/opt/ros/jazzy/opt/gz_transport_vendor/lib:/opt/ros/jazzy/opt/gz_rendering_vendor/lib:/opt/ros/jazzy/opt/gz_plugin_vendor/lib:/opt/ros/jazzy/opt/gz_fuel_tools_vendor/lib:/opt/ros/jazzy/opt/gz_msgs_vendor/lib:/opt/ros/jazzy/opt/gz_common_vendor/lib:/opt/ros/jazzy/opt/gz_math_vendor/lib:/opt/ros/jazzy/opt/gz_utils_vendor/lib:/opt/ros/jazzy/opt/gz_tools_vendor/lib:/opt/ros/jazzy/opt/gz_ogre_next_vendor/lib:/opt/ros/jazzy/opt/gz_dartsim_vendor/lib:/opt/ros/jazzy/opt/gz_cmake_vendor/lib:/opt/ros/jazzy/lib', 'HOME': '/home/atef', 'OLDPWD': '/home/atef/fav/ros2', 'ROS_PYTHON_VERSION': '3', 'LC_CTYPE': 'C.UTF-8', 'ROS_DISTRO': 'jazzy', 'LOGNAME': 'atef', '_': '/bin/colcon', 'ROS_VERSION': '2', 'TERM': 'xterm-256color', 'PATH': '/opt/ros/jazzy/opt/gz_msgs_vendor/bin:/opt/ros/jazzy/opt/gz_tools_vendor/bin:/opt/ros/jazzy/opt/gz_ogre_next_vendor/bin:/opt/ros/jazzy/bin:/bin:/usr/bin:/usr/ucb:/usr/local/bin', 'AMENT_PREFIX_PATH': '/opt/ros/jazzy', 'ROS_AUTOMATIC_DISCOVERY_RANGE': 'SUBNET', 'PWD': '/home/atef/fav/ros2/build/depth_control', 'PYTHONPATH': '/opt/ros/jazzy/lib/python3.12/site-packages', 'COLCON': '1', 'CMAKE_PREFIX_PATH': '/opt/ros/jazzy/opt/gz_sim_vendor:/opt/ros/jazzy/opt/gz_sensors_vendor:/opt/ros/jazzy/opt/gz_physics_vendor:/opt/ros/jazzy/opt/sdformat_vendor:/opt/ros/jazzy/opt/gz_gui_vendor:/opt/ros/jazzy/opt/gz_transport_vendor:/opt/ros/jazzy/opt/gz_rendering_vendor:/opt/ros/jazzy/opt/gz_plugin_vendor:/opt/ros/jazzy/opt/gz_fuel_tools_vendor:/opt/ros/jazzy/opt/gz_msgs_vendor:/opt/ros/jazzy/opt/gz_common_vendor:/opt/ros/jazzy/opt/gz_math_vendor:/opt/ros/jazzy/opt/gz_utils_vendor:/opt/ros/jazzy/opt/gz_tools_vendor:/opt/ros/jazzy/opt/gz_ogre_next_vendor:/opt/ros/jazzy/opt/gz_dartsim_vendor:/opt/ros/jazzy/opt/gz_cmake_vendor:/opt/ros/jazzy'}), 'shell': False}
[0.036682] (keyboard_control) JobProgress: {'identifier': 'keyboard_control', 'progress': 'cmake'}
[0.037580] (keyboard_control) JobProgress: {'identifier': 'keyboard_control', 'progress': 'build'}
[0.038274] (keyboard_control) Command: {'cmd': ['/bin/cmake', '--build', '/home/atef/fav/ros2/build/keyboard_control', '--', '-j6', '-l6'], 'cwd': '/home/atef/fav/ros2/build/keyboard_control', 'env': OrderedDict({'GZ_SIM_SYSTEM_PLUGIN_PATH': '/opt/ros/jazzy/lib/hippo_gz_plugins/', 'USER': 'atef', 'GZ_CONFIG_PATH': '/opt/ros/jazzy/opt/gz_sim_vendor/share/gz:/opt/ros/jazzy/opt/sdformat_vendor/share/gz:/opt/ros/jazzy/opt/gz_gui_vendor/share/gz:/opt/ros/jazzy/opt/gz_transport_vendor/share/gz:/opt/ros/jazzy/opt/gz_rendering_vendor/share/gz:/opt/ros/jazzy/opt/gz_plugin_vendor/share/gz:/opt/ros/jazzy/opt/gz_fuel_tools_vendor/share/gz:/opt/ros/jazzy/opt/gz_msgs_vendor/share/gz:/opt/ros/jazzy/opt/gz_common_vendor/share/gz', 'SHLVL': '0', 'LD_LIBRARY_PATH': '/opt/ros/jazzy/opt/gz_sim_vendor/lib:/opt/ros/jazzy/opt/gz_sensors_vendor/lib:/opt/ros/jazzy/opt/gz_physics_vendor/lib:/opt/ros/jazzy/opt/sdformat_vendor/lib:/opt/ros/jazzy/opt/rviz_ogre_vendor/lib:/opt/ros/jazzy/lib/x86_64-linux-gnu:/opt/ros/jazzy/opt/gz_gui_vendor/lib:/opt/ros/jazzy/opt/gz_transport_vendor/lib:/opt/ros/jazzy/opt/gz_rendering_vendor/lib:/opt/ros/jazzy/opt/gz_plugin_vendor/lib:/opt/ros/jazzy/opt/gz_fuel_tools_vendor/lib:/opt/ros/jazzy/opt/gz_msgs_vendor/lib:/opt/ros/jazzy/opt/gz_common_vendor/lib:/opt/ros/jazzy/opt/gz_math_vendor/lib:/opt/ros/jazzy/opt/gz_utils_vendor/lib:/opt/ros/jazzy/opt/gz_tools_vendor/lib:/opt/ros/jazzy/opt/gz_ogre_next_vendor/lib:/opt/ros/jazzy/opt/gz_dartsim_vendor/lib:/opt/ros/jazzy/opt/gz_cmake_vendor/lib:/opt/ros/jazzy/lib', 'HOME': '/home/atef', 'OLDPWD': '/home/atef/fav/ros2', 'ROS_PYTHON_VERSION': '3', 'LC_CTYPE': 'C.UTF-8', 'ROS_DISTRO': 'jazzy', 'LOGNAME': 'atef', '_': '/bin/colcon', 'ROS_VERSION': '2', 'TERM': 'xterm-256color', 'PATH': '/opt/ros/jazzy/opt/gz_msgs_vendor/bin:/opt/ros/jazzy/opt/gz_tools_vendor/bin:/opt/ros/jazzy/opt/gz_ogre_next_vendor/bin:/opt/ros/jazzy/bin:/bin:/usr/bin:/usr/ucb:/usr/local/bin', 'AMENT_PREFIX_PATH': '/opt/ros/jazzy', 'ROS_AUTOMATIC_DISCOVERY_RANGE': 'SUBNET', 'PWD': '/home/atef/fav/ros2/build/keyboard_control', 'PYTHONPATH': '/opt/ros/jazzy/lib/python3.12/site-packages', 'COLCON': '1', 'CMAKE_PREFIX_PATH': '/opt/ros/jazzy/opt/gz_sim_vendor:/opt/ros/jazzy/opt/gz_sensors_vendor:/opt/ros/jazzy/opt/gz_physics_vendor:/opt/ros/jazzy/opt/sdformat_vendor:/opt/ros/jazzy/opt/gz_gui_vendor:/opt/ros/jazzy/opt/gz_transport_vendor:/opt/ros/jazzy/opt/gz_rendering_vendor:/opt/ros/jazzy/opt/gz_plugin_vendor:/opt/ros/jazzy/opt/gz_fuel_tools_vendor:/opt/ros/jazzy/opt/gz_msgs_vendor:/opt/ros/jazzy/opt/gz_common_vendor:/opt/ros/jazzy/opt/gz_math_vendor:/opt/ros/jazzy/opt/gz_utils_vendor:/opt/ros/jazzy/opt/gz_tools_vendor:/opt/ros/jazzy/opt/gz_ogre_next_vendor:/opt/ros/jazzy/opt/gz_dartsim_vendor:/opt/ros/jazzy/opt/gz_cmake_vendor:/opt/ros/jazzy'}), 'shell': False}
[0.051181] (depth_control) StdoutLine: {'line': b'Not searching for unused variables given on the command line.\n'}
[0.098855] (keyboard_control) CommandEnded: {'returncode': 0}
[0.099592] (-) TimerEvent: {}
[0.119627] (scenario_msgs) StdoutLine: {'line': b'[  1%] Built target scenario_msgs__rosidl_generator_type_description\n'}
[0.127982] (keyboard_control) JobProgress: {'identifier': 'keyboard_control', 'progress': 'install'}
[0.129905] (scenario_msgs) StdoutLine: {'line': b'[  1%] Built target ament_cmake_python_symlink_scenario_msgs\n'}
[0.140335] (keyboard_control) Command: {'cmd': ['/bin/cmake', '--install', '/home/atef/fav/ros2/build/keyboard_control'], 'cwd': '/home/atef/fav/ros2/build/keyboard_control', 'env': OrderedDict({'GZ_SIM_SYSTEM_PLUGIN_PATH': '/opt/ros/jazzy/lib/hippo_gz_plugins/', 'USER': 'atef', 'GZ_CONFIG_PATH': '/opt/ros/jazzy/opt/gz_sim_vendor/share/gz:/opt/ros/jazzy/opt/sdformat_vendor/share/gz:/opt/ros/jazzy/opt/gz_gui_vendor/share/gz:/opt/ros/jazzy/opt/gz_transport_vendor/share/gz:/opt/ros/jazzy/opt/gz_rendering_vendor/share/gz:/opt/ros/jazzy/opt/gz_plugin_vendor/share/gz:/opt/ros/jazzy/opt/gz_fuel_tools_vendor/share/gz:/opt/ros/jazzy/opt/gz_msgs_vendor/share/gz:/opt/ros/jazzy/opt/gz_common_vendor/share/gz', 'SHLVL': '0', 'LD_LIBRARY_PATH': '/opt/ros/jazzy/opt/gz_sim_vendor/lib:/opt/ros/jazzy/opt/gz_sensors_vendor/lib:/opt/ros/jazzy/opt/gz_physics_vendor/lib:/opt/ros/jazzy/opt/sdformat_vendor/lib:/opt/ros/jazzy/opt/rviz_ogre_vendor/lib:/opt/ros/jazzy/lib/x86_64-linux-gnu:/opt/ros/jazzy/opt/gz_gui_vendor/lib:/opt/ros/jazzy/opt/gz_transport_vendor/lib:/opt/ros/jazzy/opt/gz_rendering_vendor/lib:/opt/ros/jazzy/opt/gz_plugin_vendor/lib:/opt/ros/jazzy/opt/gz_fuel_tools_vendor/lib:/opt/ros/jazzy/opt/gz_msgs_vendor/lib:/opt/ros/jazzy/opt/gz_common_vendor/lib:/opt/ros/jazzy/opt/gz_math_vendor/lib:/opt/ros/jazzy/opt/gz_utils_vendor/lib:/opt/ros/jazzy/opt/gz_tools_vendor/lib:/opt/ros/jazzy/opt/gz_ogre_next_vendor/lib:/opt/ros/jazzy/opt/gz_dartsim_vendor/lib:/opt/ros/jazzy/opt/gz_cmake_vendor/lib:/opt/ros/jazzy/lib', 'HOME': '/home/atef', 'OLDPWD': '/home/atef/fav/ros2', 'ROS_PYTHON_VERSION': '3', 'LC_CTYPE': 'C.UTF-8', 'ROS_DISTRO': 'jazzy', 'LOGNAME': 'atef', '_': '/bin/colcon', 'ROS_VERSION': '2', 'TERM': 'xterm-256color', 'PATH': '/opt/ros/jazzy/opt/gz_msgs_vendor/bin:/opt/ros/jazzy/opt/gz_tools_vendor/bin:/opt/ros/jazzy/opt/gz_ogre_next_vendor/bin:/opt/ros/jazzy/bin:/bin:/usr/bin:/usr/ucb:/usr/local/bin', 'AMENT_PREFIX_PATH': '/opt/ros/jazzy', 'ROS_AUTOMATIC_DISCOVERY_RANGE': 'SUBNET', 'PWD': '/home/atef/fav/ros2/build/keyboard_control', 'PYTHONPATH': '/opt/ros/jazzy/lib/python3.12/site-packages', 'COLCON': '1', 'CMAKE_PREFIX_PATH': '/opt/ros/jazzy/opt/gz_sim_vendor:/opt/ros/jazzy/opt/gz_sensors_vendor:/opt/ros/jazzy/opt/gz_physics_vendor:/opt/ros/jazzy/opt/sdformat_vendor:/opt/ros/jazzy/opt/gz_gui_vendor:/opt/ros/jazzy/opt/gz_transport_vendor:/opt/ros/jazzy/opt/gz_rendering_vendor:/opt/ros/jazzy/opt/gz_plugin_vendor:/opt/ros/jazzy/opt/gz_fuel_tools_vendor:/opt/ros/jazzy/opt/gz_msgs_vendor:/opt/ros/jazzy/opt/gz_common_vendor:/opt/ros/jazzy/opt/gz_math_vendor:/opt/ros/jazzy/opt/gz_utils_vendor:/opt/ros/jazzy/opt/gz_tools_vendor:/opt/ros/jazzy/opt/gz_ogre_next_vendor:/opt/ros/jazzy/opt/gz_dartsim_vendor:/opt/ros/jazzy/opt/gz_cmake_vendor:/opt/ros/jazzy'}), 'shell': False}
[0.143179] (scenario_msgs) StdoutLine: {'line': b'\x1b[35m\x1b[1mConsolidate compiler generated dependencies of target scenario_msgs__rosidl_generator_c\x1b[0m\n'}
[0.150936] (keyboard_control) StdoutLine: {'line': b'-- Install configuration: ""\n'}
[0.151214] (scenario_msgs) StdoutLine: {'line': b'[  2%] Built target scenario_msgs__cpp\n'}
[0.152321] (keyboard_control) StdoutLine: {'line': b'-- Execute custom install script\n'}
[0.152934] (keyboard_control) StdoutLine: {'line': b'-- Up-to-date symlink: /home/atef/fav/ros2/install/keyboard_control/lib/keyboard_control/keyboard_control_node\n'}
[0.153084] (keyboard_control) StdoutLine: {'line': b'-- Up-to-date symlink: /home/atef/fav/ros2/install/keyboard_control/share/ament_index/resource_index/package_run_dependencies/keyboard_control\n'}
[0.153174] (keyboard_control) StdoutLine: {'line': b'-- Up-to-date symlink: /home/atef/fav/ros2/install/keyboard_control/share/ament_index/resource_index/parent_prefix_path/keyboard_control\n'}
[0.153393] (keyboard_control) StdoutLine: {'line': b'-- Up-to-date symlink: /home/atef/fav/ros2/install/keyboard_control/share/keyboard_control/environment/ament_prefix_path.sh\n'}
[0.153776] (keyboard_control) StdoutLine: {'line': b'-- Up-to-date symlink: /home/atef/fav/ros2/install/keyboard_control/share/keyboard_control/environment/ament_prefix_path.dsv\n'}
[0.154678] (keyboard_control) StdoutLine: {'line': b'-- Up-to-date symlink: /home/atef/fav/ros2/install/keyboard_control/share/keyboard_control/environment/path.sh\n'}
[0.155073] (keyboard_control) StdoutLine: {'line': b'-- Up-to-date symlink: /home/atef/fav/ros2/install/keyboard_control/share/keyboard_control/environment/path.dsv\n'}
[0.155208] (keyboard_control) StdoutLine: {'line': b'-- Up-to-date symlink: /home/atef/fav/ros2/install/keyboard_control/share/keyboard_control/local_setup.bash\n'}
[0.155778] (keyboard_control) StdoutLine: {'line': b'-- Up-to-date symlink: /home/atef/fav/ros2/install/keyboard_control/share/keyboard_control/local_setup.sh\n'}
[0.155931] (keyboard_control) StdoutLine: {'line': b'-- Up-to-date symlink: /home/atef/fav/ros2/install/keyboard_control/share/keyboard_control/local_setup.zsh\n'}
[0.156966] (keyboard_control) StdoutLine: {'line': b'-- Up-to-date symlink: /home/atef/fav/ros2/install/keyboard_control/share/keyboard_control/local_setup.dsv\n'}
[0.157177] (keyboard_control) StdoutLine: {'line': b'-- Symlinking: /home/atef/fav/ros2/install/keyboard_control/share/keyboard_control/package.dsv\n'}
[0.166548] (scenario_msgs) StdoutLine: {'line': b'[ 25%] Built target scenario_msgs__rosidl_generator_c\n'}
[0.170291] (keyboard_control) StdoutLine: {'line': b'-- Up-to-date symlink: /home/atef/fav/ros2/install/keyboard_control/share/ament_index/resource_index/packages/keyboard_control\n'}
[0.170535] (keyboard_control) StdoutLine: {'line': b'-- Up-to-date symlink: /home/atef/fav/ros2/install/keyboard_control/share/keyboard_control/cmake/keyboard_controlConfig.cmake\n'}
[0.170628] (keyboard_control) StdoutLine: {'line': b'-- Up-to-date symlink: /home/atef/fav/ros2/install/keyboard_control/share/keyboard_control/cmake/keyboard_controlConfig-version.cmake\n'}
[0.170729] (keyboard_control) StdoutLine: {'line': b'-- Up-to-date symlink: /home/atef/fav/ros2/install/keyboard_control/share/keyboard_control/package.xml\n'}
[0.173243] (keyboard_control) CommandEnded: {'returncode': 0}
[0.187023] (depth_control) StdoutLine: {'line': b'-- The C compiler identification is GNU 11.4.0\n'}
[0.192009] (scenario_msgs) StdoutLine: {'line': b'\x1b[35m\x1b[1mConsolidate compiler generated dependencies of target scenario_msgs__rosidl_typesupport_introspection_c\x1b[0m\n'}
[0.192203] (scenario_msgs) StdoutLine: {'line': b'\x1b[35m\x1b[1mConsolidate compiler generated dependencies of target scenario_msgs__rosidl_typesupport_cpp\x1b[0m\n'}
[0.192297] (scenario_msgs) StdoutLine: {'line': b'\x1b[35m\x1b[1mConsolidate compiler generated dependencies of target scenario_msgs__rosidl_typesupport_fastrtps_cpp\x1b[0m\n'}
[0.197584] (scenario_msgs) StdoutLine: {'line': b'\x1b[35m\x1b[1mConsolidate compiler generated dependencies of target scenario_msgs__rosidl_typesupport_c\x1b[0m\n'}
[0.199853] (-) TimerEvent: {}
[0.202789] (scenario_msgs) StdoutLine: {'line': b'\x1b[35m\x1b[1mConsolidate compiler generated dependencies of target scenario_msgs__rosidl_typesupport_fastrtps_c\x1b[0m\n'}
[0.215781] (scenario_msgs) StdoutLine: {'line': b'[ 35%] Built target scenario_msgs__rosidl_typesupport_introspection_c\n'}
[0.224621] (scenario_msgs) StdoutLine: {'line': b'[ 44%] Built target scenario_msgs__rosidl_typesupport_fastrtps_cpp\n'}
[0.228665] (scenario_msgs) StdoutLine: {'line': b'[ 54%] Built target scenario_msgs__rosidl_typesupport_c\n'}
[0.230620] (scenario_msgs) StdoutLine: {'line': b'[ 63%] Built target scenario_msgs__rosidl_typesupport_cpp\n'}
[0.232227] (scenario_msgs) StdoutLine: {'line': b'[ 72%] Built target scenario_msgs__rosidl_typesupport_fastrtps_c\n'}
[0.239261] (scenario_msgs) StdoutLine: {'line': b'\x1b[35m\x1b[1mConsolidate compiler generated dependencies of target scenario_msgs__rosidl_typesupport_introspection_cpp\x1b[0m\n'}
[0.262634] (scenario_msgs) StdoutLine: {'line': b'[ 82%] Built target scenario_msgs__rosidl_typesupport_introspection_cpp\n'}
[0.267173] (keyboard_control) JobEnded: {'identifier': 'keyboard_control', 'rc': 0}
[0.289013] (scenario_msgs) StdoutLine: {'line': b'[ 82%] Built target scenario_msgs\n'}
[0.299989] (-) TimerEvent: {}
[0.327252] (scenario_msgs) StdoutLine: {'line': b'[ 83%] Built target scenario_msgs__py\n'}
[0.342011] (depth_control) StdoutLine: {'line': b'-- The CXX compiler identification is GNU 11.4.0\n'}
[0.344970] (scenario_msgs) StdoutLine: {'line': b'\x1b[35m\x1b[1mConsolidate compiler generated dependencies of target scenario_msgs__rosidl_generator_py\x1b[0m\n'}
[0.356522] (depth_control) StdoutLine: {'line': b'-- Detecting C compiler ABI info\n'}
[0.367756] (scenario_msgs) StdoutLine: {'line': b'[ 91%] Built target scenario_msgs__rosidl_generator_py\n'}
[0.381005] (scenario_msgs) StdoutLine: {'line': b'\x1b[35m\x1b[1mConsolidate compiler generated dependencies of target scenario_msgs_s__rosidl_typesupport_introspection_c\x1b[0m\n'}
[0.382124] (scenario_msgs) StdoutLine: {'line': b'\x1b[35m\x1b[1mConsolidate compiler generated dependencies of target scenario_msgs_s__rosidl_typesupport_c\x1b[0m\n'}
[0.387874] (scenario_msgs) StdoutLine: {'line': b'\x1b[35m\x1b[1mConsolidate compiler generated dependencies of target scenario_msgs_s__rosidl_typesupport_fastrtps_c\x1b[0m\n'}
[0.398126] (scenario_msgs) StdoutLine: {'line': b'[ 94%] Built target scenario_msgs_s__rosidl_typesupport_introspection_c\n'}
[0.400081] (-) TimerEvent: {}
[0.403522] (scenario_msgs) StdoutLine: {'line': b'[ 97%] Built target scenario_msgs_s__rosidl_typesupport_c\n'}
[0.408042] (scenario_msgs) StdoutLine: {'line': b'[100%] Built target scenario_msgs_s__rosidl_typesupport_fastrtps_c\n'}
[0.450910] (depth_control) StdoutLine: {'line': b'-- Detecting C compiler ABI info - done\n'}
[0.462022] (depth_control) StdoutLine: {'line': b'-- Check for working C compiler: /bin/cc - skipped\n'}
[0.462535] (depth_control) StdoutLine: {'line': b'-- Detecting C compile features\n'}
[0.463225] (depth_control) StdoutLine: {'line': b'-- Detecting C compile features - done\n'}
[0.467657] (depth_control) StdoutLine: {'line': b'-- Detecting CXX compiler ABI info\n'}
[0.497737] (scenario_msgs) StdoutLine: {'line': b'running egg_info\n'}
[0.500211] (-) TimerEvent: {}
[0.529271] (scenario_msgs) StdoutLine: {'line': b'writing scenario_msgs.egg-info/PKG-INFO\n'}
[0.529577] (scenario_msgs) StdoutLine: {'line': b'writing dependency_links to scenario_msgs.egg-info/dependency_links.txt\n'}
[0.529850] (scenario_msgs) StdoutLine: {'line': b'writing top-level names to scenario_msgs.egg-info/top_level.txt\n'}
[0.574397] (depth_control) StdoutLine: {'line': b'-- Detecting CXX compiler ABI info - done\n'}
[0.585813] (depth_control) StdoutLine: {'line': b'-- Check for working CXX compiler: /bin/c++ - skipped\n'}
[0.586204] (depth_control) StdoutLine: {'line': b'-- Detecting CXX compile features\n'}
[0.586787] (depth_control) StdoutLine: {'line': b'-- Detecting CXX compile features - done\n'}
[0.595596] (depth_control) StdoutLine: {'line': b'-- Found ament_cmake: 2.5.2 (/opt/ros/jazzy/share/ament_cmake/cmake)\n'}
[0.600340] (-) TimerEvent: {}
[0.630133] (scenario_msgs) StdoutLine: {'line': b"reading manifest file 'scenario_msgs.egg-info/SOURCES.txt'\n"}
[0.630376] (scenario_msgs) StdoutLine: {'line': b"writing manifest file 'scenario_msgs.egg-info/SOURCES.txt'\n"}
[0.673046] (scenario_msgs) StdoutLine: {'line': b'[100%] Built target ament_cmake_python_build_scenario_msgs_egg\n'}
[0.688841] (scenario_msgs) CommandEnded: {'returncode': 0}
[0.700474] (-) TimerEvent: {}
[0.800826] (-) TimerEvent: {}
[0.897315] (scenario_msgs) JobProgress: {'identifier': 'scenario_msgs', 'progress': 'install'}
[0.897409] (scenario_msgs) Command: {'cmd': ['/bin/cmake', '--install', '/home/atef/fav/ros2/build/scenario_msgs'], 'cwd': '/home/atef/fav/ros2/build/scenario_msgs', 'env': OrderedDict({'GZ_SIM_SYSTEM_PLUGIN_PATH': '/opt/ros/jazzy/lib/hippo_gz_plugins/', 'USER': 'atef', 'GZ_CONFIG_PATH': '/opt/ros/jazzy/opt/gz_sim_vendor/share/gz:/opt/ros/jazzy/opt/sdformat_vendor/share/gz:/opt/ros/jazzy/opt/gz_gui_vendor/share/gz:/opt/ros/jazzy/opt/gz_transport_vendor/share/gz:/opt/ros/jazzy/opt/gz_rendering_vendor/share/gz:/opt/ros/jazzy/opt/gz_plugin_vendor/share/gz:/opt/ros/jazzy/opt/gz_fuel_tools_vendor/share/gz:/opt/ros/jazzy/opt/gz_msgs_vendor/share/gz:/opt/ros/jazzy/opt/gz_common_vendor/share/gz', 'SHLVL': '0', 'LD_LIBRARY_PATH': '/opt/ros/jazzy/opt/gz_sim_vendor/lib:/opt/ros/jazzy/opt/gz_sensors_vendor/lib:/opt/ros/jazzy/opt/gz_physics_vendor/lib:/opt/ros/jazzy/opt/sdformat_vendor/lib:/opt/ros/jazzy/opt/rviz_ogre_vendor/lib:/opt/ros/jazzy/lib/x86_64-linux-gnu:/opt/ros/jazzy/opt/gz_gui_vendor/lib:/opt/ros/jazzy/opt/gz_transport_vendor/lib:/opt/ros/jazzy/opt/gz_rendering_vendor/lib:/opt/ros/jazzy/opt/gz_plugin_vendor/lib:/opt/ros/jazzy/opt/gz_fuel_tools_vendor/lib:/opt/ros/jazzy/opt/gz_msgs_vendor/lib:/opt/ros/jazzy/opt/gz_common_vendor/lib:/opt/ros/jazzy/opt/gz_math_vendor/lib:/opt/ros/jazzy/opt/gz_utils_vendor/lib:/opt/ros/jazzy/opt/gz_tools_vendor/lib:/opt/ros/jazzy/opt/gz_ogre_next_vendor/lib:/opt/ros/jazzy/opt/gz_dartsim_vendor/lib:/opt/ros/jazzy/opt/gz_cmake_vendor/lib:/opt/ros/jazzy/lib', 'HOME': '/home/atef', 'OLDPWD': '/home/atef/fav/ros2', 'ROS_PYTHON_VERSION': '3', 'LC_CTYPE': 'C.UTF-8', 'ROS_DISTRO': 'jazzy', 'LOGNAME': 'atef', '_': '/bin/colcon', 'ROS_VERSION': '2', 'TERM': 'xterm-256color', 'PATH': '/opt/ros/jazzy/opt/gz_msgs_vendor/bin:/opt/ros/jazzy/opt/gz_tools_vendor/bin:/opt/ros/jazzy/opt/gz_ogre_next_vendor/bin:/opt/ros/jazzy/bin:/bin:/usr/bin:/usr/ucb:/usr/local/bin', 'AMENT_PREFIX_PATH': '/opt/ros/jazzy', 'ROS_AUTOMATIC_DISCOVERY_RANGE': 'SUBNET', 'PWD': '/home/atef/fav/ros2/build/scenario_msgs', 'PYTHONPATH': '/opt/ros/jazzy/lib/python3.12/site-packages', 'COLCON': '1', 'CMAKE_PREFIX_PATH': '/opt/ros/jazzy/opt/gz_sim_vendor:/opt/ros/jazzy/opt/gz_sensors_vendor:/opt/ros/jazzy/opt/gz_physics_vendor:/opt/ros/jazzy/opt/sdformat_vendor:/opt/ros/jazzy/opt/gz_gui_vendor:/opt/ros/jazzy/opt/gz_transport_vendor:/opt/ros/jazzy/opt/gz_rendering_vendor:/opt/ros/jazzy/opt/gz_plugin_vendor:/opt/ros/jazzy/opt/gz_fuel_tools_vendor:/opt/ros/jazzy/opt/gz_msgs_vendor:/opt/ros/jazzy/opt/gz_common_vendor:/opt/ros/jazzy/opt/gz_math_vendor:/opt/ros/jazzy/opt/gz_utils_vendor:/opt/ros/jazzy/opt/gz_tools_vendor:/opt/ros/jazzy/opt/gz_ogre_next_vendor:/opt/ros/jazzy/opt/gz_dartsim_vendor:/opt/ros/jazzy/opt/gz_cmake_vendor:/opt/ros/jazzy'}), 'shell': False}
[0.901036] (-) TimerEvent: {}
[0.909080] (scenario_msgs) StdoutLine: {'line': b'-- Install configuration: ""\n'}
[0.910043] (scenario_msgs) StdoutLine: {'line': b'-- Execute custom install script\n'}
[0.910346] (scenario_msgs) StdoutLine: {'line': b'-- Up-to-date symlink: /home/atef/fav/ros2/install/scenario_msgs/share/ament_index/resource_index/rosidl_interfaces/scenario_msgs\n'}
[0.910531] (scenario_msgs) StdoutLine: {'line': b'-- Up-to-date symlink: /home/atef/fav/ros2/install/scenario_msgs/share/scenario_msgs/msg/PolygonsStamped.json\n'}
[0.911534] (scenario_msgs) StdoutLine: {'line': b'-- Up-to-date symlink: /home/atef/fav/ros2/install/scenario_msgs/share/scenario_msgs/msg/Viewpoint.json\n'}
[0.911734] (scenario_msgs) StdoutLine: {'line': b'-- Up-to-date symlink: /home/atef/fav/ros2/install/scenario_msgs/share/scenario_msgs/msg/Viewpoints.json\n'}
[0.911836] (scenario_msgs) StdoutLine: {'line': b'-- Up-to-date symlink: /home/atef/fav/ros2/install/scenario_msgs/share/scenario_msgs/srv/MoveToStart.json\n'}
[0.911945] (scenario_msgs) StdoutLine: {'line': b'-- Up-to-date symlink: /home/atef/fav/ros2/install/scenario_msgs/share/scenario_msgs/srv/SetPath.json\n'}
[0.912279] (scenario_msgs) StdoutLine: {'line': b'-- Up-to-date symlink: /home/atef/fav/ros2/install/scenario_msgs/include/scenario_msgs/scenario_msgs/msg/detail/polygons_stamped__functions.h\n'}
[0.912387] (scenario_msgs) StdoutLine: {'line': b'-- Up-to-date symlink: /home/atef/fav/ros2/install/scenario_msgs/include/scenario_msgs/scenario_msgs/msg/detail/polygons_stamped__struct.h\n'}
[0.912512] (scenario_msgs) StdoutLine: {'line': b'-- Up-to-date symlink: /home/atef/fav/ros2/install/scenario_msgs/include/scenario_msgs/scenario_msgs/msg/detail/polygons_stamped__type_support.h\n'}
[0.912628] (scenario_msgs) StdoutLine: {'line': b'-- Up-to-date symlink: /home/atef/fav/ros2/install/scenario_msgs/include/scenario_msgs/scenario_msgs/msg/detail/viewpoint__functions.h\n'}
[0.912754] (scenario_msgs) StdoutLine: {'line': b'-- Up-to-date symlink: /home/atef/fav/ros2/install/scenario_msgs/include/scenario_msgs/scenario_msgs/msg/detail/viewpoint__struct.h\n'}
[0.912893] (scenario_msgs) StdoutLine: {'line': b'-- Up-to-date symlink: /home/atef/fav/ros2/install/scenario_msgs/include/scenario_msgs/scenario_msgs/msg/detail/viewpoint__type_support.h\n'}
[0.913022] (scenario_msgs) StdoutLine: {'line': b'-- Up-to-date symlink: /home/atef/fav/ros2/install/scenario_msgs/include/scenario_msgs/scenario_msgs/msg/detail/viewpoints__functions.h\n'}
[0.913149] (scenario_msgs) StdoutLine: {'line': b'-- Up-to-date symlink: /home/atef/fav/ros2/install/scenario_msgs/include/scenario_msgs/scenario_msgs/msg/detail/viewpoints__struct.h\n'}
[0.913268] (scenario_msgs) StdoutLine: {'line': b'-- Up-to-date symlink: /home/atef/fav/ros2/install/scenario_msgs/include/scenario_msgs/scenario_msgs/msg/detail/viewpoints__type_support.h\n'}
[0.913395] (scenario_msgs) StdoutLine: {'line': b'-- Up-to-date symlink: /home/atef/fav/ros2/install/scenario_msgs/include/scenario_msgs/scenario_msgs/msg/polygons_stamped.h\n'}
[0.913529] (scenario_msgs) StdoutLine: {'line': b'-- Up-to-date symlink: /home/atef/fav/ros2/install/scenario_msgs/include/scenario_msgs/scenario_msgs/msg/rosidl_generator_c__visibility_control.h\n'}
[0.913665] (scenario_msgs) StdoutLine: {'line': b'-- Up-to-date symlink: /home/atef/fav/ros2/install/scenario_msgs/include/scenario_msgs/scenario_msgs/msg/viewpoint.h\n'}
[0.913798] (scenario_msgs) StdoutLine: {'line': b'-- Up-to-date symlink: /home/atef/fav/ros2/install/scenario_msgs/include/scenario_msgs/scenario_msgs/msg/viewpoints.h\n'}
[0.913975] (scenario_msgs) StdoutLine: {'line': b'-- Up-to-date symlink: /home/atef/fav/ros2/install/scenario_msgs/include/scenario_msgs/scenario_msgs/srv/detail/move_to_start__functions.h\n'}
[0.914116] (scenario_msgs) StdoutLine: {'line': b'-- Up-to-date symlink: /home/atef/fav/ros2/install/scenario_msgs/include/scenario_msgs/scenario_msgs/srv/detail/move_to_start__struct.h\n'}
[0.914254] (scenario_msgs) StdoutLine: {'line': b'-- Up-to-date symlink: /home/atef/fav/ros2/install/scenario_msgs/include/scenario_msgs/scenario_msgs/srv/detail/move_to_start__type_support.h\n'}
[0.914391] (scenario_msgs) StdoutLine: {'line': b'-- Up-to-date symlink: /home/atef/fav/ros2/install/scenario_msgs/include/scenario_msgs/scenario_msgs/srv/detail/set_path__functions.h\n'}
[0.914531] (scenario_msgs) StdoutLine: {'line': b'-- Up-to-date symlink: /home/atef/fav/ros2/install/scenario_msgs/include/scenario_msgs/scenario_msgs/srv/detail/set_path__struct.h\n'}
[0.914668] (scenario_msgs) StdoutLine: {'line': b'-- Up-to-date symlink: /home/atef/fav/ros2/install/scenario_msgs/include/scenario_msgs/scenario_msgs/srv/detail/set_path__type_support.h\n'}
[0.914852] (scenario_msgs) StdoutLine: {'line': b'-- Up-to-date symlink: /home/atef/fav/ros2/install/scenario_msgs/include/scenario_msgs/scenario_msgs/srv/move_to_start.h\n'}
[0.914986] (scenario_msgs) StdoutLine: {'line': b'-- Up-to-date symlink: /home/atef/fav/ros2/install/scenario_msgs/include/scenario_msgs/scenario_msgs/srv/set_path.h\n'}
[0.915176] (scenario_msgs) StdoutLine: {'line': b'-- Up-to-date symlink: /home/atef/fav/ros2/install/scenario_msgs/share/scenario_msgs/environment/library_path.sh\n'}
[0.915558] (scenario_msgs) StdoutLine: {'line': b'-- Up-to-date symlink: /home/atef/fav/ros2/install/scenario_msgs/share/scenario_msgs/environment/library_path.dsv\n'}
[0.916592] (scenario_msgs) StdoutLine: {'line': b'-- Up-to-date symlink: /home/atef/fav/ros2/install/scenario_msgs/include/scenario_msgs/scenario_msgs/msg/detail/polygons_stamped__rosidl_typesupport_fastrtps_c.h\n'}
[0.916858] (scenario_msgs) StdoutLine: {'line': b'-- Up-to-date symlink: /home/atef/fav/ros2/install/scenario_msgs/include/scenario_msgs/scenario_msgs/msg/detail/viewpoint__rosidl_typesupport_fastrtps_c.h\n'}
[0.916958] (scenario_msgs) StdoutLine: {'line': b'-- Up-to-date symlink: /home/atef/fav/ros2/install/scenario_msgs/include/scenario_msgs/scenario_msgs/msg/detail/viewpoints__rosidl_typesupport_fastrtps_c.h\n'}
[0.917044] (scenario_msgs) StdoutLine: {'line': b'-- Up-to-date symlink: /home/atef/fav/ros2/install/scenario_msgs/include/scenario_msgs/scenario_msgs/msg/rosidl_typesupport_fastrtps_c__visibility_control.h\n'}
[0.917130] (scenario_msgs) StdoutLine: {'line': b'-- Up-to-date symlink: /home/atef/fav/ros2/install/scenario_msgs/include/scenario_msgs/scenario_msgs/srv/detail/move_to_start__rosidl_typesupport_fastrtps_c.h\n'}
[0.917227] (scenario_msgs) StdoutLine: {'line': b'-- Up-to-date symlink: /home/atef/fav/ros2/install/scenario_msgs/include/scenario_msgs/scenario_msgs/srv/detail/set_path__rosidl_typesupport_fastrtps_c.h\n'}
[0.917361] (scenario_msgs) StdoutLine: {'line': b'-- Up-to-date symlink: /home/atef/fav/ros2/install/scenario_msgs/include/scenario_msgs/scenario_msgs/msg/detail/polygons_stamped__rosidl_typesupport_introspection_c.h\n'}
[0.917477] (scenario_msgs) StdoutLine: {'line': b'-- Up-to-date symlink: /home/atef/fav/ros2/install/scenario_msgs/include/scenario_msgs/scenario_msgs/msg/detail/viewpoint__rosidl_typesupport_introspection_c.h\n'}
[0.917605] (scenario_msgs) StdoutLine: {'line': b'-- Up-to-date symlink: /home/atef/fav/ros2/install/scenario_msgs/include/scenario_msgs/scenario_msgs/msg/detail/viewpoints__rosidl_typesupport_introspection_c.h\n'}
[0.917719] (scenario_msgs) StdoutLine: {'line': b'-- Up-to-date symlink: /home/atef/fav/ros2/install/scenario_msgs/include/scenario_msgs/scenario_msgs/msg/rosidl_typesupport_introspection_c__visibility_control.h\n'}
[0.917865] (scenario_msgs) StdoutLine: {'line': b'-- Up-to-date symlink: /home/atef/fav/ros2/install/scenario_msgs/include/scenario_msgs/scenario_msgs/srv/detail/move_to_start__rosidl_typesupport_introspection_c.h\n'}
[0.919057] (scenario_msgs) StdoutLine: {'line': b'-- Up-to-date symlink: /home/atef/fav/ros2/install/scenario_msgs/include/scenario_msgs/scenario_msgs/srv/detail/set_path__rosidl_typesupport_introspection_c.h\n'}
[0.919391] (scenario_msgs) StdoutLine: {'line': b'-- Up-to-date symlink: /home/atef/fav/ros2/install/scenario_msgs/include/scenario_msgs/scenario_msgs/msg/detail/polygons_stamped__builder.hpp\n'}
[0.919574] (scenario_msgs) StdoutLine: {'line': b'-- Up-to-date symlink: /home/atef/fav/ros2/install/scenario_msgs/include/scenario_msgs/scenario_msgs/msg/detail/polygons_stamped__struct.hpp\n'}
[0.919867] (scenario_msgs) StdoutLine: {'line': b'-- Up-to-date symlink: /home/atef/fav/ros2/install/scenario_msgs/include/scenario_msgs/scenario_msgs/msg/detail/polygons_stamped__traits.hpp\n'}
[0.920158] (scenario_msgs) StdoutLine: {'line': b'-- Up-to-date symlink: /home/atef/fav/ros2/install/scenario_msgs/include/scenario_msgs/scenario_msgs/msg/detail/polygons_stamped__type_support.hpp\n'}
[0.920420] (scenario_msgs) StdoutLine: {'line': b'-- Up-to-date symlink: /home/atef/fav/ros2/install/scenario_msgs/include/scenario_msgs/scenario_msgs/msg/detail/viewpoint__builder.hpp\n'}
[0.920782] (scenario_msgs) StdoutLine: {'line': b'-- Up-to-date symlink: /home/atef/fav/ros2/install/scenario_msgs/include/scenario_msgs/scenario_msgs/msg/detail/viewpoint__struct.hpp\n'}
[0.920965] (scenario_msgs) StdoutLine: {'line': b'-- Up-to-date symlink: /home/atef/fav/ros2/install/scenario_msgs/include/scenario_msgs/scenario_msgs/msg/detail/viewpoint__traits.hpp\n'}
[0.921055] (scenario_msgs) StdoutLine: {'line': b'-- Up-to-date symlink: /home/atef/fav/ros2/install/scenario_msgs/include/scenario_msgs/scenario_msgs/msg/detail/viewpoint__type_support.hpp\n'}
[0.921140] (scenario_msgs) StdoutLine: {'line': b'-- Up-to-date symlink: /home/atef/fav/ros2/install/scenario_msgs/include/scenario_msgs/scenario_msgs/msg/detail/viewpoints__builder.hpp\n'}
[0.921223] (scenario_msgs) StdoutLine: {'line': b'-- Up-to-date symlink: /home/atef/fav/ros2/install/scenario_msgs/include/scenario_msgs/scenario_msgs/msg/detail/viewpoints__struct.hpp\n'}
[0.921308] (scenario_msgs) StdoutLine: {'line': b'-- Up-to-date symlink: /home/atef/fav/ros2/install/scenario_msgs/include/scenario_msgs/scenario_msgs/msg/detail/viewpoints__traits.hpp\n'}
[0.921393] (scenario_msgs) StdoutLine: {'line': b'-- Up-to-date symlink: /home/atef/fav/ros2/install/scenario_msgs/include/scenario_msgs/scenario_msgs/msg/detail/viewpoints__type_support.hpp\n'}
[0.921477] (scenario_msgs) StdoutLine: {'line': b'-- Up-to-date symlink: /home/atef/fav/ros2/install/scenario_msgs/include/scenario_msgs/scenario_msgs/msg/polygons_stamped.hpp\n'}
[0.921562] (scenario_msgs) StdoutLine: {'line': b'-- Up-to-date symlink: /home/atef/fav/ros2/install/scenario_msgs/include/scenario_msgs/scenario_msgs/msg/rosidl_generator_cpp__visibility_control.hpp\n'}
[0.921646] (scenario_msgs) StdoutLine: {'line': b'-- Up-to-date symlink: /home/atef/fav/ros2/install/scenario_msgs/include/scenario_msgs/scenario_msgs/msg/viewpoint.hpp\n'}
[0.923325] (scenario_msgs) StdoutLine: {'line': b'-- Up-to-date symlink: /home/atef/fav/ros2/install/scenario_msgs/include/scenario_msgs/scenario_msgs/msg/viewpoints.hpp\n'}
[0.924087] (scenario_msgs) StdoutLine: {'line': b'-- Up-to-date symlink: /home/atef/fav/ros2/install/scenario_msgs/include/scenario_msgs/scenario_msgs/srv/detail/move_to_start__builder.hpp\n'}
[0.924195] (scenario_msgs) StdoutLine: {'line': b'-- Up-to-date symlink: /home/atef/fav/ros2/install/scenario_msgs/include/scenario_msgs/scenario_msgs/srv/detail/move_to_start__struct.hpp\n'}
[0.924281] (scenario_msgs) StdoutLine: {'line': b'-- Up-to-date symlink: /home/atef/fav/ros2/install/scenario_msgs/include/scenario_msgs/scenario_msgs/srv/detail/move_to_start__traits.hpp\n'}
[0.924366] (scenario_msgs) StdoutLine: {'line': b'-- Up-to-date symlink: /home/atef/fav/ros2/install/scenario_msgs/include/scenario_msgs/scenario_msgs/srv/detail/move_to_start__type_support.hpp\n'}
[0.924469] (scenario_msgs) StdoutLine: {'line': b'-- Up-to-date symlink: /home/atef/fav/ros2/install/scenario_msgs/include/scenario_msgs/scenario_msgs/srv/detail/set_path__builder.hpp\n'}
[0.924560] (scenario_msgs) StdoutLine: {'line': b'-- Up-to-date symlink: /home/atef/fav/ros2/install/scenario_msgs/include/scenario_msgs/scenario_msgs/srv/detail/set_path__struct.hpp\n'}
[0.924643] (scenario_msgs) StdoutLine: {'line': b'-- Up-to-date symlink: /home/atef/fav/ros2/install/scenario_msgs/include/scenario_msgs/scenario_msgs/srv/detail/set_path__traits.hpp\n'}
[0.924728] (scenario_msgs) StdoutLine: {'line': b'-- Up-to-date symlink: /home/atef/fav/ros2/install/scenario_msgs/include/scenario_msgs/scenario_msgs/srv/detail/set_path__type_support.hpp\n'}
[0.924812] (scenario_msgs) StdoutLine: {'line': b'-- Up-to-date symlink: /home/atef/fav/ros2/install/scenario_msgs/include/scenario_msgs/scenario_msgs/srv/move_to_start.hpp\n'}
[0.926328] (scenario_msgs) StdoutLine: {'line': b'-- Up-to-date symlink: /home/atef/fav/ros2/install/scenario_msgs/include/scenario_msgs/scenario_msgs/srv/set_path.hpp\n'}
[0.926439] (scenario_msgs) StdoutLine: {'line': b'-- Up-to-date symlink: /home/atef/fav/ros2/install/scenario_msgs/include/scenario_msgs/scenario_msgs/msg/detail/polygons_stamped__rosidl_typesupport_fastrtps_cpp.hpp\n'}
[0.926527] (scenario_msgs) StdoutLine: {'line': b'-- Up-to-date symlink: /home/atef/fav/ros2/install/scenario_msgs/include/scenario_msgs/scenario_msgs/msg/detail/viewpoint__rosidl_typesupport_fastrtps_cpp.hpp\n'}
[0.926612] (scenario_msgs) StdoutLine: {'line': b'-- Up-to-date symlink: /home/atef/fav/ros2/install/scenario_msgs/include/scenario_msgs/scenario_msgs/msg/detail/viewpoints__rosidl_typesupport_fastrtps_cpp.hpp\n'}
[0.926699] (scenario_msgs) StdoutLine: {'line': b'-- Up-to-date symlink: /home/atef/fav/ros2/install/scenario_msgs/include/scenario_msgs/scenario_msgs/msg/rosidl_typesupport_fastrtps_cpp__visibility_control.h\n'}
[0.927017] (scenario_msgs) StdoutLine: {'line': b'-- Up-to-date symlink: /home/atef/fav/ros2/install/scenario_msgs/include/scenario_msgs/scenario_msgs/srv/detail/move_to_start__rosidl_typesupport_fastrtps_cpp.hpp\n'}
[0.927580] (scenario_msgs) StdoutLine: {'line': b'-- Up-to-date symlink: /home/atef/fav/ros2/install/scenario_msgs/include/scenario_msgs/scenario_msgs/srv/detail/set_path__rosidl_typesupport_fastrtps_cpp.hpp\n'}
[0.927729] (scenario_msgs) StdoutLine: {'line': b'-- Up-to-date symlink: /home/atef/fav/ros2/install/scenario_msgs/include/scenario_msgs/scenario_msgs/msg/detail/polygons_stamped__rosidl_typesupport_introspection_cpp.hpp\n'}
[0.927874] (scenario_msgs) StdoutLine: {'line': b'-- Up-to-date symlink: /home/atef/fav/ros2/install/scenario_msgs/include/scenario_msgs/scenario_msgs/msg/detail/viewpoint__rosidl_typesupport_introspection_cpp.hpp\n'}
[0.928002] (scenario_msgs) StdoutLine: {'line': b'-- Up-to-date symlink: /home/atef/fav/ros2/install/scenario_msgs/include/scenario_msgs/scenario_msgs/msg/detail/viewpoints__rosidl_typesupport_introspection_cpp.hpp\n'}
[0.928126] (scenario_msgs) StdoutLine: {'line': b'-- Up-to-date symlink: /home/atef/fav/ros2/install/scenario_msgs/include/scenario_msgs/scenario_msgs/srv/detail/move_to_start__rosidl_typesupport_introspection_cpp.hpp\n'}
[0.928250] (scenario_msgs) StdoutLine: {'line': b'-- Up-to-date symlink: /home/atef/fav/ros2/install/scenario_msgs/include/scenario_msgs/scenario_msgs/srv/detail/set_path__rosidl_typesupport_introspection_cpp.hpp\n'}
[0.928370] (scenario_msgs) StdoutLine: {'line': b'-- Up-to-date symlink: /home/atef/fav/ros2/install/scenario_msgs/share/scenario_msgs/environment/pythonpath.sh\n'}
[0.928471] (scenario_msgs) StdoutLine: {'line': b'-- Up-to-date symlink: /home/atef/fav/ros2/install/scenario_msgs/share/scenario_msgs/environment/pythonpath.dsv\n'}
[0.928581] (scenario_msgs) StdoutLine: {'line': b'-- Up-to-date symlink: /home/atef/fav/ros2/install/scenario_msgs/lib/python3.12/site-packages/scenario_msgs-0.0.0-py3.12.egg-info/PKG-INFO\n'}
[0.928709] (scenario_msgs) StdoutLine: {'line': b'-- Up-to-date symlink: /home/atef/fav/ros2/install/scenario_msgs/lib/python3.12/site-packages/scenario_msgs-0.0.0-py3.12.egg-info/SOURCES.txt\n'}
[0.928842] (scenario_msgs) StdoutLine: {'line': b'-- Up-to-date symlink: /home/atef/fav/ros2/install/scenario_msgs/lib/python3.12/site-packages/scenario_msgs-0.0.0-py3.12.egg-info/dependency_links.txt\n'}
[0.929001] (scenario_msgs) StdoutLine: {'line': b'-- Up-to-date symlink: /home/atef/fav/ros2/install/scenario_msgs/lib/python3.12/site-packages/scenario_msgs-0.0.0-py3.12.egg-info/top_level.txt\n'}
[0.929125] (scenario_msgs) StdoutLine: {'line': b'-- Up-to-date symlink: /home/atef/fav/ros2/install/scenario_msgs/lib/python3.12/site-packages/scenario_msgs/__init__.py\n'}
[0.929247] (scenario_msgs) StdoutLine: {'line': b'-- Up-to-date symlink: /home/atef/fav/ros2/install/scenario_msgs/lib/python3.12/site-packages/scenario_msgs/_scenario_msgs_s.ep.rosidl_typesupport_c.c\n'}
[0.929334] (scenario_msgs) StdoutLine: {'line': b'-- Up-to-date symlink: /home/atef/fav/ros2/install/scenario_msgs/lib/python3.12/site-packages/scenario_msgs/_scenario_msgs_s.ep.rosidl_typesupport_fastrtps_c.c\n'}
[0.929437] (scenario_msgs) StdoutLine: {'line': b'-- Up-to-date symlink: /home/atef/fav/ros2/install/scenario_msgs/lib/python3.12/site-packages/scenario_msgs/_scenario_msgs_s.ep.rosidl_typesupport_introspection_c.c\n'}
[0.929520] (scenario_msgs) StdoutLine: {'line': b'-- Up-to-date symlink: /home/atef/fav/ros2/install/scenario_msgs/lib/python3.12/site-packages/scenario_msgs/msg/__init__.py\n'}
[0.930967] (scenario_msgs) StdoutLine: {'line': b'-- Up-to-date symlink: /home/atef/fav/ros2/install/scenario_msgs/lib/python3.12/site-packages/scenario_msgs/msg/_polygons_stamped.py\n'}
[0.931085] (scenario_msgs) StdoutLine: {'line': b'-- Up-to-date symlink: /home/atef/fav/ros2/install/scenario_msgs/lib/python3.12/site-packages/scenario_msgs/msg/_polygons_stamped_s.c\n'}
[0.931168] (scenario_msgs) StdoutLine: {'line': b'-- Up-to-date symlink: /home/atef/fav/ros2/install/scenario_msgs/lib/python3.12/site-packages/scenario_msgs/msg/_viewpoint.py\n'}
[0.931255] (scenario_msgs) StdoutLine: {'line': b'-- Up-to-date symlink: /home/atef/fav/ros2/install/scenario_msgs/lib/python3.12/site-packages/scenario_msgs/msg/_viewpoint_s.c\n'}
[0.931338] (scenario_msgs) StdoutLine: {'line': b'-- Up-to-date symlink: /home/atef/fav/ros2/install/scenario_msgs/lib/python3.12/site-packages/scenario_msgs/msg/_viewpoints.py\n'}
[0.931420] (scenario_msgs) StdoutLine: {'line': b'-- Up-to-date symlink: /home/atef/fav/ros2/install/scenario_msgs/lib/python3.12/site-packages/scenario_msgs/msg/_viewpoints_s.c\n'}
[0.931504] (scenario_msgs) StdoutLine: {'line': b'-- Up-to-date symlink: /home/atef/fav/ros2/install/scenario_msgs/lib/python3.12/site-packages/scenario_msgs/scenario_msgs_s__rosidl_typesupport_c.so\n'}
[0.931589] (scenario_msgs) StdoutLine: {'line': b'-- Up-to-date symlink: /home/atef/fav/ros2/install/scenario_msgs/lib/python3.12/site-packages/scenario_msgs/scenario_msgs_s__rosidl_typesupport_fastrtps_c.so\n'}
[0.931673] (scenario_msgs) StdoutLine: {'line': b'-- Up-to-date symlink: /home/atef/fav/ros2/install/scenario_msgs/lib/python3.12/site-packages/scenario_msgs/scenario_msgs_s__rosidl_typesupport_introspection_c.so\n'}
[0.931759] (scenario_msgs) StdoutLine: {'line': b'-- Up-to-date symlink: /home/atef/fav/ros2/install/scenario_msgs/lib/python3.12/site-packages/scenario_msgs/srv/__init__.py\n'}
[0.931861] (scenario_msgs) StdoutLine: {'line': b'-- Up-to-date symlink: /home/atef/fav/ros2/install/scenario_msgs/lib/python3.12/site-packages/scenario_msgs/srv/_move_to_start.py\n'}
[0.931975] (scenario_msgs) StdoutLine: {'line': b'-- Up-to-date symlink: /home/atef/fav/ros2/install/scenario_msgs/lib/python3.12/site-packages/scenario_msgs/srv/_move_to_start_s.c\n'}
[0.932060] (scenario_msgs) StdoutLine: {'line': b'-- Up-to-date symlink: /home/atef/fav/ros2/install/scenario_msgs/lib/python3.12/site-packages/scenario_msgs/srv/_set_path.py\n'}
[0.932144] (scenario_msgs) StdoutLine: {'line': b'-- Up-to-date symlink: /home/atef/fav/ros2/install/scenario_msgs/lib/python3.12/site-packages/scenario_msgs/srv/_set_path_s.c\n'}
[0.932334] (scenario_msgs) StdoutLine: {'line': b'-- Up-to-date symlink: /home/atef/fav/ros2/install/scenario_msgs/lib/python3.12/site-packages/scenario_msgs/scenario_msgs_s__rosidl_typesupport_fastrtps_c.so\n'}
[0.932436] (scenario_msgs) StdoutLine: {'line': b'-- Up-to-date symlink: /home/atef/fav/ros2/install/scenario_msgs/lib/python3.12/site-packages/scenario_msgs/scenario_msgs_s__rosidl_typesupport_introspection_c.so\n'}
[0.932851] (scenario_msgs) StdoutLine: {'line': b'-- Up-to-date symlink: /home/atef/fav/ros2/install/scenario_msgs/lib/python3.12/site-packages/scenario_msgs/scenario_msgs_s__rosidl_typesupport_c.so\n'}
[0.933024] (scenario_msgs) StdoutLine: {'line': b'-- Up-to-date symlink: /home/atef/fav/ros2/install/scenario_msgs/share/scenario_msgs/msg/PolygonsStamped.idl\n'}
[0.933180] (scenario_msgs) StdoutLine: {'line': b'-- Up-to-date symlink: /home/atef/fav/ros2/install/scenario_msgs/share/scenario_msgs/msg/Viewpoint.idl\n'}
[0.933294] (scenario_msgs) StdoutLine: {'line': b'-- Up-to-date symlink: /home/atef/fav/ros2/install/scenario_msgs/share/scenario_msgs/msg/Viewpoints.idl\n'}
[0.933469] (scenario_msgs) StdoutLine: {'line': b'-- Up-to-date symlink: /home/atef/fav/ros2/install/scenario_msgs/share/scenario_msgs/srv/MoveToStart.idl\n'}
[0.933652] (scenario_msgs) StdoutLine: {'line': b'-- Up-to-date symlink: /home/atef/fav/ros2/install/scenario_msgs/share/scenario_msgs/srv/SetPath.idl\n'}
[0.934004] (scenario_msgs) StdoutLine: {'line': b'-- Up-to-date symlink: /home/atef/fav/ros2/install/scenario_msgs/share/scenario_msgs/msg/PolygonsStamped.msg\n'}
[0.934326] (scenario_msgs) StdoutLine: {'line': b'-- Up-to-date symlink: /home/atef/fav/ros2/install/scenario_msgs/share/scenario_msgs/msg/Viewpoint.msg\n'}
[0.934482] (scenario_msgs) StdoutLine: {'line': b'-- Up-to-date symlink: /home/atef/fav/ros2/install/scenario_msgs/share/scenario_msgs/msg/Viewpoints.msg\n'}
[0.934571] (scenario_msgs) StdoutLine: {'line': b'-- Up-to-date symlink: /home/atef/fav/ros2/install/scenario_msgs/share/scenario_msgs/srv/MoveToStart.srv\n'}
[0.934695] (scenario_msgs) StdoutLine: {'line': b'-- Up-to-date symlink: /home/atef/fav/ros2/install/scenario_msgs/share/scenario_msgs/srv/SetPath.srv\n'}
[0.934813] (scenario_msgs) StdoutLine: {'line': b'-- Up-to-date symlink: /home/atef/fav/ros2/install/scenario_msgs/share/ament_index/resource_index/package_run_dependencies/scenario_msgs\n'}
[0.935016] (scenario_msgs) StdoutLine: {'line': b'-- Up-to-date symlink: /home/atef/fav/ros2/install/scenario_msgs/share/ament_index/resource_index/parent_prefix_path/scenario_msgs\n'}
[0.935231] (scenario_msgs) StdoutLine: {'line': b'-- Up-to-date symlink: /home/atef/fav/ros2/install/scenario_msgs/share/scenario_msgs/environment/ament_prefix_path.sh\n'}
[0.935473] (scenario_msgs) StdoutLine: {'line': b'-- Up-to-date symlink: /home/atef/fav/ros2/install/scenario_msgs/share/scenario_msgs/environment/ament_prefix_path.dsv\n'}
[0.935637] (scenario_msgs) StdoutLine: {'line': b'-- Up-to-date symlink: /home/atef/fav/ros2/install/scenario_msgs/share/scenario_msgs/environment/path.sh\n'}
[0.935779] (scenario_msgs) StdoutLine: {'line': b'-- Up-to-date symlink: /home/atef/fav/ros2/install/scenario_msgs/share/scenario_msgs/environment/path.dsv\n'}
[0.935957] (scenario_msgs) StdoutLine: {'line': b'-- Up-to-date symlink: /home/atef/fav/ros2/install/scenario_msgs/share/scenario_msgs/local_setup.bash\n'}
[0.936103] (scenario_msgs) StdoutLine: {'line': b'-- Up-to-date symlink: /home/atef/fav/ros2/install/scenario_msgs/share/scenario_msgs/local_setup.sh\n'}
[0.936272] (scenario_msgs) StdoutLine: {'line': b'-- Up-to-date symlink: /home/atef/fav/ros2/install/scenario_msgs/share/scenario_msgs/local_setup.zsh\n'}
[0.936446] (scenario_msgs) StdoutLine: {'line': b'-- Up-to-date symlink: /home/atef/fav/ros2/install/scenario_msgs/share/scenario_msgs/local_setup.dsv\n'}
[0.936569] (scenario_msgs) StdoutLine: {'line': b'-- Symlinking: /home/atef/fav/ros2/install/scenario_msgs/share/scenario_msgs/package.dsv\n'}
[0.950240] (scenario_msgs) StdoutLine: {'line': b'-- Up-to-date symlink: /home/atef/fav/ros2/install/scenario_msgs/share/ament_index/resource_index/packages/scenario_msgs\n'}
[0.950467] (scenario_msgs) StdoutLine: {'line': b'-- Up-to-date symlink: /home/atef/fav/ros2/install/scenario_msgs/share/scenario_msgs/cmake/rosidl_cmake-extras.cmake\n'}
[0.950575] (scenario_msgs) StdoutLine: {'line': b'-- Up-to-date symlink: /home/atef/fav/ros2/install/scenario_msgs/share/scenario_msgs/cmake/ament_cmake_export_dependencies-extras.cmake\n'}
[0.950665] (scenario_msgs) StdoutLine: {'line': b'-- Up-to-date symlink: /home/atef/fav/ros2/install/scenario_msgs/share/scenario_msgs/cmake/ament_cmake_export_include_directories-extras.cmake\n'}
[0.950752] (scenario_msgs) StdoutLine: {'line': b'-- Up-to-date symlink: /home/atef/fav/ros2/install/scenario_msgs/share/scenario_msgs/cmake/ament_cmake_export_libraries-extras.cmake\n'}
[0.950853] (scenario_msgs) StdoutLine: {'line': b'-- Up-to-date symlink: /home/atef/fav/ros2/install/scenario_msgs/share/scenario_msgs/cmake/ament_cmake_export_targets-extras.cmake\n'}
[0.951008] (scenario_msgs) StdoutLine: {'line': b'-- Up-to-date symlink: /home/atef/fav/ros2/install/scenario_msgs/share/scenario_msgs/cmake/rosidl_cmake_export_typesupport_targets-extras.cmake\n'}
[0.951118] (scenario_msgs) StdoutLine: {'line': b'-- Up-to-date symlink: /home/atef/fav/ros2/install/scenario_msgs/share/scenario_msgs/cmake/rosidl_cmake_export_typesupport_libraries-extras.cmake\n'}
[0.951202] (scenario_msgs) StdoutLine: {'line': b'-- Up-to-date symlink: /home/atef/fav/ros2/install/scenario_msgs/share/scenario_msgs/cmake/scenario_msgsConfig.cmake\n'}
[0.951286] (scenario_msgs) StdoutLine: {'line': b'-- Up-to-date symlink: /home/atef/fav/ros2/install/scenario_msgs/share/scenario_msgs/cmake/scenario_msgsConfig-version.cmake\n'}
[0.951859] (scenario_msgs) StdoutLine: {'line': b'-- Up-to-date symlink: /home/atef/fav/ros2/install/scenario_msgs/share/scenario_msgs/package.xml\n'}
[0.953001] (scenario_msgs) StdoutLine: {'line': b'-- Up-to-date: /home/atef/fav/ros2/install/scenario_msgs/lib/libscenario_msgs__rosidl_generator_c.so\n'}
[0.953901] (scenario_msgs) StdoutLine: {'line': b'-- Up-to-date: /home/atef/fav/ros2/install/scenario_msgs/lib/libscenario_msgs__rosidl_typesupport_fastrtps_c.so\n'}
[0.955644] (scenario_msgs) StdoutLine: {'line': b'-- Up-to-date: /home/atef/fav/ros2/install/scenario_msgs/lib/libscenario_msgs__rosidl_typesupport_introspection_c.so\n'}
[0.955944] (scenario_msgs) StdoutLine: {'line': b'-- Up-to-date: /home/atef/fav/ros2/install/scenario_msgs/lib/libscenario_msgs__rosidl_typesupport_c.so\n'}
[0.956612] (scenario_msgs) StdoutLine: {'line': b'-- Up-to-date: /home/atef/fav/ros2/install/scenario_msgs/lib/libscenario_msgs__rosidl_typesupport_fastrtps_cpp.so\n'}
[0.958766] (scenario_msgs) StdoutLine: {'line': b'-- Up-to-date: /home/atef/fav/ros2/install/scenario_msgs/lib/libscenario_msgs__rosidl_typesupport_introspection_cpp.so\n'}
[0.961868] (scenario_msgs) StdoutLine: {'line': b'-- Up-to-date: /home/atef/fav/ros2/install/scenario_msgs/lib/libscenario_msgs__rosidl_typesupport_cpp.so\n'}
[1.001809] (-) TimerEvent: {}
[1.010663] (scenario_msgs) StdoutLine: {'line': b"Listing '/home/atef/fav/ros2/install/scenario_msgs/lib/python3.12/site-packages/scenario_msgs'...\n"}
[1.010904] (scenario_msgs) StdoutLine: {'line': b"Listing '/home/atef/fav/ros2/install/scenario_msgs/lib/python3.12/site-packages/scenario_msgs/msg'...\n"}
[1.011002] (scenario_msgs) StdoutLine: {'line': b"Listing '/home/atef/fav/ros2/install/scenario_msgs/lib/python3.12/site-packages/scenario_msgs/srv'...\n"}
[1.018496] (scenario_msgs) StdoutLine: {'line': b'-- Up-to-date: /home/atef/fav/ros2/install/scenario_msgs/lib/libscenario_msgs__rosidl_generator_py.so\n'}
[1.019032] (scenario_msgs) StdoutLine: {'line': b'-- Up-to-date: /home/atef/fav/ros2/install/scenario_msgs/share/scenario_msgs/cmake/export_scenario_msgs__rosidl_generator_cExport.cmake\n'}
[1.019185] (scenario_msgs) StdoutLine: {'line': b'-- Up-to-date: /home/atef/fav/ros2/install/scenario_msgs/share/scenario_msgs/cmake/export_scenario_msgs__rosidl_generator_cExport-noconfig.cmake\n'}
[1.019332] (scenario_msgs) StdoutLine: {'line': b'-- Up-to-date: /home/atef/fav/ros2/install/scenario_msgs/share/scenario_msgs/cmake/export_scenario_msgs__rosidl_typesupport_fastrtps_cExport.cmake\n'}
[1.019437] (scenario_msgs) StdoutLine: {'line': b'-- Up-to-date: /home/atef/fav/ros2/install/scenario_msgs/share/scenario_msgs/cmake/export_scenario_msgs__rosidl_typesupport_fastrtps_cExport-noconfig.cmake\n'}
[1.019584] (scenario_msgs) StdoutLine: {'line': b'-- Up-to-date: /home/atef/fav/ros2/install/scenario_msgs/share/scenario_msgs/cmake/scenario_msgs__rosidl_typesupport_introspection_cExport.cmake\n'}
[1.019896] (scenario_msgs) StdoutLine: {'line': b'-- Up-to-date: /home/atef/fav/ros2/install/scenario_msgs/share/scenario_msgs/cmake/scenario_msgs__rosidl_typesupport_introspection_cExport-noconfig.cmake\n'}
[1.020318] (scenario_msgs) StdoutLine: {'line': b'-- Up-to-date: /home/atef/fav/ros2/install/scenario_msgs/share/scenario_msgs/cmake/scenario_msgs__rosidl_typesupport_cExport.cmake\n'}
[1.020460] (scenario_msgs) StdoutLine: {'line': b'-- Up-to-date: /home/atef/fav/ros2/install/scenario_msgs/share/scenario_msgs/cmake/scenario_msgs__rosidl_typesupport_cExport-noconfig.cmake\n'}
[1.020722] (scenario_msgs) StdoutLine: {'line': b'-- Up-to-date: /home/atef/fav/ros2/install/scenario_msgs/share/scenario_msgs/cmake/export_scenario_msgs__rosidl_generator_cppExport.cmake\n'}
[1.021169] (scenario_msgs) StdoutLine: {'line': b'-- Up-to-date: /home/atef/fav/ros2/install/scenario_msgs/share/scenario_msgs/cmake/export_scenario_msgs__rosidl_typesupport_fastrtps_cppExport.cmake\n'}
[1.021269] (scenario_msgs) StdoutLine: {'line': b'-- Up-to-date: /home/atef/fav/ros2/install/scenario_msgs/share/scenario_msgs/cmake/export_scenario_msgs__rosidl_typesupport_fastrtps_cppExport-noconfig.cmake\n'}
[1.021582] (scenario_msgs) StdoutLine: {'line': b'-- Up-to-date: /home/atef/fav/ros2/install/scenario_msgs/share/scenario_msgs/cmake/scenario_msgs__rosidl_typesupport_introspection_cppExport.cmake\n'}
[1.021941] (scenario_msgs) StdoutLine: {'line': b'-- Up-to-date: /home/atef/fav/ros2/install/scenario_msgs/share/scenario_msgs/cmake/scenario_msgs__rosidl_typesupport_introspection_cppExport-noconfig.cmake\n'}
[1.022104] (scenario_msgs) StdoutLine: {'line': b'-- Up-to-date: /home/atef/fav/ros2/install/scenario_msgs/share/scenario_msgs/cmake/scenario_msgs__rosidl_typesupport_cppExport.cmake\n'}
[1.022514] (scenario_msgs) StdoutLine: {'line': b'-- Up-to-date: /home/atef/fav/ros2/install/scenario_msgs/share/scenario_msgs/cmake/scenario_msgs__rosidl_typesupport_cppExport-noconfig.cmake\n'}
[1.022629] (scenario_msgs) StdoutLine: {'line': b'-- Up-to-date: /home/atef/fav/ros2/install/scenario_msgs/share/scenario_msgs/cmake/export_scenario_msgs__rosidl_generator_pyExport.cmake\n'}
[1.022717] (scenario_msgs) StdoutLine: {'line': b'-- Up-to-date: /home/atef/fav/ros2/install/scenario_msgs/share/scenario_msgs/cmake/export_scenario_msgs__rosidl_generator_pyExport-noconfig.cmake\n'}
[1.026805] (scenario_msgs) CommandEnded: {'returncode': 0}
[1.101908] (-) TimerEvent: {}
[1.138443] (depth_control) StdoutLine: {'line': b'-- Found Python3: /bin/python3 (found version "3.12.3") found components: Interpreter \n'}
[1.202040] (-) TimerEvent: {}
[1.253882] (depth_control) StdoutLine: {'line': b'-- Override CMake install command with custom implementation using symlinks instead of copying resources\n'}
[1.270939] (scenario_msgs) JobEnded: {'identifier': 'scenario_msgs', 'rc': 0}
[1.271884] (fav) JobStarted: {'identifier': 'fav'}
[1.282912] (fav) JobProgress: {'identifier': 'fav', 'progress': 'cmake'}
[1.286816] (fav) JobProgress: {'identifier': 'fav', 'progress': 'build'}
[1.286915] (fav) Command: {'cmd': ['/bin/cmake', '--build', '/home/atef/fav/ros2/build/fav', '--', '-j6', '-l6'], 'cwd': '/home/atef/fav/ros2/build/fav', 'env': OrderedDict({'GZ_SIM_SYSTEM_PLUGIN_PATH': '/opt/ros/jazzy/lib/hippo_gz_plugins/', 'USER': 'atef', 'GZ_CONFIG_PATH': '/opt/ros/jazzy/opt/gz_sim_vendor/share/gz:/opt/ros/jazzy/opt/sdformat_vendor/share/gz:/opt/ros/jazzy/opt/gz_gui_vendor/share/gz:/opt/ros/jazzy/opt/gz_transport_vendor/share/gz:/opt/ros/jazzy/opt/gz_rendering_vendor/share/gz:/opt/ros/jazzy/opt/gz_plugin_vendor/share/gz:/opt/ros/jazzy/opt/gz_fuel_tools_vendor/share/gz:/opt/ros/jazzy/opt/gz_msgs_vendor/share/gz:/opt/ros/jazzy/opt/gz_common_vendor/share/gz', 'SHLVL': '0', 'LD_LIBRARY_PATH': '/home/atef/fav/ros2/install/scenario_msgs/lib:/opt/ros/jazzy/opt/gz_sim_vendor/lib:/opt/ros/jazzy/opt/gz_sensors_vendor/lib:/opt/ros/jazzy/opt/gz_physics_vendor/lib:/opt/ros/jazzy/opt/sdformat_vendor/lib:/opt/ros/jazzy/opt/rviz_ogre_vendor/lib:/opt/ros/jazzy/lib/x86_64-linux-gnu:/opt/ros/jazzy/opt/gz_gui_vendor/lib:/opt/ros/jazzy/opt/gz_transport_vendor/lib:/opt/ros/jazzy/opt/gz_rendering_vendor/lib:/opt/ros/jazzy/opt/gz_plugin_vendor/lib:/opt/ros/jazzy/opt/gz_fuel_tools_vendor/lib:/opt/ros/jazzy/opt/gz_msgs_vendor/lib:/opt/ros/jazzy/opt/gz_common_vendor/lib:/opt/ros/jazzy/opt/gz_math_vendor/lib:/opt/ros/jazzy/opt/gz_utils_vendor/lib:/opt/ros/jazzy/opt/gz_tools_vendor/lib:/opt/ros/jazzy/opt/gz_ogre_next_vendor/lib:/opt/ros/jazzy/opt/gz_dartsim_vendor/lib:/opt/ros/jazzy/opt/gz_cmake_vendor/lib:/opt/ros/jazzy/lib', 'HOME': '/home/atef', 'OLDPWD': '/home/atef/fav/ros2', 'ROS_PYTHON_VERSION': '3', 'LC_CTYPE': 'C.UTF-8', 'ROS_DISTRO': 'jazzy', 'LOGNAME': 'atef', '_': '/bin/colcon', 'ROS_VERSION': '2', 'TERM': 'xterm-256color', 'PATH': '/opt/ros/jazzy/opt/gz_msgs_vendor/bin:/opt/ros/jazzy/opt/gz_tools_vendor/bin:/opt/ros/jazzy/opt/gz_ogre_next_vendor/bin:/opt/ros/jazzy/bin:/bin:/usr/bin:/usr/ucb:/usr/local/bin', 'AMENT_PREFIX_PATH': '/home/atef/fav/ros2/install/scenario_msgs:/opt/ros/jazzy', 'ROS_AUTOMATIC_DISCOVERY_RANGE': 'SUBNET', 'PWD': '/home/atef/fav/ros2/build/fav', 'PYTHONPATH': '/home/atef/fav/ros2/install/scenario_msgs/lib/python3.12/site-packages:/opt/ros/jazzy/lib/python3.12/site-packages', 'COLCON': '1', 'CMAKE_PREFIX_PATH': '/home/atef/fav/ros2/install/scenario_msgs:/opt/ros/jazzy/opt/gz_sim_vendor:/opt/ros/jazzy/opt/gz_sensors_vendor:/opt/ros/jazzy/opt/gz_physics_vendor:/opt/ros/jazzy/opt/sdformat_vendor:/opt/ros/jazzy/opt/gz_gui_vendor:/opt/ros/jazzy/opt/gz_transport_vendor:/opt/ros/jazzy/opt/gz_rendering_vendor:/opt/ros/jazzy/opt/gz_plugin_vendor:/opt/ros/jazzy/opt/gz_fuel_tools_vendor:/opt/ros/jazzy/opt/gz_msgs_vendor:/opt/ros/jazzy/opt/gz_common_vendor:/opt/ros/jazzy/opt/gz_math_vendor:/opt/ros/jazzy/opt/gz_utils_vendor:/opt/ros/jazzy/opt/gz_tools_vendor:/opt/ros/jazzy/opt/gz_ogre_next_vendor:/opt/ros/jazzy/opt/gz_dartsim_vendor:/opt/ros/jazzy/opt/gz_cmake_vendor:/opt/ros/jazzy'}), 'shell': False}
[1.302218] (-) TimerEvent: {}
[1.336988] (depth_control) StdoutLine: {'line': b'-- Found rclpy: 7.1.2 (/opt/ros/jazzy/share/rclpy/cmake)\n'}
[1.354187] (fav) StdoutLine: {'line': b'\x1b[35m\x1b[1mConsolidate compiler generated dependencies of target robot_marker_publisher\x1b[0m\n'}
[1.354543] (fav) StdoutLine: {'line': b'\x1b[35m\x1b[1mConsolidate compiler generated dependencies of target scenario_node\x1b[0m\n'}
[1.382068] (fav) StdoutLine: {'line': b'[ 50%] Built target robot_marker_publisher\n'}
[1.388953] (fav) StdoutLine: {'line': b'[100%] Built target scenario_node\n'}
[1.402331] (-) TimerEvent: {}
[1.404084] (fav) CommandEnded: {'returncode': 0}
[1.444653] (fav) JobProgress: {'identifier': 'fav', 'progress': 'install'}
[1.445417] (fav) Command: {'cmd': ['/bin/cmake', '--install', '/home/atef/fav/ros2/build/fav'], 'cwd': '/home/atef/fav/ros2/build/fav', 'env': OrderedDict({'GZ_SIM_SYSTEM_PLUGIN_PATH': '/opt/ros/jazzy/lib/hippo_gz_plugins/', 'USER': 'atef', 'GZ_CONFIG_PATH': '/opt/ros/jazzy/opt/gz_sim_vendor/share/gz:/opt/ros/jazzy/opt/sdformat_vendor/share/gz:/opt/ros/jazzy/opt/gz_gui_vendor/share/gz:/opt/ros/jazzy/opt/gz_transport_vendor/share/gz:/opt/ros/jazzy/opt/gz_rendering_vendor/share/gz:/opt/ros/jazzy/opt/gz_plugin_vendor/share/gz:/opt/ros/jazzy/opt/gz_fuel_tools_vendor/share/gz:/opt/ros/jazzy/opt/gz_msgs_vendor/share/gz:/opt/ros/jazzy/opt/gz_common_vendor/share/gz', 'SHLVL': '0', 'LD_LIBRARY_PATH': '/home/atef/fav/ros2/install/scenario_msgs/lib:/opt/ros/jazzy/opt/gz_sim_vendor/lib:/opt/ros/jazzy/opt/gz_sensors_vendor/lib:/opt/ros/jazzy/opt/gz_physics_vendor/lib:/opt/ros/jazzy/opt/sdformat_vendor/lib:/opt/ros/jazzy/opt/rviz_ogre_vendor/lib:/opt/ros/jazzy/lib/x86_64-linux-gnu:/opt/ros/jazzy/opt/gz_gui_vendor/lib:/opt/ros/jazzy/opt/gz_transport_vendor/lib:/opt/ros/jazzy/opt/gz_rendering_vendor/lib:/opt/ros/jazzy/opt/gz_plugin_vendor/lib:/opt/ros/jazzy/opt/gz_fuel_tools_vendor/lib:/opt/ros/jazzy/opt/gz_msgs_vendor/lib:/opt/ros/jazzy/opt/gz_common_vendor/lib:/opt/ros/jazzy/opt/gz_math_vendor/lib:/opt/ros/jazzy/opt/gz_utils_vendor/lib:/opt/ros/jazzy/opt/gz_tools_vendor/lib:/opt/ros/jazzy/opt/gz_ogre_next_vendor/lib:/opt/ros/jazzy/opt/gz_dartsim_vendor/lib:/opt/ros/jazzy/opt/gz_cmake_vendor/lib:/opt/ros/jazzy/lib', 'HOME': '/home/atef', 'OLDPWD': '/home/atef/fav/ros2', 'ROS_PYTHON_VERSION': '3', 'LC_CTYPE': 'C.UTF-8', 'ROS_DISTRO': 'jazzy', 'LOGNAME': 'atef', '_': '/bin/colcon', 'ROS_VERSION': '2', 'TERM': 'xterm-256color', 'PATH': '/opt/ros/jazzy/opt/gz_msgs_vendor/bin:/opt/ros/jazzy/opt/gz_tools_vendor/bin:/opt/ros/jazzy/opt/gz_ogre_next_vendor/bin:/opt/ros/jazzy/bin:/bin:/usr/bin:/usr/ucb:/usr/local/bin', 'AMENT_PREFIX_PATH': '/home/atef/fav/ros2/install/scenario_msgs:/opt/ros/jazzy', 'ROS_AUTOMATIC_DISCOVERY_RANGE': 'SUBNET', 'PWD': '/home/atef/fav/ros2/build/fav', 'PYTHONPATH': '/home/atef/fav/ros2/install/scenario_msgs/lib/python3.12/site-packages:/opt/ros/jazzy/lib/python3.12/site-packages', 'COLCON': '1', 'CMAKE_PREFIX_PATH': '/home/atef/fav/ros2/install/scenario_msgs:/opt/ros/jazzy/opt/gz_sim_vendor:/opt/ros/jazzy/opt/gz_sensors_vendor:/opt/ros/jazzy/opt/gz_physics_vendor:/opt/ros/jazzy/opt/sdformat_vendor:/opt/ros/jazzy/opt/gz_gui_vendor:/opt/ros/jazzy/opt/gz_transport_vendor:/opt/ros/jazzy/opt/gz_rendering_vendor:/opt/ros/jazzy/opt/gz_plugin_vendor:/opt/ros/jazzy/opt/gz_fuel_tools_vendor:/opt/ros/jazzy/opt/gz_msgs_vendor:/opt/ros/jazzy/opt/gz_common_vendor:/opt/ros/jazzy/opt/gz_math_vendor:/opt/ros/jazzy/opt/gz_utils_vendor:/opt/ros/jazzy/opt/gz_tools_vendor:/opt/ros/jazzy/opt/gz_ogre_next_vendor:/opt/ros/jazzy/opt/gz_dartsim_vendor:/opt/ros/jazzy/opt/gz_cmake_vendor:/opt/ros/jazzy'}), 'shell': False}
[1.456871] (fav) StdoutLine: {'line': b'-- Install configuration: ""\n'}
[1.457606] (fav) StdoutLine: {'line': b'-- Execute custom install script\n'}
[1.458110] (fav) StdoutLine: {'line': b'-- Up-to-date symlink: /home/atef/fav/ros2/install/fav/lib/fav/scenario_node\n'}
[1.458517] (fav) StdoutLine: {'line': b'-- Up-to-date symlink: /home/atef/fav/ros2/install/fav/lib/fav/robot_marker_publisher\n'}
[1.458951] (fav) StdoutLine: {'line': b'-- Up-to-date symlink: /home/atef/fav/ros2/install/fav/share/fav/launch/scenario.launch.py\n'}
[1.459271] (fav) StdoutLine: {'line': b'-- Up-to-date symlink: /home/atef/fav/ros2/install/fav/share/fav/launch/simulation.launch.py\n'}
[1.459477] (fav) StdoutLine: {'line': b'-- Up-to-date symlink: /home/atef/fav/ros2/install/fav/share/fav/launch/simulation_with_keyboard_control.launch.py\n'}
[1.459635] (fav) StdoutLine: {'line': b'-- Up-to-date symlink: /home/atef/fav/ros2/install/fav/share/fav/launch/simulation_with_tags.launch.py\n'}
[1.459867] (fav) StdoutLine: {'line': b'-- Up-to-date symlink: /home/atef/fav/ros2/install/fav/share/fav/launch/simulation_with_tags_and_keyboard_control.launch.py\n'}
[1.460041] (fav) StdoutLine: {'line': b'-- Up-to-date symlink: /home/atef/fav/ros2/install/fav/share/ament_index/resource_index/package_run_dependencies/fav\n'}
[1.460131] (fav) StdoutLine: {'line': b'-- Up-to-date symlink: /home/atef/fav/ros2/install/fav/share/ament_index/resource_index/parent_prefix_path/fav\n'}
[1.460256] (fav) StdoutLine: {'line': b'-- Up-to-date symlink: /home/atef/fav/ros2/install/fav/share/fav/environment/ament_prefix_path.sh\n'}
[1.460368] (fav) StdoutLine: {'line': b'-- Up-to-date symlink: /home/atef/fav/ros2/install/fav/share/fav/environment/ament_prefix_path.dsv\n'}
[1.460474] (fav) StdoutLine: {'line': b'-- Up-to-date symlink: /home/atef/fav/ros2/install/fav/share/fav/environment/path.sh\n'}
[1.460638] (fav) StdoutLine: {'line': b'-- Up-to-date symlink: /home/atef/fav/ros2/install/fav/share/fav/environment/path.dsv\n'}
[1.460809] (fav) StdoutLine: {'line': b'-- Up-to-date symlink: /home/atef/fav/ros2/install/fav/share/fav/local_setup.bash\n'}
[1.461036] (fav) StdoutLine: {'line': b'-- Up-to-date symlink: /home/atef/fav/ros2/install/fav/share/fav/local_setup.sh\n'}
[1.461229] (fav) StdoutLine: {'line': b'-- Up-to-date symlink: /home/atef/fav/ros2/install/fav/share/fav/local_setup.zsh\n'}
[1.461390] (fav) StdoutLine: {'line': b'-- Up-to-date symlink: /home/atef/fav/ros2/install/fav/share/fav/local_setup.dsv\n'}
[1.461523] (fav) StdoutLine: {'line': b'-- Symlinking: /home/atef/fav/ros2/install/fav/share/fav/package.dsv\n'}
[1.472800] (depth_control) StdoutLine: {'line': b'-- Configuring done\n'}
[1.473528] (fav) StdoutLine: {'line': b'-- Up-to-date symlink: /home/atef/fav/ros2/install/fav/share/ament_index/resource_index/packages/fav\n'}
[1.473955] (fav) StdoutLine: {'line': b'-- Up-to-date symlink: /home/atef/fav/ros2/install/fav/share/fav/cmake/favConfig.cmake\n'}
[1.474842] (fav) StdoutLine: {'line': b'-- Up-to-date symlink: /home/atef/fav/ros2/install/fav/share/fav/cmake/favConfig-version.cmake\n'}
[1.475022] (fav) StdoutLine: {'line': b'-- Up-to-date symlink: /home/atef/fav/ros2/install/fav/share/fav/package.xml\n'}
[1.475950] (fav) CommandEnded: {'returncode': 0}
[1.478332] (depth_control) StdoutLine: {'line': b'-- Generating done\n'}
[1.480125] (depth_control) StdoutLine: {'line': b'-- Build files have been written to: /home/atef/fav/ros2/build/depth_control\n'}
[1.488670] (depth_control) CommandEnded: {'returncode': 0}
[1.489483] (depth_control) JobProgress: {'identifier': 'depth_control', 'progress': 'build'}
[1.490304] (depth_control) Command: {'cmd': ['/bin/cmake', '--build', '/home/atef/fav/ros2/build/depth_control', '--', '-j6', '-l6'], 'cwd': '/home/atef/fav/ros2/build/depth_control', 'env': OrderedDict({'GZ_SIM_SYSTEM_PLUGIN_PATH': '/opt/ros/jazzy/lib/hippo_gz_plugins/', 'USER': 'atef', 'GZ_CONFIG_PATH': '/opt/ros/jazzy/opt/gz_sim_vendor/share/gz:/opt/ros/jazzy/opt/sdformat_vendor/share/gz:/opt/ros/jazzy/opt/gz_gui_vendor/share/gz:/opt/ros/jazzy/opt/gz_transport_vendor/share/gz:/opt/ros/jazzy/opt/gz_rendering_vendor/share/gz:/opt/ros/jazzy/opt/gz_plugin_vendor/share/gz:/opt/ros/jazzy/opt/gz_fuel_tools_vendor/share/gz:/opt/ros/jazzy/opt/gz_msgs_vendor/share/gz:/opt/ros/jazzy/opt/gz_common_vendor/share/gz', 'SHLVL': '0', 'LD_LIBRARY_PATH': '/opt/ros/jazzy/opt/gz_sim_vendor/lib:/opt/ros/jazzy/opt/gz_sensors_vendor/lib:/opt/ros/jazzy/opt/gz_physics_vendor/lib:/opt/ros/jazzy/opt/sdformat_vendor/lib:/opt/ros/jazzy/opt/rviz_ogre_vendor/lib:/opt/ros/jazzy/lib/x86_64-linux-gnu:/opt/ros/jazzy/opt/gz_gui_vendor/lib:/opt/ros/jazzy/opt/gz_transport_vendor/lib:/opt/ros/jazzy/opt/gz_rendering_vendor/lib:/opt/ros/jazzy/opt/gz_plugin_vendor/lib:/opt/ros/jazzy/opt/gz_fuel_tools_vendor/lib:/opt/ros/jazzy/opt/gz_msgs_vendor/lib:/opt/ros/jazzy/opt/gz_common_vendor/lib:/opt/ros/jazzy/opt/gz_math_vendor/lib:/opt/ros/jazzy/opt/gz_utils_vendor/lib:/opt/ros/jazzy/opt/gz_tools_vendor/lib:/opt/ros/jazzy/opt/gz_ogre_next_vendor/lib:/opt/ros/jazzy/opt/gz_dartsim_vendor/lib:/opt/ros/jazzy/opt/gz_cmake_vendor/lib:/opt/ros/jazzy/lib', 'HOME': '/home/atef', 'OLDPWD': '/home/atef/fav/ros2', 'ROS_PYTHON_VERSION': '3', 'LC_CTYPE': 'C.UTF-8', 'ROS_DISTRO': 'jazzy', 'LOGNAME': 'atef', '_': '/bin/colcon', 'ROS_VERSION': '2', 'TERM': 'xterm-256color', 'PATH': '/opt/ros/jazzy/opt/gz_msgs_vendor/bin:/opt/ros/jazzy/opt/gz_tools_vendor/bin:/opt/ros/jazzy/opt/gz_ogre_next_vendor/bin:/opt/ros/jazzy/bin:/bin:/usr/bin:/usr/ucb:/usr/local/bin', 'AMENT_PREFIX_PATH': '/opt/ros/jazzy', 'ROS_AUTOMATIC_DISCOVERY_RANGE': 'SUBNET', 'PWD': '/home/atef/fav/ros2/build/depth_control', 'PYTHONPATH': '/opt/ros/jazzy/lib/python3.12/site-packages', 'COLCON': '1', 'CMAKE_PREFIX_PATH': '/opt/ros/jazzy/opt/gz_sim_vendor:/opt/ros/jazzy/opt/gz_sensors_vendor:/opt/ros/jazzy/opt/gz_physics_vendor:/opt/ros/jazzy/opt/sdformat_vendor:/opt/ros/jazzy/opt/gz_gui_vendor:/opt/ros/jazzy/opt/gz_transport_vendor:/opt/ros/jazzy/opt/gz_rendering_vendor:/opt/ros/jazzy/opt/gz_plugin_vendor:/opt/ros/jazzy/opt/gz_fuel_tools_vendor:/opt/ros/jazzy/opt/gz_msgs_vendor:/opt/ros/jazzy/opt/gz_common_vendor:/opt/ros/jazzy/opt/gz_math_vendor:/opt/ros/jazzy/opt/gz_utils_vendor:/opt/ros/jazzy/opt/gz_tools_vendor:/opt/ros/jazzy/opt/gz_ogre_next_vendor:/opt/ros/jazzy/opt/gz_dartsim_vendor:/opt/ros/jazzy/opt/gz_cmake_vendor:/opt/ros/jazzy'}), 'shell': False}
[1.502476] (-) TimerEvent: {}
[1.532988] (fav) JobEnded: {'identifier': 'fav', 'rc': 0}
[1.540224] (depth_control) CommandEnded: {'returncode': 0}
[1.570349] (depth_control) JobProgress: {'identifier': 'depth_control', 'progress': 'install'}
[1.570984] (depth_control) Command: {'cmd': ['/bin/cmake', '--install', '/home/atef/fav/ros2/build/depth_control'], 'cwd': '/home/atef/fav/ros2/build/depth_control', 'env': OrderedDict({'GZ_SIM_SYSTEM_PLUGIN_PATH': '/opt/ros/jazzy/lib/hippo_gz_plugins/', 'USER': 'atef', 'GZ_CONFIG_PATH': '/opt/ros/jazzy/opt/gz_sim_vendor/share/gz:/opt/ros/jazzy/opt/sdformat_vendor/share/gz:/opt/ros/jazzy/opt/gz_gui_vendor/share/gz:/opt/ros/jazzy/opt/gz_transport_vendor/share/gz:/opt/ros/jazzy/opt/gz_rendering_vendor/share/gz:/opt/ros/jazzy/opt/gz_plugin_vendor/share/gz:/opt/ros/jazzy/opt/gz_fuel_tools_vendor/share/gz:/opt/ros/jazzy/opt/gz_msgs_vendor/share/gz:/opt/ros/jazzy/opt/gz_common_vendor/share/gz', 'SHLVL': '0', 'LD_LIBRARY_PATH': '/opt/ros/jazzy/opt/gz_sim_vendor/lib:/opt/ros/jazzy/opt/gz_sensors_vendor/lib:/opt/ros/jazzy/opt/gz_physics_vendor/lib:/opt/ros/jazzy/opt/sdformat_vendor/lib:/opt/ros/jazzy/opt/rviz_ogre_vendor/lib:/opt/ros/jazzy/lib/x86_64-linux-gnu:/opt/ros/jazzy/opt/gz_gui_vendor/lib:/opt/ros/jazzy/opt/gz_transport_vendor/lib:/opt/ros/jazzy/opt/gz_rendering_vendor/lib:/opt/ros/jazzy/opt/gz_plugin_vendor/lib:/opt/ros/jazzy/opt/gz_fuel_tools_vendor/lib:/opt/ros/jazzy/opt/gz_msgs_vendor/lib:/opt/ros/jazzy/opt/gz_common_vendor/lib:/opt/ros/jazzy/opt/gz_math_vendor/lib:/opt/ros/jazzy/opt/gz_utils_vendor/lib:/opt/ros/jazzy/opt/gz_tools_vendor/lib:/opt/ros/jazzy/opt/gz_ogre_next_vendor/lib:/opt/ros/jazzy/opt/gz_dartsim_vendor/lib:/opt/ros/jazzy/opt/gz_cmake_vendor/lib:/opt/ros/jazzy/lib', 'HOME': '/home/atef', 'OLDPWD': '/home/atef/fav/ros2', 'ROS_PYTHON_VERSION': '3', 'LC_CTYPE': 'C.UTF-8', 'ROS_DISTRO': 'jazzy', 'LOGNAME': 'atef', '_': '/bin/colcon', 'ROS_VERSION': '2', 'TERM': 'xterm-256color', 'PATH': '/opt/ros/jazzy/opt/gz_msgs_vendor/bin:/opt/ros/jazzy/opt/gz_tools_vendor/bin:/opt/ros/jazzy/opt/gz_ogre_next_vendor/bin:/opt/ros/jazzy/bin:/bin:/usr/bin:/usr/ucb:/usr/local/bin', 'AMENT_PREFIX_PATH': '/opt/ros/jazzy', 'ROS_AUTOMATIC_DISCOVERY_RANGE': 'SUBNET', 'PWD': '/home/atef/fav/ros2/build/depth_control', 'PYTHONPATH': '/opt/ros/jazzy/lib/python3.12/site-packages', 'COLCON': '1', 'CMAKE_PREFIX_PATH': '/opt/ros/jazzy/opt/gz_sim_vendor:/opt/ros/jazzy/opt/gz_sensors_vendor:/opt/ros/jazzy/opt/gz_physics_vendor:/opt/ros/jazzy/opt/sdformat_vendor:/opt/ros/jazzy/opt/gz_gui_vendor:/opt/ros/jazzy/opt/gz_transport_vendor:/opt/ros/jazzy/opt/gz_rendering_vendor:/opt/ros/jazzy/opt/gz_plugin_vendor:/opt/ros/jazzy/opt/gz_fuel_tools_vendor:/opt/ros/jazzy/opt/gz_msgs_vendor:/opt/ros/jazzy/opt/gz_common_vendor:/opt/ros/jazzy/opt/gz_math_vendor:/opt/ros/jazzy/opt/gz_utils_vendor:/opt/ros/jazzy/opt/gz_tools_vendor:/opt/ros/jazzy/opt/gz_ogre_next_vendor:/opt/ros/jazzy/opt/gz_dartsim_vendor:/opt/ros/jazzy/opt/gz_cmake_vendor:/opt/ros/jazzy'}), 'shell': False}
[1.580998] (depth_control) StdoutLine: {'line': b'-- Install configuration: ""\n'}
[1.581955] (depth_control) StdoutLine: {'line': b'-- Execute custom install script\n'}
[1.582196] (depth_control) StdoutLine: {'line': b'-- Symlinking: /home/atef/fav/ros2/install/depth_control/lib/depth_control/depth_calculator.py\n'}
[1.594349] (depth_control) StdoutLine: {'line': b'-- Symlinking: /home/atef/fav/ros2/install/depth_control/lib/depth_control/depth_controller.py\n'}
[1.602644] (-) TimerEvent: {}
[1.610261] (depth_control) StdoutLine: {'line': b'-- Symlinking: /home/atef/fav/ros2/install/depth_control/lib/depth_control/depth_setpoint.py\n'}
[1.623524] (depth_control) StdoutLine: {'line': b'-- Symlinking: /home/atef/fav/ros2/install/depth_control/share/depth_control/launch/depth_calculator.launch.py\n'}
[1.635417] (depth_control) StdoutLine: {'line': b'-- Symlinking: /home/atef/fav/ros2/install/depth_control/share/depth_control/launch/depth_control_full.launch.py\n'}
[1.647243] (depth_control) StdoutLine: {'line': b'-- Symlinking: /home/atef/fav/ros2/install/depth_control/share/ament_index/resource_index/package_run_dependencies/depth_control\n'}
[1.659656] (depth_control) StdoutLine: {'line': b'-- Symlinking: /home/atef/fav/ros2/install/depth_control/share/ament_index/resource_index/parent_prefix_path/depth_control\n'}
[1.671353] (depth_control) StdoutLine: {'line': b'-- Symlinking: /home/atef/fav/ros2/install/depth_control/share/depth_control/environment/ament_prefix_path.sh\n'}
[1.683219] (depth_control) StdoutLine: {'line': b'-- Symlinking: /home/atef/fav/ros2/install/depth_control/share/depth_control/environment/ament_prefix_path.dsv\n'}
[1.694804] (depth_control) StdoutLine: {'line': b'-- Symlinking: /home/atef/fav/ros2/install/depth_control/share/depth_control/environment/path.sh\n'}
[1.702785] (-) TimerEvent: {}
[1.706361] (depth_control) StdoutLine: {'line': b'-- Symlinking: /home/atef/fav/ros2/install/depth_control/share/depth_control/environment/path.dsv\n'}
[1.718082] (depth_control) StdoutLine: {'line': b'-- Symlinking: /home/atef/fav/ros2/install/depth_control/share/depth_control/local_setup.bash\n'}
[1.735497] (depth_control) StdoutLine: {'line': b'-- Symlinking: /home/atef/fav/ros2/install/depth_control/share/depth_control/local_setup.sh\n'}
[1.746779] (depth_control) StdoutLine: {'line': b'-- Symlinking: /home/atef/fav/ros2/install/depth_control/share/depth_control/local_setup.zsh\n'}
[1.758193] (depth_control) StdoutLine: {'line': b'-- Symlinking: /home/atef/fav/ros2/install/depth_control/share/depth_control/local_setup.dsv\n'}
[1.769429] (depth_control) StdoutLine: {'line': b'-- Symlinking: /home/atef/fav/ros2/install/depth_control/share/depth_control/package.dsv\n'}
[1.781149] (depth_control) StdoutLine: {'line': b'-- Symlinking: /home/atef/fav/ros2/install/depth_control/share/ament_index/resource_index/packages/depth_control\n'}
[1.798521] (depth_control) StdoutLine: {'line': b'-- Symlinking: /home/atef/fav/ros2/install/depth_control/share/depth_control/cmake/depth_controlConfig.cmake\n'}
[1.802929] (-) TimerEvent: {}
[1.810790] (depth_control) StdoutLine: {'line': b'-- Symlinking: /home/atef/fav/ros2/install/depth_control/share/depth_control/cmake/depth_controlConfig-version.cmake\n'}
[1.823266] (depth_control) StdoutLine: {'line': b'-- Symlinking: /home/atef/fav/ros2/install/depth_control/share/depth_control/package.xml\n'}
[1.838329] (depth_control) CommandEnded: {'returncode': 0}
[1.881117] (depth_control) JobEnded: {'identifier': 'depth_control', 'rc': 0}
[1.882358] (-) EventReactorShutdown: {}
