[0.000000] (-) TimerEvent: {}
[0.000774] (depth_control) JobQueued: {'identifier': 'depth_control', 'dependencies': OrderedDict()}
[0.000865] (keyboard_control) JobQueued: {'identifier': 'keyboard_control', 'dependencies': OrderedDict()}
[0.000916] (scenario_msgs) JobQueued: {'identifier': 'scenario_msgs', 'dependencies': OrderedDict()}
[0.000984] (fav) JobQueued: {'identifier': 'fav', 'dependencies': OrderedDict({'scenario_msgs': '/home/atef/fav/ros2/install/scenario_msgs'})}
[0.001053] (scenario_msgs) JobStarted: {'identifier': 'scenario_msgs'}
[0.010086] (depth_control) JobStarted: {'identifier': 'depth_control'}
[0.012968] (keyboard_control) JobStarted: {'identifier': 'keyboard_control'}
[0.017512] (scenario_msgs) JobProgress: {'identifier': 'scenario_msgs', 'progress': 'cmake'}
[0.019010] (scenario_msgs) JobProgress: {'identifier': 'scenario_msgs', 'progress': 'build'}
[0.019152] (scenario_msgs) Command: {'cmd': ['/bin/cmake', '--build', '/home/atef/fav/ros2/build/scenario_msgs', '--', '-j6', '-l6'], 'cwd': '/home/atef/fav/ros2/build/scenario_msgs', 'env': OrderedDict({'GZ_SIM_SYSTEM_PLUGIN_PATH': '/opt/ros/jazzy/lib/hippo_gz_plugins/', 'USER': 'atef', 'GZ_CONFIG_PATH': '/opt/ros/jazzy/opt/gz_sim_vendor/share/gz:/opt/ros/jazzy/opt/sdformat_vendor/share/gz:/opt/ros/jazzy/opt/gz_gui_vendor/share/gz:/opt/ros/jazzy/opt/gz_transport_vendor/share/gz:/opt/ros/jazzy/opt/gz_rendering_vendor/share/gz:/opt/ros/jazzy/opt/gz_plugin_vendor/share/gz:/opt/ros/jazzy/opt/gz_fuel_tools_vendor/share/gz:/opt/ros/jazzy/opt/gz_msgs_vendor/share/gz:/opt/ros/jazzy/opt/gz_common_vendor/share/gz', 'SHLVL': '0', 'LD_LIBRARY_PATH': '/opt/ros/jazzy/opt/gz_sim_vendor/lib:/opt/ros/jazzy/opt/gz_sensors_vendor/lib:/opt/ros/jazzy/opt/gz_physics_vendor/lib:/opt/ros/jazzy/opt/sdformat_vendor/lib:/opt/ros/jazzy/opt/rviz_ogre_vendor/lib:/opt/ros/jazzy/lib/x86_64-linux-gnu:/opt/ros/jazzy/opt/gz_gui_vendor/lib:/opt/ros/jazzy/opt/gz_transport_vendor/lib:/opt/ros/jazzy/opt/gz_rendering_vendor/lib:/opt/ros/jazzy/opt/gz_plugin_vendor/lib:/opt/ros/jazzy/opt/gz_fuel_tools_vendor/lib:/opt/ros/jazzy/opt/gz_msgs_vendor/lib:/opt/ros/jazzy/opt/gz_common_vendor/lib:/opt/ros/jazzy/opt/gz_math_vendor/lib:/opt/ros/jazzy/opt/gz_utils_vendor/lib:/opt/ros/jazzy/opt/gz_tools_vendor/lib:/opt/ros/jazzy/opt/gz_ogre_next_vendor/lib:/opt/ros/jazzy/opt/gz_dartsim_vendor/lib:/opt/ros/jazzy/opt/gz_cmake_vendor/lib:/opt/ros/jazzy/lib', 'HOME': '/home/atef', 'OLDPWD': '/home/atef', 'ROS_PYTHON_VERSION': '3', 'LC_CTYPE': 'C.UTF-8', 'ROS_DISTRO': 'jazzy', 'LOGNAME': 'atef', '_': '/bin/colcon', 'ROS_VERSION': '2', 'TERM': 'xterm-256color', 'PATH': '/opt/ros/jazzy/opt/gz_msgs_vendor/bin:/opt/ros/jazzy/opt/gz_tools_vendor/bin:/opt/ros/jazzy/opt/gz_ogre_next_vendor/bin:/opt/ros/jazzy/bin:/bin:/usr/bin:/usr/ucb:/usr/local/bin', 'AMENT_PREFIX_PATH': '/opt/ros/jazzy', 'ROS_AUTOMATIC_DISCOVERY_RANGE': 'SUBNET', 'PWD': '/home/atef/fav/ros2/build/scenario_msgs', 'PYTHONPATH': '/opt/ros/jazzy/lib/python3.12/site-packages', 'COLCON': '1', 'CMAKE_PREFIX_PATH': '/opt/ros/jazzy/opt/gz_sim_vendor:/opt/ros/jazzy/opt/gz_sensors_vendor:/opt/ros/jazzy/opt/gz_physics_vendor:/opt/ros/jazzy/opt/sdformat_vendor:/opt/ros/jazzy/opt/gz_gui_vendor:/opt/ros/jazzy/opt/gz_transport_vendor:/opt/ros/jazzy/opt/gz_rendering_vendor:/opt/ros/jazzy/opt/gz_plugin_vendor:/opt/ros/jazzy/opt/gz_fuel_tools_vendor:/opt/ros/jazzy/opt/gz_msgs_vendor:/opt/ros/jazzy/opt/gz_common_vendor:/opt/ros/jazzy/opt/gz_math_vendor:/opt/ros/jazzy/opt/gz_utils_vendor:/opt/ros/jazzy/opt/gz_tools_vendor:/opt/ros/jazzy/opt/gz_ogre_next_vendor:/opt/ros/jazzy/opt/gz_dartsim_vendor:/opt/ros/jazzy/opt/gz_cmake_vendor:/opt/ros/jazzy'}), 'shell': False}
[0.021731] (depth_control) JobProgress: {'identifier': 'depth_control', 'progress': 'cmake'}
[0.022947] (depth_control) JobProgress: {'identifier': 'depth_control', 'progress': 'build'}
[0.023021] (depth_control) Command: {'cmd': ['/bin/cmake', '--build', '/home/atef/fav/ros2/build/depth_control', '--', '-j6', '-l6'], 'cwd': '/home/atef/fav/ros2/build/depth_control', 'env': OrderedDict({'GZ_SIM_SYSTEM_PLUGIN_PATH': '/opt/ros/jazzy/lib/hippo_gz_plugins/', 'USER': 'atef', 'GZ_CONFIG_PATH': '/opt/ros/jazzy/opt/gz_sim_vendor/share/gz:/opt/ros/jazzy/opt/sdformat_vendor/share/gz:/opt/ros/jazzy/opt/gz_gui_vendor/share/gz:/opt/ros/jazzy/opt/gz_transport_vendor/share/gz:/opt/ros/jazzy/opt/gz_rendering_vendor/share/gz:/opt/ros/jazzy/opt/gz_plugin_vendor/share/gz:/opt/ros/jazzy/opt/gz_fuel_tools_vendor/share/gz:/opt/ros/jazzy/opt/gz_msgs_vendor/share/gz:/opt/ros/jazzy/opt/gz_common_vendor/share/gz', 'SHLVL': '0', 'LD_LIBRARY_PATH': '/opt/ros/jazzy/opt/gz_sim_vendor/lib:/opt/ros/jazzy/opt/gz_sensors_vendor/lib:/opt/ros/jazzy/opt/gz_physics_vendor/lib:/opt/ros/jazzy/opt/sdformat_vendor/lib:/opt/ros/jazzy/opt/rviz_ogre_vendor/lib:/opt/ros/jazzy/lib/x86_64-linux-gnu:/opt/ros/jazzy/opt/gz_gui_vendor/lib:/opt/ros/jazzy/opt/gz_transport_vendor/lib:/opt/ros/jazzy/opt/gz_rendering_vendor/lib:/opt/ros/jazzy/opt/gz_plugin_vendor/lib:/opt/ros/jazzy/opt/gz_fuel_tools_vendor/lib:/opt/ros/jazzy/opt/gz_msgs_vendor/lib:/opt/ros/jazzy/opt/gz_common_vendor/lib:/opt/ros/jazzy/opt/gz_math_vendor/lib:/opt/ros/jazzy/opt/gz_utils_vendor/lib:/opt/ros/jazzy/opt/gz_tools_vendor/lib:/opt/ros/jazzy/opt/gz_ogre_next_vendor/lib:/opt/ros/jazzy/opt/gz_dartsim_vendor/lib:/opt/ros/jazzy/opt/gz_cmake_vendor/lib:/opt/ros/jazzy/lib', 'HOME': '/home/atef', 'OLDPWD': '/home/atef', 'ROS_PYTHON_VERSION': '3', 'LC_CTYPE': 'C.UTF-8', 'ROS_DISTRO': 'jazzy', 'LOGNAME': 'atef', '_': '/bin/colcon', 'ROS_VERSION': '2', 'TERM': 'xterm-256color', 'PATH': '/opt/ros/jazzy/opt/gz_msgs_vendor/bin:/opt/ros/jazzy/opt/gz_tools_vendor/bin:/opt/ros/jazzy/opt/gz_ogre_next_vendor/bin:/opt/ros/jazzy/bin:/bin:/usr/bin:/usr/ucb:/usr/local/bin', 'AMENT_PREFIX_PATH': '/opt/ros/jazzy', 'ROS_AUTOMATIC_DISCOVERY_RANGE': 'SUBNET', 'PWD': '/home/atef/fav/ros2/build/depth_control', 'PYTHONPATH': '/opt/ros/jazzy/lib/python3.12/site-packages', 'COLCON': '1', 'CMAKE_PREFIX_PATH': '/opt/ros/jazzy/opt/gz_sim_vendor:/opt/ros/jazzy/opt/gz_sensors_vendor:/opt/ros/jazzy/opt/gz_physics_vendor:/opt/ros/jazzy/opt/sdformat_vendor:/opt/ros/jazzy/opt/gz_gui_vendor:/opt/ros/jazzy/opt/gz_transport_vendor:/opt/ros/jazzy/opt/gz_rendering_vendor:/opt/ros/jazzy/opt/gz_plugin_vendor:/opt/ros/jazzy/opt/gz_fuel_tools_vendor:/opt/ros/jazzy/opt/gz_msgs_vendor:/opt/ros/jazzy/opt/gz_common_vendor:/opt/ros/jazzy/opt/gz_math_vendor:/opt/ros/jazzy/opt/gz_utils_vendor:/opt/ros/jazzy/opt/gz_tools_vendor:/opt/ros/jazzy/opt/gz_ogre_next_vendor:/opt/ros/jazzy/opt/gz_dartsim_vendor:/opt/ros/jazzy/opt/gz_cmake_vendor:/opt/ros/jazzy'}), 'shell': False}
[0.026426] (keyboard_control) JobProgress: {'identifier': 'keyboard_control', 'progress': 'cmake'}
[0.028053] (keyboard_control) JobProgress: {'identifier': 'keyboard_control', 'progress': 'build'}
[0.028110] (keyboard_control) Command: {'cmd': ['/bin/cmake', '--build', '/home/atef/fav/ros2/build/keyboard_control', '--', '-j6', '-l6'], 'cwd': '/home/atef/fav/ros2/build/keyboard_control', 'env': OrderedDict({'GZ_SIM_SYSTEM_PLUGIN_PATH': '/opt/ros/jazzy/lib/hippo_gz_plugins/', 'USER': 'atef', 'GZ_CONFIG_PATH': '/opt/ros/jazzy/opt/gz_sim_vendor/share/gz:/opt/ros/jazzy/opt/sdformat_vendor/share/gz:/opt/ros/jazzy/opt/gz_gui_vendor/share/gz:/opt/ros/jazzy/opt/gz_transport_vendor/share/gz:/opt/ros/jazzy/opt/gz_rendering_vendor/share/gz:/opt/ros/jazzy/opt/gz_plugin_vendor/share/gz:/opt/ros/jazzy/opt/gz_fuel_tools_vendor/share/gz:/opt/ros/jazzy/opt/gz_msgs_vendor/share/gz:/opt/ros/jazzy/opt/gz_common_vendor/share/gz', 'SHLVL': '0', 'LD_LIBRARY_PATH': '/opt/ros/jazzy/opt/gz_sim_vendor/lib:/opt/ros/jazzy/opt/gz_sensors_vendor/lib:/opt/ros/jazzy/opt/gz_physics_vendor/lib:/opt/ros/jazzy/opt/sdformat_vendor/lib:/opt/ros/jazzy/opt/rviz_ogre_vendor/lib:/opt/ros/jazzy/lib/x86_64-linux-gnu:/opt/ros/jazzy/opt/gz_gui_vendor/lib:/opt/ros/jazzy/opt/gz_transport_vendor/lib:/opt/ros/jazzy/opt/gz_rendering_vendor/lib:/opt/ros/jazzy/opt/gz_plugin_vendor/lib:/opt/ros/jazzy/opt/gz_fuel_tools_vendor/lib:/opt/ros/jazzy/opt/gz_msgs_vendor/lib:/opt/ros/jazzy/opt/gz_common_vendor/lib:/opt/ros/jazzy/opt/gz_math_vendor/lib:/opt/ros/jazzy/opt/gz_utils_vendor/lib:/opt/ros/jazzy/opt/gz_tools_vendor/lib:/opt/ros/jazzy/opt/gz_ogre_next_vendor/lib:/opt/ros/jazzy/opt/gz_dartsim_vendor/lib:/opt/ros/jazzy/opt/gz_cmake_vendor/lib:/opt/ros/jazzy/lib', 'HOME': '/home/atef', 'OLDPWD': '/home/atef', 'ROS_PYTHON_VERSION': '3', 'LC_CTYPE': 'C.UTF-8', 'ROS_DISTRO': 'jazzy', 'LOGNAME': 'atef', '_': '/bin/colcon', 'ROS_VERSION': '2', 'TERM': 'xterm-256color', 'PATH': '/opt/ros/jazzy/opt/gz_msgs_vendor/bin:/opt/ros/jazzy/opt/gz_tools_vendor/bin:/opt/ros/jazzy/opt/gz_ogre_next_vendor/bin:/opt/ros/jazzy/bin:/bin:/usr/bin:/usr/ucb:/usr/local/bin', 'AMENT_PREFIX_PATH': '/opt/ros/jazzy', 'ROS_AUTOMATIC_DISCOVERY_RANGE': 'SUBNET', 'PWD': '/home/atef/fav/ros2/build/keyboard_control', 'PYTHONPATH': '/opt/ros/jazzy/lib/python3.12/site-packages', 'COLCON': '1', 'CMAKE_PREFIX_PATH': '/opt/ros/jazzy/opt/gz_sim_vendor:/opt/ros/jazzy/opt/gz_sensors_vendor:/opt/ros/jazzy/opt/gz_physics_vendor:/opt/ros/jazzy/opt/sdformat_vendor:/opt/ros/jazzy/opt/gz_gui_vendor:/opt/ros/jazzy/opt/gz_transport_vendor:/opt/ros/jazzy/opt/gz_rendering_vendor:/opt/ros/jazzy/opt/gz_plugin_vendor:/opt/ros/jazzy/opt/gz_fuel_tools_vendor:/opt/ros/jazzy/opt/gz_msgs_vendor:/opt/ros/jazzy/opt/gz_common_vendor:/opt/ros/jazzy/opt/gz_math_vendor:/opt/ros/jazzy/opt/gz_utils_vendor:/opt/ros/jazzy/opt/gz_tools_vendor:/opt/ros/jazzy/opt/gz_ogre_next_vendor:/opt/ros/jazzy/opt/gz_dartsim_vendor:/opt/ros/jazzy/opt/gz_cmake_vendor:/opt/ros/jazzy'}), 'shell': False}
[0.065608] (depth_control) StdoutLine: {'line': b'-- Found ament_cmake: 2.5.2 (/opt/ros/jazzy/share/ament_cmake/cmake)\n'}
[0.079904] (keyboard_control) CommandEnded: {'returncode': 0}
[0.089535] (scenario_msgs) StdoutLine: {'line': b'[  1%] Built target scenario_msgs__rosidl_generator_type_description\n'}
[0.096627] (scenario_msgs) StdoutLine: {'line': b'[  1%] Built target ament_cmake_python_symlink_scenario_msgs\n'}
[0.099681] (-) TimerEvent: {}
[0.100308] (keyboard_control) JobProgress: {'identifier': 'keyboard_control', 'progress': 'install'}
[0.108624] (keyboard_control) Command: {'cmd': ['/bin/cmake', '--install', '/home/atef/fav/ros2/build/keyboard_control'], 'cwd': '/home/atef/fav/ros2/build/keyboard_control', 'env': OrderedDict({'GZ_SIM_SYSTEM_PLUGIN_PATH': '/opt/ros/jazzy/lib/hippo_gz_plugins/', 'USER': 'atef', 'GZ_CONFIG_PATH': '/opt/ros/jazzy/opt/gz_sim_vendor/share/gz:/opt/ros/jazzy/opt/sdformat_vendor/share/gz:/opt/ros/jazzy/opt/gz_gui_vendor/share/gz:/opt/ros/jazzy/opt/gz_transport_vendor/share/gz:/opt/ros/jazzy/opt/gz_rendering_vendor/share/gz:/opt/ros/jazzy/opt/gz_plugin_vendor/share/gz:/opt/ros/jazzy/opt/gz_fuel_tools_vendor/share/gz:/opt/ros/jazzy/opt/gz_msgs_vendor/share/gz:/opt/ros/jazzy/opt/gz_common_vendor/share/gz', 'SHLVL': '0', 'LD_LIBRARY_PATH': '/opt/ros/jazzy/opt/gz_sim_vendor/lib:/opt/ros/jazzy/opt/gz_sensors_vendor/lib:/opt/ros/jazzy/opt/gz_physics_vendor/lib:/opt/ros/jazzy/opt/sdformat_vendor/lib:/opt/ros/jazzy/opt/rviz_ogre_vendor/lib:/opt/ros/jazzy/lib/x86_64-linux-gnu:/opt/ros/jazzy/opt/gz_gui_vendor/lib:/opt/ros/jazzy/opt/gz_transport_vendor/lib:/opt/ros/jazzy/opt/gz_rendering_vendor/lib:/opt/ros/jazzy/opt/gz_plugin_vendor/lib:/opt/ros/jazzy/opt/gz_fuel_tools_vendor/lib:/opt/ros/jazzy/opt/gz_msgs_vendor/lib:/opt/ros/jazzy/opt/gz_common_vendor/lib:/opt/ros/jazzy/opt/gz_math_vendor/lib:/opt/ros/jazzy/opt/gz_utils_vendor/lib:/opt/ros/jazzy/opt/gz_tools_vendor/lib:/opt/ros/jazzy/opt/gz_ogre_next_vendor/lib:/opt/ros/jazzy/opt/gz_dartsim_vendor/lib:/opt/ros/jazzy/opt/gz_cmake_vendor/lib:/opt/ros/jazzy/lib', 'HOME': '/home/atef', 'OLDPWD': '/home/atef', 'ROS_PYTHON_VERSION': '3', 'LC_CTYPE': 'C.UTF-8', 'ROS_DISTRO': 'jazzy', 'LOGNAME': 'atef', '_': '/bin/colcon', 'ROS_VERSION': '2', 'TERM': 'xterm-256color', 'PATH': '/opt/ros/jazzy/opt/gz_msgs_vendor/bin:/opt/ros/jazzy/opt/gz_tools_vendor/bin:/opt/ros/jazzy/opt/gz_ogre_next_vendor/bin:/opt/ros/jazzy/bin:/bin:/usr/bin:/usr/ucb:/usr/local/bin', 'AMENT_PREFIX_PATH': '/opt/ros/jazzy', 'ROS_AUTOMATIC_DISCOVERY_RANGE': 'SUBNET', 'PWD': '/home/atef/fav/ros2/build/keyboard_control', 'PYTHONPATH': '/opt/ros/jazzy/lib/python3.12/site-packages', 'COLCON': '1', 'CMAKE_PREFIX_PATH': '/opt/ros/jazzy/opt/gz_sim_vendor:/opt/ros/jazzy/opt/gz_sensors_vendor:/opt/ros/jazzy/opt/gz_physics_vendor:/opt/ros/jazzy/opt/sdformat_vendor:/opt/ros/jazzy/opt/gz_gui_vendor:/opt/ros/jazzy/opt/gz_transport_vendor:/opt/ros/jazzy/opt/gz_rendering_vendor:/opt/ros/jazzy/opt/gz_plugin_vendor:/opt/ros/jazzy/opt/gz_fuel_tools_vendor:/opt/ros/jazzy/opt/gz_msgs_vendor:/opt/ros/jazzy/opt/gz_common_vendor:/opt/ros/jazzy/opt/gz_math_vendor:/opt/ros/jazzy/opt/gz_utils_vendor:/opt/ros/jazzy/opt/gz_tools_vendor:/opt/ros/jazzy/opt/gz_ogre_next_vendor:/opt/ros/jazzy/opt/gz_dartsim_vendor:/opt/ros/jazzy/opt/gz_cmake_vendor:/opt/ros/jazzy'}), 'shell': False}
[0.111914] (scenario_msgs) StdoutLine: {'line': b'[  2%] Built target scenario_msgs__cpp\n'}
[0.116593] (keyboard_control) StdoutLine: {'line': b'-- Install configuration: ""\n'}
[0.119023] (keyboard_control) StdoutLine: {'line': b'-- Execute custom install script\n'}
[0.119189] (keyboard_control) StdoutLine: {'line': b'-- Up-to-date symlink: /home/atef/fav/ros2/install/keyboard_control/lib/keyboard_control/keyboard_control_node\n'}
[0.119248] (keyboard_control) StdoutLine: {'line': b'-- Up-to-date symlink: /home/atef/fav/ros2/install/keyboard_control/share/ament_index/resource_index/package_run_dependencies/keyboard_control\n'}
[0.119302] (keyboard_control) StdoutLine: {'line': b'-- Up-to-date symlink: /home/atef/fav/ros2/install/keyboard_control/share/ament_index/resource_index/parent_prefix_path/keyboard_control\n'}
[0.119355] (keyboard_control) StdoutLine: {'line': b'-- Up-to-date symlink: /home/atef/fav/ros2/install/keyboard_control/share/keyboard_control/environment/ament_prefix_path.sh\n'}
[0.119407] (keyboard_control) StdoutLine: {'line': b'-- Up-to-date symlink: /home/atef/fav/ros2/install/keyboard_control/share/keyboard_control/environment/ament_prefix_path.dsv\n'}
[0.120541] (keyboard_control) StdoutLine: {'line': b'-- Up-to-date symlink: /home/atef/fav/ros2/install/keyboard_control/share/keyboard_control/environment/path.sh\n'}
[0.120639] (keyboard_control) StdoutLine: {'line': b'-- Up-to-date symlink: /home/atef/fav/ros2/install/keyboard_control/share/keyboard_control/environment/path.dsv\n'}
[0.120695] (keyboard_control) StdoutLine: {'line': b'-- Up-to-date symlink: /home/atef/fav/ros2/install/keyboard_control/share/keyboard_control/local_setup.bash\n'}
[0.120750] (keyboard_control) StdoutLine: {'line': b'-- Up-to-date symlink: /home/atef/fav/ros2/install/keyboard_control/share/keyboard_control/local_setup.sh\n'}
[0.120801] (keyboard_control) StdoutLine: {'line': b'-- Up-to-date symlink: /home/atef/fav/ros2/install/keyboard_control/share/keyboard_control/local_setup.zsh\n'}
[0.120887] (keyboard_control) StdoutLine: {'line': b'-- Up-to-date symlink: /home/atef/fav/ros2/install/keyboard_control/share/keyboard_control/local_setup.dsv\n'}
[0.120943] (keyboard_control) StdoutLine: {'line': b'-- Symlinking: /home/atef/fav/ros2/install/keyboard_control/share/keyboard_control/package.dsv\n'}
[0.120996] (scenario_msgs) StdoutLine: {'line': b'[ 25%] Built target scenario_msgs__rosidl_generator_c\n'}
[0.129071] (keyboard_control) StdoutLine: {'line': b'-- Up-to-date symlink: /home/atef/fav/ros2/install/keyboard_control/share/ament_index/resource_index/packages/keyboard_control\n'}
[0.129269] (keyboard_control) StdoutLine: {'line': b'-- Up-to-date symlink: /home/atef/fav/ros2/install/keyboard_control/share/keyboard_control/cmake/keyboard_controlConfig.cmake\n'}
[0.129325] (keyboard_control) StdoutLine: {'line': b'-- Up-to-date symlink: /home/atef/fav/ros2/install/keyboard_control/share/keyboard_control/cmake/keyboard_controlConfig-version.cmake\n'}
[0.129377] (keyboard_control) StdoutLine: {'line': b'-- Up-to-date symlink: /home/atef/fav/ros2/install/keyboard_control/share/keyboard_control/package.xml\n'}
[0.133081] (keyboard_control) CommandEnded: {'returncode': 0}
[0.151980] (scenario_msgs) StdoutLine: {'line': b'[ 35%] Built target scenario_msgs__rosidl_typesupport_cpp\n'}
[0.153090] (scenario_msgs) StdoutLine: {'line': b'[ 44%] Built target scenario_msgs__rosidl_typesupport_c\n'}
[0.159713] (scenario_msgs) StdoutLine: {'line': b'[ 54%] Built target scenario_msgs__rosidl_typesupport_introspection_c\n'}
[0.159895] (scenario_msgs) StdoutLine: {'line': b'[ 63%] Built target scenario_msgs__rosidl_typesupport_fastrtps_cpp\n'}
[0.162709] (scenario_msgs) StdoutLine: {'line': b'[ 72%] Built target scenario_msgs__rosidl_typesupport_fastrtps_c\n'}
[0.181549] (scenario_msgs) StdoutLine: {'line': b'[ 82%] Built target scenario_msgs__rosidl_typesupport_introspection_cpp\n'}
[0.185075] (keyboard_control) JobEnded: {'identifier': 'keyboard_control', 'rc': 0}
[0.199830] (-) TimerEvent: {}
[0.200841] (scenario_msgs) StdoutLine: {'line': b'[ 82%] Built target scenario_msgs\n'}
[0.209355] (depth_control) StdoutLine: {'line': b'-- Override CMake install command with custom implementation using symlinks instead of copying resources\n'}
[0.221668] (scenario_msgs) StdoutLine: {'line': b'[ 83%] Built target scenario_msgs__py\n'}
[0.227781] (depth_control) StdoutLine: {'line': b'-- Found rclpy: 7.1.2 (/opt/ros/jazzy/share/rclpy/cmake)\n'}
[0.253183] (scenario_msgs) StdoutLine: {'line': b'[ 91%] Built target scenario_msgs__rosidl_generator_py\n'}
[0.275888] (scenario_msgs) StdoutLine: {'line': b'[ 97%] Built target scenario_msgs_s__rosidl_typesupport_fastrtps_c\n'}
[0.276632] (scenario_msgs) StdoutLine: {'line': b'[ 97%] Built target scenario_msgs_s__rosidl_typesupport_introspection_c\n'}
[0.281348] (scenario_msgs) StdoutLine: {'line': b'[100%] Built target scenario_msgs_s__rosidl_typesupport_c\n'}
[0.299956] (-) TimerEvent: {}
[0.317091] (depth_control) StdoutLine: {'line': b'-- Configuring done\n'}
[0.320211] (scenario_msgs) StdoutLine: {'line': b'running egg_info\n'}
[0.323119] (depth_control) StdoutLine: {'line': b'-- Generating done\n'}
[0.323824] (depth_control) StdoutLine: {'line': b'-- Build files have been written to: /home/atef/fav/ros2/build/depth_control\n'}
[0.339485] (scenario_msgs) StdoutLine: {'line': b'writing scenario_msgs.egg-info/PKG-INFO\n'}
[0.339986] (scenario_msgs) StdoutLine: {'line': b'writing dependency_links to scenario_msgs.egg-info/dependency_links.txt\n'}
[0.340252] (scenario_msgs) StdoutLine: {'line': b'writing top-level names to scenario_msgs.egg-info/top_level.txt\n'}
[0.362087] (depth_control) CommandEnded: {'returncode': 0}
[0.394355] (depth_control) JobProgress: {'identifier': 'depth_control', 'progress': 'install'}
[0.395129] (depth_control) Command: {'cmd': ['/bin/cmake', '--install', '/home/atef/fav/ros2/build/depth_control'], 'cwd': '/home/atef/fav/ros2/build/depth_control', 'env': OrderedDict({'GZ_SIM_SYSTEM_PLUGIN_PATH': '/opt/ros/jazzy/lib/hippo_gz_plugins/', 'USER': 'atef', 'GZ_CONFIG_PATH': '/opt/ros/jazzy/opt/gz_sim_vendor/share/gz:/opt/ros/jazzy/opt/sdformat_vendor/share/gz:/opt/ros/jazzy/opt/gz_gui_vendor/share/gz:/opt/ros/jazzy/opt/gz_transport_vendor/share/gz:/opt/ros/jazzy/opt/gz_rendering_vendor/share/gz:/opt/ros/jazzy/opt/gz_plugin_vendor/share/gz:/opt/ros/jazzy/opt/gz_fuel_tools_vendor/share/gz:/opt/ros/jazzy/opt/gz_msgs_vendor/share/gz:/opt/ros/jazzy/opt/gz_common_vendor/share/gz', 'SHLVL': '0', 'LD_LIBRARY_PATH': '/opt/ros/jazzy/opt/gz_sim_vendor/lib:/opt/ros/jazzy/opt/gz_sensors_vendor/lib:/opt/ros/jazzy/opt/gz_physics_vendor/lib:/opt/ros/jazzy/opt/sdformat_vendor/lib:/opt/ros/jazzy/opt/rviz_ogre_vendor/lib:/opt/ros/jazzy/lib/x86_64-linux-gnu:/opt/ros/jazzy/opt/gz_gui_vendor/lib:/opt/ros/jazzy/opt/gz_transport_vendor/lib:/opt/ros/jazzy/opt/gz_rendering_vendor/lib:/opt/ros/jazzy/opt/gz_plugin_vendor/lib:/opt/ros/jazzy/opt/gz_fuel_tools_vendor/lib:/opt/ros/jazzy/opt/gz_msgs_vendor/lib:/opt/ros/jazzy/opt/gz_common_vendor/lib:/opt/ros/jazzy/opt/gz_math_vendor/lib:/opt/ros/jazzy/opt/gz_utils_vendor/lib:/opt/ros/jazzy/opt/gz_tools_vendor/lib:/opt/ros/jazzy/opt/gz_ogre_next_vendor/lib:/opt/ros/jazzy/opt/gz_dartsim_vendor/lib:/opt/ros/jazzy/opt/gz_cmake_vendor/lib:/opt/ros/jazzy/lib', 'HOME': '/home/atef', 'OLDPWD': '/home/atef', 'ROS_PYTHON_VERSION': '3', 'LC_CTYPE': 'C.UTF-8', 'ROS_DISTRO': 'jazzy', 'LOGNAME': 'atef', '_': '/bin/colcon', 'ROS_VERSION': '2', 'TERM': 'xterm-256color', 'PATH': '/opt/ros/jazzy/opt/gz_msgs_vendor/bin:/opt/ros/jazzy/opt/gz_tools_vendor/bin:/opt/ros/jazzy/opt/gz_ogre_next_vendor/bin:/opt/ros/jazzy/bin:/bin:/usr/bin:/usr/ucb:/usr/local/bin', 'AMENT_PREFIX_PATH': '/opt/ros/jazzy', 'ROS_AUTOMATIC_DISCOVERY_RANGE': 'SUBNET', 'PWD': '/home/atef/fav/ros2/build/depth_control', 'PYTHONPATH': '/opt/ros/jazzy/lib/python3.12/site-packages', 'COLCON': '1', 'CMAKE_PREFIX_PATH': '/opt/ros/jazzy/opt/gz_sim_vendor:/opt/ros/jazzy/opt/gz_sensors_vendor:/opt/ros/jazzy/opt/gz_physics_vendor:/opt/ros/jazzy/opt/sdformat_vendor:/opt/ros/jazzy/opt/gz_gui_vendor:/opt/ros/jazzy/opt/gz_transport_vendor:/opt/ros/jazzy/opt/gz_rendering_vendor:/opt/ros/jazzy/opt/gz_plugin_vendor:/opt/ros/jazzy/opt/gz_fuel_tools_vendor:/opt/ros/jazzy/opt/gz_msgs_vendor:/opt/ros/jazzy/opt/gz_common_vendor:/opt/ros/jazzy/opt/gz_math_vendor:/opt/ros/jazzy/opt/gz_utils_vendor:/opt/ros/jazzy/opt/gz_tools_vendor:/opt/ros/jazzy/opt/gz_ogre_next_vendor:/opt/ros/jazzy/opt/gz_dartsim_vendor:/opt/ros/jazzy/opt/gz_cmake_vendor:/opt/ros/jazzy'}), 'shell': False}
[0.400083] (-) TimerEvent: {}
[0.400815] (scenario_msgs) StdoutLine: {'line': b"reading manifest file 'scenario_msgs.egg-info/SOURCES.txt'\n"}
[0.401637] (scenario_msgs) StdoutLine: {'line': b"writing manifest file 'scenario_msgs.egg-info/SOURCES.txt'\n"}
[0.410389] (depth_control) StdoutLine: {'line': b'-- Install configuration: ""\n'}
[0.411413] (depth_control) StdoutLine: {'line': b'-- Execute custom install script\n'}
[0.411824] (depth_control) StdoutLine: {'line': b'-- Up-to-date symlink: /home/atef/fav/ros2/install/depth_control/lib/depth_control/depth_calculator.py\n'}
[0.412227] (depth_control) StdoutLine: {'line': b'-- Up-to-date symlink: /home/atef/fav/ros2/install/depth_control/lib/depth_control/depth_controller.py\n'}
[0.412434] (depth_control) StdoutLine: {'line': b'-- Up-to-date symlink: /home/atef/fav/ros2/install/depth_control/lib/depth_control/depth_setpoint.py\n'}
[0.412672] (depth_control) StdoutLine: {'line': b'-- Up-to-date symlink: /home/atef/fav/ros2/install/depth_control/share/depth_control/launch/depth_calculator.launch.py\n'}
[0.412859] (depth_control) StdoutLine: {'line': b'-- Up-to-date symlink: /home/atef/fav/ros2/install/depth_control/share/depth_control/launch/depth_control_full.launch.py\n'}
[0.413051] (depth_control) StdoutLine: {'line': b'-- Up-to-date symlink: /home/atef/fav/ros2/install/depth_control/share/depth_control/launch/depth_calculator.launch.py\n'}
[0.413265] (depth_control) StdoutLine: {'line': b'-- Up-to-date symlink: /home/atef/fav/ros2/install/depth_control/share/depth_control/launch/depth_control_full.launch.py\n'}
[0.413478] (depth_control) StdoutLine: {'line': b'-- Up-to-date symlink: /home/atef/fav/ros2/install/depth_control/share/depth_control/config/controller_params.yaml\n'}
[0.413661] (depth_control) StdoutLine: {'line': b'-- Up-to-date symlink: /home/atef/fav/ros2/install/depth_control/share/ament_index/resource_index/package_run_dependencies/depth_control\n'}
[0.413813] (depth_control) StdoutLine: {'line': b'-- Up-to-date symlink: /home/atef/fav/ros2/install/depth_control/share/ament_index/resource_index/parent_prefix_path/depth_control\n'}
[0.413978] (depth_control) StdoutLine: {'line': b'-- Up-to-date symlink: /home/atef/fav/ros2/install/depth_control/share/depth_control/environment/ament_prefix_path.sh\n'}
[0.414161] (depth_control) StdoutLine: {'line': b'-- Up-to-date symlink: /home/atef/fav/ros2/install/depth_control/share/depth_control/environment/ament_prefix_path.dsv\n'}
[0.414287] (depth_control) StdoutLine: {'line': b'-- Up-to-date symlink: /home/atef/fav/ros2/install/depth_control/share/depth_control/environment/path.sh\n'}
[0.414413] (depth_control) StdoutLine: {'line': b'-- Up-to-date symlink: /home/atef/fav/ros2/install/depth_control/share/depth_control/environment/path.dsv\n'}
[0.414535] (depth_control) StdoutLine: {'line': b'-- Up-to-date symlink: /home/atef/fav/ros2/install/depth_control/share/depth_control/local_setup.bash\n'}
[0.414716] (depth_control) StdoutLine: {'line': b'-- Up-to-date symlink: /home/atef/fav/ros2/install/depth_control/share/depth_control/local_setup.sh\n'}
[0.414831] (depth_control) StdoutLine: {'line': b'-- Up-to-date symlink: /home/atef/fav/ros2/install/depth_control/share/depth_control/local_setup.zsh\n'}
[0.414969] (depth_control) StdoutLine: {'line': b'-- Up-to-date symlink: /home/atef/fav/ros2/install/depth_control/share/depth_control/local_setup.dsv\n'}
[0.415089] (depth_control) StdoutLine: {'line': b'-- Symlinking: /home/atef/fav/ros2/install/depth_control/share/depth_control/package.dsv\n'}
[0.431017] (depth_control) StdoutLine: {'line': b'-- Up-to-date symlink: /home/atef/fav/ros2/install/depth_control/share/ament_index/resource_index/packages/depth_control\n'}
[0.431397] (depth_control) StdoutLine: {'line': b'-- Up-to-date symlink: /home/atef/fav/ros2/install/depth_control/share/depth_control/cmake/depth_controlConfig.cmake\n'}
[0.431465] (depth_control) StdoutLine: {'line': b'-- Up-to-date symlink: /home/atef/fav/ros2/install/depth_control/share/depth_control/cmake/depth_controlConfig-version.cmake\n'}
[0.431592] (depth_control) StdoutLine: {'line': b'-- Up-to-date symlink: /home/atef/fav/ros2/install/depth_control/share/depth_control/package.xml\n'}
[0.433736] (depth_control) CommandEnded: {'returncode': 0}
[0.437603] (scenario_msgs) StdoutLine: {'line': b'[100%] Built target ament_cmake_python_build_scenario_msgs_egg\n'}
[0.455218] (scenario_msgs) CommandEnded: {'returncode': 0}
[0.466415] (depth_control) JobEnded: {'identifier': 'depth_control', 'rc': 0}
[0.500156] (-) TimerEvent: {}
[0.582947] (scenario_msgs) JobProgress: {'identifier': 'scenario_msgs', 'progress': 'install'}
[0.583874] (scenario_msgs) Command: {'cmd': ['/bin/cmake', '--install', '/home/atef/fav/ros2/build/scenario_msgs'], 'cwd': '/home/atef/fav/ros2/build/scenario_msgs', 'env': OrderedDict({'GZ_SIM_SYSTEM_PLUGIN_PATH': '/opt/ros/jazzy/lib/hippo_gz_plugins/', 'USER': 'atef', 'GZ_CONFIG_PATH': '/opt/ros/jazzy/opt/gz_sim_vendor/share/gz:/opt/ros/jazzy/opt/sdformat_vendor/share/gz:/opt/ros/jazzy/opt/gz_gui_vendor/share/gz:/opt/ros/jazzy/opt/gz_transport_vendor/share/gz:/opt/ros/jazzy/opt/gz_rendering_vendor/share/gz:/opt/ros/jazzy/opt/gz_plugin_vendor/share/gz:/opt/ros/jazzy/opt/gz_fuel_tools_vendor/share/gz:/opt/ros/jazzy/opt/gz_msgs_vendor/share/gz:/opt/ros/jazzy/opt/gz_common_vendor/share/gz', 'SHLVL': '0', 'LD_LIBRARY_PATH': '/opt/ros/jazzy/opt/gz_sim_vendor/lib:/opt/ros/jazzy/opt/gz_sensors_vendor/lib:/opt/ros/jazzy/opt/gz_physics_vendor/lib:/opt/ros/jazzy/opt/sdformat_vendor/lib:/opt/ros/jazzy/opt/rviz_ogre_vendor/lib:/opt/ros/jazzy/lib/x86_64-linux-gnu:/opt/ros/jazzy/opt/gz_gui_vendor/lib:/opt/ros/jazzy/opt/gz_transport_vendor/lib:/opt/ros/jazzy/opt/gz_rendering_vendor/lib:/opt/ros/jazzy/opt/gz_plugin_vendor/lib:/opt/ros/jazzy/opt/gz_fuel_tools_vendor/lib:/opt/ros/jazzy/opt/gz_msgs_vendor/lib:/opt/ros/jazzy/opt/gz_common_vendor/lib:/opt/ros/jazzy/opt/gz_math_vendor/lib:/opt/ros/jazzy/opt/gz_utils_vendor/lib:/opt/ros/jazzy/opt/gz_tools_vendor/lib:/opt/ros/jazzy/opt/gz_ogre_next_vendor/lib:/opt/ros/jazzy/opt/gz_dartsim_vendor/lib:/opt/ros/jazzy/opt/gz_cmake_vendor/lib:/opt/ros/jazzy/lib', 'HOME': '/home/atef', 'OLDPWD': '/home/atef', 'ROS_PYTHON_VERSION': '3', 'LC_CTYPE': 'C.UTF-8', 'ROS_DISTRO': 'jazzy', 'LOGNAME': 'atef', '_': '/bin/colcon', 'ROS_VERSION': '2', 'TERM': 'xterm-256color', 'PATH': '/opt/ros/jazzy/opt/gz_msgs_vendor/bin:/opt/ros/jazzy/opt/gz_tools_vendor/bin:/opt/ros/jazzy/opt/gz_ogre_next_vendor/bin:/opt/ros/jazzy/bin:/bin:/usr/bin:/usr/ucb:/usr/local/bin', 'AMENT_PREFIX_PATH': '/opt/ros/jazzy', 'ROS_AUTOMATIC_DISCOVERY_RANGE': 'SUBNET', 'PWD': '/home/atef/fav/ros2/build/scenario_msgs', 'PYTHONPATH': '/opt/ros/jazzy/lib/python3.12/site-packages', 'COLCON': '1', 'CMAKE_PREFIX_PATH': '/opt/ros/jazzy/opt/gz_sim_vendor:/opt/ros/jazzy/opt/gz_sensors_vendor:/opt/ros/jazzy/opt/gz_physics_vendor:/opt/ros/jazzy/opt/sdformat_vendor:/opt/ros/jazzy/opt/gz_gui_vendor:/opt/ros/jazzy/opt/gz_transport_vendor:/opt/ros/jazzy/opt/gz_rendering_vendor:/opt/ros/jazzy/opt/gz_plugin_vendor:/opt/ros/jazzy/opt/gz_fuel_tools_vendor:/opt/ros/jazzy/opt/gz_msgs_vendor:/opt/ros/jazzy/opt/gz_common_vendor:/opt/ros/jazzy/opt/gz_math_vendor:/opt/ros/jazzy/opt/gz_utils_vendor:/opt/ros/jazzy/opt/gz_tools_vendor:/opt/ros/jazzy/opt/gz_ogre_next_vendor:/opt/ros/jazzy/opt/gz_dartsim_vendor:/opt/ros/jazzy/opt/gz_cmake_vendor:/opt/ros/jazzy'}), 'shell': False}
[0.600282] (-) TimerEvent: {}
[0.603506] (scenario_msgs) StdoutLine: {'line': b'-- Install configuration: ""\n'}
[0.604117] (scenario_msgs) StdoutLine: {'line': b'-- Execute custom install script\n'}
[0.604428] (scenario_msgs) StdoutLine: {'line': b'-- Up-to-date symlink: /home/atef/fav/ros2/install/scenario_msgs/share/ament_index/resource_index/rosidl_interfaces/scenario_msgs\n'}
[0.604690] (scenario_msgs) StdoutLine: {'line': b'-- Up-to-date symlink: /home/atef/fav/ros2/install/scenario_msgs/share/scenario_msgs/msg/PolygonsStamped.json\n'}
[0.604926] (scenario_msgs) StdoutLine: {'line': b'-- Up-to-date symlink: /home/atef/fav/ros2/install/scenario_msgs/share/scenario_msgs/msg/Viewpoint.json\n'}
[0.605098] (scenario_msgs) StdoutLine: {'line': b'-- Up-to-date symlink: /home/atef/fav/ros2/install/scenario_msgs/share/scenario_msgs/msg/Viewpoints.json\n'}
[0.605214] (scenario_msgs) StdoutLine: {'line': b'-- Up-to-date symlink: /home/atef/fav/ros2/install/scenario_msgs/share/scenario_msgs/srv/MoveToStart.json\n'}
[0.605333] (scenario_msgs) StdoutLine: {'line': b'-- Up-to-date symlink: /home/atef/fav/ros2/install/scenario_msgs/share/scenario_msgs/srv/SetPath.json\n'}
[0.605500] (scenario_msgs) StdoutLine: {'line': b'-- Up-to-date symlink: /home/atef/fav/ros2/install/scenario_msgs/include/scenario_msgs/scenario_msgs/msg/detail/polygons_stamped__functions.h\n'}
[0.605634] (scenario_msgs) StdoutLine: {'line': b'-- Up-to-date symlink: /home/atef/fav/ros2/install/scenario_msgs/include/scenario_msgs/scenario_msgs/msg/detail/polygons_stamped__struct.h\n'}
[0.605755] (scenario_msgs) StdoutLine: {'line': b'-- Up-to-date symlink: /home/atef/fav/ros2/install/scenario_msgs/include/scenario_msgs/scenario_msgs/msg/detail/polygons_stamped__type_support.h\n'}
[0.605940] (scenario_msgs) StdoutLine: {'line': b'-- Up-to-date symlink: /home/atef/fav/ros2/install/scenario_msgs/include/scenario_msgs/scenario_msgs/msg/detail/viewpoint__functions.h\n'}
[0.606072] (scenario_msgs) StdoutLine: {'line': b'-- Up-to-date symlink: /home/atef/fav/ros2/install/scenario_msgs/include/scenario_msgs/scenario_msgs/msg/detail/viewpoint__struct.h\n'}
[0.606193] (scenario_msgs) StdoutLine: {'line': b'-- Up-to-date symlink: /home/atef/fav/ros2/install/scenario_msgs/include/scenario_msgs/scenario_msgs/msg/detail/viewpoint__type_support.h\n'}
[0.606312] (scenario_msgs) StdoutLine: {'line': b'-- Up-to-date symlink: /home/atef/fav/ros2/install/scenario_msgs/include/scenario_msgs/scenario_msgs/msg/detail/viewpoints__functions.h\n'}
[0.606431] (scenario_msgs) StdoutLine: {'line': b'-- Up-to-date symlink: /home/atef/fav/ros2/install/scenario_msgs/include/scenario_msgs/scenario_msgs/msg/detail/viewpoints__struct.h\n'}
[0.606549] (scenario_msgs) StdoutLine: {'line': b'-- Up-to-date symlink: /home/atef/fav/ros2/install/scenario_msgs/include/scenario_msgs/scenario_msgs/msg/detail/viewpoints__type_support.h\n'}
[0.606685] (scenario_msgs) StdoutLine: {'line': b'-- Up-to-date symlink: /home/atef/fav/ros2/install/scenario_msgs/include/scenario_msgs/scenario_msgs/msg/polygons_stamped.h\n'}
[0.606897] (scenario_msgs) StdoutLine: {'line': b'-- Up-to-date symlink: /home/atef/fav/ros2/install/scenario_msgs/include/scenario_msgs/scenario_msgs/msg/rosidl_generator_c__visibility_control.h\n'}
[0.607031] (scenario_msgs) StdoutLine: {'line': b'-- Up-to-date symlink: /home/atef/fav/ros2/install/scenario_msgs/include/scenario_msgs/scenario_msgs/msg/viewpoint.h\n'}
[0.607153] (scenario_msgs) StdoutLine: {'line': b'-- Up-to-date symlink: /home/atef/fav/ros2/install/scenario_msgs/include/scenario_msgs/scenario_msgs/msg/viewpoints.h\n'}
[0.607272] (scenario_msgs) StdoutLine: {'line': b'-- Up-to-date symlink: /home/atef/fav/ros2/install/scenario_msgs/include/scenario_msgs/scenario_msgs/srv/detail/move_to_start__functions.h\n'}
[0.607417] (scenario_msgs) StdoutLine: {'line': b'-- Up-to-date symlink: /home/atef/fav/ros2/install/scenario_msgs/include/scenario_msgs/scenario_msgs/srv/detail/move_to_start__struct.h\n'}
[0.607533] (scenario_msgs) StdoutLine: {'line': b'-- Up-to-date symlink: /home/atef/fav/ros2/install/scenario_msgs/include/scenario_msgs/scenario_msgs/srv/detail/move_to_start__type_support.h\n'}
[0.607683] (scenario_msgs) StdoutLine: {'line': b'-- Up-to-date symlink: /home/atef/fav/ros2/install/scenario_msgs/include/scenario_msgs/scenario_msgs/srv/detail/set_path__functions.h\n'}
[0.607805] (scenario_msgs) StdoutLine: {'line': b'-- Up-to-date symlink: /home/atef/fav/ros2/install/scenario_msgs/include/scenario_msgs/scenario_msgs/srv/detail/set_path__struct.h\n'}
[0.607977] (scenario_msgs) StdoutLine: {'line': b'-- Up-to-date symlink: /home/atef/fav/ros2/install/scenario_msgs/include/scenario_msgs/scenario_msgs/srv/detail/set_path__type_support.h\n'}
[0.608104] (scenario_msgs) StdoutLine: {'line': b'-- Up-to-date symlink: /home/atef/fav/ros2/install/scenario_msgs/include/scenario_msgs/scenario_msgs/srv/move_to_start.h\n'}
[0.608224] (scenario_msgs) StdoutLine: {'line': b'-- Up-to-date symlink: /home/atef/fav/ros2/install/scenario_msgs/include/scenario_msgs/scenario_msgs/srv/set_path.h\n'}
[0.608342] (scenario_msgs) StdoutLine: {'line': b'-- Up-to-date symlink: /home/atef/fav/ros2/install/scenario_msgs/share/scenario_msgs/environment/library_path.sh\n'}
[0.608461] (scenario_msgs) StdoutLine: {'line': b'-- Up-to-date symlink: /home/atef/fav/ros2/install/scenario_msgs/share/scenario_msgs/environment/library_path.dsv\n'}
[0.608581] (scenario_msgs) StdoutLine: {'line': b'-- Up-to-date symlink: /home/atef/fav/ros2/install/scenario_msgs/include/scenario_msgs/scenario_msgs/msg/detail/polygons_stamped__rosidl_typesupport_fastrtps_c.h\n'}
[0.608703] (scenario_msgs) StdoutLine: {'line': b'-- Up-to-date symlink: /home/atef/fav/ros2/install/scenario_msgs/include/scenario_msgs/scenario_msgs/msg/detail/viewpoint__rosidl_typesupport_fastrtps_c.h\n'}
[0.608823] (scenario_msgs) StdoutLine: {'line': b'-- Up-to-date symlink: /home/atef/fav/ros2/install/scenario_msgs/include/scenario_msgs/scenario_msgs/msg/detail/viewpoints__rosidl_typesupport_fastrtps_c.h\n'}
[0.609030] (scenario_msgs) StdoutLine: {'line': b'-- Up-to-date symlink: /home/atef/fav/ros2/install/scenario_msgs/include/scenario_msgs/scenario_msgs/msg/rosidl_typesupport_fastrtps_c__visibility_control.h\n'}
[0.609157] (scenario_msgs) StdoutLine: {'line': b'-- Up-to-date symlink: /home/atef/fav/ros2/install/scenario_msgs/include/scenario_msgs/scenario_msgs/srv/detail/move_to_start__rosidl_typesupport_fastrtps_c.h\n'}
[0.609275] (scenario_msgs) StdoutLine: {'line': b'-- Up-to-date symlink: /home/atef/fav/ros2/install/scenario_msgs/include/scenario_msgs/scenario_msgs/srv/detail/set_path__rosidl_typesupport_fastrtps_c.h\n'}
[0.609393] (scenario_msgs) StdoutLine: {'line': b'-- Up-to-date symlink: /home/atef/fav/ros2/install/scenario_msgs/include/scenario_msgs/scenario_msgs/msg/detail/polygons_stamped__rosidl_typesupport_introspection_c.h\n'}
[0.609512] (scenario_msgs) StdoutLine: {'line': b'-- Up-to-date symlink: /home/atef/fav/ros2/install/scenario_msgs/include/scenario_msgs/scenario_msgs/msg/detail/viewpoint__rosidl_typesupport_introspection_c.h\n'}
[0.609630] (scenario_msgs) StdoutLine: {'line': b'-- Up-to-date symlink: /home/atef/fav/ros2/install/scenario_msgs/include/scenario_msgs/scenario_msgs/msg/detail/viewpoints__rosidl_typesupport_introspection_c.h\n'}
[0.609751] (scenario_msgs) StdoutLine: {'line': b'-- Up-to-date symlink: /home/atef/fav/ros2/install/scenario_msgs/include/scenario_msgs/scenario_msgs/msg/rosidl_typesupport_introspection_c__visibility_control.h\n'}
[0.609952] (scenario_msgs) StdoutLine: {'line': b'-- Up-to-date symlink: /home/atef/fav/ros2/install/scenario_msgs/include/scenario_msgs/scenario_msgs/srv/detail/move_to_start__rosidl_typesupport_introspection_c.h\n'}
[0.610116] (scenario_msgs) StdoutLine: {'line': b'-- Up-to-date symlink: /home/atef/fav/ros2/install/scenario_msgs/include/scenario_msgs/scenario_msgs/srv/detail/set_path__rosidl_typesupport_introspection_c.h\n'}
[0.610239] (scenario_msgs) StdoutLine: {'line': b'-- Up-to-date symlink: /home/atef/fav/ros2/install/scenario_msgs/include/scenario_msgs/scenario_msgs/msg/detail/polygons_stamped__builder.hpp\n'}
[0.610397] (scenario_msgs) StdoutLine: {'line': b'-- Up-to-date symlink: /home/atef/fav/ros2/install/scenario_msgs/include/scenario_msgs/scenario_msgs/msg/detail/polygons_stamped__struct.hpp\n'}
[0.610522] (scenario_msgs) StdoutLine: {'line': b'-- Up-to-date symlink: /home/atef/fav/ros2/install/scenario_msgs/include/scenario_msgs/scenario_msgs/msg/detail/polygons_stamped__traits.hpp\n'}
[0.610642] (scenario_msgs) StdoutLine: {'line': b'-- Up-to-date symlink: /home/atef/fav/ros2/install/scenario_msgs/include/scenario_msgs/scenario_msgs/msg/detail/polygons_stamped__type_support.hpp\n'}
[0.610760] (scenario_msgs) StdoutLine: {'line': b'-- Up-to-date symlink: /home/atef/fav/ros2/install/scenario_msgs/include/scenario_msgs/scenario_msgs/msg/detail/viewpoint__builder.hpp\n'}
[0.610980] (scenario_msgs) StdoutLine: {'line': b'-- Up-to-date symlink: /home/atef/fav/ros2/install/scenario_msgs/include/scenario_msgs/scenario_msgs/msg/detail/viewpoint__struct.hpp\n'}
[0.611103] (scenario_msgs) StdoutLine: {'line': b'-- Up-to-date symlink: /home/atef/fav/ros2/install/scenario_msgs/include/scenario_msgs/scenario_msgs/msg/detail/viewpoint__traits.hpp\n'}
[0.611217] (scenario_msgs) StdoutLine: {'line': b'-- Up-to-date symlink: /home/atef/fav/ros2/install/scenario_msgs/include/scenario_msgs/scenario_msgs/msg/detail/viewpoint__type_support.hpp\n'}
[0.611329] (scenario_msgs) StdoutLine: {'line': b'-- Up-to-date symlink: /home/atef/fav/ros2/install/scenario_msgs/include/scenario_msgs/scenario_msgs/msg/detail/viewpoints__builder.hpp\n'}
[0.611478] (scenario_msgs) StdoutLine: {'line': b'-- Up-to-date symlink: /home/atef/fav/ros2/install/scenario_msgs/include/scenario_msgs/scenario_msgs/msg/detail/viewpoints__struct.hpp\n'}
[0.611599] (scenario_msgs) StdoutLine: {'line': b'-- Up-to-date symlink: /home/atef/fav/ros2/install/scenario_msgs/include/scenario_msgs/scenario_msgs/msg/detail/viewpoints__traits.hpp\n'}
[0.611717] (scenario_msgs) StdoutLine: {'line': b'-- Up-to-date symlink: /home/atef/fav/ros2/install/scenario_msgs/include/scenario_msgs/scenario_msgs/msg/detail/viewpoints__type_support.hpp\n'}
[0.611837] (scenario_msgs) StdoutLine: {'line': b'-- Up-to-date symlink: /home/atef/fav/ros2/install/scenario_msgs/include/scenario_msgs/scenario_msgs/msg/polygons_stamped.hpp\n'}
[0.612020] (scenario_msgs) StdoutLine: {'line': b'-- Up-to-date symlink: /home/atef/fav/ros2/install/scenario_msgs/include/scenario_msgs/scenario_msgs/msg/rosidl_generator_cpp__visibility_control.hpp\n'}
[0.612142] (scenario_msgs) StdoutLine: {'line': b'-- Up-to-date symlink: /home/atef/fav/ros2/install/scenario_msgs/include/scenario_msgs/scenario_msgs/msg/viewpoint.hpp\n'}
[0.612263] (scenario_msgs) StdoutLine: {'line': b'-- Up-to-date symlink: /home/atef/fav/ros2/install/scenario_msgs/include/scenario_msgs/scenario_msgs/msg/viewpoints.hpp\n'}
[0.612382] (scenario_msgs) StdoutLine: {'line': b'-- Up-to-date symlink: /home/atef/fav/ros2/install/scenario_msgs/include/scenario_msgs/scenario_msgs/srv/detail/move_to_start__builder.hpp\n'}
[0.612503] (scenario_msgs) StdoutLine: {'line': b'-- Up-to-date symlink: /home/atef/fav/ros2/install/scenario_msgs/include/scenario_msgs/scenario_msgs/srv/detail/move_to_start__struct.hpp\n'}
[0.612623] (scenario_msgs) StdoutLine: {'line': b'-- Up-to-date symlink: /home/atef/fav/ros2/install/scenario_msgs/include/scenario_msgs/scenario_msgs/srv/detail/move_to_start__traits.hpp\n'}
[0.612743] (scenario_msgs) StdoutLine: {'line': b'-- Up-to-date symlink: /home/atef/fav/ros2/install/scenario_msgs/include/scenario_msgs/scenario_msgs/srv/detail/move_to_start__type_support.hpp\n'}
[0.612931] (scenario_msgs) StdoutLine: {'line': b'-- Up-to-date symlink: /home/atef/fav/ros2/install/scenario_msgs/include/scenario_msgs/scenario_msgs/srv/detail/set_path__builder.hpp\n'}
[0.613097] (scenario_msgs) StdoutLine: {'line': b'-- Up-to-date symlink: /home/atef/fav/ros2/install/scenario_msgs/include/scenario_msgs/scenario_msgs/srv/detail/set_path__struct.hpp\n'}
[0.613213] (scenario_msgs) StdoutLine: {'line': b'-- Up-to-date symlink: /home/atef/fav/ros2/install/scenario_msgs/include/scenario_msgs/scenario_msgs/srv/detail/set_path__traits.hpp\n'}
[0.613328] (scenario_msgs) StdoutLine: {'line': b'-- Up-to-date symlink: /home/atef/fav/ros2/install/scenario_msgs/include/scenario_msgs/scenario_msgs/srv/detail/set_path__type_support.hpp\n'}
[0.613441] (scenario_msgs) StdoutLine: {'line': b'-- Up-to-date symlink: /home/atef/fav/ros2/install/scenario_msgs/include/scenario_msgs/scenario_msgs/srv/move_to_start.hpp\n'}
[0.613561] (scenario_msgs) StdoutLine: {'line': b'-- Up-to-date symlink: /home/atef/fav/ros2/install/scenario_msgs/include/scenario_msgs/scenario_msgs/srv/set_path.hpp\n'}
[0.613680] (scenario_msgs) StdoutLine: {'line': b'-- Up-to-date symlink: /home/atef/fav/ros2/install/scenario_msgs/include/scenario_msgs/scenario_msgs/msg/detail/polygons_stamped__rosidl_typesupport_fastrtps_cpp.hpp\n'}
[0.613800] (scenario_msgs) StdoutLine: {'line': b'-- Up-to-date symlink: /home/atef/fav/ros2/install/scenario_msgs/include/scenario_msgs/scenario_msgs/msg/detail/viewpoint__rosidl_typesupport_fastrtps_cpp.hpp\n'}
[0.613992] (scenario_msgs) StdoutLine: {'line': b'-- Up-to-date symlink: /home/atef/fav/ros2/install/scenario_msgs/include/scenario_msgs/scenario_msgs/msg/detail/viewpoints__rosidl_typesupport_fastrtps_cpp.hpp\n'}
[0.614155] (scenario_msgs) StdoutLine: {'line': b'-- Up-to-date symlink: /home/atef/fav/ros2/install/scenario_msgs/include/scenario_msgs/scenario_msgs/msg/rosidl_typesupport_fastrtps_cpp__visibility_control.h\n'}
[0.614278] (scenario_msgs) StdoutLine: {'line': b'-- Up-to-date symlink: /home/atef/fav/ros2/install/scenario_msgs/include/scenario_msgs/scenario_msgs/srv/detail/move_to_start__rosidl_typesupport_fastrtps_cpp.hpp\n'}
[0.614398] (scenario_msgs) StdoutLine: {'line': b'-- Up-to-date symlink: /home/atef/fav/ros2/install/scenario_msgs/include/scenario_msgs/scenario_msgs/srv/detail/set_path__rosidl_typesupport_fastrtps_cpp.hpp\n'}
[0.614518] (scenario_msgs) StdoutLine: {'line': b'-- Up-to-date symlink: /home/atef/fav/ros2/install/scenario_msgs/include/scenario_msgs/scenario_msgs/msg/detail/polygons_stamped__rosidl_typesupport_introspection_cpp.hpp\n'}
[0.614637] (scenario_msgs) StdoutLine: {'line': b'-- Up-to-date symlink: /home/atef/fav/ros2/install/scenario_msgs/include/scenario_msgs/scenario_msgs/msg/detail/viewpoint__rosidl_typesupport_introspection_cpp.hpp\n'}
[0.614756] (scenario_msgs) StdoutLine: {'line': b'-- Up-to-date symlink: /home/atef/fav/ros2/install/scenario_msgs/include/scenario_msgs/scenario_msgs/msg/detail/viewpoints__rosidl_typesupport_introspection_cpp.hpp\n'}
[0.614938] (scenario_msgs) StdoutLine: {'line': b'-- Up-to-date symlink: /home/atef/fav/ros2/install/scenario_msgs/include/scenario_msgs/scenario_msgs/srv/detail/move_to_start__rosidl_typesupport_introspection_cpp.hpp\n'}
[0.615064] (scenario_msgs) StdoutLine: {'line': b'-- Up-to-date symlink: /home/atef/fav/ros2/install/scenario_msgs/include/scenario_msgs/scenario_msgs/srv/detail/set_path__rosidl_typesupport_introspection_cpp.hpp\n'}
[0.615177] (scenario_msgs) StdoutLine: {'line': b'-- Up-to-date symlink: /home/atef/fav/ros2/install/scenario_msgs/share/scenario_msgs/environment/pythonpath.sh\n'}
[0.615328] (scenario_msgs) StdoutLine: {'line': b'-- Up-to-date symlink: /home/atef/fav/ros2/install/scenario_msgs/share/scenario_msgs/environment/pythonpath.dsv\n'}
[0.615442] (scenario_msgs) StdoutLine: {'line': b'-- Up-to-date symlink: /home/atef/fav/ros2/install/scenario_msgs/lib/python3.12/site-packages/scenario_msgs-0.0.0-py3.12.egg-info/PKG-INFO\n'}
[0.615554] (scenario_msgs) StdoutLine: {'line': b'-- Up-to-date symlink: /home/atef/fav/ros2/install/scenario_msgs/lib/python3.12/site-packages/scenario_msgs-0.0.0-py3.12.egg-info/SOURCES.txt\n'}
[0.615681] (scenario_msgs) StdoutLine: {'line': b'-- Up-to-date symlink: /home/atef/fav/ros2/install/scenario_msgs/lib/python3.12/site-packages/scenario_msgs-0.0.0-py3.12.egg-info/dependency_links.txt\n'}
[0.615800] (scenario_msgs) StdoutLine: {'line': b'-- Up-to-date symlink: /home/atef/fav/ros2/install/scenario_msgs/lib/python3.12/site-packages/scenario_msgs-0.0.0-py3.12.egg-info/top_level.txt\n'}
[0.615989] (scenario_msgs) StdoutLine: {'line': b'-- Up-to-date symlink: /home/atef/fav/ros2/install/scenario_msgs/lib/python3.12/site-packages/scenario_msgs/__init__.py\n'}
[0.616113] (scenario_msgs) StdoutLine: {'line': b'-- Up-to-date symlink: /home/atef/fav/ros2/install/scenario_msgs/lib/python3.12/site-packages/scenario_msgs/_scenario_msgs_s.ep.rosidl_typesupport_c.c\n'}
[0.616233] (scenario_msgs) StdoutLine: {'line': b'-- Up-to-date symlink: /home/atef/fav/ros2/install/scenario_msgs/lib/python3.12/site-packages/scenario_msgs/_scenario_msgs_s.ep.rosidl_typesupport_fastrtps_c.c\n'}
[0.616353] (scenario_msgs) StdoutLine: {'line': b'-- Up-to-date symlink: /home/atef/fav/ros2/install/scenario_msgs/lib/python3.12/site-packages/scenario_msgs/_scenario_msgs_s.ep.rosidl_typesupport_introspection_c.c\n'}
[0.616472] (scenario_msgs) StdoutLine: {'line': b'-- Up-to-date symlink: /home/atef/fav/ros2/install/scenario_msgs/lib/python3.12/site-packages/scenario_msgs/msg/__init__.py\n'}
[0.616592] (scenario_msgs) StdoutLine: {'line': b'-- Up-to-date symlink: /home/atef/fav/ros2/install/scenario_msgs/lib/python3.12/site-packages/scenario_msgs/msg/_polygons_stamped.py\n'}
[0.616710] (scenario_msgs) StdoutLine: {'line': b'-- Up-to-date symlink: /home/atef/fav/ros2/install/scenario_msgs/lib/python3.12/site-packages/scenario_msgs/msg/_polygons_stamped_s.c\n'}
[0.616829] (scenario_msgs) StdoutLine: {'line': b'-- Up-to-date symlink: /home/atef/fav/ros2/install/scenario_msgs/lib/python3.12/site-packages/scenario_msgs/msg/_viewpoint.py\n'}
[0.617048] (scenario_msgs) StdoutLine: {'line': b'-- Up-to-date symlink: /home/atef/fav/ros2/install/scenario_msgs/lib/python3.12/site-packages/scenario_msgs/msg/_viewpoint_s.c\n'}
[0.617175] (scenario_msgs) StdoutLine: {'line': b'-- Up-to-date symlink: /home/atef/fav/ros2/install/scenario_msgs/lib/python3.12/site-packages/scenario_msgs/msg/_viewpoints.py\n'}
[0.617293] (scenario_msgs) StdoutLine: {'line': b'-- Up-to-date symlink: /home/atef/fav/ros2/install/scenario_msgs/lib/python3.12/site-packages/scenario_msgs/msg/_viewpoints_s.c\n'}
[0.617411] (scenario_msgs) StdoutLine: {'line': b'-- Up-to-date symlink: /home/atef/fav/ros2/install/scenario_msgs/lib/python3.12/site-packages/scenario_msgs/scenario_msgs_s__rosidl_typesupport_c.so\n'}
[0.617546] (scenario_msgs) StdoutLine: {'line': b'-- Up-to-date symlink: /home/atef/fav/ros2/install/scenario_msgs/lib/python3.12/site-packages/scenario_msgs/scenario_msgs_s__rosidl_typesupport_fastrtps_c.so\n'}
[0.617667] (scenario_msgs) StdoutLine: {'line': b'-- Up-to-date symlink: /home/atef/fav/ros2/install/scenario_msgs/lib/python3.12/site-packages/scenario_msgs/scenario_msgs_s__rosidl_typesupport_introspection_c.so\n'}
[0.617786] (scenario_msgs) StdoutLine: {'line': b'-- Up-to-date symlink: /home/atef/fav/ros2/install/scenario_msgs/lib/python3.12/site-packages/scenario_msgs/srv/__init__.py\n'}
[0.617985] (scenario_msgs) StdoutLine: {'line': b'-- Up-to-date symlink: /home/atef/fav/ros2/install/scenario_msgs/lib/python3.12/site-packages/scenario_msgs/srv/_move_to_start.py\n'}
[0.618126] (scenario_msgs) StdoutLine: {'line': b'-- Up-to-date symlink: /home/atef/fav/ros2/install/scenario_msgs/lib/python3.12/site-packages/scenario_msgs/srv/_move_to_start_s.c\n'}
[0.618248] (scenario_msgs) StdoutLine: {'line': b'-- Up-to-date symlink: /home/atef/fav/ros2/install/scenario_msgs/lib/python3.12/site-packages/scenario_msgs/srv/_set_path.py\n'}
[0.618370] (scenario_msgs) StdoutLine: {'line': b'-- Up-to-date symlink: /home/atef/fav/ros2/install/scenario_msgs/lib/python3.12/site-packages/scenario_msgs/srv/_set_path_s.c\n'}
[0.618515] (scenario_msgs) StdoutLine: {'line': b'-- Up-to-date symlink: /home/atef/fav/ros2/install/scenario_msgs/lib/python3.12/site-packages/scenario_msgs/scenario_msgs_s__rosidl_typesupport_fastrtps_c.so\n'}
[0.618629] (scenario_msgs) StdoutLine: {'line': b'-- Up-to-date symlink: /home/atef/fav/ros2/install/scenario_msgs/lib/python3.12/site-packages/scenario_msgs/scenario_msgs_s__rosidl_typesupport_introspection_c.so\n'}
[0.618742] (scenario_msgs) StdoutLine: {'line': b'-- Up-to-date symlink: /home/atef/fav/ros2/install/scenario_msgs/lib/python3.12/site-packages/scenario_msgs/scenario_msgs_s__rosidl_typesupport_c.so\n'}
[0.618864] (scenario_msgs) StdoutLine: {'line': b'-- Up-to-date symlink: /home/atef/fav/ros2/install/scenario_msgs/share/scenario_msgs/msg/PolygonsStamped.idl\n'}
[0.618987] (scenario_msgs) StdoutLine: {'line': b'-- Up-to-date symlink: /home/atef/fav/ros2/install/scenario_msgs/share/scenario_msgs/msg/Viewpoint.idl\n'}
[0.619101] (scenario_msgs) StdoutLine: {'line': b'-- Up-to-date symlink: /home/atef/fav/ros2/install/scenario_msgs/share/scenario_msgs/msg/Viewpoints.idl\n'}
[0.619230] (scenario_msgs) StdoutLine: {'line': b'-- Up-to-date symlink: /home/atef/fav/ros2/install/scenario_msgs/share/scenario_msgs/srv/MoveToStart.idl\n'}
[0.619343] (scenario_msgs) StdoutLine: {'line': b'-- Up-to-date symlink: /home/atef/fav/ros2/install/scenario_msgs/share/scenario_msgs/srv/SetPath.idl\n'}
[0.619455] (scenario_msgs) StdoutLine: {'line': b'-- Up-to-date symlink: /home/atef/fav/ros2/install/scenario_msgs/share/scenario_msgs/msg/PolygonsStamped.msg\n'}
[0.619567] (scenario_msgs) StdoutLine: {'line': b'-- Up-to-date symlink: /home/atef/fav/ros2/install/scenario_msgs/share/scenario_msgs/msg/Viewpoint.msg\n'}
[0.619679] (scenario_msgs) StdoutLine: {'line': b'-- Up-to-date symlink: /home/atef/fav/ros2/install/scenario_msgs/share/scenario_msgs/msg/Viewpoints.msg\n'}
[0.619790] (scenario_msgs) StdoutLine: {'line': b'-- Up-to-date symlink: /home/atef/fav/ros2/install/scenario_msgs/share/scenario_msgs/srv/MoveToStart.srv\n'}
[0.619918] (scenario_msgs) StdoutLine: {'line': b'-- Up-to-date symlink: /home/atef/fav/ros2/install/scenario_msgs/share/scenario_msgs/srv/SetPath.srv\n'}
[0.620036] (scenario_msgs) StdoutLine: {'line': b'-- Up-to-date symlink: /home/atef/fav/ros2/install/scenario_msgs/share/ament_index/resource_index/package_run_dependencies/scenario_msgs\n'}
[0.620152] (scenario_msgs) StdoutLine: {'line': b'-- Up-to-date symlink: /home/atef/fav/ros2/install/scenario_msgs/share/ament_index/resource_index/parent_prefix_path/scenario_msgs\n'}
[0.620265] (scenario_msgs) StdoutLine: {'line': b'-- Up-to-date symlink: /home/atef/fav/ros2/install/scenario_msgs/share/scenario_msgs/environment/ament_prefix_path.sh\n'}
[0.620377] (scenario_msgs) StdoutLine: {'line': b'-- Up-to-date symlink: /home/atef/fav/ros2/install/scenario_msgs/share/scenario_msgs/environment/ament_prefix_path.dsv\n'}
[0.620488] (scenario_msgs) StdoutLine: {'line': b'-- Up-to-date symlink: /home/atef/fav/ros2/install/scenario_msgs/share/scenario_msgs/environment/path.sh\n'}
[0.620600] (scenario_msgs) StdoutLine: {'line': b'-- Up-to-date symlink: /home/atef/fav/ros2/install/scenario_msgs/share/scenario_msgs/environment/path.dsv\n'}
[0.620711] (scenario_msgs) StdoutLine: {'line': b'-- Up-to-date symlink: /home/atef/fav/ros2/install/scenario_msgs/share/scenario_msgs/local_setup.bash\n'}
[0.620824] (scenario_msgs) StdoutLine: {'line': b'-- Up-to-date symlink: /home/atef/fav/ros2/install/scenario_msgs/share/scenario_msgs/local_setup.sh\n'}
[0.620953] (scenario_msgs) StdoutLine: {'line': b'-- Up-to-date symlink: /home/atef/fav/ros2/install/scenario_msgs/share/scenario_msgs/local_setup.zsh\n'}
[0.621068] (scenario_msgs) StdoutLine: {'line': b'-- Up-to-date symlink: /home/atef/fav/ros2/install/scenario_msgs/share/scenario_msgs/local_setup.dsv\n'}
[0.621183] (scenario_msgs) StdoutLine: {'line': b'-- Symlinking: /home/atef/fav/ros2/install/scenario_msgs/share/scenario_msgs/package.dsv\n'}
[0.633638] (scenario_msgs) StdoutLine: {'line': b'-- Up-to-date symlink: /home/atef/fav/ros2/install/scenario_msgs/share/ament_index/resource_index/packages/scenario_msgs\n'}
[0.633985] (scenario_msgs) StdoutLine: {'line': b'-- Up-to-date symlink: /home/atef/fav/ros2/install/scenario_msgs/share/scenario_msgs/cmake/rosidl_cmake-extras.cmake\n'}
[0.634171] (scenario_msgs) StdoutLine: {'line': b'-- Up-to-date symlink: /home/atef/fav/ros2/install/scenario_msgs/share/scenario_msgs/cmake/ament_cmake_export_dependencies-extras.cmake\n'}
[0.634328] (scenario_msgs) StdoutLine: {'line': b'-- Up-to-date symlink: /home/atef/fav/ros2/install/scenario_msgs/share/scenario_msgs/cmake/ament_cmake_export_include_directories-extras.cmake\n'}
[0.634452] (scenario_msgs) StdoutLine: {'line': b'-- Up-to-date symlink: /home/atef/fav/ros2/install/scenario_msgs/share/scenario_msgs/cmake/ament_cmake_export_libraries-extras.cmake\n'}
[0.634597] (scenario_msgs) StdoutLine: {'line': b'-- Up-to-date symlink: /home/atef/fav/ros2/install/scenario_msgs/share/scenario_msgs/cmake/ament_cmake_export_targets-extras.cmake\n'}
[0.634755] (scenario_msgs) StdoutLine: {'line': b'-- Up-to-date symlink: /home/atef/fav/ros2/install/scenario_msgs/share/scenario_msgs/cmake/rosidl_cmake_export_typesupport_targets-extras.cmake\n'}
[0.634904] (scenario_msgs) StdoutLine: {'line': b'-- Up-to-date symlink: /home/atef/fav/ros2/install/scenario_msgs/share/scenario_msgs/cmake/rosidl_cmake_export_typesupport_libraries-extras.cmake\n'}
[0.635047] (scenario_msgs) StdoutLine: {'line': b'-- Up-to-date symlink: /home/atef/fav/ros2/install/scenario_msgs/share/scenario_msgs/cmake/scenario_msgsConfig.cmake\n'}
[0.635165] (scenario_msgs) StdoutLine: {'line': b'-- Up-to-date symlink: /home/atef/fav/ros2/install/scenario_msgs/share/scenario_msgs/cmake/scenario_msgsConfig-version.cmake\n'}
[0.635279] (scenario_msgs) StdoutLine: {'line': b'-- Up-to-date symlink: /home/atef/fav/ros2/install/scenario_msgs/share/scenario_msgs/package.xml\n'}
[0.635796] (scenario_msgs) StdoutLine: {'line': b'-- Up-to-date: /home/atef/fav/ros2/install/scenario_msgs/lib/libscenario_msgs__rosidl_generator_c.so\n'}
[0.636401] (scenario_msgs) StdoutLine: {'line': b'-- Up-to-date: /home/atef/fav/ros2/install/scenario_msgs/lib/libscenario_msgs__rosidl_typesupport_fastrtps_c.so\n'}
[0.636941] (scenario_msgs) StdoutLine: {'line': b'-- Up-to-date: /home/atef/fav/ros2/install/scenario_msgs/lib/libscenario_msgs__rosidl_typesupport_introspection_c.so\n'}
[0.637477] (scenario_msgs) StdoutLine: {'line': b'-- Up-to-date: /home/atef/fav/ros2/install/scenario_msgs/lib/libscenario_msgs__rosidl_typesupport_c.so\n'}
[0.637879] (scenario_msgs) StdoutLine: {'line': b'-- Up-to-date: /home/atef/fav/ros2/install/scenario_msgs/lib/libscenario_msgs__rosidl_typesupport_fastrtps_cpp.so\n'}
[0.638389] (scenario_msgs) StdoutLine: {'line': b'-- Up-to-date: /home/atef/fav/ros2/install/scenario_msgs/lib/libscenario_msgs__rosidl_typesupport_introspection_cpp.so\n'}
[0.639204] (scenario_msgs) StdoutLine: {'line': b'-- Up-to-date: /home/atef/fav/ros2/install/scenario_msgs/lib/libscenario_msgs__rosidl_typesupport_cpp.so\n'}
[0.670038] (scenario_msgs) StdoutLine: {'line': b"Listing '/home/atef/fav/ros2/install/scenario_msgs/lib/python3.12/site-packages/scenario_msgs'...\n"}
[0.670387] (scenario_msgs) StdoutLine: {'line': b"Listing '/home/atef/fav/ros2/install/scenario_msgs/lib/python3.12/site-packages/scenario_msgs/msg'...\n"}
[0.670550] (scenario_msgs) StdoutLine: {'line': b"Listing '/home/atef/fav/ros2/install/scenario_msgs/lib/python3.12/site-packages/scenario_msgs/srv'...\n"}
[0.675600] (scenario_msgs) StdoutLine: {'line': b'-- Up-to-date: /home/atef/fav/ros2/install/scenario_msgs/lib/libscenario_msgs__rosidl_generator_py.so\n'}
[0.676063] (scenario_msgs) StdoutLine: {'line': b'-- Up-to-date: /home/atef/fav/ros2/install/scenario_msgs/share/scenario_msgs/cmake/export_scenario_msgs__rosidl_generator_cExport.cmake\n'}
[0.676384] (scenario_msgs) StdoutLine: {'line': b'-- Up-to-date: /home/atef/fav/ros2/install/scenario_msgs/share/scenario_msgs/cmake/export_scenario_msgs__rosidl_generator_cExport-noconfig.cmake\n'}
[0.676618] (scenario_msgs) StdoutLine: {'line': b'-- Up-to-date: /home/atef/fav/ros2/install/scenario_msgs/share/scenario_msgs/cmake/export_scenario_msgs__rosidl_typesupport_fastrtps_cExport.cmake\n'}
[0.676879] (scenario_msgs) StdoutLine: {'line': b'-- Up-to-date: /home/atef/fav/ros2/install/scenario_msgs/share/scenario_msgs/cmake/export_scenario_msgs__rosidl_typesupport_fastrtps_cExport-noconfig.cmake\n'}
[0.677101] (scenario_msgs) StdoutLine: {'line': b'-- Up-to-date: /home/atef/fav/ros2/install/scenario_msgs/share/scenario_msgs/cmake/scenario_msgs__rosidl_typesupport_introspection_cExport.cmake\n'}
[0.677278] (scenario_msgs) StdoutLine: {'line': b'-- Up-to-date: /home/atef/fav/ros2/install/scenario_msgs/share/scenario_msgs/cmake/scenario_msgs__rosidl_typesupport_introspection_cExport-noconfig.cmake\n'}
[0.677452] (scenario_msgs) StdoutLine: {'line': b'-- Up-to-date: /home/atef/fav/ros2/install/scenario_msgs/share/scenario_msgs/cmake/scenario_msgs__rosidl_typesupport_cExport.cmake\n'}
[0.677626] (scenario_msgs) StdoutLine: {'line': b'-- Up-to-date: /home/atef/fav/ros2/install/scenario_msgs/share/scenario_msgs/cmake/scenario_msgs__rosidl_typesupport_cExport-noconfig.cmake\n'}
[0.677802] (scenario_msgs) StdoutLine: {'line': b'-- Up-to-date: /home/atef/fav/ros2/install/scenario_msgs/share/scenario_msgs/cmake/export_scenario_msgs__rosidl_generator_cppExport.cmake\n'}
[0.678098] (scenario_msgs) StdoutLine: {'line': b'-- Up-to-date: /home/atef/fav/ros2/install/scenario_msgs/share/scenario_msgs/cmake/export_scenario_msgs__rosidl_typesupport_fastrtps_cppExport.cmake\n'}
[0.678272] (scenario_msgs) StdoutLine: {'line': b'-- Up-to-date: /home/atef/fav/ros2/install/scenario_msgs/share/scenario_msgs/cmake/export_scenario_msgs__rosidl_typesupport_fastrtps_cppExport-noconfig.cmake\n'}
[0.678387] (scenario_msgs) StdoutLine: {'line': b'-- Up-to-date: /home/atef/fav/ros2/install/scenario_msgs/share/scenario_msgs/cmake/scenario_msgs__rosidl_typesupport_introspection_cppExport.cmake\n'}
[0.678499] (scenario_msgs) StdoutLine: {'line': b'-- Up-to-date: /home/atef/fav/ros2/install/scenario_msgs/share/scenario_msgs/cmake/scenario_msgs__rosidl_typesupport_introspection_cppExport-noconfig.cmake\n'}
[0.678615] (scenario_msgs) StdoutLine: {'line': b'-- Up-to-date: /home/atef/fav/ros2/install/scenario_msgs/share/scenario_msgs/cmake/scenario_msgs__rosidl_typesupport_cppExport.cmake\n'}
[0.678730] (scenario_msgs) StdoutLine: {'line': b'-- Up-to-date: /home/atef/fav/ros2/install/scenario_msgs/share/scenario_msgs/cmake/scenario_msgs__rosidl_typesupport_cppExport-noconfig.cmake\n'}
[0.678855] (scenario_msgs) StdoutLine: {'line': b'-- Up-to-date: /home/atef/fav/ros2/install/scenario_msgs/share/scenario_msgs/cmake/export_scenario_msgs__rosidl_generator_pyExport.cmake\n'}
[0.679006] (scenario_msgs) StdoutLine: {'line': b'-- Up-to-date: /home/atef/fav/ros2/install/scenario_msgs/share/scenario_msgs/cmake/export_scenario_msgs__rosidl_generator_pyExport-noconfig.cmake\n'}
[0.679901] (scenario_msgs) CommandEnded: {'returncode': 0}
[0.700403] (-) TimerEvent: {}
[0.800736] (-) TimerEvent: {}
[0.900021] (scenario_msgs) JobEnded: {'identifier': 'scenario_msgs', 'rc': 0}
[0.901639] (-) TimerEvent: {}
[0.901872] (fav) JobStarted: {'identifier': 'fav'}
[0.915443] (fav) JobProgress: {'identifier': 'fav', 'progress': 'cmake'}
[0.916633] (fav) JobProgress: {'identifier': 'fav', 'progress': 'build'}
[0.916856] (fav) Command: {'cmd': ['/bin/cmake', '--build', '/home/atef/fav/ros2/build/fav', '--', '-j6', '-l6'], 'cwd': '/home/atef/fav/ros2/build/fav', 'env': OrderedDict({'GZ_SIM_SYSTEM_PLUGIN_PATH': '/opt/ros/jazzy/lib/hippo_gz_plugins/', 'USER': 'atef', 'GZ_CONFIG_PATH': '/opt/ros/jazzy/opt/gz_sim_vendor/share/gz:/opt/ros/jazzy/opt/sdformat_vendor/share/gz:/opt/ros/jazzy/opt/gz_gui_vendor/share/gz:/opt/ros/jazzy/opt/gz_transport_vendor/share/gz:/opt/ros/jazzy/opt/gz_rendering_vendor/share/gz:/opt/ros/jazzy/opt/gz_plugin_vendor/share/gz:/opt/ros/jazzy/opt/gz_fuel_tools_vendor/share/gz:/opt/ros/jazzy/opt/gz_msgs_vendor/share/gz:/opt/ros/jazzy/opt/gz_common_vendor/share/gz', 'SHLVL': '0', 'LD_LIBRARY_PATH': '/home/atef/fav/ros2/install/scenario_msgs/lib:/opt/ros/jazzy/opt/gz_sim_vendor/lib:/opt/ros/jazzy/opt/gz_sensors_vendor/lib:/opt/ros/jazzy/opt/gz_physics_vendor/lib:/opt/ros/jazzy/opt/sdformat_vendor/lib:/opt/ros/jazzy/opt/rviz_ogre_vendor/lib:/opt/ros/jazzy/lib/x86_64-linux-gnu:/opt/ros/jazzy/opt/gz_gui_vendor/lib:/opt/ros/jazzy/opt/gz_transport_vendor/lib:/opt/ros/jazzy/opt/gz_rendering_vendor/lib:/opt/ros/jazzy/opt/gz_plugin_vendor/lib:/opt/ros/jazzy/opt/gz_fuel_tools_vendor/lib:/opt/ros/jazzy/opt/gz_msgs_vendor/lib:/opt/ros/jazzy/opt/gz_common_vendor/lib:/opt/ros/jazzy/opt/gz_math_vendor/lib:/opt/ros/jazzy/opt/gz_utils_vendor/lib:/opt/ros/jazzy/opt/gz_tools_vendor/lib:/opt/ros/jazzy/opt/gz_ogre_next_vendor/lib:/opt/ros/jazzy/opt/gz_dartsim_vendor/lib:/opt/ros/jazzy/opt/gz_cmake_vendor/lib:/opt/ros/jazzy/lib', 'HOME': '/home/atef', 'OLDPWD': '/home/atef', 'ROS_PYTHON_VERSION': '3', 'LC_CTYPE': 'C.UTF-8', 'ROS_DISTRO': 'jazzy', 'LOGNAME': 'atef', '_': '/bin/colcon', 'ROS_VERSION': '2', 'TERM': 'xterm-256color', 'PATH': '/opt/ros/jazzy/opt/gz_msgs_vendor/bin:/opt/ros/jazzy/opt/gz_tools_vendor/bin:/opt/ros/jazzy/opt/gz_ogre_next_vendor/bin:/opt/ros/jazzy/bin:/bin:/usr/bin:/usr/ucb:/usr/local/bin', 'AMENT_PREFIX_PATH': '/home/atef/fav/ros2/install/scenario_msgs:/opt/ros/jazzy', 'ROS_AUTOMATIC_DISCOVERY_RANGE': 'SUBNET', 'PWD': '/home/atef/fav/ros2/build/fav', 'PYTHONPATH': '/home/atef/fav/ros2/install/scenario_msgs/lib/python3.12/site-packages:/opt/ros/jazzy/lib/python3.12/site-packages', 'COLCON': '1', 'CMAKE_PREFIX_PATH': '/home/atef/fav/ros2/install/scenario_msgs:/opt/ros/jazzy/opt/gz_sim_vendor:/opt/ros/jazzy/opt/gz_sensors_vendor:/opt/ros/jazzy/opt/gz_physics_vendor:/opt/ros/jazzy/opt/sdformat_vendor:/opt/ros/jazzy/opt/gz_gui_vendor:/opt/ros/jazzy/opt/gz_transport_vendor:/opt/ros/jazzy/opt/gz_rendering_vendor:/opt/ros/jazzy/opt/gz_plugin_vendor:/opt/ros/jazzy/opt/gz_fuel_tools_vendor:/opt/ros/jazzy/opt/gz_msgs_vendor:/opt/ros/jazzy/opt/gz_common_vendor:/opt/ros/jazzy/opt/gz_math_vendor:/opt/ros/jazzy/opt/gz_utils_vendor:/opt/ros/jazzy/opt/gz_tools_vendor:/opt/ros/jazzy/opt/gz_ogre_next_vendor:/opt/ros/jazzy/opt/gz_dartsim_vendor:/opt/ros/jazzy/opt/gz_cmake_vendor:/opt/ros/jazzy'}), 'shell': False}
[0.999288] (fav) StdoutLine: {'line': b'[ 50%] Built target robot_marker_publisher\n'}
[0.999871] (fav) StdoutLine: {'line': b'[100%] Built target scenario_node\n'}
[1.001711] (-) TimerEvent: {}
[1.010367] (fav) CommandEnded: {'returncode': 0}
[1.033739] (fav) JobProgress: {'identifier': 'fav', 'progress': 'install'}
[1.034168] (fav) Command: {'cmd': ['/bin/cmake', '--install', '/home/atef/fav/ros2/build/fav'], 'cwd': '/home/atef/fav/ros2/build/fav', 'env': OrderedDict({'GZ_SIM_SYSTEM_PLUGIN_PATH': '/opt/ros/jazzy/lib/hippo_gz_plugins/', 'USER': 'atef', 'GZ_CONFIG_PATH': '/opt/ros/jazzy/opt/gz_sim_vendor/share/gz:/opt/ros/jazzy/opt/sdformat_vendor/share/gz:/opt/ros/jazzy/opt/gz_gui_vendor/share/gz:/opt/ros/jazzy/opt/gz_transport_vendor/share/gz:/opt/ros/jazzy/opt/gz_rendering_vendor/share/gz:/opt/ros/jazzy/opt/gz_plugin_vendor/share/gz:/opt/ros/jazzy/opt/gz_fuel_tools_vendor/share/gz:/opt/ros/jazzy/opt/gz_msgs_vendor/share/gz:/opt/ros/jazzy/opt/gz_common_vendor/share/gz', 'SHLVL': '0', 'LD_LIBRARY_PATH': '/home/atef/fav/ros2/install/scenario_msgs/lib:/opt/ros/jazzy/opt/gz_sim_vendor/lib:/opt/ros/jazzy/opt/gz_sensors_vendor/lib:/opt/ros/jazzy/opt/gz_physics_vendor/lib:/opt/ros/jazzy/opt/sdformat_vendor/lib:/opt/ros/jazzy/opt/rviz_ogre_vendor/lib:/opt/ros/jazzy/lib/x86_64-linux-gnu:/opt/ros/jazzy/opt/gz_gui_vendor/lib:/opt/ros/jazzy/opt/gz_transport_vendor/lib:/opt/ros/jazzy/opt/gz_rendering_vendor/lib:/opt/ros/jazzy/opt/gz_plugin_vendor/lib:/opt/ros/jazzy/opt/gz_fuel_tools_vendor/lib:/opt/ros/jazzy/opt/gz_msgs_vendor/lib:/opt/ros/jazzy/opt/gz_common_vendor/lib:/opt/ros/jazzy/opt/gz_math_vendor/lib:/opt/ros/jazzy/opt/gz_utils_vendor/lib:/opt/ros/jazzy/opt/gz_tools_vendor/lib:/opt/ros/jazzy/opt/gz_ogre_next_vendor/lib:/opt/ros/jazzy/opt/gz_dartsim_vendor/lib:/opt/ros/jazzy/opt/gz_cmake_vendor/lib:/opt/ros/jazzy/lib', 'HOME': '/home/atef', 'OLDPWD': '/home/atef', 'ROS_PYTHON_VERSION': '3', 'LC_CTYPE': 'C.UTF-8', 'ROS_DISTRO': 'jazzy', 'LOGNAME': 'atef', '_': '/bin/colcon', 'ROS_VERSION': '2', 'TERM': 'xterm-256color', 'PATH': '/opt/ros/jazzy/opt/gz_msgs_vendor/bin:/opt/ros/jazzy/opt/gz_tools_vendor/bin:/opt/ros/jazzy/opt/gz_ogre_next_vendor/bin:/opt/ros/jazzy/bin:/bin:/usr/bin:/usr/ucb:/usr/local/bin', 'AMENT_PREFIX_PATH': '/home/atef/fav/ros2/install/scenario_msgs:/opt/ros/jazzy', 'ROS_AUTOMATIC_DISCOVERY_RANGE': 'SUBNET', 'PWD': '/home/atef/fav/ros2/build/fav', 'PYTHONPATH': '/home/atef/fav/ros2/install/scenario_msgs/lib/python3.12/site-packages:/opt/ros/jazzy/lib/python3.12/site-packages', 'COLCON': '1', 'CMAKE_PREFIX_PATH': '/home/atef/fav/ros2/install/scenario_msgs:/opt/ros/jazzy/opt/gz_sim_vendor:/opt/ros/jazzy/opt/gz_sensors_vendor:/opt/ros/jazzy/opt/gz_physics_vendor:/opt/ros/jazzy/opt/sdformat_vendor:/opt/ros/jazzy/opt/gz_gui_vendor:/opt/ros/jazzy/opt/gz_transport_vendor:/opt/ros/jazzy/opt/gz_rendering_vendor:/opt/ros/jazzy/opt/gz_plugin_vendor:/opt/ros/jazzy/opt/gz_fuel_tools_vendor:/opt/ros/jazzy/opt/gz_msgs_vendor:/opt/ros/jazzy/opt/gz_common_vendor:/opt/ros/jazzy/opt/gz_math_vendor:/opt/ros/jazzy/opt/gz_utils_vendor:/opt/ros/jazzy/opt/gz_tools_vendor:/opt/ros/jazzy/opt/gz_ogre_next_vendor:/opt/ros/jazzy/opt/gz_dartsim_vendor:/opt/ros/jazzy/opt/gz_cmake_vendor:/opt/ros/jazzy'}), 'shell': False}
[1.041472] (fav) StdoutLine: {'line': b'-- Install configuration: ""\n'}
[1.042453] (fav) StdoutLine: {'line': b'-- Execute custom install script\n'}
[1.043118] (fav) StdoutLine: {'line': b'-- Up-to-date symlink: /home/atef/fav/ros2/install/fav/lib/fav/scenario_node\n'}
[1.043730] (fav) StdoutLine: {'line': b'-- Up-to-date symlink: /home/atef/fav/ros2/install/fav/lib/fav/robot_marker_publisher\n'}
[1.044259] (fav) StdoutLine: {'line': b'-- Up-to-date symlink: /home/atef/fav/ros2/install/fav/share/fav/launch/scenario.launch.py\n'}
[1.044427] (fav) StdoutLine: {'line': b'-- Up-to-date symlink: /home/atef/fav/ros2/install/fav/share/fav/launch/simulation.launch.py\n'}
[1.044567] (fav) StdoutLine: {'line': b'-- Up-to-date symlink: /home/atef/fav/ros2/install/fav/share/fav/launch/simulation_with_keyboard_control.launch.py\n'}
[1.044726] (fav) StdoutLine: {'line': b'-- Up-to-date symlink: /home/atef/fav/ros2/install/fav/share/fav/launch/simulation_with_tags.launch.py\n'}
[1.044939] (fav) StdoutLine: {'line': b'-- Up-to-date symlink: /home/atef/fav/ros2/install/fav/share/fav/launch/simulation_with_tags_and_keyboard_control.launch.py\n'}
[1.045227] (fav) StdoutLine: {'line': b'-- Up-to-date symlink: /home/atef/fav/ros2/install/fav/share/ament_index/resource_index/package_run_dependencies/fav\n'}
[1.045496] (fav) StdoutLine: {'line': b'-- Up-to-date symlink: /home/atef/fav/ros2/install/fav/share/ament_index/resource_index/parent_prefix_path/fav\n'}
[1.045729] (fav) StdoutLine: {'line': b'-- Up-to-date symlink: /home/atef/fav/ros2/install/fav/share/fav/environment/ament_prefix_path.sh\n'}
[1.045951] (fav) StdoutLine: {'line': b'-- Up-to-date symlink: /home/atef/fav/ros2/install/fav/share/fav/environment/ament_prefix_path.dsv\n'}
[1.046179] (fav) StdoutLine: {'line': b'-- Up-to-date symlink: /home/atef/fav/ros2/install/fav/share/fav/environment/path.sh\n'}
[1.046411] (fav) StdoutLine: {'line': b'-- Up-to-date symlink: /home/atef/fav/ros2/install/fav/share/fav/environment/path.dsv\n'}
[1.046628] (fav) StdoutLine: {'line': b'-- Up-to-date symlink: /home/atef/fav/ros2/install/fav/share/fav/local_setup.bash\n'}
[1.046850] (fav) StdoutLine: {'line': b'-- Up-to-date symlink: /home/atef/fav/ros2/install/fav/share/fav/local_setup.sh\n'}
[1.047110] (fav) StdoutLine: {'line': b'-- Up-to-date symlink: /home/atef/fav/ros2/install/fav/share/fav/local_setup.zsh\n'}
[1.047324] (fav) StdoutLine: {'line': b'-- Up-to-date symlink: /home/atef/fav/ros2/install/fav/share/fav/local_setup.dsv\n'}
[1.047476] (fav) StdoutLine: {'line': b'-- Symlinking: /home/atef/fav/ros2/install/fav/share/fav/package.dsv\n'}
[1.055747] (fav) StdoutLine: {'line': b'-- Up-to-date symlink: /home/atef/fav/ros2/install/fav/share/ament_index/resource_index/packages/fav\n'}
[1.056092] (fav) StdoutLine: {'line': b'-- Up-to-date symlink: /home/atef/fav/ros2/install/fav/share/fav/cmake/favConfig.cmake\n'}
[1.056277] (fav) StdoutLine: {'line': b'-- Up-to-date symlink: /home/atef/fav/ros2/install/fav/share/fav/cmake/favConfig-version.cmake\n'}
[1.056399] (fav) StdoutLine: {'line': b'-- Up-to-date symlink: /home/atef/fav/ros2/install/fav/share/fav/package.xml\n'}
[1.057608] (fav) CommandEnded: {'returncode': 0}
[1.095287] (fav) JobEnded: {'identifier': 'fav', 'rc': 0}
[1.096544] (-) EventReactorShutdown: {}
