[0.188s] DEBUG:colcon:Command line arguments: ['/bin/colcon', 'build', '--symlink-install', '--cmake-args', '--no-warn-unused-cli', '-DCMAKE_EXPORT_COMPILE_COMMANDS=ON']
[0.188s] DEBUG:colcon:Parsed command line arguments: Namespace(log_base=None, log_level=None, verb_name='build', build_base='build', install_base='install', merge_install=False, symlink_install=True, test_result_base=None, continue_on_error=False, executor='parallel', parallel_workers=6, event_handlers=None, ignore_user_meta=False, metas=['./colcon.meta'], base_paths=['.'], packages_ignore=None, packages_ignore_regex=None, paths=None, packages_up_to=None, packages_up_to_regex=None, packages_above=None, packages_above_and_dependencies=None, packages_above_depth=None, packages_select_by_dep=None, packages_skip_by_dep=None, packages_skip_up_to=None, packages_select_build_failed=False, packages_skip_build_finished=False, packages_select_test_failures=False, packages_skip_test_passed=False, packages_select=None, packages_skip=None, packages_select_regex=None, packages_skip_regex=None, packages_start=None, packages_end=None, allow_overriding=[], cmake_args=['--no-warn-unused-cli', '-DCMAKE_EXPORT_COMPILE_COMMANDS=ON'], cmake_target=None, cmake_target_skip_unavailable=False, cmake_clean_cache=False, cmake_clean_first=False, cmake_force_configure=False, ament_cmake_args=None, catkin_cmake_args=None, catkin_skip_building_tests=False, mixin_files=None, mixin=None, verb_parser=<colcon_mixin.mixin.mixin_argument.MixinArgumentDecorator object at 0x7a2cab561d30>, verb_extension=<colcon_core.verb.build.BuildVerb object at 0x7a2cab561850>, main=<bound method BuildVerb.main of <colcon_core.verb.build.BuildVerb object at 0x7a2cab561850>>, mixin_verb=('build',))
[0.223s] Level 1:colcon.colcon_core.package_discovery:discover_packages(colcon_meta) check parameters
[0.223s] Level 1:colcon.colcon_core.package_discovery:discover_packages(recursive) check parameters
[0.223s] Level 1:colcon.colcon_core.package_discovery:discover_packages(ignore) check parameters
[0.223s] Level 1:colcon.colcon_core.package_discovery:discover_packages(path) check parameters
[0.223s] Level 1:colcon.colcon_core.package_discovery:discover_packages(colcon_meta) discover
[0.223s] Level 1:colcon.colcon_core.package_discovery:discover_packages(recursive) discover
[0.223s] INFO:colcon.colcon_core.package_discovery:Crawling recursively for packages in '/home/atef/fav/ros2'
[0.223s] Level 1:colcon.colcon_core.package_identification:_identify(.) by extensions ['ignore', 'ignore_ament_install']
[0.223s] Level 1:colcon.colcon_core.package_identification:_identify(.) by extension 'ignore'
[0.223s] Level 1:colcon.colcon_core.package_identification:_identify(.) by extension 'ignore_ament_install'
[0.223s] Level 1:colcon.colcon_core.package_identification:_identify(.) by extensions ['colcon_pkg']
[0.223s] Level 1:colcon.colcon_core.package_identification:_identify(.) by extension 'colcon_pkg'
[0.223s] Level 1:colcon.colcon_core.package_identification:_identify(.) by extensions ['colcon_meta']
[0.223s] Level 1:colcon.colcon_core.package_identification:_identify(.) by extension 'colcon_meta'
[0.223s] Level 1:colcon.colcon_core.package_identification:_identify(.) by extensions ['ros']
[0.223s] Level 1:colcon.colcon_core.package_identification:_identify(.) by extension 'ros'
[0.244s] Level 1:colcon.colcon_core.package_identification:_identify(.) by extensions ['cmake', 'python']
[0.244s] Level 1:colcon.colcon_core.package_identification:_identify(.) by extension 'cmake'
[0.244s] Level 1:colcon.colcon_core.package_identification:_identify(.) by extension 'python'
[0.244s] Level 1:colcon.colcon_core.package_identification:_identify(.) by extensions ['python_setup_py']
[0.244s] Level 1:colcon.colcon_core.package_identification:_identify(.) by extension 'python_setup_py'
[0.244s] Level 1:colcon.colcon_core.package_identification:_identify(build) by extensions ['ignore', 'ignore_ament_install']
[0.244s] Level 1:colcon.colcon_core.package_identification:_identify(build) by extension 'ignore'
[0.244s] Level 1:colcon.colcon_core.package_identification:_identify(build) ignored
[0.244s] Level 1:colcon.colcon_core.package_identification:_identify(install) by extensions ['ignore', 'ignore_ament_install']
[0.244s] Level 1:colcon.colcon_core.package_identification:_identify(install) by extension 'ignore'
[0.244s] Level 1:colcon.colcon_core.package_identification:_identify(install) ignored
[0.244s] Level 1:colcon.colcon_core.package_identification:_identify(log) by extensions ['ignore', 'ignore_ament_install']
[0.244s] Level 1:colcon.colcon_core.package_identification:_identify(log) by extension 'ignore'
[0.244s] Level 1:colcon.colcon_core.package_identification:_identify(log) ignored
[0.244s] Level 1:colcon.colcon_core.package_identification:_identify(src) by extensions ['ignore', 'ignore_ament_install']
[0.245s] Level 1:colcon.colcon_core.package_identification:_identify(src) by extension 'ignore'
[0.245s] Level 1:colcon.colcon_core.package_identification:_identify(src) by extension 'ignore_ament_install'
[0.245s] Level 1:colcon.colcon_core.package_identification:_identify(src) by extensions ['colcon_pkg']
[0.245s] Level 1:colcon.colcon_core.package_identification:_identify(src) by extension 'colcon_pkg'
[0.245s] Level 1:colcon.colcon_core.package_identification:_identify(src) by extensions ['colcon_meta']
[0.245s] Level 1:colcon.colcon_core.package_identification:_identify(src) by extension 'colcon_meta'
[0.245s] Level 1:colcon.colcon_core.package_identification:_identify(src) by extensions ['ros']
[0.245s] Level 1:colcon.colcon_core.package_identification:_identify(src) by extension 'ros'
[0.245s] Level 1:colcon.colcon_core.package_identification:_identify(src) by extensions ['cmake', 'python']
[0.245s] Level 1:colcon.colcon_core.package_identification:_identify(src) by extension 'cmake'
[0.245s] Level 1:colcon.colcon_core.package_identification:_identify(src) by extension 'python'
[0.245s] Level 1:colcon.colcon_core.package_identification:_identify(src) by extensions ['python_setup_py']
[0.245s] Level 1:colcon.colcon_core.package_identification:_identify(src) by extension 'python_setup_py'
[0.245s] Level 1:colcon.colcon_core.package_identification:_identify(src/depth_control) by extensions ['ignore', 'ignore_ament_install']
[0.245s] Level 1:colcon.colcon_core.package_identification:_identify(src/depth_control) by extension 'ignore'
[0.245s] Level 1:colcon.colcon_core.package_identification:_identify(src/depth_control) by extension 'ignore_ament_install'
[0.245s] Level 1:colcon.colcon_core.package_identification:_identify(src/depth_control) by extensions ['colcon_pkg']
[0.245s] Level 1:colcon.colcon_core.package_identification:_identify(src/depth_control) by extension 'colcon_pkg'
[0.245s] Level 1:colcon.colcon_core.package_identification:_identify(src/depth_control) by extensions ['colcon_meta']
[0.245s] Level 1:colcon.colcon_core.package_identification:_identify(src/depth_control) by extension 'colcon_meta'
[0.245s] Level 1:colcon.colcon_core.package_identification:_identify(src/depth_control) by extensions ['ros']
[0.245s] Level 1:colcon.colcon_core.package_identification:_identify(src/depth_control) by extension 'ros'
[0.248s] DEBUG:colcon.colcon_core.package_identification:Package 'src/depth_control' with type 'ros.ament_cmake' and name 'depth_control'
[0.248s] Level 1:colcon.colcon_core.package_identification:_identify(src/fav) by extensions ['ignore', 'ignore_ament_install']
[0.248s] Level 1:colcon.colcon_core.package_identification:_identify(src/fav) by extension 'ignore'
[0.248s] Level 1:colcon.colcon_core.package_identification:_identify(src/fav) by extension 'ignore_ament_install'
[0.248s] Level 1:colcon.colcon_core.package_identification:_identify(src/fav) by extensions ['colcon_pkg']
[0.248s] Level 1:colcon.colcon_core.package_identification:_identify(src/fav) by extension 'colcon_pkg'
[0.248s] Level 1:colcon.colcon_core.package_identification:_identify(src/fav) by extensions ['colcon_meta']
[0.248s] Level 1:colcon.colcon_core.package_identification:_identify(src/fav) by extension 'colcon_meta'
[0.248s] Level 1:colcon.colcon_core.package_identification:_identify(src/fav) by extensions ['ros']
[0.248s] Level 1:colcon.colcon_core.package_identification:_identify(src/fav) by extension 'ros'
[0.248s] Level 1:colcon.colcon_core.package_identification:_identify(src/fav) by extensions ['cmake', 'python']
[0.248s] Level 1:colcon.colcon_core.package_identification:_identify(src/fav) by extension 'cmake'
[0.248s] Level 1:colcon.colcon_core.package_identification:_identify(src/fav) by extension 'python'
[0.248s] Level 1:colcon.colcon_core.package_identification:_identify(src/fav) by extensions ['python_setup_py']
[0.248s] Level 1:colcon.colcon_core.package_identification:_identify(src/fav) by extension 'python_setup_py'
[0.248s] Level 1:colcon.colcon_core.package_identification:_identify(src/fav/fav) by extensions ['ignore', 'ignore_ament_install']
[0.248s] Level 1:colcon.colcon_core.package_identification:_identify(src/fav/fav) by extension 'ignore'
[0.249s] Level 1:colcon.colcon_core.package_identification:_identify(src/fav/fav) by extension 'ignore_ament_install'
[0.249s] Level 1:colcon.colcon_core.package_identification:_identify(src/fav/fav) by extensions ['colcon_pkg']
[0.249s] Level 1:colcon.colcon_core.package_identification:_identify(src/fav/fav) by extension 'colcon_pkg'
[0.249s] Level 1:colcon.colcon_core.package_identification:_identify(src/fav/fav) by extensions ['colcon_meta']
[0.249s] Level 1:colcon.colcon_core.package_identification:_identify(src/fav/fav) by extension 'colcon_meta'
[0.249s] Level 1:colcon.colcon_core.package_identification:_identify(src/fav/fav) by extensions ['ros']
[0.249s] Level 1:colcon.colcon_core.package_identification:_identify(src/fav/fav) by extension 'ros'
[0.250s] DEBUG:colcon.colcon_core.package_identification:Package 'src/fav/fav' with type 'ros.ament_cmake' and name 'fav'
[0.250s] Level 1:colcon.colcon_core.package_identification:_identify(src/fav/keyboard_control) by extensions ['ignore', 'ignore_ament_install']
[0.250s] Level 1:colcon.colcon_core.package_identification:_identify(src/fav/keyboard_control) by extension 'ignore'
[0.250s] Level 1:colcon.colcon_core.package_identification:_identify(src/fav/keyboard_control) by extension 'ignore_ament_install'
[0.250s] Level 1:colcon.colcon_core.package_identification:_identify(src/fav/keyboard_control) by extensions ['colcon_pkg']
[0.250s] Level 1:colcon.colcon_core.package_identification:_identify(src/fav/keyboard_control) by extension 'colcon_pkg'
[0.250s] Level 1:colcon.colcon_core.package_identification:_identify(src/fav/keyboard_control) by extensions ['colcon_meta']
[0.250s] Level 1:colcon.colcon_core.package_identification:_identify(src/fav/keyboard_control) by extension 'colcon_meta'
[0.250s] Level 1:colcon.colcon_core.package_identification:_identify(src/fav/keyboard_control) by extensions ['ros']
[0.250s] Level 1:colcon.colcon_core.package_identification:_identify(src/fav/keyboard_control) by extension 'ros'
[0.250s] DEBUG:colcon.colcon_core.package_identification:Package 'src/fav/keyboard_control' with type 'ros.ament_cmake' and name 'keyboard_control'
[0.250s] Level 1:colcon.colcon_core.package_identification:_identify(src/fav/scenario_msgs) by extensions ['ignore', 'ignore_ament_install']
[0.251s] Level 1:colcon.colcon_core.package_identification:_identify(src/fav/scenario_msgs) by extension 'ignore'
[0.251s] Level 1:colcon.colcon_core.package_identification:_identify(src/fav/scenario_msgs) by extension 'ignore_ament_install'
[0.251s] Level 1:colcon.colcon_core.package_identification:_identify(src/fav/scenario_msgs) by extensions ['colcon_pkg']
[0.251s] Level 1:colcon.colcon_core.package_identification:_identify(src/fav/scenario_msgs) by extension 'colcon_pkg'
[0.251s] Level 1:colcon.colcon_core.package_identification:_identify(src/fav/scenario_msgs) by extensions ['colcon_meta']
[0.251s] Level 1:colcon.colcon_core.package_identification:_identify(src/fav/scenario_msgs) by extension 'colcon_meta'
[0.251s] Level 1:colcon.colcon_core.package_identification:_identify(src/fav/scenario_msgs) by extensions ['ros']
[0.251s] Level 1:colcon.colcon_core.package_identification:_identify(src/fav/scenario_msgs) by extension 'ros'
[0.251s] DEBUG:colcon.colcon_core.package_identification:Package 'src/fav/scenario_msgs' with type 'ros.ament_cmake' and name 'scenario_msgs'
[0.251s] Level 1:colcon.colcon_core.package_discovery:discover_packages(recursive) using defaults
[0.251s] Level 1:colcon.colcon_core.package_discovery:discover_packages(ignore) discover
[0.251s] Level 1:colcon.colcon_core.package_discovery:discover_packages(ignore) using defaults
[0.251s] Level 1:colcon.colcon_core.package_discovery:discover_packages(path) discover
[0.251s] Level 1:colcon.colcon_core.package_discovery:discover_packages(path) using defaults
[0.289s] Level 1:colcon.colcon_core.package_discovery:discover_packages(prefix_path) check parameters
[0.289s] Level 1:colcon.colcon_core.package_discovery:discover_packages(prefix_path) discover
[0.293s] DEBUG:colcon.colcon_installed_package_information.package_discovery:Found 364 installed packages in /opt/ros/jazzy
[0.294s] Level 1:colcon.colcon_core.package_discovery:discover_packages(prefix_path) using defaults
[0.336s] Level 5:colcon.colcon_core.verb:set package 'depth_control' build argument 'cmake_args' from command line to '['--no-warn-unused-cli', '-DCMAKE_EXPORT_COMPILE_COMMANDS=ON']'
[0.336s] Level 5:colcon.colcon_core.verb:set package 'depth_control' build argument 'cmake_target' from command line to 'None'
[0.336s] Level 5:colcon.colcon_core.verb:set package 'depth_control' build argument 'cmake_target_skip_unavailable' from command line to 'False'
[0.336s] Level 5:colcon.colcon_core.verb:set package 'depth_control' build argument 'cmake_clean_cache' from command line to 'False'
[0.336s] Level 5:colcon.colcon_core.verb:set package 'depth_control' build argument 'cmake_clean_first' from command line to 'False'
[0.336s] Level 5:colcon.colcon_core.verb:set package 'depth_control' build argument 'cmake_force_configure' from command line to 'False'
[0.336s] Level 5:colcon.colcon_core.verb:set package 'depth_control' build argument 'ament_cmake_args' from command line to 'None'
[0.336s] Level 5:colcon.colcon_core.verb:set package 'depth_control' build argument 'catkin_cmake_args' from command line to 'None'
[0.336s] Level 5:colcon.colcon_core.verb:set package 'depth_control' build argument 'catkin_skip_building_tests' from command line to 'False'
[0.337s] DEBUG:colcon.colcon_core.verb:Building package 'depth_control' with the following arguments: {'ament_cmake_args': None, 'build_base': '/home/atef/fav/ros2/build/depth_control', 'catkin_cmake_args': None, 'catkin_skip_building_tests': False, 'cmake_args': ['--no-warn-unused-cli', '-DCMAKE_EXPORT_COMPILE_COMMANDS=ON'], 'cmake_clean_cache': False, 'cmake_clean_first': False, 'cmake_force_configure': False, 'cmake_target': None, 'cmake_target_skip_unavailable': False, 'install_base': '/home/atef/fav/ros2/install/depth_control', 'merge_install': False, 'path': '/home/atef/fav/ros2/src/depth_control', 'symlink_install': True, 'test_result_base': None}
[0.337s] Level 5:colcon.colcon_core.verb:set package 'keyboard_control' build argument 'cmake_args' from command line to '['--no-warn-unused-cli', '-DCMAKE_EXPORT_COMPILE_COMMANDS=ON']'
[0.337s] Level 5:colcon.colcon_core.verb:set package 'keyboard_control' build argument 'cmake_target' from command line to 'None'
[0.337s] Level 5:colcon.colcon_core.verb:set package 'keyboard_control' build argument 'cmake_target_skip_unavailable' from command line to 'False'
[0.337s] Level 5:colcon.colcon_core.verb:set package 'keyboard_control' build argument 'cmake_clean_cache' from command line to 'False'
[0.337s] Level 5:colcon.colcon_core.verb:set package 'keyboard_control' build argument 'cmake_clean_first' from command line to 'False'
[0.337s] Level 5:colcon.colcon_core.verb:set package 'keyboard_control' build argument 'cmake_force_configure' from command line to 'False'
[0.337s] Level 5:colcon.colcon_core.verb:set package 'keyboard_control' build argument 'ament_cmake_args' from command line to 'None'
[0.337s] Level 5:colcon.colcon_core.verb:set package 'keyboard_control' build argument 'catkin_cmake_args' from command line to 'None'
[0.337s] Level 5:colcon.colcon_core.verb:set package 'keyboard_control' build argument 'catkin_skip_building_tests' from command line to 'False'
[0.337s] DEBUG:colcon.colcon_core.verb:Building package 'keyboard_control' with the following arguments: {'ament_cmake_args': None, 'build_base': '/home/atef/fav/ros2/build/keyboard_control', 'catkin_cmake_args': None, 'catkin_skip_building_tests': False, 'cmake_args': ['--no-warn-unused-cli', '-DCMAKE_EXPORT_COMPILE_COMMANDS=ON'], 'cmake_clean_cache': False, 'cmake_clean_first': False, 'cmake_force_configure': False, 'cmake_target': None, 'cmake_target_skip_unavailable': False, 'install_base': '/home/atef/fav/ros2/install/keyboard_control', 'merge_install': False, 'path': '/home/atef/fav/ros2/src/fav/keyboard_control', 'symlink_install': True, 'test_result_base': None}
[0.337s] Level 5:colcon.colcon_core.verb:set package 'scenario_msgs' build argument 'cmake_args' from command line to '['--no-warn-unused-cli', '-DCMAKE_EXPORT_COMPILE_COMMANDS=ON']'
[0.337s] Level 5:colcon.colcon_core.verb:set package 'scenario_msgs' build argument 'cmake_target' from command line to 'None'
[0.337s] Level 5:colcon.colcon_core.verb:set package 'scenario_msgs' build argument 'cmake_target_skip_unavailable' from command line to 'False'
[0.337s] Level 5:colcon.colcon_core.verb:set package 'scenario_msgs' build argument 'cmake_clean_cache' from command line to 'False'
[0.337s] Level 5:colcon.colcon_core.verb:set package 'scenario_msgs' build argument 'cmake_clean_first' from command line to 'False'
[0.337s] Level 5:colcon.colcon_core.verb:set package 'scenario_msgs' build argument 'cmake_force_configure' from command line to 'False'
[0.337s] Level 5:colcon.colcon_core.verb:set package 'scenario_msgs' build argument 'ament_cmake_args' from command line to 'None'
[0.337s] Level 5:colcon.colcon_core.verb:set package 'scenario_msgs' build argument 'catkin_cmake_args' from command line to 'None'
[0.337s] Level 5:colcon.colcon_core.verb:set package 'scenario_msgs' build argument 'catkin_skip_building_tests' from command line to 'False'
[0.337s] DEBUG:colcon.colcon_core.verb:Building package 'scenario_msgs' with the following arguments: {'ament_cmake_args': None, 'build_base': '/home/atef/fav/ros2/build/scenario_msgs', 'catkin_cmake_args': None, 'catkin_skip_building_tests': False, 'cmake_args': ['--no-warn-unused-cli', '-DCMAKE_EXPORT_COMPILE_COMMANDS=ON'], 'cmake_clean_cache': False, 'cmake_clean_first': False, 'cmake_force_configure': False, 'cmake_target': None, 'cmake_target_skip_unavailable': False, 'install_base': '/home/atef/fav/ros2/install/scenario_msgs', 'merge_install': False, 'path': '/home/atef/fav/ros2/src/fav/scenario_msgs', 'symlink_install': True, 'test_result_base': None}
[0.337s] Level 5:colcon.colcon_core.verb:set package 'fav' build argument 'cmake_args' from command line to '['--no-warn-unused-cli', '-DCMAKE_EXPORT_COMPILE_COMMANDS=ON']'
[0.337s] Level 5:colcon.colcon_core.verb:set package 'fav' build argument 'cmake_target' from command line to 'None'
[0.338s] Level 5:colcon.colcon_core.verb:set package 'fav' build argument 'cmake_target_skip_unavailable' from command line to 'False'
[0.338s] Level 5:colcon.colcon_core.verb:set package 'fav' build argument 'cmake_clean_cache' from command line to 'False'
[0.338s] Level 5:colcon.colcon_core.verb:set package 'fav' build argument 'cmake_clean_first' from command line to 'False'
[0.338s] Level 5:colcon.colcon_core.verb:set package 'fav' build argument 'cmake_force_configure' from command line to 'False'
[0.338s] Level 5:colcon.colcon_core.verb:set package 'fav' build argument 'ament_cmake_args' from command line to 'None'
[0.338s] Level 5:colcon.colcon_core.verb:set package 'fav' build argument 'catkin_cmake_args' from command line to 'None'
[0.338s] Level 5:colcon.colcon_core.verb:set package 'fav' build argument 'catkin_skip_building_tests' from command line to 'False'
[0.338s] DEBUG:colcon.colcon_core.verb:Building package 'fav' with the following arguments: {'ament_cmake_args': None, 'build_base': '/home/atef/fav/ros2/build/fav', 'catkin_cmake_args': None, 'catkin_skip_building_tests': False, 'cmake_args': ['--no-warn-unused-cli', '-DCMAKE_EXPORT_COMPILE_COMMANDS=ON'], 'cmake_clean_cache': False, 'cmake_clean_first': False, 'cmake_force_configure': False, 'cmake_target': None, 'cmake_target_skip_unavailable': False, 'install_base': '/home/atef/fav/ros2/install/fav', 'merge_install': False, 'path': '/home/atef/fav/ros2/src/fav/fav', 'symlink_install': True, 'test_result_base': None}
[0.338s] INFO:colcon.colcon_core.executor:Executing jobs using 'parallel' executor
[0.339s] DEBUG:colcon.colcon_parallel_executor.executor.parallel:run_until_complete
[0.339s] INFO:colcon.colcon_ros.task.ament_cmake.build:Building ROS package in '/home/atef/fav/ros2/src/fav/scenario_msgs' with build type 'ament_cmake'
[0.339s] INFO:colcon.colcon_cmake.task.cmake.build:Building CMake package in '/home/atef/fav/ros2/src/fav/scenario_msgs'
[0.345s] INFO:colcon.colcon_core.plugin_system:Skipping extension 'colcon_core.shell.bat': Not used on non-Windows systems
[0.345s] INFO:colcon.colcon_core.shell:Skip shell extension 'powershell' for command environment: Not usable outside of PowerShell
[0.345s] DEBUG:colcon.colcon_core.shell:Skip shell extension 'dsv' for command environment
[0.348s] INFO:colcon.colcon_ros.task.ament_cmake.build:Building ROS package in '/home/atef/fav/ros2/src/depth_control' with build type 'ament_cmake'
[0.348s] INFO:colcon.colcon_cmake.task.cmake.build:Building CMake package in '/home/atef/fav/ros2/src/depth_control'
[0.349s] INFO:colcon.colcon_core.shell:Skip shell extension 'powershell' for command environment: Not usable outside of PowerShell
[0.349s] DEBUG:colcon.colcon_core.shell:Skip shell extension 'dsv' for command environment
[0.351s] INFO:colcon.colcon_ros.task.ament_cmake.build:Building ROS package in '/home/atef/fav/ros2/src/fav/keyboard_control' with build type 'ament_cmake'
[0.352s] INFO:colcon.colcon_cmake.task.cmake.build:Building CMake package in '/home/atef/fav/ros2/src/fav/keyboard_control'
[0.352s] INFO:colcon.colcon_core.shell:Skip shell extension 'powershell' for command environment: Not usable outside of PowerShell
[0.352s] DEBUG:colcon.colcon_core.shell:Skip shell extension 'dsv' for command environment
[0.360s] DEBUG:colcon.colcon_core.event_handler.log_command:Invoking command in '/home/atef/fav/ros2/build/scenario_msgs': CMAKE_PREFIX_PATH=${CMAKE_PREFIX_PATH}:/opt/ros/jazzy /bin/cmake --build /home/atef/fav/ros2/build/scenario_msgs -- -j6 -l6
[0.365s] DEBUG:colcon.colcon_core.event_handler.log_command:Invoking command in '/home/atef/fav/ros2/build/depth_control': CMAKE_PREFIX_PATH=${CMAKE_PREFIX_PATH}:/opt/ros/jazzy /bin/cmake --build /home/atef/fav/ros2/build/depth_control -- -j6 -l6
[0.368s] DEBUG:colcon.colcon_core.event_handler.log_command:Invoking command in '/home/atef/fav/ros2/build/keyboard_control': CMAKE_PREFIX_PATH=${CMAKE_PREFIX_PATH}:/opt/ros/jazzy /bin/cmake --build /home/atef/fav/ros2/build/keyboard_control -- -j6 -l6
[0.419s] DEBUG:colcon.colcon_core.event_handler.log_command:Invoked command in '/home/atef/fav/ros2/build/keyboard_control' returned '0': CMAKE_PREFIX_PATH=${CMAKE_PREFIX_PATH}:/opt/ros/jazzy /bin/cmake --build /home/atef/fav/ros2/build/keyboard_control -- -j6 -l6
[0.447s] DEBUG:colcon.colcon_core.event_handler.log_command:Invoking command in '/home/atef/fav/ros2/build/keyboard_control': CMAKE_PREFIX_PATH=${CMAKE_PREFIX_PATH}:/opt/ros/jazzy /bin/cmake --install /home/atef/fav/ros2/build/keyboard_control
[0.470s] Level 1:colcon.colcon_core.environment:create_environment_scripts_only(keyboard_control)
[0.472s] DEBUG:colcon.colcon_core.event_handler.log_command:Invoked command in '/home/atef/fav/ros2/build/keyboard_control' returned '0': CMAKE_PREFIX_PATH=${CMAKE_PREFIX_PATH}:/opt/ros/jazzy /bin/cmake --install /home/atef/fav/ros2/build/keyboard_control
[0.481s] Level 1:colcon.colcon_core.environment:checking '/home/atef/fav/ros2/install/keyboard_control' for CMake module files
[0.482s] Level 1:colcon.colcon_core.environment:checking '/home/atef/fav/ros2/install/keyboard_control' for CMake config files
[0.482s] Level 1:colcon.colcon_core.shell:create_environment_hook('keyboard_control', 'cmake_prefix_path')
[0.483s] INFO:colcon.colcon_core.shell:Creating environment hook '/home/atef/fav/ros2/install/keyboard_control/share/keyboard_control/hook/cmake_prefix_path.ps1'
[0.484s] INFO:colcon.colcon_core.shell:Creating environment descriptor '/home/atef/fav/ros2/install/keyboard_control/share/keyboard_control/hook/cmake_prefix_path.dsv'
[0.487s] INFO:colcon.colcon_core.shell:Creating environment hook '/home/atef/fav/ros2/install/keyboard_control/share/keyboard_control/hook/cmake_prefix_path.sh'
[0.488s] Level 1:colcon.colcon_core.environment:checking '/home/atef/fav/ros2/install/keyboard_control/lib'
[0.488s] Level 1:colcon.colcon_core.environment:checking '/home/atef/fav/ros2/install/keyboard_control/bin'
[0.488s] Level 1:colcon.colcon_core.environment:checking '/home/atef/fav/ros2/install/keyboard_control/lib/pkgconfig/keyboard_control.pc'
[0.489s] Level 1:colcon.colcon_core.environment:checking '/home/atef/fav/ros2/install/keyboard_control/lib/python3.12/site-packages'
[0.489s] Level 1:colcon.colcon_core.environment:checking '/home/atef/fav/ros2/install/keyboard_control/bin'
[0.489s] INFO:colcon.colcon_core.shell:Creating package script '/home/atef/fav/ros2/install/keyboard_control/share/keyboard_control/package.ps1'
[0.491s] INFO:colcon.colcon_core.shell:Creating package descriptor '/home/atef/fav/ros2/install/keyboard_control/share/keyboard_control/package.dsv'
[0.492s] INFO:colcon.colcon_core.shell:Creating package script '/home/atef/fav/ros2/install/keyboard_control/share/keyboard_control/package.sh'
[0.493s] INFO:colcon.colcon_core.shell:Creating package script '/home/atef/fav/ros2/install/keyboard_control/share/keyboard_control/package.bash'
[0.495s] INFO:colcon.colcon_core.shell:Creating package script '/home/atef/fav/ros2/install/keyboard_control/share/keyboard_control/package.zsh'
[0.496s] Level 1:colcon.colcon_core.environment:create_file_with_runtime_dependencies(/home/atef/fav/ros2/install/keyboard_control/share/colcon-core/packages/keyboard_control)
[0.518s] Level 1:colcon.colcon_core.environment:create_environment_scripts_only(keyboard_control)
[0.518s] Level 1:colcon.colcon_core.environment:checking '/home/atef/fav/ros2/install/keyboard_control' for CMake module files
[0.518s] Level 1:colcon.colcon_core.environment:checking '/home/atef/fav/ros2/install/keyboard_control' for CMake config files
[0.518s] Level 1:colcon.colcon_core.shell:create_environment_hook('keyboard_control', 'cmake_prefix_path')
[0.519s] INFO:colcon.colcon_core.shell:Creating environment hook '/home/atef/fav/ros2/install/keyboard_control/share/keyboard_control/hook/cmake_prefix_path.ps1'
[0.519s] INFO:colcon.colcon_core.shell:Creating environment descriptor '/home/atef/fav/ros2/install/keyboard_control/share/keyboard_control/hook/cmake_prefix_path.dsv'
[0.519s] INFO:colcon.colcon_core.shell:Creating environment hook '/home/atef/fav/ros2/install/keyboard_control/share/keyboard_control/hook/cmake_prefix_path.sh'
[0.520s] Level 1:colcon.colcon_core.environment:checking '/home/atef/fav/ros2/install/keyboard_control/lib'
[0.520s] Level 1:colcon.colcon_core.environment:checking '/home/atef/fav/ros2/install/keyboard_control/bin'
[0.521s] Level 1:colcon.colcon_core.environment:checking '/home/atef/fav/ros2/install/keyboard_control/lib/pkgconfig/keyboard_control.pc'
[0.521s] Level 1:colcon.colcon_core.environment:checking '/home/atef/fav/ros2/install/keyboard_control/lib/python3.12/site-packages'
[0.521s] Level 1:colcon.colcon_core.environment:checking '/home/atef/fav/ros2/install/keyboard_control/bin'
[0.521s] INFO:colcon.colcon_core.shell:Creating package script '/home/atef/fav/ros2/install/keyboard_control/share/keyboard_control/package.ps1'
[0.522s] INFO:colcon.colcon_core.shell:Creating package descriptor '/home/atef/fav/ros2/install/keyboard_control/share/keyboard_control/package.dsv'
[0.522s] INFO:colcon.colcon_core.shell:Creating package script '/home/atef/fav/ros2/install/keyboard_control/share/keyboard_control/package.sh'
[0.523s] INFO:colcon.colcon_core.shell:Creating package script '/home/atef/fav/ros2/install/keyboard_control/share/keyboard_control/package.bash'
[0.523s] INFO:colcon.colcon_core.shell:Creating package script '/home/atef/fav/ros2/install/keyboard_control/share/keyboard_control/package.zsh'
[0.523s] Level 1:colcon.colcon_core.environment:create_file_with_runtime_dependencies(/home/atef/fav/ros2/install/keyboard_control/share/colcon-core/packages/keyboard_control)
[0.701s] DEBUG:colcon.colcon_core.event_handler.log_command:Invoked command in '/home/atef/fav/ros2/build/depth_control' returned '0': CMAKE_PREFIX_PATH=${CMAKE_PREFIX_PATH}:/opt/ros/jazzy /bin/cmake --build /home/atef/fav/ros2/build/depth_control -- -j6 -l6
[0.734s] DEBUG:colcon.colcon_core.event_handler.log_command:Invoking command in '/home/atef/fav/ros2/build/depth_control': CMAKE_PREFIX_PATH=${CMAKE_PREFIX_PATH}:/opt/ros/jazzy /bin/cmake --install /home/atef/fav/ros2/build/depth_control
[0.772s] Level 1:colcon.colcon_core.environment:create_environment_scripts_only(depth_control)
[0.773s] Level 1:colcon.colcon_core.environment:checking '/home/atef/fav/ros2/install/depth_control' for CMake module files
[0.773s] DEBUG:colcon.colcon_core.event_handler.log_command:Invoked command in '/home/atef/fav/ros2/build/depth_control' returned '0': CMAKE_PREFIX_PATH=${CMAKE_PREFIX_PATH}:/opt/ros/jazzy /bin/cmake --install /home/atef/fav/ros2/build/depth_control
[0.773s] Level 1:colcon.colcon_core.environment:checking '/home/atef/fav/ros2/install/depth_control' for CMake config files
[0.774s] Level 1:colcon.colcon_core.shell:create_environment_hook('depth_control', 'cmake_prefix_path')
[0.774s] INFO:colcon.colcon_core.shell:Creating environment hook '/home/atef/fav/ros2/install/depth_control/share/depth_control/hook/cmake_prefix_path.ps1'
[0.774s] INFO:colcon.colcon_core.shell:Creating environment descriptor '/home/atef/fav/ros2/install/depth_control/share/depth_control/hook/cmake_prefix_path.dsv'
[0.774s] INFO:colcon.colcon_core.shell:Creating environment hook '/home/atef/fav/ros2/install/depth_control/share/depth_control/hook/cmake_prefix_path.sh'
[0.775s] Level 1:colcon.colcon_core.environment:checking '/home/atef/fav/ros2/install/depth_control/lib'
[0.775s] Level 1:colcon.colcon_core.environment:checking '/home/atef/fav/ros2/install/depth_control/bin'
[0.775s] Level 1:colcon.colcon_core.environment:checking '/home/atef/fav/ros2/install/depth_control/lib/pkgconfig/depth_control.pc'
[0.775s] Level 1:colcon.colcon_core.environment:checking '/home/atef/fav/ros2/install/depth_control/lib/python3.12/site-packages'
[0.776s] Level 1:colcon.colcon_core.environment:checking '/home/atef/fav/ros2/install/depth_control/bin'
[0.776s] INFO:colcon.colcon_core.shell:Creating package script '/home/atef/fav/ros2/install/depth_control/share/depth_control/package.ps1'
[0.776s] INFO:colcon.colcon_core.shell:Creating package descriptor '/home/atef/fav/ros2/install/depth_control/share/depth_control/package.dsv'
[0.777s] INFO:colcon.colcon_core.shell:Creating package script '/home/atef/fav/ros2/install/depth_control/share/depth_control/package.sh'
[0.777s] INFO:colcon.colcon_core.shell:Creating package script '/home/atef/fav/ros2/install/depth_control/share/depth_control/package.bash'
[0.778s] INFO:colcon.colcon_core.shell:Creating package script '/home/atef/fav/ros2/install/depth_control/share/depth_control/package.zsh'
[0.778s] Level 1:colcon.colcon_core.environment:create_file_with_runtime_dependencies(/home/atef/fav/ros2/install/depth_control/share/colcon-core/packages/depth_control)
[0.794s] DEBUG:colcon.colcon_core.event_handler.log_command:Invoked command in '/home/atef/fav/ros2/build/scenario_msgs' returned '0': CMAKE_PREFIX_PATH=${CMAKE_PREFIX_PATH}:/opt/ros/jazzy /bin/cmake --build /home/atef/fav/ros2/build/scenario_msgs -- -j6 -l6
[0.800s] Level 1:colcon.colcon_core.environment:create_environment_scripts_only(depth_control)
[0.800s] Level 1:colcon.colcon_core.environment:checking '/home/atef/fav/ros2/install/depth_control' for CMake module files
[0.800s] Level 1:colcon.colcon_core.environment:checking '/home/atef/fav/ros2/install/depth_control' for CMake config files
[0.801s] Level 1:colcon.colcon_core.shell:create_environment_hook('depth_control', 'cmake_prefix_path')
[0.801s] INFO:colcon.colcon_core.shell:Creating environment hook '/home/atef/fav/ros2/install/depth_control/share/depth_control/hook/cmake_prefix_path.ps1'
[0.801s] INFO:colcon.colcon_core.shell:Creating environment descriptor '/home/atef/fav/ros2/install/depth_control/share/depth_control/hook/cmake_prefix_path.dsv'
[0.802s] INFO:colcon.colcon_core.shell:Creating environment hook '/home/atef/fav/ros2/install/depth_control/share/depth_control/hook/cmake_prefix_path.sh'
[0.802s] Level 1:colcon.colcon_core.environment:checking '/home/atef/fav/ros2/install/depth_control/lib'
[0.802s] Level 1:colcon.colcon_core.environment:checking '/home/atef/fav/ros2/install/depth_control/bin'
[0.802s] Level 1:colcon.colcon_core.environment:checking '/home/atef/fav/ros2/install/depth_control/lib/pkgconfig/depth_control.pc'
[0.803s] Level 1:colcon.colcon_core.environment:checking '/home/atef/fav/ros2/install/depth_control/lib/python3.12/site-packages'
[0.803s] Level 1:colcon.colcon_core.environment:checking '/home/atef/fav/ros2/install/depth_control/bin'
[0.803s] INFO:colcon.colcon_core.shell:Creating package script '/home/atef/fav/ros2/install/depth_control/share/depth_control/package.ps1'
[0.803s] INFO:colcon.colcon_core.shell:Creating package descriptor '/home/atef/fav/ros2/install/depth_control/share/depth_control/package.dsv'
[0.804s] INFO:colcon.colcon_core.shell:Creating package script '/home/atef/fav/ros2/install/depth_control/share/depth_control/package.sh'
[0.804s] INFO:colcon.colcon_core.shell:Creating package script '/home/atef/fav/ros2/install/depth_control/share/depth_control/package.bash'
[0.804s] INFO:colcon.colcon_core.shell:Creating package script '/home/atef/fav/ros2/install/depth_control/share/depth_control/package.zsh'
[0.805s] Level 1:colcon.colcon_core.environment:create_file_with_runtime_dependencies(/home/atef/fav/ros2/install/depth_control/share/colcon-core/packages/depth_control)
[0.923s] DEBUG:colcon.colcon_core.event_handler.log_command:Invoking command in '/home/atef/fav/ros2/build/scenario_msgs': CMAKE_PREFIX_PATH=${CMAKE_PREFIX_PATH}:/opt/ros/jazzy /bin/cmake --install /home/atef/fav/ros2/build/scenario_msgs
[1.018s] Level 1:colcon.colcon_core.environment:create_environment_scripts_only(scenario_msgs)
[1.019s] DEBUG:colcon.colcon_core.event_handler.log_command:Invoked command in '/home/atef/fav/ros2/build/scenario_msgs' returned '0': CMAKE_PREFIX_PATH=${CMAKE_PREFIX_PATH}:/opt/ros/jazzy /bin/cmake --install /home/atef/fav/ros2/build/scenario_msgs
[1.019s] Level 1:colcon.colcon_core.environment:checking '/home/atef/fav/ros2/install/scenario_msgs' for CMake module files
[1.020s] Level 1:colcon.colcon_core.environment:checking '/home/atef/fav/ros2/install/scenario_msgs' for CMake config files
[1.022s] Level 1:colcon.colcon_core.shell:create_environment_hook('scenario_msgs', 'cmake_prefix_path')
[1.022s] INFO:colcon.colcon_core.shell:Creating environment hook '/home/atef/fav/ros2/install/scenario_msgs/share/scenario_msgs/hook/cmake_prefix_path.ps1'
[1.023s] INFO:colcon.colcon_core.shell:Creating environment descriptor '/home/atef/fav/ros2/install/scenario_msgs/share/scenario_msgs/hook/cmake_prefix_path.dsv'
[1.023s] INFO:colcon.colcon_core.shell:Creating environment hook '/home/atef/fav/ros2/install/scenario_msgs/share/scenario_msgs/hook/cmake_prefix_path.sh'
[1.025s] Level 1:colcon.colcon_core.environment:checking '/home/atef/fav/ros2/install/scenario_msgs/lib'
[1.025s] Level 1:colcon.colcon_core.shell:create_environment_hook('scenario_msgs', 'ld_library_path_lib')
[1.025s] INFO:colcon.colcon_core.shell:Creating environment hook '/home/atef/fav/ros2/install/scenario_msgs/share/scenario_msgs/hook/ld_library_path_lib.ps1'
[1.026s] INFO:colcon.colcon_core.shell:Creating environment descriptor '/home/atef/fav/ros2/install/scenario_msgs/share/scenario_msgs/hook/ld_library_path_lib.dsv'
[1.026s] INFO:colcon.colcon_core.shell:Creating environment hook '/home/atef/fav/ros2/install/scenario_msgs/share/scenario_msgs/hook/ld_library_path_lib.sh'
[1.027s] Level 1:colcon.colcon_core.environment:checking '/home/atef/fav/ros2/install/scenario_msgs/bin'
[1.027s] Level 1:colcon.colcon_core.environment:checking '/home/atef/fav/ros2/install/scenario_msgs/lib/pkgconfig/scenario_msgs.pc'
[1.028s] Level 1:colcon.colcon_core.environment:checking '/home/atef/fav/ros2/install/scenario_msgs/lib/python3.12/site-packages'
[1.028s] Level 1:colcon.colcon_core.shell:create_environment_hook('scenario_msgs', 'pythonpath')
[1.028s] INFO:colcon.colcon_core.shell:Creating environment hook '/home/atef/fav/ros2/install/scenario_msgs/share/scenario_msgs/hook/pythonpath.ps1'
[1.029s] INFO:colcon.colcon_core.shell:Creating environment descriptor '/home/atef/fav/ros2/install/scenario_msgs/share/scenario_msgs/hook/pythonpath.dsv'
[1.030s] INFO:colcon.colcon_core.shell:Creating environment hook '/home/atef/fav/ros2/install/scenario_msgs/share/scenario_msgs/hook/pythonpath.sh'
[1.031s] Level 1:colcon.colcon_core.environment:checking '/home/atef/fav/ros2/install/scenario_msgs/bin'
[1.031s] INFO:colcon.colcon_core.shell:Creating package script '/home/atef/fav/ros2/install/scenario_msgs/share/scenario_msgs/package.ps1'
[1.032s] INFO:colcon.colcon_core.shell:Creating package descriptor '/home/atef/fav/ros2/install/scenario_msgs/share/scenario_msgs/package.dsv'
[1.033s] INFO:colcon.colcon_core.shell:Creating package script '/home/atef/fav/ros2/install/scenario_msgs/share/scenario_msgs/package.sh'
[1.034s] INFO:colcon.colcon_core.shell:Creating package script '/home/atef/fav/ros2/install/scenario_msgs/share/scenario_msgs/package.bash'
[1.035s] INFO:colcon.colcon_core.shell:Creating package script '/home/atef/fav/ros2/install/scenario_msgs/share/scenario_msgs/package.zsh'
[1.035s] Level 1:colcon.colcon_core.environment:create_file_with_runtime_dependencies(/home/atef/fav/ros2/install/scenario_msgs/share/colcon-core/packages/scenario_msgs)
[1.220s] Level 1:colcon.colcon_core.environment:create_environment_scripts_only(scenario_msgs)
[1.220s] Level 1:colcon.colcon_core.environment:checking '/home/atef/fav/ros2/install/scenario_msgs' for CMake module files
[1.222s] Level 1:colcon.colcon_core.environment:checking '/home/atef/fav/ros2/install/scenario_msgs' for CMake config files
[1.224s] Level 1:colcon.colcon_core.shell:create_environment_hook('scenario_msgs', 'cmake_prefix_path')
[1.224s] INFO:colcon.colcon_core.shell:Creating environment hook '/home/atef/fav/ros2/install/scenario_msgs/share/scenario_msgs/hook/cmake_prefix_path.ps1'
[1.225s] INFO:colcon.colcon_core.shell:Creating environment descriptor '/home/atef/fav/ros2/install/scenario_msgs/share/scenario_msgs/hook/cmake_prefix_path.dsv'
[1.225s] INFO:colcon.colcon_core.shell:Creating environment hook '/home/atef/fav/ros2/install/scenario_msgs/share/scenario_msgs/hook/cmake_prefix_path.sh'
[1.227s] Level 1:colcon.colcon_core.environment:checking '/home/atef/fav/ros2/install/scenario_msgs/lib'
[1.227s] Level 1:colcon.colcon_core.shell:create_environment_hook('scenario_msgs', 'ld_library_path_lib')
[1.227s] INFO:colcon.colcon_core.shell:Creating environment hook '/home/atef/fav/ros2/install/scenario_msgs/share/scenario_msgs/hook/ld_library_path_lib.ps1'
[1.228s] INFO:colcon.colcon_core.shell:Creating environment descriptor '/home/atef/fav/ros2/install/scenario_msgs/share/scenario_msgs/hook/ld_library_path_lib.dsv'
[1.228s] INFO:colcon.colcon_core.shell:Creating environment hook '/home/atef/fav/ros2/install/scenario_msgs/share/scenario_msgs/hook/ld_library_path_lib.sh'
[1.229s] Level 1:colcon.colcon_core.environment:checking '/home/atef/fav/ros2/install/scenario_msgs/bin'
[1.229s] Level 1:colcon.colcon_core.environment:checking '/home/atef/fav/ros2/install/scenario_msgs/lib/pkgconfig/scenario_msgs.pc'
[1.230s] Level 1:colcon.colcon_core.environment:checking '/home/atef/fav/ros2/install/scenario_msgs/lib/python3.12/site-packages'
[1.230s] Level 1:colcon.colcon_core.shell:create_environment_hook('scenario_msgs', 'pythonpath')
[1.230s] INFO:colcon.colcon_core.shell:Creating environment hook '/home/atef/fav/ros2/install/scenario_msgs/share/scenario_msgs/hook/pythonpath.ps1'
[1.231s] INFO:colcon.colcon_core.shell:Creating environment descriptor '/home/atef/fav/ros2/install/scenario_msgs/share/scenario_msgs/hook/pythonpath.dsv'
[1.232s] INFO:colcon.colcon_core.shell:Creating environment hook '/home/atef/fav/ros2/install/scenario_msgs/share/scenario_msgs/hook/pythonpath.sh'
[1.233s] Level 1:colcon.colcon_core.environment:checking '/home/atef/fav/ros2/install/scenario_msgs/bin'
[1.233s] INFO:colcon.colcon_core.shell:Creating package script '/home/atef/fav/ros2/install/scenario_msgs/share/scenario_msgs/package.ps1'
[1.235s] INFO:colcon.colcon_core.shell:Creating package descriptor '/home/atef/fav/ros2/install/scenario_msgs/share/scenario_msgs/package.dsv'
[1.236s] INFO:colcon.colcon_core.shell:Creating package script '/home/atef/fav/ros2/install/scenario_msgs/share/scenario_msgs/package.sh'
[1.237s] INFO:colcon.colcon_core.shell:Creating package script '/home/atef/fav/ros2/install/scenario_msgs/share/scenario_msgs/package.bash'
[1.237s] INFO:colcon.colcon_core.shell:Creating package script '/home/atef/fav/ros2/install/scenario_msgs/share/scenario_msgs/package.zsh'
[1.238s] Level 1:colcon.colcon_core.environment:create_file_with_runtime_dependencies(/home/atef/fav/ros2/install/scenario_msgs/share/colcon-core/packages/scenario_msgs)
[1.239s] INFO:colcon.colcon_ros.task.ament_cmake.build:Building ROS package in '/home/atef/fav/ros2/src/fav/fav' with build type 'ament_cmake'
[1.239s] INFO:colcon.colcon_cmake.task.cmake.build:Building CMake package in '/home/atef/fav/ros2/src/fav/fav'
[1.240s] INFO:colcon.colcon_core.shell:Skip shell extension 'powershell' for command environment: Not usable outside of PowerShell
[1.240s] DEBUG:colcon.colcon_core.shell:Skip shell extension 'dsv' for command environment
[1.256s] DEBUG:colcon.colcon_core.event_handler.log_command:Invoking command in '/home/atef/fav/ros2/build/fav': AMENT_PREFIX_PATH=/home/atef/fav/ros2/install/scenario_msgs:${AMENT_PREFIX_PATH} CMAKE_PREFIX_PATH=/home/atef/fav/ros2/install/scenario_msgs:/opt/ros/jazzy/opt/gz_sim_vendor:/opt/ros/jazzy/opt/gz_sensors_vendor:/opt/ros/jazzy/opt/gz_physics_vendor:/opt/ros/jazzy/opt/sdformat_vendor:/opt/ros/jazzy/opt/gz_gui_vendor:/opt/ros/jazzy/opt/gz_transport_vendor:/opt/ros/jazzy/opt/gz_rendering_vendor:/opt/ros/jazzy/opt/gz_plugin_vendor:/opt/ros/jazzy/opt/gz_fuel_tools_vendor:/opt/ros/jazzy/opt/gz_msgs_vendor:/opt/ros/jazzy/opt/gz_common_vendor:/opt/ros/jazzy/opt/gz_math_vendor:/opt/ros/jazzy/opt/gz_utils_vendor:/opt/ros/jazzy/opt/gz_tools_vendor:/opt/ros/jazzy/opt/gz_ogre_next_vendor:/opt/ros/jazzy/opt/gz_dartsim_vendor:/opt/ros/jazzy/opt/gz_cmake_vendor:/opt/ros/jazzy LD_LIBRARY_PATH=/home/atef/fav/ros2/install/scenario_msgs/lib:${LD_LIBRARY_PATH} PYTHONPATH=/home/atef/fav/ros2/install/scenario_msgs/lib/python3.12/site-packages:${PYTHONPATH} /bin/cmake --build /home/atef/fav/ros2/build/fav -- -j6 -l6
[1.349s] DEBUG:colcon.colcon_core.event_handler.log_command:Invoked command in '/home/atef/fav/ros2/build/fav' returned '0': AMENT_PREFIX_PATH=/home/atef/fav/ros2/install/scenario_msgs:${AMENT_PREFIX_PATH} CMAKE_PREFIX_PATH=/home/atef/fav/ros2/install/scenario_msgs:/opt/ros/jazzy/opt/gz_sim_vendor:/opt/ros/jazzy/opt/gz_sensors_vendor:/opt/ros/jazzy/opt/gz_physics_vendor:/opt/ros/jazzy/opt/sdformat_vendor:/opt/ros/jazzy/opt/gz_gui_vendor:/opt/ros/jazzy/opt/gz_transport_vendor:/opt/ros/jazzy/opt/gz_rendering_vendor:/opt/ros/jazzy/opt/gz_plugin_vendor:/opt/ros/jazzy/opt/gz_fuel_tools_vendor:/opt/ros/jazzy/opt/gz_msgs_vendor:/opt/ros/jazzy/opt/gz_common_vendor:/opt/ros/jazzy/opt/gz_math_vendor:/opt/ros/jazzy/opt/gz_utils_vendor:/opt/ros/jazzy/opt/gz_tools_vendor:/opt/ros/jazzy/opt/gz_ogre_next_vendor:/opt/ros/jazzy/opt/gz_dartsim_vendor:/opt/ros/jazzy/opt/gz_cmake_vendor:/opt/ros/jazzy LD_LIBRARY_PATH=/home/atef/fav/ros2/install/scenario_msgs/lib:${LD_LIBRARY_PATH} PYTHONPATH=/home/atef/fav/ros2/install/scenario_msgs/lib/python3.12/site-packages:${PYTHONPATH} /bin/cmake --build /home/atef/fav/ros2/build/fav -- -j6 -l6
[1.373s] DEBUG:colcon.colcon_core.event_handler.log_command:Invoking command in '/home/atef/fav/ros2/build/fav': AMENT_PREFIX_PATH=/home/atef/fav/ros2/install/scenario_msgs:${AMENT_PREFIX_PATH} CMAKE_PREFIX_PATH=/home/atef/fav/ros2/install/scenario_msgs:/opt/ros/jazzy/opt/gz_sim_vendor:/opt/ros/jazzy/opt/gz_sensors_vendor:/opt/ros/jazzy/opt/gz_physics_vendor:/opt/ros/jazzy/opt/sdformat_vendor:/opt/ros/jazzy/opt/gz_gui_vendor:/opt/ros/jazzy/opt/gz_transport_vendor:/opt/ros/jazzy/opt/gz_rendering_vendor:/opt/ros/jazzy/opt/gz_plugin_vendor:/opt/ros/jazzy/opt/gz_fuel_tools_vendor:/opt/ros/jazzy/opt/gz_msgs_vendor:/opt/ros/jazzy/opt/gz_common_vendor:/opt/ros/jazzy/opt/gz_math_vendor:/opt/ros/jazzy/opt/gz_utils_vendor:/opt/ros/jazzy/opt/gz_tools_vendor:/opt/ros/jazzy/opt/gz_ogre_next_vendor:/opt/ros/jazzy/opt/gz_dartsim_vendor:/opt/ros/jazzy/opt/gz_cmake_vendor:/opt/ros/jazzy LD_LIBRARY_PATH=/home/atef/fav/ros2/install/scenario_msgs/lib:${LD_LIBRARY_PATH} PYTHONPATH=/home/atef/fav/ros2/install/scenario_msgs/lib/python3.12/site-packages:${PYTHONPATH} /bin/cmake --install /home/atef/fav/ros2/build/fav
[1.396s] Level 1:colcon.colcon_core.environment:create_environment_scripts_only(fav)
[1.396s] Level 1:colcon.colcon_core.environment:checking '/home/atef/fav/ros2/install/fav' for CMake module files
[1.397s] DEBUG:colcon.colcon_core.event_handler.log_command:Invoked command in '/home/atef/fav/ros2/build/fav' returned '0': AMENT_PREFIX_PATH=/home/atef/fav/ros2/install/scenario_msgs:${AMENT_PREFIX_PATH} CMAKE_PREFIX_PATH=/home/atef/fav/ros2/install/scenario_msgs:/opt/ros/jazzy/opt/gz_sim_vendor:/opt/ros/jazzy/opt/gz_sensors_vendor:/opt/ros/jazzy/opt/gz_physics_vendor:/opt/ros/jazzy/opt/sdformat_vendor:/opt/ros/jazzy/opt/gz_gui_vendor:/opt/ros/jazzy/opt/gz_transport_vendor:/opt/ros/jazzy/opt/gz_rendering_vendor:/opt/ros/jazzy/opt/gz_plugin_vendor:/opt/ros/jazzy/opt/gz_fuel_tools_vendor:/opt/ros/jazzy/opt/gz_msgs_vendor:/opt/ros/jazzy/opt/gz_common_vendor:/opt/ros/jazzy/opt/gz_math_vendor:/opt/ros/jazzy/opt/gz_utils_vendor:/opt/ros/jazzy/opt/gz_tools_vendor:/opt/ros/jazzy/opt/gz_ogre_next_vendor:/opt/ros/jazzy/opt/gz_dartsim_vendor:/opt/ros/jazzy/opt/gz_cmake_vendor:/opt/ros/jazzy LD_LIBRARY_PATH=/home/atef/fav/ros2/install/scenario_msgs/lib:${LD_LIBRARY_PATH} PYTHONPATH=/home/atef/fav/ros2/install/scenario_msgs/lib/python3.12/site-packages:${PYTHONPATH} /bin/cmake --install /home/atef/fav/ros2/build/fav
[1.397s] Level 1:colcon.colcon_core.environment:checking '/home/atef/fav/ros2/install/fav' for CMake config files
[1.397s] Level 1:colcon.colcon_core.shell:create_environment_hook('fav', 'cmake_prefix_path')
[1.398s] INFO:colcon.colcon_core.shell:Creating environment hook '/home/atef/fav/ros2/install/fav/share/fav/hook/cmake_prefix_path.ps1'
[1.398s] INFO:colcon.colcon_core.shell:Creating environment descriptor '/home/atef/fav/ros2/install/fav/share/fav/hook/cmake_prefix_path.dsv'
[1.398s] INFO:colcon.colcon_core.shell:Creating environment hook '/home/atef/fav/ros2/install/fav/share/fav/hook/cmake_prefix_path.sh'
[1.399s] Level 1:colcon.colcon_core.environment:checking '/home/atef/fav/ros2/install/fav/lib'
[1.399s] Level 1:colcon.colcon_core.environment:checking '/home/atef/fav/ros2/install/fav/bin'
[1.399s] Level 1:colcon.colcon_core.environment:checking '/home/atef/fav/ros2/install/fav/lib/pkgconfig/fav.pc'
[1.399s] Level 1:colcon.colcon_core.environment:checking '/home/atef/fav/ros2/install/fav/lib/python3.12/site-packages'
[1.399s] Level 1:colcon.colcon_core.environment:checking '/home/atef/fav/ros2/install/fav/bin'
[1.400s] INFO:colcon.colcon_core.shell:Creating package script '/home/atef/fav/ros2/install/fav/share/fav/package.ps1'
[1.400s] INFO:colcon.colcon_core.shell:Creating package descriptor '/home/atef/fav/ros2/install/fav/share/fav/package.dsv'
[1.400s] INFO:colcon.colcon_core.shell:Creating package script '/home/atef/fav/ros2/install/fav/share/fav/package.sh'
[1.401s] INFO:colcon.colcon_core.shell:Creating package script '/home/atef/fav/ros2/install/fav/share/fav/package.bash'
[1.401s] INFO:colcon.colcon_core.shell:Creating package script '/home/atef/fav/ros2/install/fav/share/fav/package.zsh'
[1.401s] Level 1:colcon.colcon_core.environment:create_file_with_runtime_dependencies(/home/atef/fav/ros2/install/fav/share/colcon-core/packages/fav)
[1.423s] Level 1:colcon.colcon_core.environment:create_environment_scripts_only(fav)
[1.424s] Level 1:colcon.colcon_core.environment:checking '/home/atef/fav/ros2/install/fav' for CMake module files
[1.425s] Level 1:colcon.colcon_core.environment:checking '/home/atef/fav/ros2/install/fav' for CMake config files
[1.425s] Level 1:colcon.colcon_core.shell:create_environment_hook('fav', 'cmake_prefix_path')
[1.425s] INFO:colcon.colcon_core.shell:Creating environment hook '/home/atef/fav/ros2/install/fav/share/fav/hook/cmake_prefix_path.ps1'
[1.426s] INFO:colcon.colcon_core.shell:Creating environment descriptor '/home/atef/fav/ros2/install/fav/share/fav/hook/cmake_prefix_path.dsv'
[1.427s] INFO:colcon.colcon_core.shell:Creating environment hook '/home/atef/fav/ros2/install/fav/share/fav/hook/cmake_prefix_path.sh'
[1.428s] Level 1:colcon.colcon_core.environment:checking '/home/atef/fav/ros2/install/fav/lib'
[1.428s] Level 1:colcon.colcon_core.environment:checking '/home/atef/fav/ros2/install/fav/bin'
[1.428s] Level 1:colcon.colcon_core.environment:checking '/home/atef/fav/ros2/install/fav/lib/pkgconfig/fav.pc'
[1.429s] Level 1:colcon.colcon_core.environment:checking '/home/atef/fav/ros2/install/fav/lib/python3.12/site-packages'
[1.429s] Level 1:colcon.colcon_core.environment:checking '/home/atef/fav/ros2/install/fav/bin'
[1.429s] INFO:colcon.colcon_core.shell:Creating package script '/home/atef/fav/ros2/install/fav/share/fav/package.ps1'
[1.430s] INFO:colcon.colcon_core.shell:Creating package descriptor '/home/atef/fav/ros2/install/fav/share/fav/package.dsv'
[1.431s] INFO:colcon.colcon_core.shell:Creating package script '/home/atef/fav/ros2/install/fav/share/fav/package.sh'
[1.432s] INFO:colcon.colcon_core.shell:Creating package script '/home/atef/fav/ros2/install/fav/share/fav/package.bash'
[1.433s] INFO:colcon.colcon_core.shell:Creating package script '/home/atef/fav/ros2/install/fav/share/fav/package.zsh'
[1.433s] Level 1:colcon.colcon_core.environment:create_file_with_runtime_dependencies(/home/atef/fav/ros2/install/fav/share/colcon-core/packages/fav)
[1.434s] DEBUG:colcon.colcon_parallel_executor.executor.parallel:closing loop
[1.434s] DEBUG:colcon.colcon_parallel_executor.executor.parallel:loop closed
[1.435s] DEBUG:colcon.colcon_parallel_executor.executor.parallel:run_until_complete finished with '0'
[1.435s] DEBUG:colcon.colcon_core.event_reactor:joining thread
[1.443s] INFO:colcon.colcon_core.plugin_system:Skipping extension 'colcon_notification.desktop_notification.terminal_notifier': Not used on non-Darwin systems
[1.443s] INFO:colcon.colcon_core.plugin_system:Skipping extension 'colcon_notification.desktop_notification.win32': Not used on non-Windows systems
[1.443s] INFO:colcon.colcon_notification.desktop_notification:Sending desktop notification using 'notify2'
[1.443s] DEBUG:colcon.colcon_notification.desktop_notification.notify2:Failed to initialize notify2: org.freedesktop.DBus.Error.NotSupported: Unable to autolaunch a dbus-daemon without a $DISPLAY for X11
[1.443s] DEBUG:colcon.colcon_core.event_reactor:joined thread
[1.444s] INFO:colcon.colcon_core.shell:Creating prefix script '/home/atef/fav/ros2/install/local_setup.ps1'
[1.446s] INFO:colcon.colcon_core.shell:Creating prefix util module '/home/atef/fav/ros2/install/_local_setup_util_ps1.py'
[1.447s] INFO:colcon.colcon_core.shell:Creating prefix chain script '/home/atef/fav/ros2/install/setup.ps1'
[1.447s] INFO:colcon.colcon_core.shell:Creating prefix script '/home/atef/fav/ros2/install/local_setup.sh'
[1.448s] INFO:colcon.colcon_core.shell:Creating prefix util module '/home/atef/fav/ros2/install/_local_setup_util_sh.py'
[1.448s] INFO:colcon.colcon_core.shell:Creating prefix chain script '/home/atef/fav/ros2/install/setup.sh'
[1.449s] INFO:colcon.colcon_core.shell:Creating prefix script '/home/atef/fav/ros2/install/local_setup.bash'
[1.450s] INFO:colcon.colcon_core.shell:Creating prefix chain script '/home/atef/fav/ros2/install/setup.bash'
[1.451s] INFO:colcon.colcon_core.shell:Creating prefix script '/home/atef/fav/ros2/install/local_setup.zsh'
[1.451s] INFO:colcon.colcon_core.shell:Creating prefix chain script '/home/atef/fav/ros2/install/setup.zsh'
