[0.016s] Invoking command in '/home/atef/fav/ros2/build/depth_control': CMAKE_PREFIX_PATH=${CMAKE_PREFIX_PATH}:/opt/ros/jazzy /bin/cmake --build /home/atef/fav/ros2/build/depth_control -- -j6 -l6
[0.056s] -- Found ament_cmake: 2.5.2 (/opt/ros/jazzy/share/ament_cmake/cmake)
[0.199s] -- Override CMake install command with custom implementation using symlinks instead of copying resources
[0.218s] -- Found rclpy: 7.1.2 (/opt/ros/jazzy/share/rclpy/cmake)
[0.307s] -- Configuring done
[0.313s] -- Generating done
[0.314s] -- Build files have been written to: /home/atef/fav/ros2/build/depth_control
[0.352s] Invoked command in '/home/atef/fav/ros2/build/depth_control' returned '0': CMAKE_PREFIX_PATH=${CMAKE_PREFIX_PATH}:/opt/ros/jazzy /bin/cmake --build /home/atef/fav/ros2/build/depth_control -- -j6 -l6
[0.385s] Invoking command in '/home/atef/fav/ros2/build/depth_control': CMAKE_PREFIX_PATH=${CMAKE_PREFIX_PATH}:/opt/ros/jazzy /bin/cmake --install /home/atef/fav/ros2/build/depth_control
[0.401s] -- Install configuration: ""
[0.401s] -- Execute custom install script
[0.402s] -- Up-to-date symlink: /home/atef/fav/ros2/install/depth_control/lib/depth_control/depth_calculator.py
[0.402s] -- Up-to-date symlink: /home/atef/fav/ros2/install/depth_control/lib/depth_control/depth_controller.py
[0.402s] -- Up-to-date symlink: /home/atef/fav/ros2/install/depth_control/lib/depth_control/depth_setpoint.py
[0.403s] -- Up-to-date symlink: /home/atef/fav/ros2/install/depth_control/share/depth_control/launch/depth_calculator.launch.py
[0.403s] -- Up-to-date symlink: /home/atef/fav/ros2/install/depth_control/share/depth_control/launch/depth_control_full.launch.py
[0.403s] -- Up-to-date symlink: /home/atef/fav/ros2/install/depth_control/share/depth_control/launch/depth_calculator.launch.py
[0.403s] -- Up-to-date symlink: /home/atef/fav/ros2/install/depth_control/share/depth_control/launch/depth_control_full.launch.py
[0.403s] -- Up-to-date symlink: /home/atef/fav/ros2/install/depth_control/share/depth_control/config/controller_params.yaml
[0.404s] -- Up-to-date symlink: /home/atef/fav/ros2/install/depth_control/share/ament_index/resource_index/package_run_dependencies/depth_control
[0.404s] -- Up-to-date symlink: /home/atef/fav/ros2/install/depth_control/share/ament_index/resource_index/parent_prefix_path/depth_control
[0.404s] -- Up-to-date symlink: /home/atef/fav/ros2/install/depth_control/share/depth_control/environment/ament_prefix_path.sh
[0.404s] -- Up-to-date symlink: /home/atef/fav/ros2/install/depth_control/share/depth_control/environment/ament_prefix_path.dsv
[0.404s] -- Up-to-date symlink: /home/atef/fav/ros2/install/depth_control/share/depth_control/environment/path.sh
[0.404s] -- Up-to-date symlink: /home/atef/fav/ros2/install/depth_control/share/depth_control/environment/path.dsv
[0.405s] -- Up-to-date symlink: /home/atef/fav/ros2/install/depth_control/share/depth_control/local_setup.bash
[0.405s] -- Up-to-date symlink: /home/atef/fav/ros2/install/depth_control/share/depth_control/local_setup.sh
[0.405s] -- Up-to-date symlink: /home/atef/fav/ros2/install/depth_control/share/depth_control/local_setup.zsh
[0.405s] -- Up-to-date symlink: /home/atef/fav/ros2/install/depth_control/share/depth_control/local_setup.dsv
[0.405s] -- Symlinking: /home/atef/fav/ros2/install/depth_control/share/depth_control/package.dsv
[0.421s] -- Up-to-date symlink: /home/atef/fav/ros2/install/depth_control/share/ament_index/resource_index/packages/depth_control
[0.421s] -- Up-to-date symlink: /home/atef/fav/ros2/install/depth_control/share/depth_control/cmake/depth_controlConfig.cmake
[0.421s] -- Up-to-date symlink: /home/atef/fav/ros2/install/depth_control/share/depth_control/cmake/depth_controlConfig-version.cmake
[0.422s] -- Up-to-date symlink: /home/atef/fav/ros2/install/depth_control/share/depth_control/package.xml
[0.424s] Invoked command in '/home/atef/fav/ros2/build/depth_control' returned '0': CMAKE_PREFIX_PATH=${CMAKE_PREFIX_PATH}:/opt/ros/jazzy /bin/cmake --install /home/atef/fav/ros2/build/depth_control
