[0.000000] (-) TimerEvent: {}
[0.000677] (depth_control) JobQueued: {'identifier': 'depth_control', 'dependencies': OrderedDict()}
[0.000791] (keyboard_control) JobQueued: {'identifier': 'keyboard_control', 'dependencies': OrderedDict()}
[0.000834] (scenario_msgs) JobQueued: {'identifier': 'scenario_msgs', 'dependencies': OrderedDict()}
[0.000868] (fav) JobQueued: {'identifier': 'fav', 'dependencies': OrderedDict({'scenario_msgs': '/home/atef/fav/ros2/install/scenario_msgs'})}
[0.000909] (scenario_msgs) JobStarted: {'identifier': 'scenario_msgs'}
[0.008010] (depth_control) JobStarted: {'identifier': 'depth_control'}
[0.010939] (keyboard_control) JobStarted: {'identifier': 'keyboard_control'}
[0.015801] (scenario_msgs) JobProgress: {'identifier': 'scenario_msgs', 'progress': 'cmake'}
[0.016337] (scenario_msgs) JobProgress: {'identifier': 'scenario_msgs', 'progress': 'build'}
[0.016937] (scenario_msgs) Command: {'cmd': ['/bin/cmake', '--build', '/home/atef/fav/ros2/build/scenario_msgs', '--', '-j6', '-l6'], 'cwd': '/home/atef/fav/ros2/build/scenario_msgs', 'env': OrderedDict({'GZ_SIM_SYSTEM_PLUGIN_PATH': '/opt/ros/jazzy/lib/hippo_gz_plugins/', 'USER': 'atef', 'GZ_CONFIG_PATH': '/opt/ros/jazzy/opt/gz_sim_vendor/share/gz:/opt/ros/jazzy/opt/sdformat_vendor/share/gz:/opt/ros/jazzy/opt/gz_gui_vendor/share/gz:/opt/ros/jazzy/opt/gz_transport_vendor/share/gz:/opt/ros/jazzy/opt/gz_rendering_vendor/share/gz:/opt/ros/jazzy/opt/gz_plugin_vendor/share/gz:/opt/ros/jazzy/opt/gz_fuel_tools_vendor/share/gz:/opt/ros/jazzy/opt/gz_msgs_vendor/share/gz:/opt/ros/jazzy/opt/gz_common_vendor/share/gz', 'SHLVL': '0', 'LD_LIBRARY_PATH': '/opt/ros/jazzy/opt/gz_sim_vendor/lib:/opt/ros/jazzy/opt/gz_sensors_vendor/lib:/opt/ros/jazzy/opt/gz_physics_vendor/lib:/opt/ros/jazzy/opt/sdformat_vendor/lib:/opt/ros/jazzy/opt/rviz_ogre_vendor/lib:/opt/ros/jazzy/lib/x86_64-linux-gnu:/opt/ros/jazzy/opt/gz_gui_vendor/lib:/opt/ros/jazzy/opt/gz_transport_vendor/lib:/opt/ros/jazzy/opt/gz_rendering_vendor/lib:/opt/ros/jazzy/opt/gz_plugin_vendor/lib:/opt/ros/jazzy/opt/gz_fuel_tools_vendor/lib:/opt/ros/jazzy/opt/gz_msgs_vendor/lib:/opt/ros/jazzy/opt/gz_common_vendor/lib:/opt/ros/jazzy/opt/gz_math_vendor/lib:/opt/ros/jazzy/opt/gz_utils_vendor/lib:/opt/ros/jazzy/opt/gz_tools_vendor/lib:/opt/ros/jazzy/opt/gz_ogre_next_vendor/lib:/opt/ros/jazzy/opt/gz_dartsim_vendor/lib:/opt/ros/jazzy/opt/gz_cmake_vendor/lib:/opt/ros/jazzy/lib', 'HOME': '/home/atef', 'OLDPWD': '/home/atef', 'ROS_PYTHON_VERSION': '3', 'LC_CTYPE': 'C.UTF-8', 'ROS_DISTRO': 'jazzy', 'LOGNAME': 'atef', '_': '/bin/colcon', 'ROS_VERSION': '2', 'TERM': 'xterm-256color', 'PATH': '/opt/ros/jazzy/opt/gz_msgs_vendor/bin:/opt/ros/jazzy/opt/gz_tools_vendor/bin:/opt/ros/jazzy/opt/gz_ogre_next_vendor/bin:/opt/ros/jazzy/bin:/bin:/usr/bin:/usr/ucb:/usr/local/bin', 'AMENT_PREFIX_PATH': '/opt/ros/jazzy', 'ROS_AUTOMATIC_DISCOVERY_RANGE': 'SUBNET', 'PWD': '/home/atef/fav/ros2/build/scenario_msgs', 'PYTHONPATH': '/opt/ros/jazzy/lib/python3.12/site-packages', 'COLCON': '1', 'CMAKE_PREFIX_PATH': '/opt/ros/jazzy/opt/gz_sim_vendor:/opt/ros/jazzy/opt/gz_sensors_vendor:/opt/ros/jazzy/opt/gz_physics_vendor:/opt/ros/jazzy/opt/sdformat_vendor:/opt/ros/jazzy/opt/gz_gui_vendor:/opt/ros/jazzy/opt/gz_transport_vendor:/opt/ros/jazzy/opt/gz_rendering_vendor:/opt/ros/jazzy/opt/gz_plugin_vendor:/opt/ros/jazzy/opt/gz_fuel_tools_vendor:/opt/ros/jazzy/opt/gz_msgs_vendor:/opt/ros/jazzy/opt/gz_common_vendor:/opt/ros/jazzy/opt/gz_math_vendor:/opt/ros/jazzy/opt/gz_utils_vendor:/opt/ros/jazzy/opt/gz_tools_vendor:/opt/ros/jazzy/opt/gz_ogre_next_vendor:/opt/ros/jazzy/opt/gz_dartsim_vendor:/opt/ros/jazzy/opt/gz_cmake_vendor:/opt/ros/jazzy'}), 'shell': False}
[0.018702] (depth_control) JobProgress: {'identifier': 'depth_control', 'progress': 'cmake'}
[0.019080] (depth_control) JobProgress: {'identifier': 'depth_control', 'progress': 'build'}
[0.019442] (depth_control) Command: {'cmd': ['/bin/cmake', '--build', '/home/atef/fav/ros2/build/depth_control', '--', '-j6', '-l6'], 'cwd': '/home/atef/fav/ros2/build/depth_control', 'env': OrderedDict({'GZ_SIM_SYSTEM_PLUGIN_PATH': '/opt/ros/jazzy/lib/hippo_gz_plugins/', 'USER': 'atef', 'GZ_CONFIG_PATH': '/opt/ros/jazzy/opt/gz_sim_vendor/share/gz:/opt/ros/jazzy/opt/sdformat_vendor/share/gz:/opt/ros/jazzy/opt/gz_gui_vendor/share/gz:/opt/ros/jazzy/opt/gz_transport_vendor/share/gz:/opt/ros/jazzy/opt/gz_rendering_vendor/share/gz:/opt/ros/jazzy/opt/gz_plugin_vendor/share/gz:/opt/ros/jazzy/opt/gz_fuel_tools_vendor/share/gz:/opt/ros/jazzy/opt/gz_msgs_vendor/share/gz:/opt/ros/jazzy/opt/gz_common_vendor/share/gz', 'SHLVL': '0', 'LD_LIBRARY_PATH': '/opt/ros/jazzy/opt/gz_sim_vendor/lib:/opt/ros/jazzy/opt/gz_sensors_vendor/lib:/opt/ros/jazzy/opt/gz_physics_vendor/lib:/opt/ros/jazzy/opt/sdformat_vendor/lib:/opt/ros/jazzy/opt/rviz_ogre_vendor/lib:/opt/ros/jazzy/lib/x86_64-linux-gnu:/opt/ros/jazzy/opt/gz_gui_vendor/lib:/opt/ros/jazzy/opt/gz_transport_vendor/lib:/opt/ros/jazzy/opt/gz_rendering_vendor/lib:/opt/ros/jazzy/opt/gz_plugin_vendor/lib:/opt/ros/jazzy/opt/gz_fuel_tools_vendor/lib:/opt/ros/jazzy/opt/gz_msgs_vendor/lib:/opt/ros/jazzy/opt/gz_common_vendor/lib:/opt/ros/jazzy/opt/gz_math_vendor/lib:/opt/ros/jazzy/opt/gz_utils_vendor/lib:/opt/ros/jazzy/opt/gz_tools_vendor/lib:/opt/ros/jazzy/opt/gz_ogre_next_vendor/lib:/opt/ros/jazzy/opt/gz_dartsim_vendor/lib:/opt/ros/jazzy/opt/gz_cmake_vendor/lib:/opt/ros/jazzy/lib', 'HOME': '/home/atef', 'OLDPWD': '/home/atef', 'ROS_PYTHON_VERSION': '3', 'LC_CTYPE': 'C.UTF-8', 'ROS_DISTRO': 'jazzy', 'LOGNAME': 'atef', '_': '/bin/colcon', 'ROS_VERSION': '2', 'TERM': 'xterm-256color', 'PATH': '/opt/ros/jazzy/opt/gz_msgs_vendor/bin:/opt/ros/jazzy/opt/gz_tools_vendor/bin:/opt/ros/jazzy/opt/gz_ogre_next_vendor/bin:/opt/ros/jazzy/bin:/bin:/usr/bin:/usr/ucb:/usr/local/bin', 'AMENT_PREFIX_PATH': '/opt/ros/jazzy', 'ROS_AUTOMATIC_DISCOVERY_RANGE': 'SUBNET', 'PWD': '/home/atef/fav/ros2/build/depth_control', 'PYTHONPATH': '/opt/ros/jazzy/lib/python3.12/site-packages', 'COLCON': '1', 'CMAKE_PREFIX_PATH': '/opt/ros/jazzy/opt/gz_sim_vendor:/opt/ros/jazzy/opt/gz_sensors_vendor:/opt/ros/jazzy/opt/gz_physics_vendor:/opt/ros/jazzy/opt/sdformat_vendor:/opt/ros/jazzy/opt/gz_gui_vendor:/opt/ros/jazzy/opt/gz_transport_vendor:/opt/ros/jazzy/opt/gz_rendering_vendor:/opt/ros/jazzy/opt/gz_plugin_vendor:/opt/ros/jazzy/opt/gz_fuel_tools_vendor:/opt/ros/jazzy/opt/gz_msgs_vendor:/opt/ros/jazzy/opt/gz_common_vendor:/opt/ros/jazzy/opt/gz_math_vendor:/opt/ros/jazzy/opt/gz_utils_vendor:/opt/ros/jazzy/opt/gz_tools_vendor:/opt/ros/jazzy/opt/gz_ogre_next_vendor:/opt/ros/jazzy/opt/gz_dartsim_vendor:/opt/ros/jazzy/opt/gz_cmake_vendor:/opt/ros/jazzy'}), 'shell': False}
[0.021798] (keyboard_control) JobProgress: {'identifier': 'keyboard_control', 'progress': 'cmake'}
[0.022549] (keyboard_control) JobProgress: {'identifier': 'keyboard_control', 'progress': 'build'}
[0.022677] (keyboard_control) Command: {'cmd': ['/bin/cmake', '--build', '/home/atef/fav/ros2/build/keyboard_control', '--', '-j6', '-l6'], 'cwd': '/home/atef/fav/ros2/build/keyboard_control', 'env': OrderedDict({'GZ_SIM_SYSTEM_PLUGIN_PATH': '/opt/ros/jazzy/lib/hippo_gz_plugins/', 'USER': 'atef', 'GZ_CONFIG_PATH': '/opt/ros/jazzy/opt/gz_sim_vendor/share/gz:/opt/ros/jazzy/opt/sdformat_vendor/share/gz:/opt/ros/jazzy/opt/gz_gui_vendor/share/gz:/opt/ros/jazzy/opt/gz_transport_vendor/share/gz:/opt/ros/jazzy/opt/gz_rendering_vendor/share/gz:/opt/ros/jazzy/opt/gz_plugin_vendor/share/gz:/opt/ros/jazzy/opt/gz_fuel_tools_vendor/share/gz:/opt/ros/jazzy/opt/gz_msgs_vendor/share/gz:/opt/ros/jazzy/opt/gz_common_vendor/share/gz', 'SHLVL': '0', 'LD_LIBRARY_PATH': '/opt/ros/jazzy/opt/gz_sim_vendor/lib:/opt/ros/jazzy/opt/gz_sensors_vendor/lib:/opt/ros/jazzy/opt/gz_physics_vendor/lib:/opt/ros/jazzy/opt/sdformat_vendor/lib:/opt/ros/jazzy/opt/rviz_ogre_vendor/lib:/opt/ros/jazzy/lib/x86_64-linux-gnu:/opt/ros/jazzy/opt/gz_gui_vendor/lib:/opt/ros/jazzy/opt/gz_transport_vendor/lib:/opt/ros/jazzy/opt/gz_rendering_vendor/lib:/opt/ros/jazzy/opt/gz_plugin_vendor/lib:/opt/ros/jazzy/opt/gz_fuel_tools_vendor/lib:/opt/ros/jazzy/opt/gz_msgs_vendor/lib:/opt/ros/jazzy/opt/gz_common_vendor/lib:/opt/ros/jazzy/opt/gz_math_vendor/lib:/opt/ros/jazzy/opt/gz_utils_vendor/lib:/opt/ros/jazzy/opt/gz_tools_vendor/lib:/opt/ros/jazzy/opt/gz_ogre_next_vendor/lib:/opt/ros/jazzy/opt/gz_dartsim_vendor/lib:/opt/ros/jazzy/opt/gz_cmake_vendor/lib:/opt/ros/jazzy/lib', 'HOME': '/home/atef', 'OLDPWD': '/home/atef', 'ROS_PYTHON_VERSION': '3', 'LC_CTYPE': 'C.UTF-8', 'ROS_DISTRO': 'jazzy', 'LOGNAME': 'atef', '_': '/bin/colcon', 'ROS_VERSION': '2', 'TERM': 'xterm-256color', 'PATH': '/opt/ros/jazzy/opt/gz_msgs_vendor/bin:/opt/ros/jazzy/opt/gz_tools_vendor/bin:/opt/ros/jazzy/opt/gz_ogre_next_vendor/bin:/opt/ros/jazzy/bin:/bin:/usr/bin:/usr/ucb:/usr/local/bin', 'AMENT_PREFIX_PATH': '/opt/ros/jazzy', 'ROS_AUTOMATIC_DISCOVERY_RANGE': 'SUBNET', 'PWD': '/home/atef/fav/ros2/build/keyboard_control', 'PYTHONPATH': '/opt/ros/jazzy/lib/python3.12/site-packages', 'COLCON': '1', 'CMAKE_PREFIX_PATH': '/opt/ros/jazzy/opt/gz_sim_vendor:/opt/ros/jazzy/opt/gz_sensors_vendor:/opt/ros/jazzy/opt/gz_physics_vendor:/opt/ros/jazzy/opt/sdformat_vendor:/opt/ros/jazzy/opt/gz_gui_vendor:/opt/ros/jazzy/opt/gz_transport_vendor:/opt/ros/jazzy/opt/gz_rendering_vendor:/opt/ros/jazzy/opt/gz_plugin_vendor:/opt/ros/jazzy/opt/gz_fuel_tools_vendor:/opt/ros/jazzy/opt/gz_msgs_vendor:/opt/ros/jazzy/opt/gz_common_vendor:/opt/ros/jazzy/opt/gz_math_vendor:/opt/ros/jazzy/opt/gz_utils_vendor:/opt/ros/jazzy/opt/gz_tools_vendor:/opt/ros/jazzy/opt/gz_ogre_next_vendor:/opt/ros/jazzy/opt/gz_dartsim_vendor:/opt/ros/jazzy/opt/gz_cmake_vendor:/opt/ros/jazzy'}), 'shell': False}
[0.057423] (depth_control) CommandEnded: {'returncode': 0}
[0.058842] (keyboard_control) CommandEnded: {'returncode': 0}
[0.066125] (scenario_msgs) StdoutLine: {'line': b'[  1%] Built target scenario_msgs__rosidl_generator_type_description\n'}
[0.073603] (scenario_msgs) StdoutLine: {'line': b'[  1%] Built target ament_cmake_python_symlink_scenario_msgs\n'}
[0.078036] (keyboard_control) JobProgress: {'identifier': 'keyboard_control', 'progress': 'install'}
[0.086362] (keyboard_control) Command: {'cmd': ['/bin/cmake', '--install', '/home/atef/fav/ros2/build/keyboard_control'], 'cwd': '/home/atef/fav/ros2/build/keyboard_control', 'env': OrderedDict({'GZ_SIM_SYSTEM_PLUGIN_PATH': '/opt/ros/jazzy/lib/hippo_gz_plugins/', 'USER': 'atef', 'GZ_CONFIG_PATH': '/opt/ros/jazzy/opt/gz_sim_vendor/share/gz:/opt/ros/jazzy/opt/sdformat_vendor/share/gz:/opt/ros/jazzy/opt/gz_gui_vendor/share/gz:/opt/ros/jazzy/opt/gz_transport_vendor/share/gz:/opt/ros/jazzy/opt/gz_rendering_vendor/share/gz:/opt/ros/jazzy/opt/gz_plugin_vendor/share/gz:/opt/ros/jazzy/opt/gz_fuel_tools_vendor/share/gz:/opt/ros/jazzy/opt/gz_msgs_vendor/share/gz:/opt/ros/jazzy/opt/gz_common_vendor/share/gz', 'SHLVL': '0', 'LD_LIBRARY_PATH': '/opt/ros/jazzy/opt/gz_sim_vendor/lib:/opt/ros/jazzy/opt/gz_sensors_vendor/lib:/opt/ros/jazzy/opt/gz_physics_vendor/lib:/opt/ros/jazzy/opt/sdformat_vendor/lib:/opt/ros/jazzy/opt/rviz_ogre_vendor/lib:/opt/ros/jazzy/lib/x86_64-linux-gnu:/opt/ros/jazzy/opt/gz_gui_vendor/lib:/opt/ros/jazzy/opt/gz_transport_vendor/lib:/opt/ros/jazzy/opt/gz_rendering_vendor/lib:/opt/ros/jazzy/opt/gz_plugin_vendor/lib:/opt/ros/jazzy/opt/gz_fuel_tools_vendor/lib:/opt/ros/jazzy/opt/gz_msgs_vendor/lib:/opt/ros/jazzy/opt/gz_common_vendor/lib:/opt/ros/jazzy/opt/gz_math_vendor/lib:/opt/ros/jazzy/opt/gz_utils_vendor/lib:/opt/ros/jazzy/opt/gz_tools_vendor/lib:/opt/ros/jazzy/opt/gz_ogre_next_vendor/lib:/opt/ros/jazzy/opt/gz_dartsim_vendor/lib:/opt/ros/jazzy/opt/gz_cmake_vendor/lib:/opt/ros/jazzy/lib', 'HOME': '/home/atef', 'OLDPWD': '/home/atef', 'ROS_PYTHON_VERSION': '3', 'LC_CTYPE': 'C.UTF-8', 'ROS_DISTRO': 'jazzy', 'LOGNAME': 'atef', '_': '/bin/colcon', 'ROS_VERSION': '2', 'TERM': 'xterm-256color', 'PATH': '/opt/ros/jazzy/opt/gz_msgs_vendor/bin:/opt/ros/jazzy/opt/gz_tools_vendor/bin:/opt/ros/jazzy/opt/gz_ogre_next_vendor/bin:/opt/ros/jazzy/bin:/bin:/usr/bin:/usr/ucb:/usr/local/bin', 'AMENT_PREFIX_PATH': '/opt/ros/jazzy', 'ROS_AUTOMATIC_DISCOVERY_RANGE': 'SUBNET', 'PWD': '/home/atef/fav/ros2/build/keyboard_control', 'PYTHONPATH': '/opt/ros/jazzy/lib/python3.12/site-packages', 'COLCON': '1', 'CMAKE_PREFIX_PATH': '/opt/ros/jazzy/opt/gz_sim_vendor:/opt/ros/jazzy/opt/gz_sensors_vendor:/opt/ros/jazzy/opt/gz_physics_vendor:/opt/ros/jazzy/opt/sdformat_vendor:/opt/ros/jazzy/opt/gz_gui_vendor:/opt/ros/jazzy/opt/gz_transport_vendor:/opt/ros/jazzy/opt/gz_rendering_vendor:/opt/ros/jazzy/opt/gz_plugin_vendor:/opt/ros/jazzy/opt/gz_fuel_tools_vendor:/opt/ros/jazzy/opt/gz_msgs_vendor:/opt/ros/jazzy/opt/gz_common_vendor:/opt/ros/jazzy/opt/gz_math_vendor:/opt/ros/jazzy/opt/gz_utils_vendor:/opt/ros/jazzy/opt/gz_tools_vendor:/opt/ros/jazzy/opt/gz_ogre_next_vendor:/opt/ros/jazzy/opt/gz_dartsim_vendor:/opt/ros/jazzy/opt/gz_cmake_vendor:/opt/ros/jazzy'}), 'shell': False}
[0.087142] (scenario_msgs) StdoutLine: {'line': b'[  2%] Built target scenario_msgs__cpp\n'}
[0.088203] (depth_control) JobProgress: {'identifier': 'depth_control', 'progress': 'install'}
[0.088359] (depth_control) Command: {'cmd': ['/bin/cmake', '--install', '/home/atef/fav/ros2/build/depth_control'], 'cwd': '/home/atef/fav/ros2/build/depth_control', 'env': OrderedDict({'GZ_SIM_SYSTEM_PLUGIN_PATH': '/opt/ros/jazzy/lib/hippo_gz_plugins/', 'USER': 'atef', 'GZ_CONFIG_PATH': '/opt/ros/jazzy/opt/gz_sim_vendor/share/gz:/opt/ros/jazzy/opt/sdformat_vendor/share/gz:/opt/ros/jazzy/opt/gz_gui_vendor/share/gz:/opt/ros/jazzy/opt/gz_transport_vendor/share/gz:/opt/ros/jazzy/opt/gz_rendering_vendor/share/gz:/opt/ros/jazzy/opt/gz_plugin_vendor/share/gz:/opt/ros/jazzy/opt/gz_fuel_tools_vendor/share/gz:/opt/ros/jazzy/opt/gz_msgs_vendor/share/gz:/opt/ros/jazzy/opt/gz_common_vendor/share/gz', 'SHLVL': '0', 'LD_LIBRARY_PATH': '/opt/ros/jazzy/opt/gz_sim_vendor/lib:/opt/ros/jazzy/opt/gz_sensors_vendor/lib:/opt/ros/jazzy/opt/gz_physics_vendor/lib:/opt/ros/jazzy/opt/sdformat_vendor/lib:/opt/ros/jazzy/opt/rviz_ogre_vendor/lib:/opt/ros/jazzy/lib/x86_64-linux-gnu:/opt/ros/jazzy/opt/gz_gui_vendor/lib:/opt/ros/jazzy/opt/gz_transport_vendor/lib:/opt/ros/jazzy/opt/gz_rendering_vendor/lib:/opt/ros/jazzy/opt/gz_plugin_vendor/lib:/opt/ros/jazzy/opt/gz_fuel_tools_vendor/lib:/opt/ros/jazzy/opt/gz_msgs_vendor/lib:/opt/ros/jazzy/opt/gz_common_vendor/lib:/opt/ros/jazzy/opt/gz_math_vendor/lib:/opt/ros/jazzy/opt/gz_utils_vendor/lib:/opt/ros/jazzy/opt/gz_tools_vendor/lib:/opt/ros/jazzy/opt/gz_ogre_next_vendor/lib:/opt/ros/jazzy/opt/gz_dartsim_vendor/lib:/opt/ros/jazzy/opt/gz_cmake_vendor/lib:/opt/ros/jazzy/lib', 'HOME': '/home/atef', 'OLDPWD': '/home/atef', 'ROS_PYTHON_VERSION': '3', 'LC_CTYPE': 'C.UTF-8', 'ROS_DISTRO': 'jazzy', 'LOGNAME': 'atef', '_': '/bin/colcon', 'ROS_VERSION': '2', 'TERM': 'xterm-256color', 'PATH': '/opt/ros/jazzy/opt/gz_msgs_vendor/bin:/opt/ros/jazzy/opt/gz_tools_vendor/bin:/opt/ros/jazzy/opt/gz_ogre_next_vendor/bin:/opt/ros/jazzy/bin:/bin:/usr/bin:/usr/ucb:/usr/local/bin', 'AMENT_PREFIX_PATH': '/opt/ros/jazzy', 'ROS_AUTOMATIC_DISCOVERY_RANGE': 'SUBNET', 'PWD': '/home/atef/fav/ros2/build/depth_control', 'PYTHONPATH': '/opt/ros/jazzy/lib/python3.12/site-packages', 'COLCON': '1', 'CMAKE_PREFIX_PATH': '/opt/ros/jazzy/opt/gz_sim_vendor:/opt/ros/jazzy/opt/gz_sensors_vendor:/opt/ros/jazzy/opt/gz_physics_vendor:/opt/ros/jazzy/opt/sdformat_vendor:/opt/ros/jazzy/opt/gz_gui_vendor:/opt/ros/jazzy/opt/gz_transport_vendor:/opt/ros/jazzy/opt/gz_rendering_vendor:/opt/ros/jazzy/opt/gz_plugin_vendor:/opt/ros/jazzy/opt/gz_fuel_tools_vendor:/opt/ros/jazzy/opt/gz_msgs_vendor:/opt/ros/jazzy/opt/gz_common_vendor:/opt/ros/jazzy/opt/gz_math_vendor:/opt/ros/jazzy/opt/gz_utils_vendor:/opt/ros/jazzy/opt/gz_tools_vendor:/opt/ros/jazzy/opt/gz_ogre_next_vendor:/opt/ros/jazzy/opt/gz_dartsim_vendor:/opt/ros/jazzy/opt/gz_cmake_vendor:/opt/ros/jazzy'}), 'shell': False}
[0.091926] (scenario_msgs) StdoutLine: {'line': b'[ 25%] Built target scenario_msgs__rosidl_generator_c\n'}
[0.095114] (keyboard_control) StdoutLine: {'line': b'-- Install configuration: ""\n'}
[0.097015] (depth_control) StdoutLine: {'line': b'-- Install configuration: ""\n'}
[0.097241] (depth_control) StdoutLine: {'line': b'-- Execute custom install script\n'}
[0.097299] (depth_control) StdoutLine: {'line': b'-- Up-to-date symlink: /home/atef/fav/ros2/install/depth_control/lib/depth_control/depth_calculator.py\n'}
[0.098166] (depth_control) StdoutLine: {'line': b'-- Up-to-date symlink: /home/atef/fav/ros2/install/depth_control/lib/depth_control/depth_controller.py\n'}
[0.098233] (depth_control) StdoutLine: {'line': b'-- Up-to-date symlink: /home/atef/fav/ros2/install/depth_control/lib/depth_control/depth_setpoint.py\n'}
[0.098285] (depth_control) StdoutLine: {'line': b'-- Up-to-date symlink: /home/atef/fav/ros2/install/depth_control/share/depth_control/launch/depth_calculator.launch.py\n'}
[0.098352] (depth_control) StdoutLine: {'line': b'-- Up-to-date symlink: /home/atef/fav/ros2/install/depth_control/share/depth_control/launch/depth_control_full.launch.py\n'}
[0.098408] (depth_control) StdoutLine: {'line': b'-- Up-to-date symlink: /home/atef/fav/ros2/install/depth_control/share/depth_control/launch/depth_calculator.launch.py\n'}
[0.098458] (depth_control) StdoutLine: {'line': b'-- Up-to-date symlink: /home/atef/fav/ros2/install/depth_control/share/depth_control/launch/depth_control_full.launch.py\n'}
[0.098508] (depth_control) StdoutLine: {'line': b'-- Up-to-date symlink: /home/atef/fav/ros2/install/depth_control/share/depth_control/config/controller_params.yaml\n'}
[0.098558] (depth_control) StdoutLine: {'line': b'-- Up-to-date symlink: /home/atef/fav/ros2/install/depth_control/share/ament_index/resource_index/package_run_dependencies/depth_control\n'}
[0.100551] (keyboard_control) StdoutLine: {'line': b'-- Execute custom install script\n'}
[0.100715] (-) TimerEvent: {}
[0.100827] (keyboard_control) StdoutLine: {'line': b'-- Up-to-date symlink: /home/atef/fav/ros2/install/keyboard_control/lib/keyboard_control/keyboard_control_node\n'}
[0.100890] (keyboard_control) StdoutLine: {'line': b'-- Up-to-date symlink: /home/atef/fav/ros2/install/keyboard_control/share/ament_index/resource_index/package_run_dependencies/keyboard_control\n'}
[0.100944] (keyboard_control) StdoutLine: {'line': b'-- Up-to-date symlink: /home/atef/fav/ros2/install/keyboard_control/share/ament_index/resource_index/parent_prefix_path/keyboard_control\n'}
[0.100996] (keyboard_control) StdoutLine: {'line': b'-- Up-to-date symlink: /home/atef/fav/ros2/install/keyboard_control/share/keyboard_control/environment/ament_prefix_path.sh\n'}
[0.101048] (keyboard_control) StdoutLine: {'line': b'-- Up-to-date symlink: /home/atef/fav/ros2/install/keyboard_control/share/keyboard_control/environment/ament_prefix_path.dsv\n'}
[0.101098] (keyboard_control) StdoutLine: {'line': b'-- Up-to-date symlink: /home/atef/fav/ros2/install/keyboard_control/share/keyboard_control/environment/path.sh\n'}
[0.101147] (keyboard_control) StdoutLine: {'line': b'-- Up-to-date symlink: /home/atef/fav/ros2/install/keyboard_control/share/keyboard_control/environment/path.dsv\n'}
[0.101197] (keyboard_control) StdoutLine: {'line': b'-- Up-to-date symlink: /home/atef/fav/ros2/install/keyboard_control/share/keyboard_control/local_setup.bash\n'}
[0.101247] (keyboard_control) StdoutLine: {'line': b'-- Up-to-date symlink: /home/atef/fav/ros2/install/keyboard_control/share/keyboard_control/local_setup.sh\n'}
[0.101297] (keyboard_control) StdoutLine: {'line': b'-- Up-to-date symlink: /home/atef/fav/ros2/install/keyboard_control/share/keyboard_control/local_setup.zsh\n'}
[0.101365] (keyboard_control) StdoutLine: {'line': b'-- Up-to-date symlink: /home/atef/fav/ros2/install/keyboard_control/share/keyboard_control/local_setup.dsv\n'}
[0.101420] (keyboard_control) StdoutLine: {'line': b'-- Symlinking: /home/atef/fav/ros2/install/keyboard_control/share/keyboard_control/package.dsv\n'}
[0.101472] (depth_control) StdoutLine: {'line': b'-- Up-to-date symlink: /home/atef/fav/ros2/install/depth_control/share/ament_index/resource_index/parent_prefix_path/depth_control\n'}
[0.101534] (depth_control) StdoutLine: {'line': b'-- Up-to-date symlink: /home/atef/fav/ros2/install/depth_control/share/depth_control/environment/ament_prefix_path.sh\n'}
[0.101586] (depth_control) StdoutLine: {'line': b'-- Up-to-date symlink: /home/atef/fav/ros2/install/depth_control/share/depth_control/environment/ament_prefix_path.dsv\n'}
[0.101654] (depth_control) StdoutLine: {'line': b'-- Up-to-date symlink: /home/atef/fav/ros2/install/depth_control/share/depth_control/environment/path.sh\n'}
[0.101799] (depth_control) StdoutLine: {'line': b'-- Up-to-date symlink: /home/atef/fav/ros2/install/depth_control/share/depth_control/environment/path.dsv\n'}
[0.101868] (depth_control) StdoutLine: {'line': b'-- Up-to-date symlink: /home/atef/fav/ros2/install/depth_control/share/depth_control/local_setup.bash\n'}
[0.101920] (depth_control) StdoutLine: {'line': b'-- Up-to-date symlink: /home/atef/fav/ros2/install/depth_control/share/depth_control/local_setup.sh\n'}
[0.101969] (depth_control) StdoutLine: {'line': b'-- Up-to-date symlink: /home/atef/fav/ros2/install/depth_control/share/depth_control/local_setup.zsh\n'}
[0.102019] (depth_control) StdoutLine: {'line': b'-- Up-to-date symlink: /home/atef/fav/ros2/install/depth_control/share/depth_control/local_setup.dsv\n'}
[0.102069] (depth_control) StdoutLine: {'line': b'-- Symlinking: /home/atef/fav/ros2/install/depth_control/share/depth_control/package.dsv\n'}
[0.109730] (depth_control) StdoutLine: {'line': b'-- Up-to-date symlink: /home/atef/fav/ros2/install/depth_control/share/ament_index/resource_index/packages/depth_control\n'}
[0.109930] (depth_control) StdoutLine: {'line': b'-- Up-to-date symlink: /home/atef/fav/ros2/install/depth_control/share/depth_control/cmake/depth_controlConfig.cmake\n'}
[0.110004] (depth_control) StdoutLine: {'line': b'-- Up-to-date symlink: /home/atef/fav/ros2/install/depth_control/share/depth_control/cmake/depth_controlConfig-version.cmake\n'}
[0.110056] (depth_control) StdoutLine: {'line': b'-- Up-to-date symlink: /home/atef/fav/ros2/install/depth_control/share/depth_control/package.xml\n'}
[0.111699] (depth_control) CommandEnded: {'returncode': 0}
[0.116511] (keyboard_control) StdoutLine: {'line': b'-- Up-to-date symlink: /home/atef/fav/ros2/install/keyboard_control/share/ament_index/resource_index/packages/keyboard_control\n'}
[0.116643] (keyboard_control) StdoutLine: {'line': b'-- Up-to-date symlink: /home/atef/fav/ros2/install/keyboard_control/share/keyboard_control/cmake/keyboard_controlConfig.cmake\n'}
[0.116699] (keyboard_control) StdoutLine: {'line': b'-- Up-to-date symlink: /home/atef/fav/ros2/install/keyboard_control/share/keyboard_control/cmake/keyboard_controlConfig-version.cmake\n'}
[0.116750] (keyboard_control) StdoutLine: {'line': b'-- Up-to-date symlink: /home/atef/fav/ros2/install/keyboard_control/share/keyboard_control/package.xml\n'}
[0.122799] (scenario_msgs) StdoutLine: {'line': b'[ 35%] Built target scenario_msgs__rosidl_typesupport_introspection_c\n'}
[0.125580] (scenario_msgs) StdoutLine: {'line': b'[ 44%] Built target scenario_msgs__rosidl_typesupport_fastrtps_c\n'}
[0.126619] (scenario_msgs) StdoutLine: {'line': b'[ 54%] Built target scenario_msgs__rosidl_typesupport_cpp\n'}
[0.129652] (keyboard_control) CommandEnded: {'returncode': 0}
[0.129955] (scenario_msgs) StdoutLine: {'line': b'[ 63%] Built target scenario_msgs__rosidl_typesupport_c\n'}
[0.139193] (scenario_msgs) StdoutLine: {'line': b'[ 72%] Built target scenario_msgs__rosidl_typesupport_fastrtps_cpp\n'}
[0.149915] (scenario_msgs) StdoutLine: {'line': b'[ 82%] Built target scenario_msgs__rosidl_typesupport_introspection_cpp\n'}
[0.152318] (depth_control) JobEnded: {'identifier': 'depth_control', 'rc': 0}
[0.161531] (keyboard_control) JobEnded: {'identifier': 'keyboard_control', 'rc': 0}
[0.168408] (scenario_msgs) StdoutLine: {'line': b'[ 82%] Built target scenario_msgs\n'}
[0.188641] (scenario_msgs) StdoutLine: {'line': b'[ 83%] Built target scenario_msgs__py\n'}
[0.200905] (-) TimerEvent: {}
[0.211275] (scenario_msgs) StdoutLine: {'line': b'[ 91%] Built target scenario_msgs__rosidl_generator_py\n'}
[0.231587] (scenario_msgs) StdoutLine: {'line': b'[ 94%] Built target scenario_msgs_s__rosidl_typesupport_introspection_c\n'}
[0.231916] (scenario_msgs) StdoutLine: {'line': b'[ 97%] Built target scenario_msgs_s__rosidl_typesupport_c\n'}
[0.232215] (scenario_msgs) StdoutLine: {'line': b'[100%] Built target scenario_msgs_s__rosidl_typesupport_fastrtps_c\n'}
[0.299375] (scenario_msgs) StdoutLine: {'line': b'running egg_info\n'}
[0.301018] (-) TimerEvent: {}
[0.318525] (scenario_msgs) StdoutLine: {'line': b'writing scenario_msgs.egg-info/PKG-INFO\n'}
[0.318834] (scenario_msgs) StdoutLine: {'line': b'writing dependency_links to scenario_msgs.egg-info/dependency_links.txt\n'}
[0.319081] (scenario_msgs) StdoutLine: {'line': b'writing top-level names to scenario_msgs.egg-info/top_level.txt\n'}
[0.379264] (scenario_msgs) StdoutLine: {'line': b"reading manifest file 'scenario_msgs.egg-info/SOURCES.txt'\n"}
[0.379759] (scenario_msgs) StdoutLine: {'line': b"writing manifest file 'scenario_msgs.egg-info/SOURCES.txt'\n"}
[0.401170] (-) TimerEvent: {}
[0.421743] (scenario_msgs) StdoutLine: {'line': b'[100%] Built target ament_cmake_python_build_scenario_msgs_egg\n'}
[0.433535] (scenario_msgs) CommandEnded: {'returncode': 0}
[0.501310] (-) TimerEvent: {}
[0.563169] (scenario_msgs) JobProgress: {'identifier': 'scenario_msgs', 'progress': 'install'}
[0.563860] (scenario_msgs) Command: {'cmd': ['/bin/cmake', '--install', '/home/atef/fav/ros2/build/scenario_msgs'], 'cwd': '/home/atef/fav/ros2/build/scenario_msgs', 'env': OrderedDict({'GZ_SIM_SYSTEM_PLUGIN_PATH': '/opt/ros/jazzy/lib/hippo_gz_plugins/', 'USER': 'atef', 'GZ_CONFIG_PATH': '/opt/ros/jazzy/opt/gz_sim_vendor/share/gz:/opt/ros/jazzy/opt/sdformat_vendor/share/gz:/opt/ros/jazzy/opt/gz_gui_vendor/share/gz:/opt/ros/jazzy/opt/gz_transport_vendor/share/gz:/opt/ros/jazzy/opt/gz_rendering_vendor/share/gz:/opt/ros/jazzy/opt/gz_plugin_vendor/share/gz:/opt/ros/jazzy/opt/gz_fuel_tools_vendor/share/gz:/opt/ros/jazzy/opt/gz_msgs_vendor/share/gz:/opt/ros/jazzy/opt/gz_common_vendor/share/gz', 'SHLVL': '0', 'LD_LIBRARY_PATH': '/opt/ros/jazzy/opt/gz_sim_vendor/lib:/opt/ros/jazzy/opt/gz_sensors_vendor/lib:/opt/ros/jazzy/opt/gz_physics_vendor/lib:/opt/ros/jazzy/opt/sdformat_vendor/lib:/opt/ros/jazzy/opt/rviz_ogre_vendor/lib:/opt/ros/jazzy/lib/x86_64-linux-gnu:/opt/ros/jazzy/opt/gz_gui_vendor/lib:/opt/ros/jazzy/opt/gz_transport_vendor/lib:/opt/ros/jazzy/opt/gz_rendering_vendor/lib:/opt/ros/jazzy/opt/gz_plugin_vendor/lib:/opt/ros/jazzy/opt/gz_fuel_tools_vendor/lib:/opt/ros/jazzy/opt/gz_msgs_vendor/lib:/opt/ros/jazzy/opt/gz_common_vendor/lib:/opt/ros/jazzy/opt/gz_math_vendor/lib:/opt/ros/jazzy/opt/gz_utils_vendor/lib:/opt/ros/jazzy/opt/gz_tools_vendor/lib:/opt/ros/jazzy/opt/gz_ogre_next_vendor/lib:/opt/ros/jazzy/opt/gz_dartsim_vendor/lib:/opt/ros/jazzy/opt/gz_cmake_vendor/lib:/opt/ros/jazzy/lib', 'HOME': '/home/atef', 'OLDPWD': '/home/atef', 'ROS_PYTHON_VERSION': '3', 'LC_CTYPE': 'C.UTF-8', 'ROS_DISTRO': 'jazzy', 'LOGNAME': 'atef', '_': '/bin/colcon', 'ROS_VERSION': '2', 'TERM': 'xterm-256color', 'PATH': '/opt/ros/jazzy/opt/gz_msgs_vendor/bin:/opt/ros/jazzy/opt/gz_tools_vendor/bin:/opt/ros/jazzy/opt/gz_ogre_next_vendor/bin:/opt/ros/jazzy/bin:/bin:/usr/bin:/usr/ucb:/usr/local/bin', 'AMENT_PREFIX_PATH': '/opt/ros/jazzy', 'ROS_AUTOMATIC_DISCOVERY_RANGE': 'SUBNET', 'PWD': '/home/atef/fav/ros2/build/scenario_msgs', 'PYTHONPATH': '/opt/ros/jazzy/lib/python3.12/site-packages', 'COLCON': '1', 'CMAKE_PREFIX_PATH': '/opt/ros/jazzy/opt/gz_sim_vendor:/opt/ros/jazzy/opt/gz_sensors_vendor:/opt/ros/jazzy/opt/gz_physics_vendor:/opt/ros/jazzy/opt/sdformat_vendor:/opt/ros/jazzy/opt/gz_gui_vendor:/opt/ros/jazzy/opt/gz_transport_vendor:/opt/ros/jazzy/opt/gz_rendering_vendor:/opt/ros/jazzy/opt/gz_plugin_vendor:/opt/ros/jazzy/opt/gz_fuel_tools_vendor:/opt/ros/jazzy/opt/gz_msgs_vendor:/opt/ros/jazzy/opt/gz_common_vendor:/opt/ros/jazzy/opt/gz_math_vendor:/opt/ros/jazzy/opt/gz_utils_vendor:/opt/ros/jazzy/opt/gz_tools_vendor:/opt/ros/jazzy/opt/gz_ogre_next_vendor:/opt/ros/jazzy/opt/gz_dartsim_vendor:/opt/ros/jazzy/opt/gz_cmake_vendor:/opt/ros/jazzy'}), 'shell': False}
[0.570834] (scenario_msgs) StdoutLine: {'line': b'-- Install configuration: ""\n'}
[0.571307] (scenario_msgs) StdoutLine: {'line': b'-- Execute custom install script\n'}
[0.571588] (scenario_msgs) StdoutLine: {'line': b'-- Up-to-date symlink: /home/atef/fav/ros2/install/scenario_msgs/share/ament_index/resource_index/rosidl_interfaces/scenario_msgs\n'}
[0.571791] (scenario_msgs) StdoutLine: {'line': b'-- Up-to-date symlink: /home/atef/fav/ros2/install/scenario_msgs/share/scenario_msgs/msg/PolygonsStamped.json\n'}
[0.571990] (scenario_msgs) StdoutLine: {'line': b'-- Up-to-date symlink: /home/atef/fav/ros2/install/scenario_msgs/share/scenario_msgs/msg/Viewpoint.json\n'}
[0.572120] (scenario_msgs) StdoutLine: {'line': b'-- Up-to-date symlink: /home/atef/fav/ros2/install/scenario_msgs/share/scenario_msgs/msg/Viewpoints.json\n'}
[0.572246] (scenario_msgs) StdoutLine: {'line': b'-- Up-to-date symlink: /home/atef/fav/ros2/install/scenario_msgs/share/scenario_msgs/srv/MoveToStart.json\n'}
[0.572449] (scenario_msgs) StdoutLine: {'line': b'-- Up-to-date symlink: /home/atef/fav/ros2/install/scenario_msgs/share/scenario_msgs/srv/SetPath.json\n'}
[0.572666] (scenario_msgs) StdoutLine: {'line': b'-- Up-to-date symlink: /home/atef/fav/ros2/install/scenario_msgs/include/scenario_msgs/scenario_msgs/msg/detail/polygons_stamped__functions.h\n'}
[0.572822] (scenario_msgs) StdoutLine: {'line': b'-- Up-to-date symlink: /home/atef/fav/ros2/install/scenario_msgs/include/scenario_msgs/scenario_msgs/msg/detail/polygons_stamped__struct.h\n'}
[0.573038] (scenario_msgs) StdoutLine: {'line': b'-- Up-to-date symlink: /home/atef/fav/ros2/install/scenario_msgs/include/scenario_msgs/scenario_msgs/msg/detail/polygons_stamped__type_support.h\n'}
[0.573202] (scenario_msgs) StdoutLine: {'line': b'-- Up-to-date symlink: /home/atef/fav/ros2/install/scenario_msgs/include/scenario_msgs/scenario_msgs/msg/detail/viewpoint__functions.h\n'}
[0.573415] (scenario_msgs) StdoutLine: {'line': b'-- Up-to-date symlink: /home/atef/fav/ros2/install/scenario_msgs/include/scenario_msgs/scenario_msgs/msg/detail/viewpoint__struct.h\n'}
[0.573657] (scenario_msgs) StdoutLine: {'line': b'-- Up-to-date symlink: /home/atef/fav/ros2/install/scenario_msgs/include/scenario_msgs/scenario_msgs/msg/detail/viewpoint__type_support.h\n'}
[0.573813] (scenario_msgs) StdoutLine: {'line': b'-- Up-to-date symlink: /home/atef/fav/ros2/install/scenario_msgs/include/scenario_msgs/scenario_msgs/msg/detail/viewpoints__functions.h\n'}
[0.573970] (scenario_msgs) StdoutLine: {'line': b'-- Up-to-date symlink: /home/atef/fav/ros2/install/scenario_msgs/include/scenario_msgs/scenario_msgs/msg/detail/viewpoints__struct.h\n'}
[0.574132] (scenario_msgs) StdoutLine: {'line': b'-- Up-to-date symlink: /home/atef/fav/ros2/install/scenario_msgs/include/scenario_msgs/scenario_msgs/msg/detail/viewpoints__type_support.h\n'}
[0.574375] (scenario_msgs) StdoutLine: {'line': b'-- Up-to-date symlink: /home/atef/fav/ros2/install/scenario_msgs/include/scenario_msgs/scenario_msgs/msg/polygons_stamped.h\n'}
[0.574541] (scenario_msgs) StdoutLine: {'line': b'-- Up-to-date symlink: /home/atef/fav/ros2/install/scenario_msgs/include/scenario_msgs/scenario_msgs/msg/rosidl_generator_c__visibility_control.h\n'}
[0.574701] (scenario_msgs) StdoutLine: {'line': b'-- Up-to-date symlink: /home/atef/fav/ros2/install/scenario_msgs/include/scenario_msgs/scenario_msgs/msg/viewpoint.h\n'}
[0.574909] (scenario_msgs) StdoutLine: {'line': b'-- Up-to-date symlink: /home/atef/fav/ros2/install/scenario_msgs/include/scenario_msgs/scenario_msgs/msg/viewpoints.h\n'}
[0.575064] (scenario_msgs) StdoutLine: {'line': b'-- Up-to-date symlink: /home/atef/fav/ros2/install/scenario_msgs/include/scenario_msgs/scenario_msgs/srv/detail/move_to_start__functions.h\n'}
[0.575217] (scenario_msgs) StdoutLine: {'line': b'-- Up-to-date symlink: /home/atef/fav/ros2/install/scenario_msgs/include/scenario_msgs/scenario_msgs/srv/detail/move_to_start__struct.h\n'}
[0.575444] (scenario_msgs) StdoutLine: {'line': b'-- Up-to-date symlink: /home/atef/fav/ros2/install/scenario_msgs/include/scenario_msgs/scenario_msgs/srv/detail/move_to_start__type_support.h\n'}
[0.575683] (scenario_msgs) StdoutLine: {'line': b'-- Up-to-date symlink: /home/atef/fav/ros2/install/scenario_msgs/include/scenario_msgs/scenario_msgs/srv/detail/set_path__functions.h\n'}
[0.575864] (scenario_msgs) StdoutLine: {'line': b'-- Up-to-date symlink: /home/atef/fav/ros2/install/scenario_msgs/include/scenario_msgs/scenario_msgs/srv/detail/set_path__struct.h\n'}
[0.576012] (scenario_msgs) StdoutLine: {'line': b'-- Up-to-date symlink: /home/atef/fav/ros2/install/scenario_msgs/include/scenario_msgs/scenario_msgs/srv/detail/set_path__type_support.h\n'}
[0.576166] (scenario_msgs) StdoutLine: {'line': b'-- Up-to-date symlink: /home/atef/fav/ros2/install/scenario_msgs/include/scenario_msgs/scenario_msgs/srv/move_to_start.h\n'}
[0.576320] (scenario_msgs) StdoutLine: {'line': b'-- Up-to-date symlink: /home/atef/fav/ros2/install/scenario_msgs/include/scenario_msgs/scenario_msgs/srv/set_path.h\n'}
[0.576574] (scenario_msgs) StdoutLine: {'line': b'-- Up-to-date symlink: /home/atef/fav/ros2/install/scenario_msgs/share/scenario_msgs/environment/library_path.sh\n'}
[0.576735] (scenario_msgs) StdoutLine: {'line': b'-- Up-to-date symlink: /home/atef/fav/ros2/install/scenario_msgs/share/scenario_msgs/environment/library_path.dsv\n'}
[0.576887] (scenario_msgs) StdoutLine: {'line': b'-- Up-to-date symlink: /home/atef/fav/ros2/install/scenario_msgs/include/scenario_msgs/scenario_msgs/msg/detail/polygons_stamped__rosidl_typesupport_fastrtps_c.h\n'}
[0.577042] (scenario_msgs) StdoutLine: {'line': b'-- Up-to-date symlink: /home/atef/fav/ros2/install/scenario_msgs/include/scenario_msgs/scenario_msgs/msg/detail/viewpoint__rosidl_typesupport_fastrtps_c.h\n'}
[0.577195] (scenario_msgs) StdoutLine: {'line': b'-- Up-to-date symlink: /home/atef/fav/ros2/install/scenario_msgs/include/scenario_msgs/scenario_msgs/msg/detail/viewpoints__rosidl_typesupport_fastrtps_c.h\n'}
[0.577420] (scenario_msgs) StdoutLine: {'line': b'-- Up-to-date symlink: /home/atef/fav/ros2/install/scenario_msgs/include/scenario_msgs/scenario_msgs/msg/rosidl_typesupport_fastrtps_c__visibility_control.h\n'}
[0.577668] (scenario_msgs) StdoutLine: {'line': b'-- Up-to-date symlink: /home/atef/fav/ros2/install/scenario_msgs/include/scenario_msgs/scenario_msgs/srv/detail/move_to_start__rosidl_typesupport_fastrtps_c.h\n'}
[0.577827] (scenario_msgs) StdoutLine: {'line': b'-- Up-to-date symlink: /home/atef/fav/ros2/install/scenario_msgs/include/scenario_msgs/scenario_msgs/srv/detail/set_path__rosidl_typesupport_fastrtps_c.h\n'}
[0.577980] (scenario_msgs) StdoutLine: {'line': b'-- Up-to-date symlink: /home/atef/fav/ros2/install/scenario_msgs/include/scenario_msgs/scenario_msgs/msg/detail/polygons_stamped__rosidl_typesupport_introspection_c.h\n'}
[0.578186] (scenario_msgs) StdoutLine: {'line': b'-- Up-to-date symlink: /home/atef/fav/ros2/install/scenario_msgs/include/scenario_msgs/scenario_msgs/msg/detail/viewpoint__rosidl_typesupport_introspection_c.h\n'}
[0.578354] (scenario_msgs) StdoutLine: {'line': b'-- Up-to-date symlink: /home/atef/fav/ros2/install/scenario_msgs/include/scenario_msgs/scenario_msgs/msg/detail/viewpoints__rosidl_typesupport_introspection_c.h\n'}
[0.578547] (scenario_msgs) StdoutLine: {'line': b'-- Up-to-date symlink: /home/atef/fav/ros2/install/scenario_msgs/include/scenario_msgs/scenario_msgs/msg/rosidl_typesupport_introspection_c__visibility_control.h\n'}
[0.578702] (scenario_msgs) StdoutLine: {'line': b'-- Up-to-date symlink: /home/atef/fav/ros2/install/scenario_msgs/include/scenario_msgs/scenario_msgs/srv/detail/move_to_start__rosidl_typesupport_introspection_c.h\n'}
[0.578852] (scenario_msgs) StdoutLine: {'line': b'-- Up-to-date symlink: /home/atef/fav/ros2/install/scenario_msgs/include/scenario_msgs/scenario_msgs/srv/detail/set_path__rosidl_typesupport_introspection_c.h\n'}
[0.579066] (scenario_msgs) StdoutLine: {'line': b'-- Up-to-date symlink: /home/atef/fav/ros2/install/scenario_msgs/include/scenario_msgs/scenario_msgs/msg/detail/polygons_stamped__builder.hpp\n'}
[0.579234] (scenario_msgs) StdoutLine: {'line': b'-- Up-to-date symlink: /home/atef/fav/ros2/install/scenario_msgs/include/scenario_msgs/scenario_msgs/msg/detail/polygons_stamped__struct.hpp\n'}
[0.579422] (scenario_msgs) StdoutLine: {'line': b'-- Up-to-date symlink: /home/atef/fav/ros2/install/scenario_msgs/include/scenario_msgs/scenario_msgs/msg/detail/polygons_stamped__traits.hpp\n'}
[0.579653] (scenario_msgs) StdoutLine: {'line': b'-- Up-to-date symlink: /home/atef/fav/ros2/install/scenario_msgs/include/scenario_msgs/scenario_msgs/msg/detail/polygons_stamped__type_support.hpp\n'}
[0.579808] (scenario_msgs) StdoutLine: {'line': b'-- Up-to-date symlink: /home/atef/fav/ros2/install/scenario_msgs/include/scenario_msgs/scenario_msgs/msg/detail/viewpoint__builder.hpp\n'}
[0.579961] (scenario_msgs) StdoutLine: {'line': b'-- Up-to-date symlink: /home/atef/fav/ros2/install/scenario_msgs/include/scenario_msgs/scenario_msgs/msg/detail/viewpoint__struct.hpp\n'}
[0.580116] (scenario_msgs) StdoutLine: {'line': b'-- Up-to-date symlink: /home/atef/fav/ros2/install/scenario_msgs/include/scenario_msgs/scenario_msgs/msg/detail/viewpoint__traits.hpp\n'}
[0.580268] (scenario_msgs) StdoutLine: {'line': b'-- Up-to-date symlink: /home/atef/fav/ros2/install/scenario_msgs/include/scenario_msgs/scenario_msgs/msg/detail/viewpoint__type_support.hpp\n'}
[0.580445] (scenario_msgs) StdoutLine: {'line': b'-- Up-to-date symlink: /home/atef/fav/ros2/install/scenario_msgs/include/scenario_msgs/scenario_msgs/msg/detail/viewpoints__builder.hpp\n'}
[0.580711] (scenario_msgs) StdoutLine: {'line': b'-- Up-to-date symlink: /home/atef/fav/ros2/install/scenario_msgs/include/scenario_msgs/scenario_msgs/msg/detail/viewpoints__struct.hpp\n'}
[0.580860] (scenario_msgs) StdoutLine: {'line': b'-- Up-to-date symlink: /home/atef/fav/ros2/install/scenario_msgs/include/scenario_msgs/scenario_msgs/msg/detail/viewpoints__traits.hpp\n'}
[0.581017] (scenario_msgs) StdoutLine: {'line': b'-- Up-to-date symlink: /home/atef/fav/ros2/install/scenario_msgs/include/scenario_msgs/scenario_msgs/msg/detail/viewpoints__type_support.hpp\n'}
[0.581172] (scenario_msgs) StdoutLine: {'line': b'-- Up-to-date symlink: /home/atef/fav/ros2/install/scenario_msgs/include/scenario_msgs/scenario_msgs/msg/polygons_stamped.hpp\n'}
[0.581322] (scenario_msgs) StdoutLine: {'line': b'-- Up-to-date symlink: /home/atef/fav/ros2/install/scenario_msgs/include/scenario_msgs/scenario_msgs/msg/rosidl_generator_cpp__visibility_control.hpp\n'}
[0.581502] (scenario_msgs) StdoutLine: {'line': b'-- Up-to-date symlink: /home/atef/fav/ros2/install/scenario_msgs/include/scenario_msgs/scenario_msgs/msg/viewpoint.hpp\n'}
[0.581657] (scenario_msgs) StdoutLine: {'line': b'-- Up-to-date symlink: /home/atef/fav/ros2/install/scenario_msgs/include/scenario_msgs/scenario_msgs/msg/viewpoints.hpp\n'}
[0.582186] (scenario_msgs) StdoutLine: {'line': b'-- Up-to-date symlink: /home/atef/fav/ros2/install/scenario_msgs/include/scenario_msgs/scenario_msgs/srv/detail/move_to_start__builder.hpp\n'}
[0.582426] (scenario_msgs) StdoutLine: {'line': b'-- Up-to-date symlink: /home/atef/fav/ros2/install/scenario_msgs/include/scenario_msgs/scenario_msgs/srv/detail/move_to_start__struct.hpp\n'}
[0.582764] (scenario_msgs) StdoutLine: {'line': b'-- Up-to-date symlink: /home/atef/fav/ros2/install/scenario_msgs/include/scenario_msgs/scenario_msgs/srv/detail/move_to_start__traits.hpp\n'}
[0.582966] (scenario_msgs) StdoutLine: {'line': b'-- Up-to-date symlink: /home/atef/fav/ros2/install/scenario_msgs/include/scenario_msgs/scenario_msgs/srv/detail/move_to_start__type_support.hpp\n'}
[0.583224] (scenario_msgs) StdoutLine: {'line': b'-- Up-to-date symlink: /home/atef/fav/ros2/install/scenario_msgs/include/scenario_msgs/scenario_msgs/srv/detail/set_path__builder.hpp\n'}
[0.583545] (scenario_msgs) StdoutLine: {'line': b'-- Up-to-date symlink: /home/atef/fav/ros2/install/scenario_msgs/include/scenario_msgs/scenario_msgs/srv/detail/set_path__struct.hpp\n'}
[0.583733] (scenario_msgs) StdoutLine: {'line': b'-- Up-to-date symlink: /home/atef/fav/ros2/install/scenario_msgs/include/scenario_msgs/scenario_msgs/srv/detail/set_path__traits.hpp\n'}
[0.583886] (scenario_msgs) StdoutLine: {'line': b'-- Up-to-date symlink: /home/atef/fav/ros2/install/scenario_msgs/include/scenario_msgs/scenario_msgs/srv/detail/set_path__type_support.hpp\n'}
[0.584085] (scenario_msgs) StdoutLine: {'line': b'-- Up-to-date symlink: /home/atef/fav/ros2/install/scenario_msgs/include/scenario_msgs/scenario_msgs/srv/move_to_start.hpp\n'}
[0.584239] (scenario_msgs) StdoutLine: {'line': b'-- Up-to-date symlink: /home/atef/fav/ros2/install/scenario_msgs/include/scenario_msgs/scenario_msgs/srv/set_path.hpp\n'}
[0.584482] (scenario_msgs) StdoutLine: {'line': b'-- Up-to-date symlink: /home/atef/fav/ros2/install/scenario_msgs/include/scenario_msgs/scenario_msgs/msg/detail/polygons_stamped__rosidl_typesupport_fastrtps_cpp.hpp\n'}
[0.584668] (scenario_msgs) StdoutLine: {'line': b'-- Up-to-date symlink: /home/atef/fav/ros2/install/scenario_msgs/include/scenario_msgs/scenario_msgs/msg/detail/viewpoint__rosidl_typesupport_fastrtps_cpp.hpp\n'}
[0.584885] (scenario_msgs) StdoutLine: {'line': b'-- Up-to-date symlink: /home/atef/fav/ros2/install/scenario_msgs/include/scenario_msgs/scenario_msgs/msg/detail/viewpoints__rosidl_typesupport_fastrtps_cpp.hpp\n'}
[0.585074] (scenario_msgs) StdoutLine: {'line': b'-- Up-to-date symlink: /home/atef/fav/ros2/install/scenario_msgs/include/scenario_msgs/scenario_msgs/msg/rosidl_typesupport_fastrtps_cpp__visibility_control.h\n'}
[0.585231] (scenario_msgs) StdoutLine: {'line': b'-- Up-to-date symlink: /home/atef/fav/ros2/install/scenario_msgs/include/scenario_msgs/scenario_msgs/srv/detail/move_to_start__rosidl_typesupport_fastrtps_cpp.hpp\n'}
[0.585399] (scenario_msgs) StdoutLine: {'line': b'-- Up-to-date symlink: /home/atef/fav/ros2/install/scenario_msgs/include/scenario_msgs/scenario_msgs/srv/detail/set_path__rosidl_typesupport_fastrtps_cpp.hpp\n'}
[0.585553] (scenario_msgs) StdoutLine: {'line': b'-- Up-to-date symlink: /home/atef/fav/ros2/install/scenario_msgs/include/scenario_msgs/scenario_msgs/msg/detail/polygons_stamped__rosidl_typesupport_introspection_cpp.hpp\n'}
[0.585700] (scenario_msgs) StdoutLine: {'line': b'-- Up-to-date symlink: /home/atef/fav/ros2/install/scenario_msgs/include/scenario_msgs/scenario_msgs/msg/detail/viewpoint__rosidl_typesupport_introspection_cpp.hpp\n'}
[0.585846] (scenario_msgs) StdoutLine: {'line': b'-- Up-to-date symlink: /home/atef/fav/ros2/install/scenario_msgs/include/scenario_msgs/scenario_msgs/msg/detail/viewpoints__rosidl_typesupport_introspection_cpp.hpp\n'}
[0.585992] (scenario_msgs) StdoutLine: {'line': b'-- Up-to-date symlink: /home/atef/fav/ros2/install/scenario_msgs/include/scenario_msgs/scenario_msgs/srv/detail/move_to_start__rosidl_typesupport_introspection_cpp.hpp\n'}
[0.586140] (scenario_msgs) StdoutLine: {'line': b'-- Up-to-date symlink: /home/atef/fav/ros2/install/scenario_msgs/include/scenario_msgs/scenario_msgs/srv/detail/set_path__rosidl_typesupport_introspection_cpp.hpp\n'}
[0.586287] (scenario_msgs) StdoutLine: {'line': b'-- Up-to-date symlink: /home/atef/fav/ros2/install/scenario_msgs/share/scenario_msgs/environment/pythonpath.sh\n'}
[0.586486] (scenario_msgs) StdoutLine: {'line': b'-- Up-to-date symlink: /home/atef/fav/ros2/install/scenario_msgs/share/scenario_msgs/environment/pythonpath.dsv\n'}
[0.586637] (scenario_msgs) StdoutLine: {'line': b'-- Up-to-date symlink: /home/atef/fav/ros2/install/scenario_msgs/lib/python3.12/site-packages/scenario_msgs-0.0.0-py3.12.egg-info/PKG-INFO\n'}
[0.586784] (scenario_msgs) StdoutLine: {'line': b'-- Up-to-date symlink: /home/atef/fav/ros2/install/scenario_msgs/lib/python3.12/site-packages/scenario_msgs-0.0.0-py3.12.egg-info/SOURCES.txt\n'}
[0.586930] (scenario_msgs) StdoutLine: {'line': b'-- Up-to-date symlink: /home/atef/fav/ros2/install/scenario_msgs/lib/python3.12/site-packages/scenario_msgs-0.0.0-py3.12.egg-info/dependency_links.txt\n'}
[0.587077] (scenario_msgs) StdoutLine: {'line': b'-- Up-to-date symlink: /home/atef/fav/ros2/install/scenario_msgs/lib/python3.12/site-packages/scenario_msgs-0.0.0-py3.12.egg-info/top_level.txt\n'}
[0.587222] (scenario_msgs) StdoutLine: {'line': b'-- Up-to-date symlink: /home/atef/fav/ros2/install/scenario_msgs/lib/python3.12/site-packages/scenario_msgs/__init__.py\n'}
[0.587396] (scenario_msgs) StdoutLine: {'line': b'-- Up-to-date symlink: /home/atef/fav/ros2/install/scenario_msgs/lib/python3.12/site-packages/scenario_msgs/_scenario_msgs_s.ep.rosidl_typesupport_c.c\n'}
[0.587588] (scenario_msgs) StdoutLine: {'line': b'-- Up-to-date symlink: /home/atef/fav/ros2/install/scenario_msgs/lib/python3.12/site-packages/scenario_msgs/_scenario_msgs_s.ep.rosidl_typesupport_fastrtps_c.c\n'}
[0.587754] (scenario_msgs) StdoutLine: {'line': b'-- Up-to-date symlink: /home/atef/fav/ros2/install/scenario_msgs/lib/python3.12/site-packages/scenario_msgs/_scenario_msgs_s.ep.rosidl_typesupport_introspection_c.c\n'}
[0.587919] (scenario_msgs) StdoutLine: {'line': b'-- Up-to-date symlink: /home/atef/fav/ros2/install/scenario_msgs/lib/python3.12/site-packages/scenario_msgs/msg/__init__.py\n'}
[0.588083] (scenario_msgs) StdoutLine: {'line': b'-- Up-to-date symlink: /home/atef/fav/ros2/install/scenario_msgs/lib/python3.12/site-packages/scenario_msgs/msg/_polygons_stamped.py\n'}
[0.588247] (scenario_msgs) StdoutLine: {'line': b'-- Up-to-date symlink: /home/atef/fav/ros2/install/scenario_msgs/lib/python3.12/site-packages/scenario_msgs/msg/_polygons_stamped_s.c\n'}
[0.588433] (scenario_msgs) StdoutLine: {'line': b'-- Up-to-date symlink: /home/atef/fav/ros2/install/scenario_msgs/lib/python3.12/site-packages/scenario_msgs/msg/_viewpoint.py\n'}
[0.588604] (scenario_msgs) StdoutLine: {'line': b'-- Up-to-date symlink: /home/atef/fav/ros2/install/scenario_msgs/lib/python3.12/site-packages/scenario_msgs/msg/_viewpoint_s.c\n'}
[0.588774] (scenario_msgs) StdoutLine: {'line': b'-- Up-to-date symlink: /home/atef/fav/ros2/install/scenario_msgs/lib/python3.12/site-packages/scenario_msgs/msg/_viewpoints.py\n'}
[0.588945] (scenario_msgs) StdoutLine: {'line': b'-- Up-to-date symlink: /home/atef/fav/ros2/install/scenario_msgs/lib/python3.12/site-packages/scenario_msgs/msg/_viewpoints_s.c\n'}
[0.589112] (scenario_msgs) StdoutLine: {'line': b'-- Up-to-date symlink: /home/atef/fav/ros2/install/scenario_msgs/lib/python3.12/site-packages/scenario_msgs/scenario_msgs_s__rosidl_typesupport_c.so\n'}
[0.589290] (scenario_msgs) StdoutLine: {'line': b'-- Up-to-date symlink: /home/atef/fav/ros2/install/scenario_msgs/lib/python3.12/site-packages/scenario_msgs/scenario_msgs_s__rosidl_typesupport_fastrtps_c.so\n'}
[0.589420] (scenario_msgs) StdoutLine: {'line': b'-- Up-to-date symlink: /home/atef/fav/ros2/install/scenario_msgs/lib/python3.12/site-packages/scenario_msgs/scenario_msgs_s__rosidl_typesupport_introspection_c.so\n'}
[0.589535] (scenario_msgs) StdoutLine: {'line': b'-- Up-to-date symlink: /home/atef/fav/ros2/install/scenario_msgs/lib/python3.12/site-packages/scenario_msgs/srv/__init__.py\n'}
[0.589647] (scenario_msgs) StdoutLine: {'line': b'-- Up-to-date symlink: /home/atef/fav/ros2/install/scenario_msgs/lib/python3.12/site-packages/scenario_msgs/srv/_move_to_start.py\n'}
[0.589758] (scenario_msgs) StdoutLine: {'line': b'-- Up-to-date symlink: /home/atef/fav/ros2/install/scenario_msgs/lib/python3.12/site-packages/scenario_msgs/srv/_move_to_start_s.c\n'}
[0.589869] (scenario_msgs) StdoutLine: {'line': b'-- Up-to-date symlink: /home/atef/fav/ros2/install/scenario_msgs/lib/python3.12/site-packages/scenario_msgs/srv/_set_path.py\n'}
[0.589981] (scenario_msgs) StdoutLine: {'line': b'-- Up-to-date symlink: /home/atef/fav/ros2/install/scenario_msgs/lib/python3.12/site-packages/scenario_msgs/srv/_set_path_s.c\n'}
[0.590093] (scenario_msgs) StdoutLine: {'line': b'-- Up-to-date symlink: /home/atef/fav/ros2/install/scenario_msgs/lib/python3.12/site-packages/scenario_msgs/scenario_msgs_s__rosidl_typesupport_fastrtps_c.so\n'}
[0.590205] (scenario_msgs) StdoutLine: {'line': b'-- Up-to-date symlink: /home/atef/fav/ros2/install/scenario_msgs/lib/python3.12/site-packages/scenario_msgs/scenario_msgs_s__rosidl_typesupport_introspection_c.so\n'}
[0.590316] (scenario_msgs) StdoutLine: {'line': b'-- Up-to-date symlink: /home/atef/fav/ros2/install/scenario_msgs/lib/python3.12/site-packages/scenario_msgs/scenario_msgs_s__rosidl_typesupport_c.so\n'}
[0.590446] (scenario_msgs) StdoutLine: {'line': b'-- Up-to-date symlink: /home/atef/fav/ros2/install/scenario_msgs/share/scenario_msgs/msg/PolygonsStamped.idl\n'}
[0.590573] (scenario_msgs) StdoutLine: {'line': b'-- Up-to-date symlink: /home/atef/fav/ros2/install/scenario_msgs/share/scenario_msgs/msg/Viewpoint.idl\n'}
[0.590687] (scenario_msgs) StdoutLine: {'line': b'-- Up-to-date symlink: /home/atef/fav/ros2/install/scenario_msgs/share/scenario_msgs/msg/Viewpoints.idl\n'}
[0.590813] (scenario_msgs) StdoutLine: {'line': b'-- Up-to-date symlink: /home/atef/fav/ros2/install/scenario_msgs/share/scenario_msgs/srv/MoveToStart.idl\n'}
[0.590929] (scenario_msgs) StdoutLine: {'line': b'-- Up-to-date symlink: /home/atef/fav/ros2/install/scenario_msgs/share/scenario_msgs/srv/SetPath.idl\n'}
[0.591040] (scenario_msgs) StdoutLine: {'line': b'-- Up-to-date symlink: /home/atef/fav/ros2/install/scenario_msgs/share/scenario_msgs/msg/PolygonsStamped.msg\n'}
[0.591153] (scenario_msgs) StdoutLine: {'line': b'-- Up-to-date symlink: /home/atef/fav/ros2/install/scenario_msgs/share/scenario_msgs/msg/Viewpoint.msg\n'}
[0.591265] (scenario_msgs) StdoutLine: {'line': b'-- Up-to-date symlink: /home/atef/fav/ros2/install/scenario_msgs/share/scenario_msgs/msg/Viewpoints.msg\n'}
[0.591395] (scenario_msgs) StdoutLine: {'line': b'-- Up-to-date symlink: /home/atef/fav/ros2/install/scenario_msgs/share/scenario_msgs/srv/MoveToStart.srv\n'}
[0.591512] (scenario_msgs) StdoutLine: {'line': b'-- Up-to-date symlink: /home/atef/fav/ros2/install/scenario_msgs/share/scenario_msgs/srv/SetPath.srv\n'}
[0.591623] (scenario_msgs) StdoutLine: {'line': b'-- Up-to-date symlink: /home/atef/fav/ros2/install/scenario_msgs/share/ament_index/resource_index/package_run_dependencies/scenario_msgs\n'}
[0.591736] (scenario_msgs) StdoutLine: {'line': b'-- Up-to-date symlink: /home/atef/fav/ros2/install/scenario_msgs/share/ament_index/resource_index/parent_prefix_path/scenario_msgs\n'}
[0.591849] (scenario_msgs) StdoutLine: {'line': b'-- Up-to-date symlink: /home/atef/fav/ros2/install/scenario_msgs/share/scenario_msgs/environment/ament_prefix_path.sh\n'}
[0.591961] (scenario_msgs) StdoutLine: {'line': b'-- Up-to-date symlink: /home/atef/fav/ros2/install/scenario_msgs/share/scenario_msgs/environment/ament_prefix_path.dsv\n'}
[0.592074] (scenario_msgs) StdoutLine: {'line': b'-- Up-to-date symlink: /home/atef/fav/ros2/install/scenario_msgs/share/scenario_msgs/environment/path.sh\n'}
[0.592185] (scenario_msgs) StdoutLine: {'line': b'-- Up-to-date symlink: /home/atef/fav/ros2/install/scenario_msgs/share/scenario_msgs/environment/path.dsv\n'}
[0.592298] (scenario_msgs) StdoutLine: {'line': b'-- Up-to-date symlink: /home/atef/fav/ros2/install/scenario_msgs/share/scenario_msgs/local_setup.bash\n'}
[0.592426] (scenario_msgs) StdoutLine: {'line': b'-- Up-to-date symlink: /home/atef/fav/ros2/install/scenario_msgs/share/scenario_msgs/local_setup.sh\n'}
[0.592541] (scenario_msgs) StdoutLine: {'line': b'-- Up-to-date symlink: /home/atef/fav/ros2/install/scenario_msgs/share/scenario_msgs/local_setup.zsh\n'}
[0.592653] (scenario_msgs) StdoutLine: {'line': b'-- Up-to-date symlink: /home/atef/fav/ros2/install/scenario_msgs/share/scenario_msgs/local_setup.dsv\n'}
[0.592768] (scenario_msgs) StdoutLine: {'line': b'-- Symlinking: /home/atef/fav/ros2/install/scenario_msgs/share/scenario_msgs/package.dsv\n'}
[0.594916] (scenario_msgs) StdoutLine: {'line': b'-- Up-to-date symlink: /home/atef/fav/ros2/install/scenario_msgs/share/ament_index/resource_index/packages/scenario_msgs\n'}
[0.595186] (scenario_msgs) StdoutLine: {'line': b'-- Up-to-date symlink: /home/atef/fav/ros2/install/scenario_msgs/share/scenario_msgs/cmake/rosidl_cmake-extras.cmake\n'}
[0.595425] (scenario_msgs) StdoutLine: {'line': b'-- Up-to-date symlink: /home/atef/fav/ros2/install/scenario_msgs/share/scenario_msgs/cmake/ament_cmake_export_dependencies-extras.cmake\n'}
[0.595687] (scenario_msgs) StdoutLine: {'line': b'-- Up-to-date symlink: /home/atef/fav/ros2/install/scenario_msgs/share/scenario_msgs/cmake/ament_cmake_export_include_directories-extras.cmake\n'}
[0.595894] (scenario_msgs) StdoutLine: {'line': b'-- Up-to-date symlink: /home/atef/fav/ros2/install/scenario_msgs/share/scenario_msgs/cmake/ament_cmake_export_libraries-extras.cmake\n'}
[0.596140] (scenario_msgs) StdoutLine: {'line': b'-- Up-to-date symlink: /home/atef/fav/ros2/install/scenario_msgs/share/scenario_msgs/cmake/ament_cmake_export_targets-extras.cmake\n'}
[0.596353] (scenario_msgs) StdoutLine: {'line': b'-- Up-to-date symlink: /home/atef/fav/ros2/install/scenario_msgs/share/scenario_msgs/cmake/rosidl_cmake_export_typesupport_targets-extras.cmake\n'}
[0.596515] (scenario_msgs) StdoutLine: {'line': b'-- Up-to-date symlink: /home/atef/fav/ros2/install/scenario_msgs/share/scenario_msgs/cmake/rosidl_cmake_export_typesupport_libraries-extras.cmake\n'}
[0.596658] (scenario_msgs) StdoutLine: {'line': b'-- Up-to-date symlink: /home/atef/fav/ros2/install/scenario_msgs/share/scenario_msgs/cmake/scenario_msgsConfig.cmake\n'}
[0.596813] (scenario_msgs) StdoutLine: {'line': b'-- Up-to-date symlink: /home/atef/fav/ros2/install/scenario_msgs/share/scenario_msgs/cmake/scenario_msgsConfig-version.cmake\n'}
[0.596942] (scenario_msgs) StdoutLine: {'line': b'-- Up-to-date symlink: /home/atef/fav/ros2/install/scenario_msgs/share/scenario_msgs/package.xml\n'}
[0.597057] (scenario_msgs) StdoutLine: {'line': b'-- Up-to-date: /home/atef/fav/ros2/install/scenario_msgs/lib/libscenario_msgs__rosidl_generator_c.so\n'}
[0.597190] (scenario_msgs) StdoutLine: {'line': b'-- Up-to-date: /home/atef/fav/ros2/install/scenario_msgs/lib/libscenario_msgs__rosidl_typesupport_fastrtps_c.so\n'}
[0.597337] (scenario_msgs) StdoutLine: {'line': b'-- Up-to-date: /home/atef/fav/ros2/install/scenario_msgs/lib/libscenario_msgs__rosidl_typesupport_introspection_c.so\n'}
[0.597485] (scenario_msgs) StdoutLine: {'line': b'-- Up-to-date: /home/atef/fav/ros2/install/scenario_msgs/lib/libscenario_msgs__rosidl_typesupport_c.so\n'}
[0.597613] (scenario_msgs) StdoutLine: {'line': b'-- Up-to-date: /home/atef/fav/ros2/install/scenario_msgs/lib/libscenario_msgs__rosidl_typesupport_fastrtps_cpp.so\n'}
[0.597762] (scenario_msgs) StdoutLine: {'line': b'-- Up-to-date: /home/atef/fav/ros2/install/scenario_msgs/lib/libscenario_msgs__rosidl_typesupport_introspection_cpp.so\n'}
[0.597939] (scenario_msgs) StdoutLine: {'line': b'-- Up-to-date: /home/atef/fav/ros2/install/scenario_msgs/lib/libscenario_msgs__rosidl_typesupport_cpp.so\n'}
[0.601389] (-) TimerEvent: {}
[0.629485] (scenario_msgs) StdoutLine: {'line': b"Listing '/home/atef/fav/ros2/install/scenario_msgs/lib/python3.12/site-packages/scenario_msgs'...\n"}
[0.629745] (scenario_msgs) StdoutLine: {'line': b"Listing '/home/atef/fav/ros2/install/scenario_msgs/lib/python3.12/site-packages/scenario_msgs/msg'...\n"}
[0.629871] (scenario_msgs) StdoutLine: {'line': b"Listing '/home/atef/fav/ros2/install/scenario_msgs/lib/python3.12/site-packages/scenario_msgs/srv'...\n"}
[0.635042] (scenario_msgs) StdoutLine: {'line': b'-- Up-to-date: /home/atef/fav/ros2/install/scenario_msgs/lib/libscenario_msgs__rosidl_generator_py.so\n'}
[0.635451] (scenario_msgs) StdoutLine: {'line': b'-- Up-to-date: /home/atef/fav/ros2/install/scenario_msgs/share/scenario_msgs/cmake/export_scenario_msgs__rosidl_generator_cExport.cmake\n'}
[0.635668] (scenario_msgs) StdoutLine: {'line': b'-- Up-to-date: /home/atef/fav/ros2/install/scenario_msgs/share/scenario_msgs/cmake/export_scenario_msgs__rosidl_generator_cExport-noconfig.cmake\n'}
[0.635823] (scenario_msgs) StdoutLine: {'line': b'-- Up-to-date: /home/atef/fav/ros2/install/scenario_msgs/share/scenario_msgs/cmake/export_scenario_msgs__rosidl_typesupport_fastrtps_cExport.cmake\n'}
[0.635967] (scenario_msgs) StdoutLine: {'line': b'-- Up-to-date: /home/atef/fav/ros2/install/scenario_msgs/share/scenario_msgs/cmake/export_scenario_msgs__rosidl_typesupport_fastrtps_cExport-noconfig.cmake\n'}
[0.636099] (scenario_msgs) StdoutLine: {'line': b'-- Up-to-date: /home/atef/fav/ros2/install/scenario_msgs/share/scenario_msgs/cmake/scenario_msgs__rosidl_typesupport_introspection_cExport.cmake\n'}
[0.636228] (scenario_msgs) StdoutLine: {'line': b'-- Up-to-date: /home/atef/fav/ros2/install/scenario_msgs/share/scenario_msgs/cmake/scenario_msgs__rosidl_typesupport_introspection_cExport-noconfig.cmake\n'}
[0.636386] (scenario_msgs) StdoutLine: {'line': b'-- Up-to-date: /home/atef/fav/ros2/install/scenario_msgs/share/scenario_msgs/cmake/scenario_msgs__rosidl_typesupport_cExport.cmake\n'}
[0.636585] (scenario_msgs) StdoutLine: {'line': b'-- Up-to-date: /home/atef/fav/ros2/install/scenario_msgs/share/scenario_msgs/cmake/scenario_msgs__rosidl_typesupport_cExport-noconfig.cmake\n'}
[0.636704] (scenario_msgs) StdoutLine: {'line': b'-- Up-to-date: /home/atef/fav/ros2/install/scenario_msgs/share/scenario_msgs/cmake/export_scenario_msgs__rosidl_generator_cppExport.cmake\n'}
[0.636816] (scenario_msgs) StdoutLine: {'line': b'-- Up-to-date: /home/atef/fav/ros2/install/scenario_msgs/share/scenario_msgs/cmake/export_scenario_msgs__rosidl_typesupport_fastrtps_cppExport.cmake\n'}
[0.636940] (scenario_msgs) StdoutLine: {'line': b'-- Up-to-date: /home/atef/fav/ros2/install/scenario_msgs/share/scenario_msgs/cmake/export_scenario_msgs__rosidl_typesupport_fastrtps_cppExport-noconfig.cmake\n'}
[0.637057] (scenario_msgs) StdoutLine: {'line': b'-- Up-to-date: /home/atef/fav/ros2/install/scenario_msgs/share/scenario_msgs/cmake/scenario_msgs__rosidl_typesupport_introspection_cppExport.cmake\n'}
[0.637170] (scenario_msgs) StdoutLine: {'line': b'-- Up-to-date: /home/atef/fav/ros2/install/scenario_msgs/share/scenario_msgs/cmake/scenario_msgs__rosidl_typesupport_introspection_cppExport-noconfig.cmake\n'}
[0.637283] (scenario_msgs) StdoutLine: {'line': b'-- Up-to-date: /home/atef/fav/ros2/install/scenario_msgs/share/scenario_msgs/cmake/scenario_msgs__rosidl_typesupport_cppExport.cmake\n'}
[0.637415] (scenario_msgs) StdoutLine: {'line': b'-- Up-to-date: /home/atef/fav/ros2/install/scenario_msgs/share/scenario_msgs/cmake/scenario_msgs__rosidl_typesupport_cppExport-noconfig.cmake\n'}
[0.637528] (scenario_msgs) StdoutLine: {'line': b'-- Up-to-date: /home/atef/fav/ros2/install/scenario_msgs/share/scenario_msgs/cmake/export_scenario_msgs__rosidl_generator_pyExport.cmake\n'}
[0.637639] (scenario_msgs) StdoutLine: {'line': b'-- Up-to-date: /home/atef/fav/ros2/install/scenario_msgs/share/scenario_msgs/cmake/export_scenario_msgs__rosidl_generator_pyExport-noconfig.cmake\n'}
[0.638562] (scenario_msgs) CommandEnded: {'returncode': 0}
[0.701461] (-) TimerEvent: {}
[0.801719] (-) TimerEvent: {}
[0.822974] (scenario_msgs) JobEnded: {'identifier': 'scenario_msgs', 'rc': 0}
[0.823771] (fav) JobStarted: {'identifier': 'fav'}
[0.836361] (fav) JobProgress: {'identifier': 'fav', 'progress': 'cmake'}
[0.837617] (fav) JobProgress: {'identifier': 'fav', 'progress': 'build'}
[0.838538] (fav) Command: {'cmd': ['/bin/cmake', '--build', '/home/atef/fav/ros2/build/fav', '--', '-j6', '-l6'], 'cwd': '/home/atef/fav/ros2/build/fav', 'env': OrderedDict({'GZ_SIM_SYSTEM_PLUGIN_PATH': '/opt/ros/jazzy/lib/hippo_gz_plugins/', 'USER': 'atef', 'GZ_CONFIG_PATH': '/opt/ros/jazzy/opt/gz_sim_vendor/share/gz:/opt/ros/jazzy/opt/sdformat_vendor/share/gz:/opt/ros/jazzy/opt/gz_gui_vendor/share/gz:/opt/ros/jazzy/opt/gz_transport_vendor/share/gz:/opt/ros/jazzy/opt/gz_rendering_vendor/share/gz:/opt/ros/jazzy/opt/gz_plugin_vendor/share/gz:/opt/ros/jazzy/opt/gz_fuel_tools_vendor/share/gz:/opt/ros/jazzy/opt/gz_msgs_vendor/share/gz:/opt/ros/jazzy/opt/gz_common_vendor/share/gz', 'SHLVL': '0', 'LD_LIBRARY_PATH': '/home/atef/fav/ros2/install/scenario_msgs/lib:/opt/ros/jazzy/opt/gz_sim_vendor/lib:/opt/ros/jazzy/opt/gz_sensors_vendor/lib:/opt/ros/jazzy/opt/gz_physics_vendor/lib:/opt/ros/jazzy/opt/sdformat_vendor/lib:/opt/ros/jazzy/opt/rviz_ogre_vendor/lib:/opt/ros/jazzy/lib/x86_64-linux-gnu:/opt/ros/jazzy/opt/gz_gui_vendor/lib:/opt/ros/jazzy/opt/gz_transport_vendor/lib:/opt/ros/jazzy/opt/gz_rendering_vendor/lib:/opt/ros/jazzy/opt/gz_plugin_vendor/lib:/opt/ros/jazzy/opt/gz_fuel_tools_vendor/lib:/opt/ros/jazzy/opt/gz_msgs_vendor/lib:/opt/ros/jazzy/opt/gz_common_vendor/lib:/opt/ros/jazzy/opt/gz_math_vendor/lib:/opt/ros/jazzy/opt/gz_utils_vendor/lib:/opt/ros/jazzy/opt/gz_tools_vendor/lib:/opt/ros/jazzy/opt/gz_ogre_next_vendor/lib:/opt/ros/jazzy/opt/gz_dartsim_vendor/lib:/opt/ros/jazzy/opt/gz_cmake_vendor/lib:/opt/ros/jazzy/lib', 'HOME': '/home/atef', 'OLDPWD': '/home/atef', 'ROS_PYTHON_VERSION': '3', 'LC_CTYPE': 'C.UTF-8', 'ROS_DISTRO': 'jazzy', 'LOGNAME': 'atef', '_': '/bin/colcon', 'ROS_VERSION': '2', 'TERM': 'xterm-256color', 'PATH': '/opt/ros/jazzy/opt/gz_msgs_vendor/bin:/opt/ros/jazzy/opt/gz_tools_vendor/bin:/opt/ros/jazzy/opt/gz_ogre_next_vendor/bin:/opt/ros/jazzy/bin:/bin:/usr/bin:/usr/ucb:/usr/local/bin', 'AMENT_PREFIX_PATH': '/home/atef/fav/ros2/install/scenario_msgs:/opt/ros/jazzy', 'ROS_AUTOMATIC_DISCOVERY_RANGE': 'SUBNET', 'PWD': '/home/atef/fav/ros2/build/fav', 'PYTHONPATH': '/home/atef/fav/ros2/install/scenario_msgs/lib/python3.12/site-packages:/opt/ros/jazzy/lib/python3.12/site-packages', 'COLCON': '1', 'CMAKE_PREFIX_PATH': '/home/atef/fav/ros2/install/scenario_msgs:/opt/ros/jazzy/opt/gz_sim_vendor:/opt/ros/jazzy/opt/gz_sensors_vendor:/opt/ros/jazzy/opt/gz_physics_vendor:/opt/ros/jazzy/opt/sdformat_vendor:/opt/ros/jazzy/opt/gz_gui_vendor:/opt/ros/jazzy/opt/gz_transport_vendor:/opt/ros/jazzy/opt/gz_rendering_vendor:/opt/ros/jazzy/opt/gz_plugin_vendor:/opt/ros/jazzy/opt/gz_fuel_tools_vendor:/opt/ros/jazzy/opt/gz_msgs_vendor:/opt/ros/jazzy/opt/gz_common_vendor:/opt/ros/jazzy/opt/gz_math_vendor:/opt/ros/jazzy/opt/gz_utils_vendor:/opt/ros/jazzy/opt/gz_tools_vendor:/opt/ros/jazzy/opt/gz_ogre_next_vendor:/opt/ros/jazzy/opt/gz_dartsim_vendor:/opt/ros/jazzy/opt/gz_cmake_vendor:/opt/ros/jazzy'}), 'shell': False}
[0.898295] (fav) StdoutLine: {'line': b'[ 50%] Built target robot_marker_publisher\n'}
[0.900926] (fav) StdoutLine: {'line': b'[100%] Built target scenario_node\n'}
[0.901820] (-) TimerEvent: {}
[0.911201] (fav) CommandEnded: {'returncode': 0}
[0.936862] (fav) JobProgress: {'identifier': 'fav', 'progress': 'install'}
[0.937830] (fav) Command: {'cmd': ['/bin/cmake', '--install', '/home/atef/fav/ros2/build/fav'], 'cwd': '/home/atef/fav/ros2/build/fav', 'env': OrderedDict({'GZ_SIM_SYSTEM_PLUGIN_PATH': '/opt/ros/jazzy/lib/hippo_gz_plugins/', 'USER': 'atef', 'GZ_CONFIG_PATH': '/opt/ros/jazzy/opt/gz_sim_vendor/share/gz:/opt/ros/jazzy/opt/sdformat_vendor/share/gz:/opt/ros/jazzy/opt/gz_gui_vendor/share/gz:/opt/ros/jazzy/opt/gz_transport_vendor/share/gz:/opt/ros/jazzy/opt/gz_rendering_vendor/share/gz:/opt/ros/jazzy/opt/gz_plugin_vendor/share/gz:/opt/ros/jazzy/opt/gz_fuel_tools_vendor/share/gz:/opt/ros/jazzy/opt/gz_msgs_vendor/share/gz:/opt/ros/jazzy/opt/gz_common_vendor/share/gz', 'SHLVL': '0', 'LD_LIBRARY_PATH': '/home/atef/fav/ros2/install/scenario_msgs/lib:/opt/ros/jazzy/opt/gz_sim_vendor/lib:/opt/ros/jazzy/opt/gz_sensors_vendor/lib:/opt/ros/jazzy/opt/gz_physics_vendor/lib:/opt/ros/jazzy/opt/sdformat_vendor/lib:/opt/ros/jazzy/opt/rviz_ogre_vendor/lib:/opt/ros/jazzy/lib/x86_64-linux-gnu:/opt/ros/jazzy/opt/gz_gui_vendor/lib:/opt/ros/jazzy/opt/gz_transport_vendor/lib:/opt/ros/jazzy/opt/gz_rendering_vendor/lib:/opt/ros/jazzy/opt/gz_plugin_vendor/lib:/opt/ros/jazzy/opt/gz_fuel_tools_vendor/lib:/opt/ros/jazzy/opt/gz_msgs_vendor/lib:/opt/ros/jazzy/opt/gz_common_vendor/lib:/opt/ros/jazzy/opt/gz_math_vendor/lib:/opt/ros/jazzy/opt/gz_utils_vendor/lib:/opt/ros/jazzy/opt/gz_tools_vendor/lib:/opt/ros/jazzy/opt/gz_ogre_next_vendor/lib:/opt/ros/jazzy/opt/gz_dartsim_vendor/lib:/opt/ros/jazzy/opt/gz_cmake_vendor/lib:/opt/ros/jazzy/lib', 'HOME': '/home/atef', 'OLDPWD': '/home/atef', 'ROS_PYTHON_VERSION': '3', 'LC_CTYPE': 'C.UTF-8', 'ROS_DISTRO': 'jazzy', 'LOGNAME': 'atef', '_': '/bin/colcon', 'ROS_VERSION': '2', 'TERM': 'xterm-256color', 'PATH': '/opt/ros/jazzy/opt/gz_msgs_vendor/bin:/opt/ros/jazzy/opt/gz_tools_vendor/bin:/opt/ros/jazzy/opt/gz_ogre_next_vendor/bin:/opt/ros/jazzy/bin:/bin:/usr/bin:/usr/ucb:/usr/local/bin', 'AMENT_PREFIX_PATH': '/home/atef/fav/ros2/install/scenario_msgs:/opt/ros/jazzy', 'ROS_AUTOMATIC_DISCOVERY_RANGE': 'SUBNET', 'PWD': '/home/atef/fav/ros2/build/fav', 'PYTHONPATH': '/home/atef/fav/ros2/install/scenario_msgs/lib/python3.12/site-packages:/opt/ros/jazzy/lib/python3.12/site-packages', 'COLCON': '1', 'CMAKE_PREFIX_PATH': '/home/atef/fav/ros2/install/scenario_msgs:/opt/ros/jazzy/opt/gz_sim_vendor:/opt/ros/jazzy/opt/gz_sensors_vendor:/opt/ros/jazzy/opt/gz_physics_vendor:/opt/ros/jazzy/opt/sdformat_vendor:/opt/ros/jazzy/opt/gz_gui_vendor:/opt/ros/jazzy/opt/gz_transport_vendor:/opt/ros/jazzy/opt/gz_rendering_vendor:/opt/ros/jazzy/opt/gz_plugin_vendor:/opt/ros/jazzy/opt/gz_fuel_tools_vendor:/opt/ros/jazzy/opt/gz_msgs_vendor:/opt/ros/jazzy/opt/gz_common_vendor:/opt/ros/jazzy/opt/gz_math_vendor:/opt/ros/jazzy/opt/gz_utils_vendor:/opt/ros/jazzy/opt/gz_tools_vendor:/opt/ros/jazzy/opt/gz_ogre_next_vendor:/opt/ros/jazzy/opt/gz_dartsim_vendor:/opt/ros/jazzy/opt/gz_cmake_vendor:/opt/ros/jazzy'}), 'shell': False}
[0.951622] (fav) StdoutLine: {'line': b'-- Install configuration: ""\n'}
[0.952478] (fav) StdoutLine: {'line': b'-- Execute custom install script\n'}
[0.953114] (fav) StdoutLine: {'line': b'-- Up-to-date symlink: /home/atef/fav/ros2/install/fav/lib/fav/scenario_node\n'}
[0.953607] (fav) StdoutLine: {'line': b'-- Up-to-date symlink: /home/atef/fav/ros2/install/fav/lib/fav/robot_marker_publisher\n'}
[0.954267] (fav) StdoutLine: {'line': b'-- Up-to-date symlink: /home/atef/fav/ros2/install/fav/share/fav/launch/scenario.launch.py\n'}
[0.954642] (fav) StdoutLine: {'line': b'-- Up-to-date symlink: /home/atef/fav/ros2/install/fav/share/fav/launch/simulation.launch.py\n'}
[0.954943] (fav) StdoutLine: {'line': b'-- Up-to-date symlink: /home/atef/fav/ros2/install/fav/share/fav/launch/simulation_with_keyboard_control.launch.py\n'}
[0.955287] (fav) StdoutLine: {'line': b'-- Up-to-date symlink: /home/atef/fav/ros2/install/fav/share/fav/launch/simulation_with_tags.launch.py\n'}
[0.955554] (fav) StdoutLine: {'line': b'-- Up-to-date symlink: /home/atef/fav/ros2/install/fav/share/fav/launch/simulation_with_tags_and_keyboard_control.launch.py\n'}
[0.955898] (fav) StdoutLine: {'line': b'-- Up-to-date symlink: /home/atef/fav/ros2/install/fav/share/ament_index/resource_index/package_run_dependencies/fav\n'}
[0.956152] (fav) StdoutLine: {'line': b'-- Up-to-date symlink: /home/atef/fav/ros2/install/fav/share/ament_index/resource_index/parent_prefix_path/fav\n'}
[0.956317] (fav) StdoutLine: {'line': b'-- Up-to-date symlink: /home/atef/fav/ros2/install/fav/share/fav/environment/ament_prefix_path.sh\n'}
[0.956661] (fav) StdoutLine: {'line': b'-- Up-to-date symlink: /home/atef/fav/ros2/install/fav/share/fav/environment/ament_prefix_path.dsv\n'}
[0.956867] (fav) StdoutLine: {'line': b'-- Up-to-date symlink: /home/atef/fav/ros2/install/fav/share/fav/environment/path.sh\n'}
[0.957028] (fav) StdoutLine: {'line': b'-- Up-to-date symlink: /home/atef/fav/ros2/install/fav/share/fav/environment/path.dsv\n'}
[0.957182] (fav) StdoutLine: {'line': b'-- Up-to-date symlink: /home/atef/fav/ros2/install/fav/share/fav/local_setup.bash\n'}
[0.957407] (fav) StdoutLine: {'line': b'-- Up-to-date symlink: /home/atef/fav/ros2/install/fav/share/fav/local_setup.sh\n'}
[0.957578] (fav) StdoutLine: {'line': b'-- Up-to-date symlink: /home/atef/fav/ros2/install/fav/share/fav/local_setup.zsh\n'}
[0.957726] (fav) StdoutLine: {'line': b'-- Up-to-date symlink: /home/atef/fav/ros2/install/fav/share/fav/local_setup.dsv\n'}
[0.957871] (fav) StdoutLine: {'line': b'-- Symlinking: /home/atef/fav/ros2/install/fav/share/fav/package.dsv\n'}
[0.973761] (fav) StdoutLine: {'line': b'-- Up-to-date symlink: /home/atef/fav/ros2/install/fav/share/ament_index/resource_index/packages/fav\n'}
[0.974039] (fav) StdoutLine: {'line': b'-- Up-to-date symlink: /home/atef/fav/ros2/install/fav/share/fav/cmake/favConfig.cmake\n'}
[0.974206] (fav) StdoutLine: {'line': b'-- Up-to-date symlink: /home/atef/fav/ros2/install/fav/share/fav/cmake/favConfig-version.cmake\n'}
[0.974338] (fav) StdoutLine: {'line': b'-- Up-to-date symlink: /home/atef/fav/ros2/install/fav/share/fav/package.xml\n'}
[0.976015] (fav) CommandEnded: {'returncode': 0}
[1.001932] (-) TimerEvent: {}
[1.033800] (fav) JobEnded: {'identifier': 'fav', 'rc': 0}
[1.034952] (-) EventReactorShutdown: {}
