[0.030s] Invoking command in '/home/atef/fav/ros2/build/scenario_msgs': CMAKE_PREFIX_PATH=${CMAKE_PREFIX_PATH}:/opt/ros/jazzy /bin/cmake --build /home/atef/fav/ros2/build/scenario_msgs -- -j6 -l6
[0.119s] [  1%] Built target scenario_msgs__rosidl_generator_type_description
[0.129s] [  1%] Built target ament_cmake_python_symlink_scenario_msgs
[0.142s] [35m[1mConsolidate compiler generated dependencies of target scenario_msgs__rosidl_generator_c[0m
[0.150s] [  2%] Built target scenario_msgs__cpp
[0.166s] [ 25%] Built target scenario_msgs__rosidl_generator_c
[0.191s] [35m[1mConsolidate compiler generated dependencies of target scenario_msgs__rosidl_typesupport_introspection_c[0m
[0.191s] [35m[1mConsolidate compiler generated dependencies of target scenario_msgs__rosidl_typesupport_cpp[0m
[0.191s] [35m[1mConsolidate compiler generated dependencies of target scenario_msgs__rosidl_typesupport_fastrtps_cpp[0m
[0.197s] [35m[1mConsolidate compiler generated dependencies of target scenario_msgs__rosidl_typesupport_c[0m
[0.202s] [35m[1mConsolidate compiler generated dependencies of target scenario_msgs__rosidl_typesupport_fastrtps_c[0m
[0.215s] [ 35%] Built target scenario_msgs__rosidl_typesupport_introspection_c
[0.224s] [ 44%] Built target scenario_msgs__rosidl_typesupport_fastrtps_cpp
[0.228s] [ 54%] Built target scenario_msgs__rosidl_typesupport_c
[0.230s] [ 63%] Built target scenario_msgs__rosidl_typesupport_cpp
[0.231s] [ 72%] Built target scenario_msgs__rosidl_typesupport_fastrtps_c
[0.238s] [35m[1mConsolidate compiler generated dependencies of target scenario_msgs__rosidl_typesupport_introspection_cpp[0m
[0.262s] [ 82%] Built target scenario_msgs__rosidl_typesupport_introspection_cpp
[0.288s] [ 82%] Built target scenario_msgs
[0.326s] [ 83%] Built target scenario_msgs__py
[0.344s] [35m[1mConsolidate compiler generated dependencies of target scenario_msgs__rosidl_generator_py[0m
[0.367s] [ 91%] Built target scenario_msgs__rosidl_generator_py
[0.380s] [35m[1mConsolidate compiler generated dependencies of target scenario_msgs_s__rosidl_typesupport_introspection_c[0m
[0.381s] [35m[1mConsolidate compiler generated dependencies of target scenario_msgs_s__rosidl_typesupport_c[0m
[0.387s] [35m[1mConsolidate compiler generated dependencies of target scenario_msgs_s__rosidl_typesupport_fastrtps_c[0m
[0.397s] [ 94%] Built target scenario_msgs_s__rosidl_typesupport_introspection_c
[0.402s] [ 97%] Built target scenario_msgs_s__rosidl_typesupport_c
[0.407s] [100%] Built target scenario_msgs_s__rosidl_typesupport_fastrtps_c
[0.497s] running egg_info
[0.528s] writing scenario_msgs.egg-info/PKG-INFO
[0.529s] writing dependency_links to scenario_msgs.egg-info/dependency_links.txt
[0.529s] writing top-level names to scenario_msgs.egg-info/top_level.txt
[0.629s] reading manifest file 'scenario_msgs.egg-info/SOURCES.txt'
[0.629s] writing manifest file 'scenario_msgs.egg-info/SOURCES.txt'
[0.672s] [100%] Built target ament_cmake_python_build_scenario_msgs_egg
[0.688s] Invoked command in '/home/atef/fav/ros2/build/scenario_msgs' returned '0': CMAKE_PREFIX_PATH=${CMAKE_PREFIX_PATH}:/opt/ros/jazzy /bin/cmake --build /home/atef/fav/ros2/build/scenario_msgs -- -j6 -l6
[0.896s] Invoking command in '/home/atef/fav/ros2/build/scenario_msgs': CMAKE_PREFIX_PATH=${CMAKE_PREFIX_PATH}:/opt/ros/jazzy /bin/cmake --install /home/atef/fav/ros2/build/scenario_msgs
[0.908s] -- Install configuration: ""
[0.909s] -- Execute custom install script
[0.909s] -- Up-to-date symlink: /home/atef/fav/ros2/install/scenario_msgs/share/ament_index/resource_index/rosidl_interfaces/scenario_msgs
[0.909s] -- Up-to-date symlink: /home/atef/fav/ros2/install/scenario_msgs/share/scenario_msgs/msg/PolygonsStamped.json
[0.910s] -- Up-to-date symlink: /home/atef/fav/ros2/install/scenario_msgs/share/scenario_msgs/msg/Viewpoint.json
[0.911s] -- Up-to-date symlink: /home/atef/fav/ros2/install/scenario_msgs/share/scenario_msgs/msg/Viewpoints.json
[0.911s] -- Up-to-date symlink: /home/atef/fav/ros2/install/scenario_msgs/share/scenario_msgs/srv/MoveToStart.json
[0.911s] -- Up-to-date symlink: /home/atef/fav/ros2/install/scenario_msgs/share/scenario_msgs/srv/SetPath.json
[0.911s] -- Up-to-date symlink: /home/atef/fav/ros2/install/scenario_msgs/include/scenario_msgs/scenario_msgs/msg/detail/polygons_stamped__functions.h
[0.911s] -- Up-to-date symlink: /home/atef/fav/ros2/install/scenario_msgs/include/scenario_msgs/scenario_msgs/msg/detail/polygons_stamped__struct.h
[0.911s] -- Up-to-date symlink: /home/atef/fav/ros2/install/scenario_msgs/include/scenario_msgs/scenario_msgs/msg/detail/polygons_stamped__type_support.h
[0.912s] -- Up-to-date symlink: /home/atef/fav/ros2/install/scenario_msgs/include/scenario_msgs/scenario_msgs/msg/detail/viewpoint__functions.h
[0.912s] -- Up-to-date symlink: /home/atef/fav/ros2/install/scenario_msgs/include/scenario_msgs/scenario_msgs/msg/detail/viewpoint__struct.h
[0.912s] -- Up-to-date symlink: /home/atef/fav/ros2/install/scenario_msgs/include/scenario_msgs/scenario_msgs/msg/detail/viewpoint__type_support.h
[0.912s] -- Up-to-date symlink: /home/atef/fav/ros2/install/scenario_msgs/include/scenario_msgs/scenario_msgs/msg/detail/viewpoints__functions.h
[0.912s] -- Up-to-date symlink: /home/atef/fav/ros2/install/scenario_msgs/include/scenario_msgs/scenario_msgs/msg/detail/viewpoints__struct.h
[0.912s] -- Up-to-date symlink: /home/atef/fav/ros2/install/scenario_msgs/include/scenario_msgs/scenario_msgs/msg/detail/viewpoints__type_support.h
[0.912s] -- Up-to-date symlink: /home/atef/fav/ros2/install/scenario_msgs/include/scenario_msgs/scenario_msgs/msg/polygons_stamped.h
[0.912s] -- Up-to-date symlink: /home/atef/fav/ros2/install/scenario_msgs/include/scenario_msgs/scenario_msgs/msg/rosidl_generator_c__visibility_control.h
[0.913s] -- Up-to-date symlink: /home/atef/fav/ros2/install/scenario_msgs/include/scenario_msgs/scenario_msgs/msg/viewpoint.h
[0.913s] -- Up-to-date symlink: /home/atef/fav/ros2/install/scenario_msgs/include/scenario_msgs/scenario_msgs/msg/viewpoints.h
[0.913s] -- Up-to-date symlink: /home/atef/fav/ros2/install/scenario_msgs/include/scenario_msgs/scenario_msgs/srv/detail/move_to_start__functions.h
[0.913s] -- Up-to-date symlink: /home/atef/fav/ros2/install/scenario_msgs/include/scenario_msgs/scenario_msgs/srv/detail/move_to_start__struct.h
[0.913s] -- Up-to-date symlink: /home/atef/fav/ros2/install/scenario_msgs/include/scenario_msgs/scenario_msgs/srv/detail/move_to_start__type_support.h
[0.913s] -- Up-to-date symlink: /home/atef/fav/ros2/install/scenario_msgs/include/scenario_msgs/scenario_msgs/srv/detail/set_path__functions.h
[0.913s] -- Up-to-date symlink: /home/atef/fav/ros2/install/scenario_msgs/include/scenario_msgs/scenario_msgs/srv/detail/set_path__struct.h
[0.914s] -- Up-to-date symlink: /home/atef/fav/ros2/install/scenario_msgs/include/scenario_msgs/scenario_msgs/srv/detail/set_path__type_support.h
[0.914s] -- Up-to-date symlink: /home/atef/fav/ros2/install/scenario_msgs/include/scenario_msgs/scenario_msgs/srv/move_to_start.h
[0.914s] -- Up-to-date symlink: /home/atef/fav/ros2/install/scenario_msgs/include/scenario_msgs/scenario_msgs/srv/set_path.h
[0.914s] -- Up-to-date symlink: /home/atef/fav/ros2/install/scenario_msgs/share/scenario_msgs/environment/library_path.sh
[0.914s] -- Up-to-date symlink: /home/atef/fav/ros2/install/scenario_msgs/share/scenario_msgs/environment/library_path.dsv
[0.916s] -- Up-to-date symlink: /home/atef/fav/ros2/install/scenario_msgs/include/scenario_msgs/scenario_msgs/msg/detail/polygons_stamped__rosidl_typesupport_fastrtps_c.h
[0.916s] -- Up-to-date symlink: /home/atef/fav/ros2/install/scenario_msgs/include/scenario_msgs/scenario_msgs/msg/detail/viewpoint__rosidl_typesupport_fastrtps_c.h
[0.916s] -- Up-to-date symlink: /home/atef/fav/ros2/install/scenario_msgs/include/scenario_msgs/scenario_msgs/msg/detail/viewpoints__rosidl_typesupport_fastrtps_c.h
[0.916s] -- Up-to-date symlink: /home/atef/fav/ros2/install/scenario_msgs/include/scenario_msgs/scenario_msgs/msg/rosidl_typesupport_fastrtps_c__visibility_control.h
[0.916s] -- Up-to-date symlink: /home/atef/fav/ros2/install/scenario_msgs/include/scenario_msgs/scenario_msgs/srv/detail/move_to_start__rosidl_typesupport_fastrtps_c.h
[0.916s] -- Up-to-date symlink: /home/atef/fav/ros2/install/scenario_msgs/include/scenario_msgs/scenario_msgs/srv/detail/set_path__rosidl_typesupport_fastrtps_c.h
[0.916s] -- Up-to-date symlink: /home/atef/fav/ros2/install/scenario_msgs/include/scenario_msgs/scenario_msgs/msg/detail/polygons_stamped__rosidl_typesupport_introspection_c.h
[0.916s] -- Up-to-date symlink: /home/atef/fav/ros2/install/scenario_msgs/include/scenario_msgs/scenario_msgs/msg/detail/viewpoint__rosidl_typesupport_introspection_c.h
[0.916s] -- Up-to-date symlink: /home/atef/fav/ros2/install/scenario_msgs/include/scenario_msgs/scenario_msgs/msg/detail/viewpoints__rosidl_typesupport_introspection_c.h
[0.917s] -- Up-to-date symlink: /home/atef/fav/ros2/install/scenario_msgs/include/scenario_msgs/scenario_msgs/msg/rosidl_typesupport_introspection_c__visibility_control.h
[0.917s] -- Up-to-date symlink: /home/atef/fav/ros2/install/scenario_msgs/include/scenario_msgs/scenario_msgs/srv/detail/move_to_start__rosidl_typesupport_introspection_c.h
[0.918s] -- Up-to-date symlink: /home/atef/fav/ros2/install/scenario_msgs/include/scenario_msgs/scenario_msgs/srv/detail/set_path__rosidl_typesupport_introspection_c.h
[0.918s] -- Up-to-date symlink: /home/atef/fav/ros2/install/scenario_msgs/include/scenario_msgs/scenario_msgs/msg/detail/polygons_stamped__builder.hpp
[0.918s] -- Up-to-date symlink: /home/atef/fav/ros2/install/scenario_msgs/include/scenario_msgs/scenario_msgs/msg/detail/polygons_stamped__struct.hpp
[0.919s] -- Up-to-date symlink: /home/atef/fav/ros2/install/scenario_msgs/include/scenario_msgs/scenario_msgs/msg/detail/polygons_stamped__traits.hpp
[0.919s] -- Up-to-date symlink: /home/atef/fav/ros2/install/scenario_msgs/include/scenario_msgs/scenario_msgs/msg/detail/polygons_stamped__type_support.hpp
[0.920s] -- Up-to-date symlink: /home/atef/fav/ros2/install/scenario_msgs/include/scenario_msgs/scenario_msgs/msg/detail/viewpoint__builder.hpp
[0.920s] -- Up-to-date symlink: /home/atef/fav/ros2/install/scenario_msgs/include/scenario_msgs/scenario_msgs/msg/detail/viewpoint__struct.hpp
[0.920s] -- Up-to-date symlink: /home/atef/fav/ros2/install/scenario_msgs/include/scenario_msgs/scenario_msgs/msg/detail/viewpoint__traits.hpp
[0.920s] -- Up-to-date symlink: /home/atef/fav/ros2/install/scenario_msgs/include/scenario_msgs/scenario_msgs/msg/detail/viewpoint__type_support.hpp
[0.920s] -- Up-to-date symlink: /home/atef/fav/ros2/install/scenario_msgs/include/scenario_msgs/scenario_msgs/msg/detail/viewpoints__builder.hpp
[0.920s] -- Up-to-date symlink: /home/atef/fav/ros2/install/scenario_msgs/include/scenario_msgs/scenario_msgs/msg/detail/viewpoints__struct.hpp
[0.920s] -- Up-to-date symlink: /home/atef/fav/ros2/install/scenario_msgs/include/scenario_msgs/scenario_msgs/msg/detail/viewpoints__traits.hpp
[0.920s] -- Up-to-date symlink: /home/atef/fav/ros2/install/scenario_msgs/include/scenario_msgs/scenario_msgs/msg/detail/viewpoints__type_support.hpp
[0.920s] -- Up-to-date symlink: /home/atef/fav/ros2/install/scenario_msgs/include/scenario_msgs/scenario_msgs/msg/polygons_stamped.hpp
[0.920s] -- Up-to-date symlink: /home/atef/fav/ros2/install/scenario_msgs/include/scenario_msgs/scenario_msgs/msg/rosidl_generator_cpp__visibility_control.hpp
[0.921s] -- Up-to-date symlink: /home/atef/fav/ros2/install/scenario_msgs/include/scenario_msgs/scenario_msgs/msg/viewpoint.hpp
[0.923s] -- Up-to-date symlink: /home/atef/fav/ros2/install/scenario_msgs/include/scenario_msgs/scenario_msgs/msg/viewpoints.hpp
[0.923s] -- Up-to-date symlink: /home/atef/fav/ros2/install/scenario_msgs/include/scenario_msgs/scenario_msgs/srv/detail/move_to_start__builder.hpp
[0.923s] -- Up-to-date symlink: /home/atef/fav/ros2/install/scenario_msgs/include/scenario_msgs/scenario_msgs/srv/detail/move_to_start__struct.hpp
[0.923s] -- Up-to-date symlink: /home/atef/fav/ros2/install/scenario_msgs/include/scenario_msgs/scenario_msgs/srv/detail/move_to_start__traits.hpp
[0.923s] -- Up-to-date symlink: /home/atef/fav/ros2/install/scenario_msgs/include/scenario_msgs/scenario_msgs/srv/detail/move_to_start__type_support.hpp
[0.923s] -- Up-to-date symlink: /home/atef/fav/ros2/install/scenario_msgs/include/scenario_msgs/scenario_msgs/srv/detail/set_path__builder.hpp
[0.923s] -- Up-to-date symlink: /home/atef/fav/ros2/install/scenario_msgs/include/scenario_msgs/scenario_msgs/srv/detail/set_path__struct.hpp
[0.924s] -- Up-to-date symlink: /home/atef/fav/ros2/install/scenario_msgs/include/scenario_msgs/scenario_msgs/srv/detail/set_path__traits.hpp
[0.924s] -- Up-to-date symlink: /home/atef/fav/ros2/install/scenario_msgs/include/scenario_msgs/scenario_msgs/srv/detail/set_path__type_support.hpp
[0.925s] -- Up-to-date symlink: /home/atef/fav/ros2/install/scenario_msgs/include/scenario_msgs/scenario_msgs/srv/move_to_start.hpp
[0.925s] -- Up-to-date symlink: /home/atef/fav/ros2/install/scenario_msgs/include/scenario_msgs/scenario_msgs/srv/set_path.hpp
[0.925s] -- Up-to-date symlink: /home/atef/fav/ros2/install/scenario_msgs/include/scenario_msgs/scenario_msgs/msg/detail/polygons_stamped__rosidl_typesupport_fastrtps_cpp.hpp
[0.925s] -- Up-to-date symlink: /home/atef/fav/ros2/install/scenario_msgs/include/scenario_msgs/scenario_msgs/msg/detail/viewpoint__rosidl_typesupport_fastrtps_cpp.hpp
[0.925s] -- Up-to-date symlink: /home/atef/fav/ros2/install/scenario_msgs/include/scenario_msgs/scenario_msgs/msg/detail/viewpoints__rosidl_typesupport_fastrtps_cpp.hpp
[0.926s] -- Up-to-date symlink: /home/atef/fav/ros2/install/scenario_msgs/include/scenario_msgs/scenario_msgs/msg/rosidl_typesupport_fastrtps_cpp__visibility_control.h
[0.926s] -- Up-to-date symlink: /home/atef/fav/ros2/install/scenario_msgs/include/scenario_msgs/scenario_msgs/srv/detail/move_to_start__rosidl_typesupport_fastrtps_cpp.hpp
[0.927s] -- Up-to-date symlink: /home/atef/fav/ros2/install/scenario_msgs/include/scenario_msgs/scenario_msgs/srv/detail/set_path__rosidl_typesupport_fastrtps_cpp.hpp
[0.927s] -- Up-to-date symlink: /home/atef/fav/ros2/install/scenario_msgs/include/scenario_msgs/scenario_msgs/msg/detail/polygons_stamped__rosidl_typesupport_introspection_cpp.hpp
[0.927s] -- Up-to-date symlink: /home/atef/fav/ros2/install/scenario_msgs/include/scenario_msgs/scenario_msgs/msg/detail/viewpoint__rosidl_typesupport_introspection_cpp.hpp
[0.927s] -- Up-to-date symlink: /home/atef/fav/ros2/install/scenario_msgs/include/scenario_msgs/scenario_msgs/msg/detail/viewpoints__rosidl_typesupport_introspection_cpp.hpp
[0.927s] -- Up-to-date symlink: /home/atef/fav/ros2/install/scenario_msgs/include/scenario_msgs/scenario_msgs/srv/detail/move_to_start__rosidl_typesupport_introspection_cpp.hpp
[0.927s] -- Up-to-date symlink: /home/atef/fav/ros2/install/scenario_msgs/include/scenario_msgs/scenario_msgs/srv/detail/set_path__rosidl_typesupport_introspection_cpp.hpp
[0.927s] -- Up-to-date symlink: /home/atef/fav/ros2/install/scenario_msgs/share/scenario_msgs/environment/pythonpath.sh
[0.927s] -- Up-to-date symlink: /home/atef/fav/ros2/install/scenario_msgs/share/scenario_msgs/environment/pythonpath.dsv
[0.927s] -- Up-to-date symlink: /home/atef/fav/ros2/install/scenario_msgs/lib/python3.12/site-packages/scenario_msgs-0.0.0-py3.12.egg-info/PKG-INFO
[0.928s] -- Up-to-date symlink: /home/atef/fav/ros2/install/scenario_msgs/lib/python3.12/site-packages/scenario_msgs-0.0.0-py3.12.egg-info/SOURCES.txt
[0.928s] -- Up-to-date symlink: /home/atef/fav/ros2/install/scenario_msgs/lib/python3.12/site-packages/scenario_msgs-0.0.0-py3.12.egg-info/dependency_links.txt
[0.928s] -- Up-to-date symlink: /home/atef/fav/ros2/install/scenario_msgs/lib/python3.12/site-packages/scenario_msgs-0.0.0-py3.12.egg-info/top_level.txt
[0.928s] -- Up-to-date symlink: /home/atef/fav/ros2/install/scenario_msgs/lib/python3.12/site-packages/scenario_msgs/__init__.py
[0.928s] -- Up-to-date symlink: /home/atef/fav/ros2/install/scenario_msgs/lib/python3.12/site-packages/scenario_msgs/_scenario_msgs_s.ep.rosidl_typesupport_c.c
[0.928s] -- Up-to-date symlink: /home/atef/fav/ros2/install/scenario_msgs/lib/python3.12/site-packages/scenario_msgs/_scenario_msgs_s.ep.rosidl_typesupport_fastrtps_c.c
[0.928s] -- Up-to-date symlink: /home/atef/fav/ros2/install/scenario_msgs/lib/python3.12/site-packages/scenario_msgs/_scenario_msgs_s.ep.rosidl_typesupport_introspection_c.c
[0.930s] -- Up-to-date symlink: /home/atef/fav/ros2/install/scenario_msgs/lib/python3.12/site-packages/scenario_msgs/msg/__init__.py
[0.930s] -- Up-to-date symlink: /home/atef/fav/ros2/install/scenario_msgs/lib/python3.12/site-packages/scenario_msgs/msg/_polygons_stamped.py
[0.930s] -- Up-to-date symlink: /home/atef/fav/ros2/install/scenario_msgs/lib/python3.12/site-packages/scenario_msgs/msg/_polygons_stamped_s.c
[0.930s] -- Up-to-date symlink: /home/atef/fav/ros2/install/scenario_msgs/lib/python3.12/site-packages/scenario_msgs/msg/_viewpoint.py
[0.930s] -- Up-to-date symlink: /home/atef/fav/ros2/install/scenario_msgs/lib/python3.12/site-packages/scenario_msgs/msg/_viewpoint_s.c
[0.930s] -- Up-to-date symlink: /home/atef/fav/ros2/install/scenario_msgs/lib/python3.12/site-packages/scenario_msgs/msg/_viewpoints.py
[0.930s] -- Up-to-date symlink: /home/atef/fav/ros2/install/scenario_msgs/lib/python3.12/site-packages/scenario_msgs/msg/_viewpoints_s.c
[0.930s] -- Up-to-date symlink: /home/atef/fav/ros2/install/scenario_msgs/lib/python3.12/site-packages/scenario_msgs/scenario_msgs_s__rosidl_typesupport_c.so
[0.930s] -- Up-to-date symlink: /home/atef/fav/ros2/install/scenario_msgs/lib/python3.12/site-packages/scenario_msgs/scenario_msgs_s__rosidl_typesupport_fastrtps_c.so
[0.931s] -- Up-to-date symlink: /home/atef/fav/ros2/install/scenario_msgs/lib/python3.12/site-packages/scenario_msgs/scenario_msgs_s__rosidl_typesupport_introspection_c.so
[0.931s] -- Up-to-date symlink: /home/atef/fav/ros2/install/scenario_msgs/lib/python3.12/site-packages/scenario_msgs/srv/__init__.py
[0.931s] -- Up-to-date symlink: /home/atef/fav/ros2/install/scenario_msgs/lib/python3.12/site-packages/scenario_msgs/srv/_move_to_start.py
[0.931s] -- Up-to-date symlink: /home/atef/fav/ros2/install/scenario_msgs/lib/python3.12/site-packages/scenario_msgs/srv/_move_to_start_s.c
[0.931s] -- Up-to-date symlink: /home/atef/fav/ros2/install/scenario_msgs/lib/python3.12/site-packages/scenario_msgs/srv/_set_path.py
[0.931s] -- Up-to-date symlink: /home/atef/fav/ros2/install/scenario_msgs/lib/python3.12/site-packages/scenario_msgs/srv/_set_path_s.c
[0.931s] -- Up-to-date symlink: /home/atef/fav/ros2/install/scenario_msgs/lib/python3.12/site-packages/scenario_msgs/scenario_msgs_s__rosidl_typesupport_fastrtps_c.so
[0.931s] -- Up-to-date symlink: /home/atef/fav/ros2/install/scenario_msgs/lib/python3.12/site-packages/scenario_msgs/scenario_msgs_s__rosidl_typesupport_introspection_c.so
[0.932s] -- Up-to-date symlink: /home/atef/fav/ros2/install/scenario_msgs/lib/python3.12/site-packages/scenario_msgs/scenario_msgs_s__rosidl_typesupport_c.so
[0.932s] -- Up-to-date symlink: /home/atef/fav/ros2/install/scenario_msgs/share/scenario_msgs/msg/PolygonsStamped.idl
[0.932s] -- Up-to-date symlink: /home/atef/fav/ros2/install/scenario_msgs/share/scenario_msgs/msg/Viewpoint.idl
[0.932s] -- Up-to-date symlink: /home/atef/fav/ros2/install/scenario_msgs/share/scenario_msgs/msg/Viewpoints.idl
[0.932s] -- Up-to-date symlink: /home/atef/fav/ros2/install/scenario_msgs/share/scenario_msgs/srv/MoveToStart.idl
[0.933s] -- Up-to-date symlink: /home/atef/fav/ros2/install/scenario_msgs/share/scenario_msgs/srv/SetPath.idl
[0.933s] -- Up-to-date symlink: /home/atef/fav/ros2/install/scenario_msgs/share/scenario_msgs/msg/PolygonsStamped.msg
[0.933s] -- Up-to-date symlink: /home/atef/fav/ros2/install/scenario_msgs/share/scenario_msgs/msg/Viewpoint.msg
[0.933s] -- Up-to-date symlink: /home/atef/fav/ros2/install/scenario_msgs/share/scenario_msgs/msg/Viewpoints.msg
[0.933s] -- Up-to-date symlink: /home/atef/fav/ros2/install/scenario_msgs/share/scenario_msgs/srv/MoveToStart.srv
[0.934s] -- Up-to-date symlink: /home/atef/fav/ros2/install/scenario_msgs/share/scenario_msgs/srv/SetPath.srv
[0.934s] -- Up-to-date symlink: /home/atef/fav/ros2/install/scenario_msgs/share/ament_index/resource_index/package_run_dependencies/scenario_msgs
[0.934s] -- Up-to-date symlink: /home/atef/fav/ros2/install/scenario_msgs/share/ament_index/resource_index/parent_prefix_path/scenario_msgs
[0.934s] -- Up-to-date symlink: /home/atef/fav/ros2/install/scenario_msgs/share/scenario_msgs/environment/ament_prefix_path.sh
[0.934s] -- Up-to-date symlink: /home/atef/fav/ros2/install/scenario_msgs/share/scenario_msgs/environment/ament_prefix_path.dsv
[0.935s] -- Up-to-date symlink: /home/atef/fav/ros2/install/scenario_msgs/share/scenario_msgs/environment/path.sh
[0.935s] -- Up-to-date symlink: /home/atef/fav/ros2/install/scenario_msgs/share/scenario_msgs/environment/path.dsv
[0.935s] -- Up-to-date symlink: /home/atef/fav/ros2/install/scenario_msgs/share/scenario_msgs/local_setup.bash
[0.935s] -- Up-to-date symlink: /home/atef/fav/ros2/install/scenario_msgs/share/scenario_msgs/local_setup.sh
[0.935s] -- Up-to-date symlink: /home/atef/fav/ros2/install/scenario_msgs/share/scenario_msgs/local_setup.zsh
[0.935s] -- Up-to-date symlink: /home/atef/fav/ros2/install/scenario_msgs/share/scenario_msgs/local_setup.dsv
[0.935s] -- Symlinking: /home/atef/fav/ros2/install/scenario_msgs/share/scenario_msgs/package.dsv
[0.949s] -- Up-to-date symlink: /home/atef/fav/ros2/install/scenario_msgs/share/ament_index/resource_index/packages/scenario_msgs
[0.949s] -- Up-to-date symlink: /home/atef/fav/ros2/install/scenario_msgs/share/scenario_msgs/cmake/rosidl_cmake-extras.cmake
[0.949s] -- Up-to-date symlink: /home/atef/fav/ros2/install/scenario_msgs/share/scenario_msgs/cmake/ament_cmake_export_dependencies-extras.cmake
[0.950s] -- Up-to-date symlink: /home/atef/fav/ros2/install/scenario_msgs/share/scenario_msgs/cmake/ament_cmake_export_include_directories-extras.cmake
[0.950s] -- Up-to-date symlink: /home/atef/fav/ros2/install/scenario_msgs/share/scenario_msgs/cmake/ament_cmake_export_libraries-extras.cmake
[0.950s] -- Up-to-date symlink: /home/atef/fav/ros2/install/scenario_msgs/share/scenario_msgs/cmake/ament_cmake_export_targets-extras.cmake
[0.950s] -- Up-to-date symlink: /home/atef/fav/ros2/install/scenario_msgs/share/scenario_msgs/cmake/rosidl_cmake_export_typesupport_targets-extras.cmake
[0.950s] -- Up-to-date symlink: /home/atef/fav/ros2/install/scenario_msgs/share/scenario_msgs/cmake/rosidl_cmake_export_typesupport_libraries-extras.cmake
[0.950s] -- Up-to-date symlink: /home/atef/fav/ros2/install/scenario_msgs/share/scenario_msgs/cmake/scenario_msgsConfig.cmake
[0.950s] -- Up-to-date symlink: /home/atef/fav/ros2/install/scenario_msgs/share/scenario_msgs/cmake/scenario_msgsConfig-version.cmake
[0.951s] -- Up-to-date symlink: /home/atef/fav/ros2/install/scenario_msgs/share/scenario_msgs/package.xml
[0.952s] -- Up-to-date: /home/atef/fav/ros2/install/scenario_msgs/lib/libscenario_msgs__rosidl_generator_c.so
[0.953s] -- Up-to-date: /home/atef/fav/ros2/install/scenario_msgs/lib/libscenario_msgs__rosidl_typesupport_fastrtps_c.so
[0.955s] -- Up-to-date: /home/atef/fav/ros2/install/scenario_msgs/lib/libscenario_msgs__rosidl_typesupport_introspection_c.so
[0.955s] -- Up-to-date: /home/atef/fav/ros2/install/scenario_msgs/lib/libscenario_msgs__rosidl_typesupport_c.so
[0.956s] -- Up-to-date: /home/atef/fav/ros2/install/scenario_msgs/lib/libscenario_msgs__rosidl_typesupport_fastrtps_cpp.so
[0.958s] -- Up-to-date: /home/atef/fav/ros2/install/scenario_msgs/lib/libscenario_msgs__rosidl_typesupport_introspection_cpp.so
[0.961s] -- Up-to-date: /home/atef/fav/ros2/install/scenario_msgs/lib/libscenario_msgs__rosidl_typesupport_cpp.so
[1.010s] Listing '/home/atef/fav/ros2/install/scenario_msgs/lib/python3.12/site-packages/scenario_msgs'...
[1.010s] Listing '/home/atef/fav/ros2/install/scenario_msgs/lib/python3.12/site-packages/scenario_msgs/msg'...
[1.010s] Listing '/home/atef/fav/ros2/install/scenario_msgs/lib/python3.12/site-packages/scenario_msgs/srv'...
[1.018s] -- Up-to-date: /home/atef/fav/ros2/install/scenario_msgs/lib/libscenario_msgs__rosidl_generator_py.so
[1.018s] -- Up-to-date: /home/atef/fav/ros2/install/scenario_msgs/share/scenario_msgs/cmake/export_scenario_msgs__rosidl_generator_cExport.cmake
[1.018s] -- Up-to-date: /home/atef/fav/ros2/install/scenario_msgs/share/scenario_msgs/cmake/export_scenario_msgs__rosidl_generator_cExport-noconfig.cmake
[1.018s] -- Up-to-date: /home/atef/fav/ros2/install/scenario_msgs/share/scenario_msgs/cmake/export_scenario_msgs__rosidl_typesupport_fastrtps_cExport.cmake
[1.018s] -- Up-to-date: /home/atef/fav/ros2/install/scenario_msgs/share/scenario_msgs/cmake/export_scenario_msgs__rosidl_typesupport_fastrtps_cExport-noconfig.cmake
[1.018s] -- Up-to-date: /home/atef/fav/ros2/install/scenario_msgs/share/scenario_msgs/cmake/scenario_msgs__rosidl_typesupport_introspection_cExport.cmake
[1.019s] -- Up-to-date: /home/atef/fav/ros2/install/scenario_msgs/share/scenario_msgs/cmake/scenario_msgs__rosidl_typesupport_introspection_cExport-noconfig.cmake
[1.019s] -- Up-to-date: /home/atef/fav/ros2/install/scenario_msgs/share/scenario_msgs/cmake/scenario_msgs__rosidl_typesupport_cExport.cmake
[1.019s] -- Up-to-date: /home/atef/fav/ros2/install/scenario_msgs/share/scenario_msgs/cmake/scenario_msgs__rosidl_typesupport_cExport-noconfig.cmake
[1.020s] -- Up-to-date: /home/atef/fav/ros2/install/scenario_msgs/share/scenario_msgs/cmake/export_scenario_msgs__rosidl_generator_cppExport.cmake
[1.020s] -- Up-to-date: /home/atef/fav/ros2/install/scenario_msgs/share/scenario_msgs/cmake/export_scenario_msgs__rosidl_typesupport_fastrtps_cppExport.cmake
[1.020s] -- Up-to-date: /home/atef/fav/ros2/install/scenario_msgs/share/scenario_msgs/cmake/export_scenario_msgs__rosidl_typesupport_fastrtps_cppExport-noconfig.cmake
[1.021s] -- Up-to-date: /home/atef/fav/ros2/install/scenario_msgs/share/scenario_msgs/cmake/scenario_msgs__rosidl_typesupport_introspection_cppExport.cmake
[1.021s] -- Up-to-date: /home/atef/fav/ros2/install/scenario_msgs/share/scenario_msgs/cmake/scenario_msgs__rosidl_typesupport_introspection_cppExport-noconfig.cmake
[1.021s] -- Up-to-date: /home/atef/fav/ros2/install/scenario_msgs/share/scenario_msgs/cmake/scenario_msgs__rosidl_typesupport_cppExport.cmake
[1.021s] -- Up-to-date: /home/atef/fav/ros2/install/scenario_msgs/share/scenario_msgs/cmake/scenario_msgs__rosidl_typesupport_cppExport-noconfig.cmake
[1.022s] -- Up-to-date: /home/atef/fav/ros2/install/scenario_msgs/share/scenario_msgs/cmake/export_scenario_msgs__rosidl_generator_pyExport.cmake
[1.022s] -- Up-to-date: /home/atef/fav/ros2/install/scenario_msgs/share/scenario_msgs/cmake/export_scenario_msgs__rosidl_generator_pyExport-noconfig.cmake
[1.026s] Invoked command in '/home/atef/fav/ros2/build/scenario_msgs' returned '0': CMAKE_PREFIX_PATH=${CMAKE_PREFIX_PATH}:/opt/ros/jazzy /bin/cmake --install /home/atef/fav/ros2/build/scenario_msgs
