[  1%] Built target scenario_msgs__rosidl_generator_type_description
[  1%] Built target ament_cmake_python_symlink_scenario_msgs
[  2%] Built target scenario_msgs__cpp
[ 25%] Built target scenario_msgs__rosidl_generator_c
[ 35%] Built target scenario_msgs__rosidl_typesupport_cpp
[ 44%] Built target scenario_msgs__rosidl_typesupport_c
[ 54%] Built target scenario_msgs__rosidl_typesupport_introspection_c
[ 63%] Built target scenario_msgs__rosidl_typesupport_fastrtps_cpp
[ 72%] Built target scenario_msgs__rosidl_typesupport_fastrtps_c
[ 82%] Built target scenario_msgs__rosidl_typesupport_introspection_cpp
[ 82%] Built target scenario_msgs
[ 83%] Built target scenario_msgs__py
[ 91%] Built target scenario_msgs__rosidl_generator_py
[ 97%] Built target scenario_msgs_s__rosidl_typesupport_fastrtps_c
[ 97%] Built target scenario_msgs_s__rosidl_typesupport_introspection_c
[100%] Built target scenario_msgs_s__rosidl_typesupport_c
running egg_info
writing scenario_msgs.egg-info/PKG-INFO
writing dependency_links to scenario_msgs.egg-info/dependency_links.txt
writing top-level names to scenario_msgs.egg-info/top_level.txt
reading manifest file 'scenario_msgs.egg-info/SOURCES.txt'
writing manifest file 'scenario_msgs.egg-info/SOURCES.txt'
[100%] Built target ament_cmake_python_build_scenario_msgs_egg
-- Install configuration: ""
-- Execute custom install script
-- Up-to-date symlink: /home/atef/fav/ros2/install/scenario_msgs/share/ament_index/resource_index/rosidl_interfaces/scenario_msgs
-- Up-to-date symlink: /home/atef/fav/ros2/install/scenario_msgs/share/scenario_msgs/msg/PolygonsStamped.json
-- Up-to-date symlink: /home/atef/fav/ros2/install/scenario_msgs/share/scenario_msgs/msg/Viewpoint.json
-- Up-to-date symlink: /home/atef/fav/ros2/install/scenario_msgs/share/scenario_msgs/msg/Viewpoints.json
-- Up-to-date symlink: /home/atef/fav/ros2/install/scenario_msgs/share/scenario_msgs/srv/MoveToStart.json
-- Up-to-date symlink: /home/atef/fav/ros2/install/scenario_msgs/share/scenario_msgs/srv/SetPath.json
-- Up-to-date symlink: /home/atef/fav/ros2/install/scenario_msgs/include/scenario_msgs/scenario_msgs/msg/detail/polygons_stamped__functions.h
-- Up-to-date symlink: /home/atef/fav/ros2/install/scenario_msgs/include/scenario_msgs/scenario_msgs/msg/detail/polygons_stamped__struct.h
-- Up-to-date symlink: /home/atef/fav/ros2/install/scenario_msgs/include/scenario_msgs/scenario_msgs/msg/detail/polygons_stamped__type_support.h
-- Up-to-date symlink: /home/atef/fav/ros2/install/scenario_msgs/include/scenario_msgs/scenario_msgs/msg/detail/viewpoint__functions.h
-- Up-to-date symlink: /home/atef/fav/ros2/install/scenario_msgs/include/scenario_msgs/scenario_msgs/msg/detail/viewpoint__struct.h
-- Up-to-date symlink: /home/atef/fav/ros2/install/scenario_msgs/include/scenario_msgs/scenario_msgs/msg/detail/viewpoint__type_support.h
-- Up-to-date symlink: /home/atef/fav/ros2/install/scenario_msgs/include/scenario_msgs/scenario_msgs/msg/detail/viewpoints__functions.h
-- Up-to-date symlink: /home/atef/fav/ros2/install/scenario_msgs/include/scenario_msgs/scenario_msgs/msg/detail/viewpoints__struct.h
-- Up-to-date symlink: /home/atef/fav/ros2/install/scenario_msgs/include/scenario_msgs/scenario_msgs/msg/detail/viewpoints__type_support.h
-- Up-to-date symlink: /home/atef/fav/ros2/install/scenario_msgs/include/scenario_msgs/scenario_msgs/msg/polygons_stamped.h
-- Up-to-date symlink: /home/atef/fav/ros2/install/scenario_msgs/include/scenario_msgs/scenario_msgs/msg/rosidl_generator_c__visibility_control.h
-- Up-to-date symlink: /home/atef/fav/ros2/install/scenario_msgs/include/scenario_msgs/scenario_msgs/msg/viewpoint.h
-- Up-to-date symlink: /home/atef/fav/ros2/install/scenario_msgs/include/scenario_msgs/scenario_msgs/msg/viewpoints.h
-- Up-to-date symlink: /home/atef/fav/ros2/install/scenario_msgs/include/scenario_msgs/scenario_msgs/srv/detail/move_to_start__functions.h
-- Up-to-date symlink: /home/atef/fav/ros2/install/scenario_msgs/include/scenario_msgs/scenario_msgs/srv/detail/move_to_start__struct.h
-- Up-to-date symlink: /home/atef/fav/ros2/install/scenario_msgs/include/scenario_msgs/scenario_msgs/srv/detail/move_to_start__type_support.h
-- Up-to-date symlink: /home/atef/fav/ros2/install/scenario_msgs/include/scenario_msgs/scenario_msgs/srv/detail/set_path__functions.h
-- Up-to-date symlink: /home/atef/fav/ros2/install/scenario_msgs/include/scenario_msgs/scenario_msgs/srv/detail/set_path__struct.h
-- Up-to-date symlink: /home/atef/fav/ros2/install/scenario_msgs/include/scenario_msgs/scenario_msgs/srv/detail/set_path__type_support.h
-- Up-to-date symlink: /home/atef/fav/ros2/install/scenario_msgs/include/scenario_msgs/scenario_msgs/srv/move_to_start.h
-- Up-to-date symlink: /home/atef/fav/ros2/install/scenario_msgs/include/scenario_msgs/scenario_msgs/srv/set_path.h
-- Up-to-date symlink: /home/atef/fav/ros2/install/scenario_msgs/share/scenario_msgs/environment/library_path.sh
-- Up-to-date symlink: /home/atef/fav/ros2/install/scenario_msgs/share/scenario_msgs/environment/library_path.dsv
-- Up-to-date symlink: /home/atef/fav/ros2/install/scenario_msgs/include/scenario_msgs/scenario_msgs/msg/detail/polygons_stamped__rosidl_typesupport_fastrtps_c.h
-- Up-to-date symlink: /home/atef/fav/ros2/install/scenario_msgs/include/scenario_msgs/scenario_msgs/msg/detail/viewpoint__rosidl_typesupport_fastrtps_c.h
-- Up-to-date symlink: /home/atef/fav/ros2/install/scenario_msgs/include/scenario_msgs/scenario_msgs/msg/detail/viewpoints__rosidl_typesupport_fastrtps_c.h
-- Up-to-date symlink: /home/atef/fav/ros2/install/scenario_msgs/include/scenario_msgs/scenario_msgs/msg/rosidl_typesupport_fastrtps_c__visibility_control.h
-- Up-to-date symlink: /home/atef/fav/ros2/install/scenario_msgs/include/scenario_msgs/scenario_msgs/srv/detail/move_to_start__rosidl_typesupport_fastrtps_c.h
-- Up-to-date symlink: /home/atef/fav/ros2/install/scenario_msgs/include/scenario_msgs/scenario_msgs/srv/detail/set_path__rosidl_typesupport_fastrtps_c.h
-- Up-to-date symlink: /home/atef/fav/ros2/install/scenario_msgs/include/scenario_msgs/scenario_msgs/msg/detail/polygons_stamped__rosidl_typesupport_introspection_c.h
-- Up-to-date symlink: /home/atef/fav/ros2/install/scenario_msgs/include/scenario_msgs/scenario_msgs/msg/detail/viewpoint__rosidl_typesupport_introspection_c.h
-- Up-to-date symlink: /home/atef/fav/ros2/install/scenario_msgs/include/scenario_msgs/scenario_msgs/msg/detail/viewpoints__rosidl_typesupport_introspection_c.h
-- Up-to-date symlink: /home/atef/fav/ros2/install/scenario_msgs/include/scenario_msgs/scenario_msgs/msg/rosidl_typesupport_introspection_c__visibility_control.h
-- Up-to-date symlink: /home/atef/fav/ros2/install/scenario_msgs/include/scenario_msgs/scenario_msgs/srv/detail/move_to_start__rosidl_typesupport_introspection_c.h
-- Up-to-date symlink: /home/atef/fav/ros2/install/scenario_msgs/include/scenario_msgs/scenario_msgs/srv/detail/set_path__rosidl_typesupport_introspection_c.h
-- Up-to-date symlink: /home/atef/fav/ros2/install/scenario_msgs/include/scenario_msgs/scenario_msgs/msg/detail/polygons_stamped__builder.hpp
-- Up-to-date symlink: /home/atef/fav/ros2/install/scenario_msgs/include/scenario_msgs/scenario_msgs/msg/detail/polygons_stamped__struct.hpp
-- Up-to-date symlink: /home/atef/fav/ros2/install/scenario_msgs/include/scenario_msgs/scenario_msgs/msg/detail/polygons_stamped__traits.hpp
-- Up-to-date symlink: /home/atef/fav/ros2/install/scenario_msgs/include/scenario_msgs/scenario_msgs/msg/detail/polygons_stamped__type_support.hpp
-- Up-to-date symlink: /home/atef/fav/ros2/install/scenario_msgs/include/scenario_msgs/scenario_msgs/msg/detail/viewpoint__builder.hpp
-- Up-to-date symlink: /home/atef/fav/ros2/install/scenario_msgs/include/scenario_msgs/scenario_msgs/msg/detail/viewpoint__struct.hpp
-- Up-to-date symlink: /home/atef/fav/ros2/install/scenario_msgs/include/scenario_msgs/scenario_msgs/msg/detail/viewpoint__traits.hpp
-- Up-to-date symlink: /home/atef/fav/ros2/install/scenario_msgs/include/scenario_msgs/scenario_msgs/msg/detail/viewpoint__type_support.hpp
-- Up-to-date symlink: /home/atef/fav/ros2/install/scenario_msgs/include/scenario_msgs/scenario_msgs/msg/detail/viewpoints__builder.hpp
-- Up-to-date symlink: /home/atef/fav/ros2/install/scenario_msgs/include/scenario_msgs/scenario_msgs/msg/detail/viewpoints__struct.hpp
-- Up-to-date symlink: /home/atef/fav/ros2/install/scenario_msgs/include/scenario_msgs/scenario_msgs/msg/detail/viewpoints__traits.hpp
-- Up-to-date symlink: /home/atef/fav/ros2/install/scenario_msgs/include/scenario_msgs/scenario_msgs/msg/detail/viewpoints__type_support.hpp
-- Up-to-date symlink: /home/atef/fav/ros2/install/scenario_msgs/include/scenario_msgs/scenario_msgs/msg/polygons_stamped.hpp
-- Up-to-date symlink: /home/atef/fav/ros2/install/scenario_msgs/include/scenario_msgs/scenario_msgs/msg/rosidl_generator_cpp__visibility_control.hpp
-- Up-to-date symlink: /home/atef/fav/ros2/install/scenario_msgs/include/scenario_msgs/scenario_msgs/msg/viewpoint.hpp
-- Up-to-date symlink: /home/atef/fav/ros2/install/scenario_msgs/include/scenario_msgs/scenario_msgs/msg/viewpoints.hpp
-- Up-to-date symlink: /home/atef/fav/ros2/install/scenario_msgs/include/scenario_msgs/scenario_msgs/srv/detail/move_to_start__builder.hpp
-- Up-to-date symlink: /home/atef/fav/ros2/install/scenario_msgs/include/scenario_msgs/scenario_msgs/srv/detail/move_to_start__struct.hpp
-- Up-to-date symlink: /home/atef/fav/ros2/install/scenario_msgs/include/scenario_msgs/scenario_msgs/srv/detail/move_to_start__traits.hpp
-- Up-to-date symlink: /home/atef/fav/ros2/install/scenario_msgs/include/scenario_msgs/scenario_msgs/srv/detail/move_to_start__type_support.hpp
-- Up-to-date symlink: /home/atef/fav/ros2/install/scenario_msgs/include/scenario_msgs/scenario_msgs/srv/detail/set_path__builder.hpp
-- Up-to-date symlink: /home/atef/fav/ros2/install/scenario_msgs/include/scenario_msgs/scenario_msgs/srv/detail/set_path__struct.hpp
-- Up-to-date symlink: /home/atef/fav/ros2/install/scenario_msgs/include/scenario_msgs/scenario_msgs/srv/detail/set_path__traits.hpp
-- Up-to-date symlink: /home/atef/fav/ros2/install/scenario_msgs/include/scenario_msgs/scenario_msgs/srv/detail/set_path__type_support.hpp
-- Up-to-date symlink: /home/atef/fav/ros2/install/scenario_msgs/include/scenario_msgs/scenario_msgs/srv/move_to_start.hpp
-- Up-to-date symlink: /home/atef/fav/ros2/install/scenario_msgs/include/scenario_msgs/scenario_msgs/srv/set_path.hpp
-- Up-to-date symlink: /home/atef/fav/ros2/install/scenario_msgs/include/scenario_msgs/scenario_msgs/msg/detail/polygons_stamped__rosidl_typesupport_fastrtps_cpp.hpp
-- Up-to-date symlink: /home/atef/fav/ros2/install/scenario_msgs/include/scenario_msgs/scenario_msgs/msg/detail/viewpoint__rosidl_typesupport_fastrtps_cpp.hpp
-- Up-to-date symlink: /home/atef/fav/ros2/install/scenario_msgs/include/scenario_msgs/scenario_msgs/msg/detail/viewpoints__rosidl_typesupport_fastrtps_cpp.hpp
-- Up-to-date symlink: /home/atef/fav/ros2/install/scenario_msgs/include/scenario_msgs/scenario_msgs/msg/rosidl_typesupport_fastrtps_cpp__visibility_control.h
-- Up-to-date symlink: /home/atef/fav/ros2/install/scenario_msgs/include/scenario_msgs/scenario_msgs/srv/detail/move_to_start__rosidl_typesupport_fastrtps_cpp.hpp
-- Up-to-date symlink: /home/atef/fav/ros2/install/scenario_msgs/include/scenario_msgs/scenario_msgs/srv/detail/set_path__rosidl_typesupport_fastrtps_cpp.hpp
-- Up-to-date symlink: /home/atef/fav/ros2/install/scenario_msgs/include/scenario_msgs/scenario_msgs/msg/detail/polygons_stamped__rosidl_typesupport_introspection_cpp.hpp
-- Up-to-date symlink: /home/atef/fav/ros2/install/scenario_msgs/include/scenario_msgs/scenario_msgs/msg/detail/viewpoint__rosidl_typesupport_introspection_cpp.hpp
-- Up-to-date symlink: /home/atef/fav/ros2/install/scenario_msgs/include/scenario_msgs/scenario_msgs/msg/detail/viewpoints__rosidl_typesupport_introspection_cpp.hpp
-- Up-to-date symlink: /home/atef/fav/ros2/install/scenario_msgs/include/scenario_msgs/scenario_msgs/srv/detail/move_to_start__rosidl_typesupport_introspection_cpp.hpp
-- Up-to-date symlink: /home/atef/fav/ros2/install/scenario_msgs/include/scenario_msgs/scenario_msgs/srv/detail/set_path__rosidl_typesupport_introspection_cpp.hpp
-- Up-to-date symlink: /home/atef/fav/ros2/install/scenario_msgs/share/scenario_msgs/environment/pythonpath.sh
-- Up-to-date symlink: /home/atef/fav/ros2/install/scenario_msgs/share/scenario_msgs/environment/pythonpath.dsv
-- Up-to-date symlink: /home/atef/fav/ros2/install/scenario_msgs/lib/python3.12/site-packages/scenario_msgs-0.0.0-py3.12.egg-info/PKG-INFO
-- Up-to-date symlink: /home/atef/fav/ros2/install/scenario_msgs/lib/python3.12/site-packages/scenario_msgs-0.0.0-py3.12.egg-info/SOURCES.txt
-- Up-to-date symlink: /home/atef/fav/ros2/install/scenario_msgs/lib/python3.12/site-packages/scenario_msgs-0.0.0-py3.12.egg-info/dependency_links.txt
-- Up-to-date symlink: /home/atef/fav/ros2/install/scenario_msgs/lib/python3.12/site-packages/scenario_msgs-0.0.0-py3.12.egg-info/top_level.txt
-- Up-to-date symlink: /home/atef/fav/ros2/install/scenario_msgs/lib/python3.12/site-packages/scenario_msgs/__init__.py
-- Up-to-date symlink: /home/atef/fav/ros2/install/scenario_msgs/lib/python3.12/site-packages/scenario_msgs/_scenario_msgs_s.ep.rosidl_typesupport_c.c
-- Up-to-date symlink: /home/atef/fav/ros2/install/scenario_msgs/lib/python3.12/site-packages/scenario_msgs/_scenario_msgs_s.ep.rosidl_typesupport_fastrtps_c.c
-- Up-to-date symlink: /home/atef/fav/ros2/install/scenario_msgs/lib/python3.12/site-packages/scenario_msgs/_scenario_msgs_s.ep.rosidl_typesupport_introspection_c.c
-- Up-to-date symlink: /home/atef/fav/ros2/install/scenario_msgs/lib/python3.12/site-packages/scenario_msgs/msg/__init__.py
-- Up-to-date symlink: /home/atef/fav/ros2/install/scenario_msgs/lib/python3.12/site-packages/scenario_msgs/msg/_polygons_stamped.py
-- Up-to-date symlink: /home/atef/fav/ros2/install/scenario_msgs/lib/python3.12/site-packages/scenario_msgs/msg/_polygons_stamped_s.c
-- Up-to-date symlink: /home/atef/fav/ros2/install/scenario_msgs/lib/python3.12/site-packages/scenario_msgs/msg/_viewpoint.py
-- Up-to-date symlink: /home/atef/fav/ros2/install/scenario_msgs/lib/python3.12/site-packages/scenario_msgs/msg/_viewpoint_s.c
-- Up-to-date symlink: /home/atef/fav/ros2/install/scenario_msgs/lib/python3.12/site-packages/scenario_msgs/msg/_viewpoints.py
-- Up-to-date symlink: /home/atef/fav/ros2/install/scenario_msgs/lib/python3.12/site-packages/scenario_msgs/msg/_viewpoints_s.c
-- Up-to-date symlink: /home/atef/fav/ros2/install/scenario_msgs/lib/python3.12/site-packages/scenario_msgs/scenario_msgs_s__rosidl_typesupport_c.so
-- Up-to-date symlink: /home/atef/fav/ros2/install/scenario_msgs/lib/python3.12/site-packages/scenario_msgs/scenario_msgs_s__rosidl_typesupport_fastrtps_c.so
-- Up-to-date symlink: /home/atef/fav/ros2/install/scenario_msgs/lib/python3.12/site-packages/scenario_msgs/scenario_msgs_s__rosidl_typesupport_introspection_c.so
-- Up-to-date symlink: /home/atef/fav/ros2/install/scenario_msgs/lib/python3.12/site-packages/scenario_msgs/srv/__init__.py
-- Up-to-date symlink: /home/atef/fav/ros2/install/scenario_msgs/lib/python3.12/site-packages/scenario_msgs/srv/_move_to_start.py
-- Up-to-date symlink: /home/atef/fav/ros2/install/scenario_msgs/lib/python3.12/site-packages/scenario_msgs/srv/_move_to_start_s.c
-- Up-to-date symlink: /home/atef/fav/ros2/install/scenario_msgs/lib/python3.12/site-packages/scenario_msgs/srv/_set_path.py
-- Up-to-date symlink: /home/atef/fav/ros2/install/scenario_msgs/lib/python3.12/site-packages/scenario_msgs/srv/_set_path_s.c
-- Up-to-date symlink: /home/atef/fav/ros2/install/scenario_msgs/lib/python3.12/site-packages/scenario_msgs/scenario_msgs_s__rosidl_typesupport_fastrtps_c.so
-- Up-to-date symlink: /home/atef/fav/ros2/install/scenario_msgs/lib/python3.12/site-packages/scenario_msgs/scenario_msgs_s__rosidl_typesupport_introspection_c.so
-- Up-to-date symlink: /home/atef/fav/ros2/install/scenario_msgs/lib/python3.12/site-packages/scenario_msgs/scenario_msgs_s__rosidl_typesupport_c.so
-- Up-to-date symlink: /home/atef/fav/ros2/install/scenario_msgs/share/scenario_msgs/msg/PolygonsStamped.idl
-- Up-to-date symlink: /home/atef/fav/ros2/install/scenario_msgs/share/scenario_msgs/msg/Viewpoint.idl
-- Up-to-date symlink: /home/atef/fav/ros2/install/scenario_msgs/share/scenario_msgs/msg/Viewpoints.idl
-- Up-to-date symlink: /home/atef/fav/ros2/install/scenario_msgs/share/scenario_msgs/srv/MoveToStart.idl
-- Up-to-date symlink: /home/atef/fav/ros2/install/scenario_msgs/share/scenario_msgs/srv/SetPath.idl
-- Up-to-date symlink: /home/atef/fav/ros2/install/scenario_msgs/share/scenario_msgs/msg/PolygonsStamped.msg
-- Up-to-date symlink: /home/atef/fav/ros2/install/scenario_msgs/share/scenario_msgs/msg/Viewpoint.msg
-- Up-to-date symlink: /home/atef/fav/ros2/install/scenario_msgs/share/scenario_msgs/msg/Viewpoints.msg
-- Up-to-date symlink: /home/atef/fav/ros2/install/scenario_msgs/share/scenario_msgs/srv/MoveToStart.srv
-- Up-to-date symlink: /home/atef/fav/ros2/install/scenario_msgs/share/scenario_msgs/srv/SetPath.srv
-- Up-to-date symlink: /home/atef/fav/ros2/install/scenario_msgs/share/ament_index/resource_index/package_run_dependencies/scenario_msgs
-- Up-to-date symlink: /home/atef/fav/ros2/install/scenario_msgs/share/ament_index/resource_index/parent_prefix_path/scenario_msgs
-- Up-to-date symlink: /home/atef/fav/ros2/install/scenario_msgs/share/scenario_msgs/environment/ament_prefix_path.sh
-- Up-to-date symlink: /home/atef/fav/ros2/install/scenario_msgs/share/scenario_msgs/environment/ament_prefix_path.dsv
-- Up-to-date symlink: /home/atef/fav/ros2/install/scenario_msgs/share/scenario_msgs/environment/path.sh
-- Up-to-date symlink: /home/atef/fav/ros2/install/scenario_msgs/share/scenario_msgs/environment/path.dsv
-- Up-to-date symlink: /home/atef/fav/ros2/install/scenario_msgs/share/scenario_msgs/local_setup.bash
-- Up-to-date symlink: /home/atef/fav/ros2/install/scenario_msgs/share/scenario_msgs/local_setup.sh
-- Up-to-date symlink: /home/atef/fav/ros2/install/scenario_msgs/share/scenario_msgs/local_setup.zsh
-- Up-to-date symlink: /home/atef/fav/ros2/install/scenario_msgs/share/scenario_msgs/local_setup.dsv
-- Symlinking: /home/atef/fav/ros2/install/scenario_msgs/share/scenario_msgs/package.dsv
-- Up-to-date symlink: /home/atef/fav/ros2/install/scenario_msgs/share/ament_index/resource_index/packages/scenario_msgs
-- Up-to-date symlink: /home/atef/fav/ros2/install/scenario_msgs/share/scenario_msgs/cmake/rosidl_cmake-extras.cmake
-- Up-to-date symlink: /home/atef/fav/ros2/install/scenario_msgs/share/scenario_msgs/cmake/ament_cmake_export_dependencies-extras.cmake
-- Up-to-date symlink: /home/atef/fav/ros2/install/scenario_msgs/share/scenario_msgs/cmake/ament_cmake_export_include_directories-extras.cmake
-- Up-to-date symlink: /home/atef/fav/ros2/install/scenario_msgs/share/scenario_msgs/cmake/ament_cmake_export_libraries-extras.cmake
-- Up-to-date symlink: /home/atef/fav/ros2/install/scenario_msgs/share/scenario_msgs/cmake/ament_cmake_export_targets-extras.cmake
-- Up-to-date symlink: /home/atef/fav/ros2/install/scenario_msgs/share/scenario_msgs/cmake/rosidl_cmake_export_typesupport_targets-extras.cmake
-- Up-to-date symlink: /home/atef/fav/ros2/install/scenario_msgs/share/scenario_msgs/cmake/rosidl_cmake_export_typesupport_libraries-extras.cmake
-- Up-to-date symlink: /home/atef/fav/ros2/install/scenario_msgs/share/scenario_msgs/cmake/scenario_msgsConfig.cmake
-- Up-to-date symlink: /home/atef/fav/ros2/install/scenario_msgs/share/scenario_msgs/cmake/scenario_msgsConfig-version.cmake
-- Up-to-date symlink: /home/atef/fav/ros2/install/scenario_msgs/share/scenario_msgs/package.xml
-- Up-to-date: /home/atef/fav/ros2/install/scenario_msgs/lib/libscenario_msgs__rosidl_generator_c.so
-- Up-to-date: /home/atef/fav/ros2/install/scenario_msgs/lib/libscenario_msgs__rosidl_typesupport_fastrtps_c.so
-- Up-to-date: /home/atef/fav/ros2/install/scenario_msgs/lib/libscenario_msgs__rosidl_typesupport_introspection_c.so
-- Up-to-date: /home/atef/fav/ros2/install/scenario_msgs/lib/libscenario_msgs__rosidl_typesupport_c.so
-- Up-to-date: /home/atef/fav/ros2/install/scenario_msgs/lib/libscenario_msgs__rosidl_typesupport_fastrtps_cpp.so
-- Up-to-date: /home/atef/fav/ros2/install/scenario_msgs/lib/libscenario_msgs__rosidl_typesupport_introspection_cpp.so
-- Up-to-date: /home/atef/fav/ros2/install/scenario_msgs/lib/libscenario_msgs__rosidl_typesupport_cpp.so
Listing '/home/atef/fav/ros2/install/scenario_msgs/lib/python3.12/site-packages/scenario_msgs'...
Listing '/home/atef/fav/ros2/install/scenario_msgs/lib/python3.12/site-packages/scenario_msgs/msg'...
Listing '/home/atef/fav/ros2/install/scenario_msgs/lib/python3.12/site-packages/scenario_msgs/srv'...
-- Up-to-date: /home/atef/fav/ros2/install/scenario_msgs/lib/libscenario_msgs__rosidl_generator_py.so
-- Up-to-date: /home/atef/fav/ros2/install/scenario_msgs/share/scenario_msgs/cmake/export_scenario_msgs__rosidl_generator_cExport.cmake
-- Up-to-date: /home/atef/fav/ros2/install/scenario_msgs/share/scenario_msgs/cmake/export_scenario_msgs__rosidl_generator_cExport-noconfig.cmake
-- Up-to-date: /home/atef/fav/ros2/install/scenario_msgs/share/scenario_msgs/cmake/export_scenario_msgs__rosidl_typesupport_fastrtps_cExport.cmake
-- Up-to-date: /home/atef/fav/ros2/install/scenario_msgs/share/scenario_msgs/cmake/export_scenario_msgs__rosidl_typesupport_fastrtps_cExport-noconfig.cmake
-- Up-to-date: /home/atef/fav/ros2/install/scenario_msgs/share/scenario_msgs/cmake/scenario_msgs__rosidl_typesupport_introspection_cExport.cmake
-- Up-to-date: /home/atef/fav/ros2/install/scenario_msgs/share/scenario_msgs/cmake/scenario_msgs__rosidl_typesupport_introspection_cExport-noconfig.cmake
-- Up-to-date: /home/atef/fav/ros2/install/scenario_msgs/share/scenario_msgs/cmake/scenario_msgs__rosidl_typesupport_cExport.cmake
-- Up-to-date: /home/atef/fav/ros2/install/scenario_msgs/share/scenario_msgs/cmake/scenario_msgs__rosidl_typesupport_cExport-noconfig.cmake
-- Up-to-date: /home/atef/fav/ros2/install/scenario_msgs/share/scenario_msgs/cmake/export_scenario_msgs__rosidl_generator_cppExport.cmake
-- Up-to-date: /home/atef/fav/ros2/install/scenario_msgs/share/scenario_msgs/cmake/export_scenario_msgs__rosidl_typesupport_fastrtps_cppExport.cmake
-- Up-to-date: /home/atef/fav/ros2/install/scenario_msgs/share/scenario_msgs/cmake/export_scenario_msgs__rosidl_typesupport_fastrtps_cppExport-noconfig.cmake
-- Up-to-date: /home/atef/fav/ros2/install/scenario_msgs/share/scenario_msgs/cmake/scenario_msgs__rosidl_typesupport_introspection_cppExport.cmake
-- Up-to-date: /home/atef/fav/ros2/install/scenario_msgs/share/scenario_msgs/cmake/scenario_msgs__rosidl_typesupport_introspection_cppExport-noconfig.cmake
-- Up-to-date: /home/atef/fav/ros2/install/scenario_msgs/share/scenario_msgs/cmake/scenario_msgs__rosidl_typesupport_cppExport.cmake
-- Up-to-date: /home/atef/fav/ros2/install/scenario_msgs/share/scenario_msgs/cmake/scenario_msgs__rosidl_typesupport_cppExport-noconfig.cmake
-- Up-to-date: /home/atef/fav/ros2/install/scenario_msgs/share/scenario_msgs/cmake/export_scenario_msgs__rosidl_generator_pyExport.cmake
-- Up-to-date: /home/atef/fav/ros2/install/scenario_msgs/share/scenario_msgs/cmake/export_scenario_msgs__rosidl_generator_pyExport-noconfig.cmake
