Not searching for unused variables given on the command line.
-- The C compiler identification is GNU 11.4.0
-- The CXX compiler identification is GNU 11.4.0
-- Detecting C compiler ABI info
-- Detecting C compiler ABI info - done
-- Check for working C compiler: /bin/cc - skipped
-- Detecting C compile features
-- Detecting C compile features - done
-- Detecting CXX compiler ABI info
-- Detecting CXX compiler ABI info - done
-- Check for working CXX compiler: /bin/c++ - skipped
-- Detecting CXX compile features
-- Detecting CXX compile features - done
-- Found ament_cmake: 2.5.2 (/opt/ros/jazzy/share/ament_cmake/cmake)
-- Found Python3: /bin/python3 (found version "3.12.3") found components: Interpreter 
-- Override CMake install command with custom implementation using symlinks instead of copying resources
-- Found rclpy: 7.1.2 (/opt/ros/jazzy/share/rclpy/cmake)
-- Found hippo_control_msgs: 0.0.1 (/opt/ros/jazzy/share/hippo_control_msgs/cmake)
-- Found rosidl_generator_c: 4.6.4 (/opt/ros/jazzy/share/rosidl_generator_c/cmake)
-- Found rosidl_generator_cpp: 4.6.4 (/opt/ros/jazzy/share/rosidl_generator_cpp/cmake)
-- Using all available rosidl_typesupport_c: rosidl_typesupport_fastrtps_c;rosidl_typesupport_introspection_c
-- Using all available rosidl_typesupport_cpp: rosidl_typesupport_fastrtps_cpp;rosidl_typesupport_introspection_cpp
-- Configuring done
-- Generating done
-- Build files have been written to: /home/atef/fav/ros2/build/keyboard_control
-- Install configuration: ""
-- Execute custom install script
-- Symlinking: /home/atef/fav/ros2/install/keyboard_control/lib/keyboard_control/keyboard_control_node
-- Symlinking: /home/atef/fav/ros2/install/keyboard_control/share/ament_index/resource_index/package_run_dependencies/keyboard_control
-- Symlinking: /home/atef/fav/ros2/install/keyboard_control/share/ament_index/resource_index/parent_prefix_path/keyboard_control
-- Symlinking: /home/atef/fav/ros2/install/keyboard_control/share/keyboard_control/environment/ament_prefix_path.sh
-- Symlinking: /home/atef/fav/ros2/install/keyboard_control/share/keyboard_control/environment/ament_prefix_path.dsv
-- Symlinking: /home/atef/fav/ros2/install/keyboard_control/share/keyboard_control/environment/path.sh
-- Symlinking: /home/atef/fav/ros2/install/keyboard_control/share/keyboard_control/environment/path.dsv
-- Symlinking: /home/atef/fav/ros2/install/keyboard_control/share/keyboard_control/local_setup.bash
-- Symlinking: /home/atef/fav/ros2/install/keyboard_control/share/keyboard_control/local_setup.sh
-- Symlinking: /home/atef/fav/ros2/install/keyboard_control/share/keyboard_control/local_setup.zsh
-- Symlinking: /home/atef/fav/ros2/install/keyboard_control/share/keyboard_control/local_setup.dsv
-- Symlinking: /home/atef/fav/ros2/install/keyboard_control/share/keyboard_control/package.dsv
-- Symlinking: /home/atef/fav/ros2/install/keyboard_control/share/ament_index/resource_index/packages/keyboard_control
-- Symlinking: /home/atef/fav/ros2/install/keyboard_control/share/keyboard_control/cmake/keyboard_controlConfig.cmake
-- Symlinking: /home/atef/fav/ros2/install/keyboard_control/share/keyboard_control/cmake/keyboard_controlConfig-version.cmake
-- Symlinking: /home/atef/fav/ros2/install/keyboard_control/share/keyboard_control/package.xml
