[0.016s] Invoking command in '/home/atef/fav/ros2/build/fav': AMENT_PREFIX_PATH=/home/atef/fav/ros2/install/scenario_msgs:${AMENT_PREFIX_PATH} CMAKE_PREFIX_PATH=/home/atef/fav/ros2/install/scenario_msgs:/opt/ros/jazzy/opt/gz_sim_vendor:/opt/ros/jazzy/opt/gz_sensors_vendor:/opt/ros/jazzy/opt/gz_physics_vendor:/opt/ros/jazzy/opt/sdformat_vendor:/opt/ros/jazzy/opt/gz_gui_vendor:/opt/ros/jazzy/opt/gz_transport_vendor:/opt/ros/jazzy/opt/gz_rendering_vendor:/opt/ros/jazzy/opt/gz_plugin_vendor:/opt/ros/jazzy/opt/gz_fuel_tools_vendor:/opt/ros/jazzy/opt/gz_msgs_vendor:/opt/ros/jazzy/opt/gz_common_vendor:/opt/ros/jazzy/opt/gz_math_vendor:/opt/ros/jazzy/opt/gz_utils_vendor:/opt/ros/jazzy/opt/gz_tools_vendor:/opt/ros/jazzy/opt/gz_ogre_next_vendor:/opt/ros/jazzy/opt/gz_dartsim_vendor:/opt/ros/jazzy/opt/gz_cmake_vendor:/opt/ros/jazzy LD_LIBRARY_PATH=/home/atef/fav/ros2/install/scenario_msgs/lib:${LD_LIBRARY_PATH} PYTHONPATH=/home/atef/fav/ros2/install/scenario_msgs/lib/python3.12/site-packages:${PYTHONPATH} /bin/cmake --build /home/atef/fav/ros2/build/fav -- -j6 -l6
[0.075s] [ 50%] Built target robot_marker_publisher
[0.077s] [100%] Built target scenario_node
[0.088s] Invoked command in '/home/atef/fav/ros2/build/fav' returned '0': AMENT_PREFIX_PATH=/home/atef/fav/ros2/install/scenario_msgs:${AMENT_PREFIX_PATH} CMAKE_PREFIX_PATH=/home/atef/fav/ros2/install/scenario_msgs:/opt/ros/jazzy/opt/gz_sim_vendor:/opt/ros/jazzy/opt/gz_sensors_vendor:/opt/ros/jazzy/opt/gz_physics_vendor:/opt/ros/jazzy/opt/sdformat_vendor:/opt/ros/jazzy/opt/gz_gui_vendor:/opt/ros/jazzy/opt/gz_transport_vendor:/opt/ros/jazzy/opt/gz_rendering_vendor:/opt/ros/jazzy/opt/gz_plugin_vendor:/opt/ros/jazzy/opt/gz_fuel_tools_vendor:/opt/ros/jazzy/opt/gz_msgs_vendor:/opt/ros/jazzy/opt/gz_common_vendor:/opt/ros/jazzy/opt/gz_math_vendor:/opt/ros/jazzy/opt/gz_utils_vendor:/opt/ros/jazzy/opt/gz_tools_vendor:/opt/ros/jazzy/opt/gz_ogre_next_vendor:/opt/ros/jazzy/opt/gz_dartsim_vendor:/opt/ros/jazzy/opt/gz_cmake_vendor:/opt/ros/jazzy LD_LIBRARY_PATH=/home/atef/fav/ros2/install/scenario_msgs/lib:${LD_LIBRARY_PATH} PYTHONPATH=/home/atef/fav/ros2/install/scenario_msgs/lib/python3.12/site-packages:${PYTHONPATH} /bin/cmake --build /home/atef/fav/ros2/build/fav -- -j6 -l6
[0.114s] Invoking command in '/home/atef/fav/ros2/build/fav': AMENT_PREFIX_PATH=/home/atef/fav/ros2/install/scenario_msgs:${AMENT_PREFIX_PATH} CMAKE_PREFIX_PATH=/home/atef/fav/ros2/install/scenario_msgs:/opt/ros/jazzy/opt/gz_sim_vendor:/opt/ros/jazzy/opt/gz_sensors_vendor:/opt/ros/jazzy/opt/gz_physics_vendor:/opt/ros/jazzy/opt/sdformat_vendor:/opt/ros/jazzy/opt/gz_gui_vendor:/opt/ros/jazzy/opt/gz_transport_vendor:/opt/ros/jazzy/opt/gz_rendering_vendor:/opt/ros/jazzy/opt/gz_plugin_vendor:/opt/ros/jazzy/opt/gz_fuel_tools_vendor:/opt/ros/jazzy/opt/gz_msgs_vendor:/opt/ros/jazzy/opt/gz_common_vendor:/opt/ros/jazzy/opt/gz_math_vendor:/opt/ros/jazzy/opt/gz_utils_vendor:/opt/ros/jazzy/opt/gz_tools_vendor:/opt/ros/jazzy/opt/gz_ogre_next_vendor:/opt/ros/jazzy/opt/gz_dartsim_vendor:/opt/ros/jazzy/opt/gz_cmake_vendor:/opt/ros/jazzy LD_LIBRARY_PATH=/home/atef/fav/ros2/install/scenario_msgs/lib:${LD_LIBRARY_PATH} PYTHONPATH=/home/atef/fav/ros2/install/scenario_msgs/lib/python3.12/site-packages:${PYTHONPATH} /bin/cmake --install /home/atef/fav/ros2/build/fav
[0.128s] -- Install configuration: ""
[0.129s] -- Execute custom install script
[0.129s] -- Up-to-date symlink: /home/atef/fav/ros2/install/fav/lib/fav/scenario_node
[0.130s] -- Up-to-date symlink: /home/atef/fav/ros2/install/fav/lib/fav/robot_marker_publisher
[0.131s] -- Up-to-date symlink: /home/atef/fav/ros2/install/fav/share/fav/launch/scenario.launch.py
[0.131s] -- Up-to-date symlink: /home/atef/fav/ros2/install/fav/share/fav/launch/simulation.launch.py
[0.131s] -- Up-to-date symlink: /home/atef/fav/ros2/install/fav/share/fav/launch/simulation_with_keyboard_control.launch.py
[0.132s] -- Up-to-date symlink: /home/atef/fav/ros2/install/fav/share/fav/launch/simulation_with_tags.launch.py
[0.132s] -- Up-to-date symlink: /home/atef/fav/ros2/install/fav/share/fav/launch/simulation_with_tags_and_keyboard_control.launch.py
[0.132s] -- Up-to-date symlink: /home/atef/fav/ros2/install/fav/share/ament_index/resource_index/package_run_dependencies/fav
[0.132s] -- Up-to-date symlink: /home/atef/fav/ros2/install/fav/share/ament_index/resource_index/parent_prefix_path/fav
[0.133s] -- Up-to-date symlink: /home/atef/fav/ros2/install/fav/share/fav/environment/ament_prefix_path.sh
[0.133s] -- Up-to-date symlink: /home/atef/fav/ros2/install/fav/share/fav/environment/ament_prefix_path.dsv
[0.133s] -- Up-to-date symlink: /home/atef/fav/ros2/install/fav/share/fav/environment/path.sh
[0.133s] -- Up-to-date symlink: /home/atef/fav/ros2/install/fav/share/fav/environment/path.dsv
[0.133s] -- Up-to-date symlink: /home/atef/fav/ros2/install/fav/share/fav/local_setup.bash
[0.134s] -- Up-to-date symlink: /home/atef/fav/ros2/install/fav/share/fav/local_setup.sh
[0.134s] -- Up-to-date symlink: /home/atef/fav/ros2/install/fav/share/fav/local_setup.zsh
[0.134s] -- Up-to-date symlink: /home/atef/fav/ros2/install/fav/share/fav/local_setup.dsv
[0.134s] -- Symlinking: /home/atef/fav/ros2/install/fav/share/fav/package.dsv
[0.150s] -- Up-to-date symlink: /home/atef/fav/ros2/install/fav/share/ament_index/resource_index/packages/fav
[0.150s] -- Up-to-date symlink: /home/atef/fav/ros2/install/fav/share/fav/cmake/favConfig.cmake
[0.150s] -- Up-to-date symlink: /home/atef/fav/ros2/install/fav/share/fav/cmake/favConfig-version.cmake
[0.151s] -- Up-to-date symlink: /home/atef/fav/ros2/install/fav/share/fav/package.xml
[0.152s] Invoked command in '/home/atef/fav/ros2/build/fav' returned '0': AMENT_PREFIX_PATH=/home/atef/fav/ros2/install/scenario_msgs:${AMENT_PREFIX_PATH} CMAKE_PREFIX_PATH=/home/atef/fav/ros2/install/scenario_msgs:/opt/ros/jazzy/opt/gz_sim_vendor:/opt/ros/jazzy/opt/gz_sensors_vendor:/opt/ros/jazzy/opt/gz_physics_vendor:/opt/ros/jazzy/opt/sdformat_vendor:/opt/ros/jazzy/opt/gz_gui_vendor:/opt/ros/jazzy/opt/gz_transport_vendor:/opt/ros/jazzy/opt/gz_rendering_vendor:/opt/ros/jazzy/opt/gz_plugin_vendor:/opt/ros/jazzy/opt/gz_fuel_tools_vendor:/opt/ros/jazzy/opt/gz_msgs_vendor:/opt/ros/jazzy/opt/gz_common_vendor:/opt/ros/jazzy/opt/gz_math_vendor:/opt/ros/jazzy/opt/gz_utils_vendor:/opt/ros/jazzy/opt/gz_tools_vendor:/opt/ros/jazzy/opt/gz_ogre_next_vendor:/opt/ros/jazzy/opt/gz_dartsim_vendor:/opt/ros/jazzy/opt/gz_cmake_vendor:/opt/ros/jazzy LD_LIBRARY_PATH=/home/atef/fav/ros2/install/scenario_msgs/lib:${LD_LIBRARY_PATH} PYTHONPATH=/home/atef/fav/ros2/install/scenario_msgs/lib/python3.12/site-packages:${PYTHONPATH} /bin/cmake --install /home/atef/fav/ros2/build/fav
