[0.023s] Invoking command in '/home/atef/fav/ros2/build/scenario_msgs': CMAKE_PREFIX_PATH=${CMAKE_PREFIX_PATH}:/opt/ros/jazzy /bin/cmake /home/atef/fav/ros2/src/fav/scenario_msgs --no-warn-unused-cli -DCMAKE_EXPORT_COMPILE_COMMANDS=ON -DAMENT_CMAKE_SYMLINK_INSTALL=1 -DCMAKE_INSTALL_PREFIX=/home/atef/fav/ros2/install/scenario_msgs
[0.047s] Not searching for unused variables given on the command line.
[0.137s] -- The C compiler identification is GNU 11.4.0
[0.219s] -- The CXX compiler identification is GNU 11.4.0
[0.233s] -- Detecting C compiler ABI info
[0.332s] -- Detecting C compiler ABI info - done
[0.344s] -- Check for working C compiler: /bin/cc - skipped
[0.344s] -- Detecting C compile features
[0.345s] -- Detecting C compile features - done
[0.349s] -- Detecting CXX compiler ABI info
[0.453s] -- Detecting CXX compiler ABI info - done
[0.466s] -- Check for working CXX compiler: /bin/c++ - skipped
[0.466s] -- Detecting CXX compile features
[0.467s] -- Detecting CXX compile features - done
[0.489s] -- Found ament_cmake: 2.5.2 (/opt/ros/jazzy/share/ament_cmake/cmake)
[1.023s] -- Found Python3: /bin/python3 (found version "3.12.3") found components: Interpreter 
[1.129s] -- Override CMake install command with custom implementation using symlinks instead of copying resources
[1.218s] -- Found rosidl_default_generators: 1.6.0 (/opt/ros/jazzy/share/rosidl_default_generators/cmake)
[1.233s] -- Using all available rosidl_typesupport_c: rosidl_typesupport_fastrtps_c;rosidl_typesupport_introspection_c
[1.343s] -- Using all available rosidl_typesupport_cpp: rosidl_typesupport_fastrtps_cpp;rosidl_typesupport_introspection_cpp
[1.426s] -- Found rosidl_adapter: 4.6.4 (/opt/ros/jazzy/share/rosidl_adapter/cmake)
[1.434s] -- Found std_msgs: 5.3.5 (/opt/ros/jazzy/share/std_msgs/cmake)
[1.484s] -- Found geometry_msgs: 5.3.5 (/opt/ros/jazzy/share/geometry_msgs/cmake)
[1.506s] -- Found nav_msgs: 5.3.5 (/opt/ros/jazzy/share/nav_msgs/cmake)
[2.219s] -- Found ament_cmake_ros: 0.12.0 (/opt/ros/jazzy/share/ament_cmake_ros/cmake)
[2.674s] -- Using all available rosidl_typesupport_c: rosidl_typesupport_fastrtps_c;rosidl_typesupport_introspection_c
[3.321s] -- Using all available rosidl_typesupport_cpp: rosidl_typesupport_fastrtps_cpp;rosidl_typesupport_introspection_cpp
[3.336s] -- Found python_cmake_module: 0.11.1 (/opt/ros/jazzy/share/python_cmake_module/cmake)
[3.430s] -- Found PythonExtra: /bin/python3  
[4.519s] -- Found Python3: /bin/python3 (found version "3.12.3") found components: Interpreter Development NumPy Development.Module Development.Embed 
[4.656s] -- Configuring done
[4.720s] -- Generating done
[4.724s] -- Build files have been written to: /home/atef/fav/ros2/build/scenario_msgs
[4.739s] Invoked command in '/home/atef/fav/ros2/build/scenario_msgs' returned '0': CMAKE_PREFIX_PATH=${CMAKE_PREFIX_PATH}:/opt/ros/jazzy /bin/cmake /home/atef/fav/ros2/src/fav/scenario_msgs --no-warn-unused-cli -DCMAKE_EXPORT_COMPILE_COMMANDS=ON -DAMENT_CMAKE_SYMLINK_INSTALL=1 -DCMAKE_INSTALL_PREFIX=/home/atef/fav/ros2/install/scenario_msgs
[4.740s] Invoking command in '/home/atef/fav/ros2/build/scenario_msgs': CMAKE_PREFIX_PATH=${CMAKE_PREFIX_PATH}:/opt/ros/jazzy /bin/cmake --build /home/atef/fav/ros2/build/scenario_msgs -- -j6 -l6
[4.844s] [  1%] [34m[1mGenerating type hashes for ROS interfaces[0m
[4.845s] [  1%] Built target ament_cmake_python_symlink_scenario_msgs
[5.174s] running egg_info
[5.175s] creating scenario_msgs.egg-info
[5.205s] writing scenario_msgs.egg-info/PKG-INFO
[5.205s] writing dependency_links to scenario_msgs.egg-info/dependency_links.txt
[5.206s] writing top-level names to scenario_msgs.egg-info/top_level.txt
[5.206s] writing manifest file 'scenario_msgs.egg-info/SOURCES.txt'
[5.262s] [  1%] Built target scenario_msgs__rosidl_generator_type_description
[5.277s] [  2%] [34m[1mGenerating C code for ROS interfaces[0m
[5.292s] [  4%] [34m[1mGenerating C++ code for ROS interfaces[0m
[5.304s] reading manifest file 'scenario_msgs.egg-info/SOURCES.txt'
[5.304s] writing manifest file 'scenario_msgs.egg-info/SOURCES.txt'
[5.351s] [  4%] Built target ament_cmake_python_build_scenario_msgs_egg
[6.111s] [  4%] Built target scenario_msgs__cpp
[6.229s] [  6%] [32mBuilding C object CMakeFiles/scenario_msgs__rosidl_generator_c.dir/rosidl_generator_c/scenario_msgs/msg/detail/polygons_stamped__functions.c.o[0m
[6.229s] [  9%] [32mBuilding C object CMakeFiles/scenario_msgs__rosidl_generator_c.dir/rosidl_generator_c/scenario_msgs/msg/detail/polygons_stamped__type_support.c.o[0m
[6.229s] [  9%] [32mBuilding C object CMakeFiles/scenario_msgs__rosidl_generator_c.dir/rosidl_generator_c/scenario_msgs/msg/detail/polygons_stamped__description.c.o[0m
[6.229s] [  6%] [32mBuilding C object CMakeFiles/scenario_msgs__rosidl_generator_c.dir/rosidl_generator_c/scenario_msgs/msg/detail/viewpoint__type_support.c.o[0m
[6.229s] [ 10%] [32mBuilding C object CMakeFiles/scenario_msgs__rosidl_generator_c.dir/rosidl_generator_c/scenario_msgs/msg/detail/viewpoint__description.c.o[0m
[6.229s] [ 12%] [32mBuilding C object CMakeFiles/scenario_msgs__rosidl_generator_c.dir/rosidl_generator_c/scenario_msgs/msg/detail/viewpoint__functions.c.o[0m
[6.290s] [ 14%] [32mBuilding C object CMakeFiles/scenario_msgs__rosidl_generator_c.dir/rosidl_generator_c/scenario_msgs/msg/detail/viewpoints__functions.c.o[0m
[6.290s] [ 14%] [32mBuilding C object CMakeFiles/scenario_msgs__rosidl_generator_c.dir/rosidl_generator_c/scenario_msgs/msg/detail/viewpoints__description.c.o[0m
[6.308s] [ 16%] [32mBuilding C object CMakeFiles/scenario_msgs__rosidl_generator_c.dir/rosidl_generator_c/scenario_msgs/msg/detail/viewpoints__type_support.c.o[0m
[6.310s] [ 17%] [32mBuilding C object CMakeFiles/scenario_msgs__rosidl_generator_c.dir/rosidl_generator_c/scenario_msgs/srv/detail/move_to_start__description.c.o[0m
[6.320s] [ 18%] [32mBuilding C object CMakeFiles/scenario_msgs__rosidl_generator_c.dir/rosidl_generator_c/scenario_msgs/srv/detail/move_to_start__functions.c.o[0m
[6.324s] [ 20%] [32mBuilding C object CMakeFiles/scenario_msgs__rosidl_generator_c.dir/rosidl_generator_c/scenario_msgs/srv/detail/move_to_start__type_support.c.o[0m
[6.346s] [ 21%] [32mBuilding C object CMakeFiles/scenario_msgs__rosidl_generator_c.dir/rosidl_generator_c/scenario_msgs/srv/detail/set_path__description.c.o[0m
[6.352s] [ 22%] [32mBuilding C object CMakeFiles/scenario_msgs__rosidl_generator_c.dir/rosidl_generator_c/scenario_msgs/srv/detail/set_path__functions.c.o[0m
[6.353s] [ 24%] [32mBuilding C object CMakeFiles/scenario_msgs__rosidl_generator_c.dir/rosidl_generator_c/scenario_msgs/srv/detail/set_path__type_support.c.o[0m
[6.442s] [ 25%] [32m[1mLinking C shared library libscenario_msgs__rosidl_generator_c.so[0m
[6.505s] [ 25%] Built target scenario_msgs__rosidl_generator_c
[6.520s] [ 27%] [34m[1mGenerating C++ type support dispatch for ROS interfaces[0m
[6.521s] [ 28%] [34m[1mGenerating C type support for eProsima Fast-RTPS[0m
[6.521s] [ 29%] [34m[1mGenerating C type support dispatch for ROS interfaces[0m
[6.521s] [ 31%] [34m[1mGenerating C introspection for ROS interfaces[0m
[6.523s] [ 32%] [34m[1mGenerating C++ type support for eProsima Fast-RTPS[0m
[6.529s] [ 33%] [34m[1mGenerating C++ introspection for ROS interfaces[0m
[7.137s] [ 35%] [32mBuilding CXX object CMakeFiles/scenario_msgs__rosidl_typesupport_c.dir/rosidl_typesupport_c/scenario_msgs/msg/polygons_stamped__type_support.cpp.o[0m
[7.137s] [ 36%] [32mBuilding CXX object CMakeFiles/scenario_msgs__rosidl_typesupport_cpp.dir/rosidl_typesupport_cpp/scenario_msgs/msg/polygons_stamped__type_support.cpp.o[0m
[7.210s] [ 37%] [32mBuilding CXX object CMakeFiles/scenario_msgs__rosidl_typesupport_c.dir/rosidl_typesupport_c/scenario_msgs/msg/viewpoint__type_support.cpp.o[0m
[7.266s] [ 39%] [32mBuilding CXX object CMakeFiles/scenario_msgs__rosidl_typesupport_c.dir/rosidl_typesupport_c/scenario_msgs/msg/viewpoints__type_support.cpp.o[0m
[7.326s] [ 40%] [32mBuilding CXX object CMakeFiles/scenario_msgs__rosidl_typesupport_c.dir/rosidl_typesupport_c/scenario_msgs/srv/move_to_start__type_support.cpp.o[0m
[7.326s] [ 41%] [32mBuilding CXX object CMakeFiles/scenario_msgs__rosidl_typesupport_introspection_cpp.dir/rosidl_typesupport_introspection_cpp/scenario_msgs/msg/detail/polygons_stamped__type_support.cpp.o[0m
[7.338s] [ 43%] [32mBuilding C object CMakeFiles/scenario_msgs__rosidl_typesupport_introspection_c.dir/rosidl_typesupport_introspection_c/scenario_msgs/msg/detail/polygons_stamped__type_support.c.o[0m
[7.390s] [ 44%] [32mBuilding CXX object CMakeFiles/scenario_msgs__rosidl_typesupport_c.dir/rosidl_typesupport_c/scenario_msgs/srv/set_path__type_support.cpp.o[0m
[7.398s] [ 45%] [32mBuilding C object CMakeFiles/scenario_msgs__rosidl_typesupport_introspection_c.dir/rosidl_typesupport_introspection_c/scenario_msgs/msg/detail/viewpoint__type_support.c.o[0m
[7.445s] [ 47%] [32mBuilding C object CMakeFiles/scenario_msgs__rosidl_typesupport_introspection_c.dir/rosidl_typesupport_introspection_c/scenario_msgs/msg/detail/viewpoints__type_support.c.o[0m
[7.451s] [ 48%] [32m[1mLinking CXX shared library libscenario_msgs__rosidl_typesupport_c.so[0m
[7.498s] [ 50%] [32mBuilding C object CMakeFiles/scenario_msgs__rosidl_typesupport_introspection_c.dir/rosidl_typesupport_introspection_c/scenario_msgs/srv/detail/move_to_start__type_support.c.o[0m
[7.510s] [ 50%] Built target scenario_msgs__rosidl_typesupport_c
[7.511s] [ 51%] [32mBuilding CXX object CMakeFiles/scenario_msgs__rosidl_typesupport_fastrtps_c.dir/rosidl_typesupport_fastrtps_c/scenario_msgs/msg/detail/polygons_stamped__type_support_c.cpp.o[0m
[7.522s] [ 52%] [32mBuilding CXX object CMakeFiles/scenario_msgs__rosidl_typesupport_fastrtps_c.dir/rosidl_typesupport_fastrtps_c/scenario_msgs/msg/detail/viewpoint__type_support_c.cpp.o[0m
[7.522s] [ 54%] [32mBuilding CXX object CMakeFiles/scenario_msgs__rosidl_typesupport_fastrtps_cpp.dir/rosidl_typesupport_fastrtps_cpp/scenario_msgs/msg/detail/dds_fastrtps/polygons_stamped__type_support.cpp.o[0m
[7.569s] [ 55%] [32mBuilding C object CMakeFiles/scenario_msgs__rosidl_typesupport_introspection_c.dir/rosidl_typesupport_introspection_c/scenario_msgs/srv/detail/set_path__type_support.c.o[0m
[7.643s] [ 56%] [32m[1mLinking C shared library libscenario_msgs__rosidl_typesupport_introspection_c.so[0m
[7.704s] [ 56%] Built target scenario_msgs__rosidl_typesupport_introspection_c
[7.716s] [ 58%] [32mBuilding CXX object CMakeFiles/scenario_msgs__rosidl_typesupport_cpp.dir/rosidl_typesupport_cpp/scenario_msgs/msg/viewpoint__type_support.cpp.o[0m
[7.719s] [ 59%] [32mBuilding CXX object CMakeFiles/scenario_msgs__rosidl_typesupport_introspection_cpp.dir/rosidl_typesupport_introspection_cpp/scenario_msgs/msg/detail/viewpoint__type_support.cpp.o[0m
[7.971s] [ 60%] [32mBuilding CXX object CMakeFiles/scenario_msgs__rosidl_typesupport_fastrtps_c.dir/rosidl_typesupport_fastrtps_c/scenario_msgs/msg/detail/viewpoints__type_support_c.cpp.o[0m
[8.190s] [ 62%] [32mBuilding CXX object CMakeFiles/scenario_msgs__rosidl_typesupport_fastrtps_c.dir/rosidl_typesupport_fastrtps_c/scenario_msgs/srv/detail/move_to_start__type_support_c.cpp.o[0m
[8.195s] [ 63%] [32mBuilding CXX object CMakeFiles/scenario_msgs__rosidl_typesupport_fastrtps_c.dir/rosidl_typesupport_fastrtps_c/scenario_msgs/srv/detail/set_path__type_support_c.cpp.o[0m
[8.257s] [ 64%] [32mBuilding CXX object CMakeFiles/scenario_msgs__rosidl_typesupport_cpp.dir/rosidl_typesupport_cpp/scenario_msgs/msg/viewpoints__type_support.cpp.o[0m
[8.307s] [ 66%] [32mBuilding CXX object CMakeFiles/scenario_msgs__rosidl_typesupport_introspection_cpp.dir/rosidl_typesupport_introspection_cpp/scenario_msgs/msg/detail/viewpoints__type_support.cpp.o[0m
[8.314s] [ 67%] [32mBuilding CXX object CMakeFiles/scenario_msgs__rosidl_typesupport_fastrtps_cpp.dir/rosidl_typesupport_fastrtps_cpp/scenario_msgs/msg/detail/dds_fastrtps/viewpoint__type_support.cpp.o[0m
[8.638s] [ 68%] [32mBuilding CXX object CMakeFiles/scenario_msgs__rosidl_typesupport_introspection_cpp.dir/rosidl_typesupport_introspection_cpp/scenario_msgs/srv/detail/move_to_start__type_support.cpp.o[0m
[8.724s] [ 70%] [32mBuilding CXX object CMakeFiles/scenario_msgs__rosidl_typesupport_cpp.dir/rosidl_typesupport_cpp/scenario_msgs/srv/move_to_start__type_support.cpp.o[0m
[8.876s] [ 71%] [32mBuilding CXX object CMakeFiles/scenario_msgs__rosidl_typesupport_introspection_cpp.dir/rosidl_typesupport_introspection_cpp/scenario_msgs/srv/detail/set_path__type_support.cpp.o[0m
[8.921s] [ 72%] [32mBuilding CXX object CMakeFiles/scenario_msgs__rosidl_typesupport_fastrtps_cpp.dir/rosidl_typesupport_fastrtps_cpp/scenario_msgs/msg/detail/dds_fastrtps/viewpoints__type_support.cpp.o[0m
[8.946s] [ 75%] [32mBuilding CXX object CMakeFiles/scenario_msgs__rosidl_typesupport_fastrtps_cpp.dir/rosidl_typesupport_fastrtps_cpp/scenario_msgs/srv/detail/dds_fastrtps/move_to_start__type_support.cpp.o[0m
[8.947s] [ 75%] [32m[1mLinking CXX shared library libscenario_msgs__rosidl_typesupport_fastrtps_c.so[0m
[9.075s] [ 75%] Built target scenario_msgs__rosidl_typesupport_fastrtps_c
[9.086s] [ 77%] [32mBuilding CXX object CMakeFiles/scenario_msgs__rosidl_typesupport_fastrtps_cpp.dir/rosidl_typesupport_fastrtps_cpp/scenario_msgs/srv/detail/dds_fastrtps/set_path__type_support.cpp.o[0m
[9.259s] [ 78%] [32mBuilding CXX object CMakeFiles/scenario_msgs__rosidl_typesupport_cpp.dir/rosidl_typesupport_cpp/scenario_msgs/srv/set_path__type_support.cpp.o[0m
[9.601s] [ 79%] [32m[1mLinking CXX shared library libscenario_msgs__rosidl_typesupport_introspection_cpp.so[0m
[9.704s] [ 79%] Built target scenario_msgs__rosidl_typesupport_introspection_cpp
[9.732s] [ 81%] [32m[1mLinking CXX shared library libscenario_msgs__rosidl_typesupport_cpp.so[0m
[9.797s] [ 82%] [32m[1mLinking CXX shared library libscenario_msgs__rosidl_typesupport_fastrtps_cpp.so[0m
[9.831s] [ 82%] Built target scenario_msgs__rosidl_typesupport_cpp
[9.898s] [ 82%] Built target scenario_msgs__rosidl_typesupport_fastrtps_cpp
[9.936s] [ 82%] Built target scenario_msgs
[9.976s] [ 83%] [34m[1mGenerating Python code for ROS interfaces[0m
[10.699s] [ 83%] Built target scenario_msgs__py
[10.723s] [ 86%] [32mBuilding C object CMakeFiles/scenario_msgs__rosidl_generator_py.dir/rosidl_generator_py/scenario_msgs/msg/_viewpoints_s.c.o[0m
[10.723s] [ 86%] [32mBuilding C object CMakeFiles/scenario_msgs__rosidl_generator_py.dir/rosidl_generator_py/scenario_msgs/msg/_viewpoint_s.c.o[0m
[10.723s] [ 87%] [32mBuilding C object CMakeFiles/scenario_msgs__rosidl_generator_py.dir/rosidl_generator_py/scenario_msgs/srv/_set_path_s.c.o[0m
[10.723s] [ 89%] [32mBuilding C object CMakeFiles/scenario_msgs__rosidl_generator_py.dir/rosidl_generator_py/scenario_msgs/srv/_move_to_start_s.c.o[0m
[10.726s] [ 90%] [32mBuilding C object CMakeFiles/scenario_msgs__rosidl_generator_py.dir/rosidl_generator_py/scenario_msgs/msg/_polygons_stamped_s.c.o[0m
[10.885s] [ 91%] [32m[1mLinking C shared library libscenario_msgs__rosidl_generator_py.so[0m
[10.954s] [ 91%] Built target scenario_msgs__rosidl_generator_py
[10.976s] [ 93%] [32mBuilding C object CMakeFiles/scenario_msgs_s__rosidl_typesupport_fastrtps_c.dir/rosidl_generator_py/scenario_msgs/_scenario_msgs_s.ep.rosidl_typesupport_fastrtps_c.c.o[0m
[10.978s] [ 94%] [32mBuilding C object CMakeFiles/scenario_msgs_s__rosidl_typesupport_c.dir/rosidl_generator_py/scenario_msgs/_scenario_msgs_s.ep.rosidl_typesupport_c.c.o[0m
[10.983s] [ 95%] [32mBuilding C object CMakeFiles/scenario_msgs_s__rosidl_typesupport_introspection_c.dir/rosidl_generator_py/scenario_msgs/_scenario_msgs_s.ep.rosidl_typesupport_introspection_c.c.o[0m
[11.084s] [ 97%] [32m[1mLinking C shared module rosidl_generator_py/scenario_msgs/scenario_msgs_s__rosidl_typesupport_fastrtps_c.so[0m
[11.089s] [100%] [32m[1mLinking C shared module rosidl_generator_py/scenario_msgs/scenario_msgs_s__rosidl_typesupport_introspection_c.so[0m
[11.089s] [100%] [32m[1mLinking C shared module rosidl_generator_py/scenario_msgs/scenario_msgs_s__rosidl_typesupport_c.so[0m
[11.118s] [100%] Built target scenario_msgs_s__rosidl_typesupport_fastrtps_c
[11.118s] [100%] Built target scenario_msgs_s__rosidl_typesupport_c
[11.118s] [100%] Built target scenario_msgs_s__rosidl_typesupport_introspection_c
[11.130s] Invoked command in '/home/atef/fav/ros2/build/scenario_msgs' returned '0': CMAKE_PREFIX_PATH=${CMAKE_PREFIX_PATH}:/opt/ros/jazzy /bin/cmake --build /home/atef/fav/ros2/build/scenario_msgs -- -j6 -l6
[11.359s] Invoking command in '/home/atef/fav/ros2/build/scenario_msgs': CMAKE_PREFIX_PATH=${CMAKE_PREFIX_PATH}:/opt/ros/jazzy /bin/cmake --install /home/atef/fav/ros2/build/scenario_msgs
[11.373s] -- Install configuration: ""
[11.374s] -- Execute custom install script
[11.374s] -- Symlinking: /home/atef/fav/ros2/install/scenario_msgs/share/ament_index/resource_index/rosidl_interfaces/scenario_msgs
[11.383s] -- Symlinking: /home/atef/fav/ros2/install/scenario_msgs/share/scenario_msgs/msg/PolygonsStamped.json
[11.393s] -- Symlinking: /home/atef/fav/ros2/install/scenario_msgs/share/scenario_msgs/msg/Viewpoint.json
[11.410s] -- Symlinking: /home/atef/fav/ros2/install/scenario_msgs/share/scenario_msgs/msg/Viewpoints.json
[11.428s] -- Symlinking: /home/atef/fav/ros2/install/scenario_msgs/share/scenario_msgs/srv/MoveToStart.json
[11.444s] -- Symlinking: /home/atef/fav/ros2/install/scenario_msgs/share/scenario_msgs/srv/SetPath.json
[11.461s] -- Symlinking: /home/atef/fav/ros2/install/scenario_msgs/include/scenario_msgs/scenario_msgs/msg/detail/polygons_stamped__functions.h
[11.470s] -- Symlinking: /home/atef/fav/ros2/install/scenario_msgs/include/scenario_msgs/scenario_msgs/msg/detail/polygons_stamped__struct.h
[11.478s] -- Symlinking: /home/atef/fav/ros2/install/scenario_msgs/include/scenario_msgs/scenario_msgs/msg/detail/polygons_stamped__type_support.h
[11.488s] -- Symlinking: /home/atef/fav/ros2/install/scenario_msgs/include/scenario_msgs/scenario_msgs/msg/detail/viewpoint__functions.h
[11.496s] -- Symlinking: /home/atef/fav/ros2/install/scenario_msgs/include/scenario_msgs/scenario_msgs/msg/detail/viewpoint__struct.h
[11.506s] -- Symlinking: /home/atef/fav/ros2/install/scenario_msgs/include/scenario_msgs/scenario_msgs/msg/detail/viewpoint__type_support.h
[11.514s] -- Symlinking: /home/atef/fav/ros2/install/scenario_msgs/include/scenario_msgs/scenario_msgs/msg/detail/viewpoints__functions.h
[11.523s] -- Symlinking: /home/atef/fav/ros2/install/scenario_msgs/include/scenario_msgs/scenario_msgs/msg/detail/viewpoints__struct.h
[11.539s] -- Symlinking: /home/atef/fav/ros2/install/scenario_msgs/include/scenario_msgs/scenario_msgs/msg/detail/viewpoints__type_support.h
[11.548s] -- Symlinking: /home/atef/fav/ros2/install/scenario_msgs/include/scenario_msgs/scenario_msgs/msg/polygons_stamped.h
[11.557s] -- Symlinking: /home/atef/fav/ros2/install/scenario_msgs/include/scenario_msgs/scenario_msgs/msg/rosidl_generator_c__visibility_control.h
[11.565s] -- Symlinking: /home/atef/fav/ros2/install/scenario_msgs/include/scenario_msgs/scenario_msgs/msg/viewpoint.h
[11.574s] -- Symlinking: /home/atef/fav/ros2/install/scenario_msgs/include/scenario_msgs/scenario_msgs/msg/viewpoints.h
[11.583s] -- Symlinking: /home/atef/fav/ros2/install/scenario_msgs/include/scenario_msgs/scenario_msgs/srv/detail/move_to_start__functions.h
[11.600s] -- Symlinking: /home/atef/fav/ros2/install/scenario_msgs/include/scenario_msgs/scenario_msgs/srv/detail/move_to_start__struct.h
[11.610s] -- Symlinking: /home/atef/fav/ros2/install/scenario_msgs/include/scenario_msgs/scenario_msgs/srv/detail/move_to_start__type_support.h
[11.626s] -- Symlinking: /home/atef/fav/ros2/install/scenario_msgs/include/scenario_msgs/scenario_msgs/srv/detail/set_path__functions.h
[11.635s] -- Symlinking: /home/atef/fav/ros2/install/scenario_msgs/include/scenario_msgs/scenario_msgs/srv/detail/set_path__struct.h
[11.644s] -- Symlinking: /home/atef/fav/ros2/install/scenario_msgs/include/scenario_msgs/scenario_msgs/srv/detail/set_path__type_support.h
[11.652s] -- Symlinking: /home/atef/fav/ros2/install/scenario_msgs/include/scenario_msgs/scenario_msgs/srv/move_to_start.h
[11.660s] -- Symlinking: /home/atef/fav/ros2/install/scenario_msgs/include/scenario_msgs/scenario_msgs/srv/set_path.h
[11.669s] -- Symlinking: /home/atef/fav/ros2/install/scenario_msgs/share/scenario_msgs/environment/library_path.sh
[11.686s] -- Symlinking: /home/atef/fav/ros2/install/scenario_msgs/share/scenario_msgs/environment/library_path.dsv
[11.704s] -- Symlinking: /home/atef/fav/ros2/install/scenario_msgs/include/scenario_msgs/scenario_msgs/msg/detail/polygons_stamped__rosidl_typesupport_fastrtps_c.h
[11.713s] -- Symlinking: /home/atef/fav/ros2/install/scenario_msgs/include/scenario_msgs/scenario_msgs/msg/detail/viewpoint__rosidl_typesupport_fastrtps_c.h
[11.731s] -- Symlinking: /home/atef/fav/ros2/install/scenario_msgs/include/scenario_msgs/scenario_msgs/msg/detail/viewpoints__rosidl_typesupport_fastrtps_c.h
[11.749s] -- Symlinking: /home/atef/fav/ros2/install/scenario_msgs/include/scenario_msgs/scenario_msgs/msg/rosidl_typesupport_fastrtps_c__visibility_control.h
[11.762s] -- Symlinking: /home/atef/fav/ros2/install/scenario_msgs/include/scenario_msgs/scenario_msgs/srv/detail/move_to_start__rosidl_typesupport_fastrtps_c.h
[11.770s] -- Symlinking: /home/atef/fav/ros2/install/scenario_msgs/include/scenario_msgs/scenario_msgs/srv/detail/set_path__rosidl_typesupport_fastrtps_c.h
[11.789s] -- Symlinking: /home/atef/fav/ros2/install/scenario_msgs/include/scenario_msgs/scenario_msgs/msg/detail/polygons_stamped__rosidl_typesupport_introspection_c.h
[11.805s] -- Symlinking: /home/atef/fav/ros2/install/scenario_msgs/include/scenario_msgs/scenario_msgs/msg/detail/viewpoint__rosidl_typesupport_introspection_c.h
[11.818s] -- Symlinking: /home/atef/fav/ros2/install/scenario_msgs/include/scenario_msgs/scenario_msgs/msg/detail/viewpoints__rosidl_typesupport_introspection_c.h
[11.826s] -- Symlinking: /home/atef/fav/ros2/install/scenario_msgs/include/scenario_msgs/scenario_msgs/msg/rosidl_typesupport_introspection_c__visibility_control.h
[11.835s] -- Symlinking: /home/atef/fav/ros2/install/scenario_msgs/include/scenario_msgs/scenario_msgs/srv/detail/move_to_start__rosidl_typesupport_introspection_c.h
[11.852s] -- Symlinking: /home/atef/fav/ros2/install/scenario_msgs/include/scenario_msgs/scenario_msgs/srv/detail/set_path__rosidl_typesupport_introspection_c.h
[11.870s] -- Symlinking: /home/atef/fav/ros2/install/scenario_msgs/include/scenario_msgs/scenario_msgs/msg/detail/polygons_stamped__builder.hpp
[11.885s] -- Symlinking: /home/atef/fav/ros2/install/scenario_msgs/include/scenario_msgs/scenario_msgs/msg/detail/polygons_stamped__struct.hpp
[11.900s] -- Symlinking: /home/atef/fav/ros2/install/scenario_msgs/include/scenario_msgs/scenario_msgs/msg/detail/polygons_stamped__traits.hpp
[11.915s] -- Symlinking: /home/atef/fav/ros2/install/scenario_msgs/include/scenario_msgs/scenario_msgs/msg/detail/polygons_stamped__type_support.hpp
[11.930s] -- Symlinking: /home/atef/fav/ros2/install/scenario_msgs/include/scenario_msgs/scenario_msgs/msg/detail/viewpoint__builder.hpp
[11.939s] -- Symlinking: /home/atef/fav/ros2/install/scenario_msgs/include/scenario_msgs/scenario_msgs/msg/detail/viewpoint__struct.hpp
[11.954s] -- Symlinking: /home/atef/fav/ros2/install/scenario_msgs/include/scenario_msgs/scenario_msgs/msg/detail/viewpoint__traits.hpp
[11.972s] -- Symlinking: /home/atef/fav/ros2/install/scenario_msgs/include/scenario_msgs/scenario_msgs/msg/detail/viewpoint__type_support.hpp
[11.990s] -- Symlinking: /home/atef/fav/ros2/install/scenario_msgs/include/scenario_msgs/scenario_msgs/msg/detail/viewpoints__builder.hpp
[12.005s] -- Symlinking: /home/atef/fav/ros2/install/scenario_msgs/include/scenario_msgs/scenario_msgs/msg/detail/viewpoints__struct.hpp
[12.023s] -- Symlinking: /home/atef/fav/ros2/install/scenario_msgs/include/scenario_msgs/scenario_msgs/msg/detail/viewpoints__traits.hpp
[12.042s] -- Symlinking: /home/atef/fav/ros2/install/scenario_msgs/include/scenario_msgs/scenario_msgs/msg/detail/viewpoints__type_support.hpp
[12.059s] -- Symlinking: /home/atef/fav/ros2/install/scenario_msgs/include/scenario_msgs/scenario_msgs/msg/polygons_stamped.hpp
[12.067s] -- Symlinking: /home/atef/fav/ros2/install/scenario_msgs/include/scenario_msgs/scenario_msgs/msg/rosidl_generator_cpp__visibility_control.hpp
[12.085s] -- Symlinking: /home/atef/fav/ros2/install/scenario_msgs/include/scenario_msgs/scenario_msgs/msg/viewpoint.hpp
[12.099s] -- Symlinking: /home/atef/fav/ros2/install/scenario_msgs/include/scenario_msgs/scenario_msgs/msg/viewpoints.hpp
[12.107s] -- Symlinking: /home/atef/fav/ros2/install/scenario_msgs/include/scenario_msgs/scenario_msgs/srv/detail/move_to_start__builder.hpp
[12.124s] -- Symlinking: /home/atef/fav/ros2/install/scenario_msgs/include/scenario_msgs/scenario_msgs/srv/detail/move_to_start__struct.hpp
[12.141s] -- Symlinking: /home/atef/fav/ros2/install/scenario_msgs/include/scenario_msgs/scenario_msgs/srv/detail/move_to_start__traits.hpp
[12.149s] -- Symlinking: /home/atef/fav/ros2/install/scenario_msgs/include/scenario_msgs/scenario_msgs/srv/detail/move_to_start__type_support.hpp
[12.158s] -- Symlinking: /home/atef/fav/ros2/install/scenario_msgs/include/scenario_msgs/scenario_msgs/srv/detail/set_path__builder.hpp
[12.167s] -- Symlinking: /home/atef/fav/ros2/install/scenario_msgs/include/scenario_msgs/scenario_msgs/srv/detail/set_path__struct.hpp
[12.181s] -- Symlinking: /home/atef/fav/ros2/install/scenario_msgs/include/scenario_msgs/scenario_msgs/srv/detail/set_path__traits.hpp
[12.191s] -- Symlinking: /home/atef/fav/ros2/install/scenario_msgs/include/scenario_msgs/scenario_msgs/srv/detail/set_path__type_support.hpp
[12.208s] -- Symlinking: /home/atef/fav/ros2/install/scenario_msgs/include/scenario_msgs/scenario_msgs/srv/move_to_start.hpp
[12.226s] -- Symlinking: /home/atef/fav/ros2/install/scenario_msgs/include/scenario_msgs/scenario_msgs/srv/set_path.hpp
[12.243s] -- Symlinking: /home/atef/fav/ros2/install/scenario_msgs/include/scenario_msgs/scenario_msgs/msg/detail/polygons_stamped__rosidl_typesupport_fastrtps_cpp.hpp
[12.261s] -- Symlinking: /home/atef/fav/ros2/install/scenario_msgs/include/scenario_msgs/scenario_msgs/msg/detail/viewpoint__rosidl_typesupport_fastrtps_cpp.hpp
[12.276s] -- Symlinking: /home/atef/fav/ros2/install/scenario_msgs/include/scenario_msgs/scenario_msgs/msg/detail/viewpoints__rosidl_typesupport_fastrtps_cpp.hpp
[12.285s] -- Symlinking: /home/atef/fav/ros2/install/scenario_msgs/include/scenario_msgs/scenario_msgs/msg/rosidl_typesupport_fastrtps_cpp__visibility_control.h
[12.294s] -- Symlinking: /home/atef/fav/ros2/install/scenario_msgs/include/scenario_msgs/scenario_msgs/srv/detail/move_to_start__rosidl_typesupport_fastrtps_cpp.hpp
[12.303s] -- Symlinking: /home/atef/fav/ros2/install/scenario_msgs/include/scenario_msgs/scenario_msgs/srv/detail/set_path__rosidl_typesupport_fastrtps_cpp.hpp
[12.312s] -- Symlinking: /home/atef/fav/ros2/install/scenario_msgs/include/scenario_msgs/scenario_msgs/msg/detail/polygons_stamped__rosidl_typesupport_introspection_cpp.hpp
[12.322s] -- Symlinking: /home/atef/fav/ros2/install/scenario_msgs/include/scenario_msgs/scenario_msgs/msg/detail/viewpoint__rosidl_typesupport_introspection_cpp.hpp
[12.330s] -- Symlinking: /home/atef/fav/ros2/install/scenario_msgs/include/scenario_msgs/scenario_msgs/msg/detail/viewpoints__rosidl_typesupport_introspection_cpp.hpp
[12.339s] -- Symlinking: /home/atef/fav/ros2/install/scenario_msgs/include/scenario_msgs/scenario_msgs/srv/detail/move_to_start__rosidl_typesupport_introspection_cpp.hpp
[12.348s] -- Symlinking: /home/atef/fav/ros2/install/scenario_msgs/include/scenario_msgs/scenario_msgs/srv/detail/set_path__rosidl_typesupport_introspection_cpp.hpp
[12.357s] -- Symlinking: /home/atef/fav/ros2/install/scenario_msgs/share/scenario_msgs/environment/pythonpath.sh
[12.366s] -- Symlinking: /home/atef/fav/ros2/install/scenario_msgs/share/scenario_msgs/environment/pythonpath.dsv
[12.376s] -- Symlinking: /home/atef/fav/ros2/install/scenario_msgs/lib/python3.12/site-packages/scenario_msgs-0.0.0-py3.12.egg-info/PKG-INFO
[12.384s] -- Symlinking: /home/atef/fav/ros2/install/scenario_msgs/lib/python3.12/site-packages/scenario_msgs-0.0.0-py3.12.egg-info/SOURCES.txt
[12.394s] -- Symlinking: /home/atef/fav/ros2/install/scenario_msgs/lib/python3.12/site-packages/scenario_msgs-0.0.0-py3.12.egg-info/dependency_links.txt
[12.404s] -- Symlinking: /home/atef/fav/ros2/install/scenario_msgs/lib/python3.12/site-packages/scenario_msgs-0.0.0-py3.12.egg-info/top_level.txt
[12.415s] -- Symlinking: /home/atef/fav/ros2/install/scenario_msgs/lib/python3.12/site-packages/scenario_msgs/__init__.py
[12.425s] -- Symlinking: /home/atef/fav/ros2/install/scenario_msgs/lib/python3.12/site-packages/scenario_msgs/_scenario_msgs_s.ep.rosidl_typesupport_c.c
[12.434s] -- Symlinking: /home/atef/fav/ros2/install/scenario_msgs/lib/python3.12/site-packages/scenario_msgs/_scenario_msgs_s.ep.rosidl_typesupport_fastrtps_c.c
[12.442s] -- Symlinking: /home/atef/fav/ros2/install/scenario_msgs/lib/python3.12/site-packages/scenario_msgs/_scenario_msgs_s.ep.rosidl_typesupport_introspection_c.c
[12.451s] -- Symlinking: /home/atef/fav/ros2/install/scenario_msgs/lib/python3.12/site-packages/scenario_msgs/msg/__init__.py
[12.467s] -- Symlinking: /home/atef/fav/ros2/install/scenario_msgs/lib/python3.12/site-packages/scenario_msgs/msg/_polygons_stamped.py
[12.484s] -- Symlinking: /home/atef/fav/ros2/install/scenario_msgs/lib/python3.12/site-packages/scenario_msgs/msg/_polygons_stamped_s.c
[12.493s] -- Symlinking: /home/atef/fav/ros2/install/scenario_msgs/lib/python3.12/site-packages/scenario_msgs/msg/_viewpoint.py
[12.509s] -- Symlinking: /home/atef/fav/ros2/install/scenario_msgs/lib/python3.12/site-packages/scenario_msgs/msg/_viewpoint_s.c
[12.517s] -- Symlinking: /home/atef/fav/ros2/install/scenario_msgs/lib/python3.12/site-packages/scenario_msgs/msg/_viewpoints.py
[12.526s] -- Symlinking: /home/atef/fav/ros2/install/scenario_msgs/lib/python3.12/site-packages/scenario_msgs/msg/_viewpoints_s.c
[12.534s] -- Symlinking: /home/atef/fav/ros2/install/scenario_msgs/lib/python3.12/site-packages/scenario_msgs/scenario_msgs_s__rosidl_typesupport_c.so
[12.552s] -- Symlinking: /home/atef/fav/ros2/install/scenario_msgs/lib/python3.12/site-packages/scenario_msgs/scenario_msgs_s__rosidl_typesupport_fastrtps_c.so
[12.570s] -- Symlinking: /home/atef/fav/ros2/install/scenario_msgs/lib/python3.12/site-packages/scenario_msgs/scenario_msgs_s__rosidl_typesupport_introspection_c.so
[12.583s] -- Symlinking: /home/atef/fav/ros2/install/scenario_msgs/lib/python3.12/site-packages/scenario_msgs/srv/__init__.py
[12.593s] -- Symlinking: /home/atef/fav/ros2/install/scenario_msgs/lib/python3.12/site-packages/scenario_msgs/srv/_move_to_start.py
[12.602s] -- Symlinking: /home/atef/fav/ros2/install/scenario_msgs/lib/python3.12/site-packages/scenario_msgs/srv/_move_to_start_s.c
[12.610s] -- Symlinking: /home/atef/fav/ros2/install/scenario_msgs/lib/python3.12/site-packages/scenario_msgs/srv/_set_path.py
[12.619s] -- Symlinking: /home/atef/fav/ros2/install/scenario_msgs/lib/python3.12/site-packages/scenario_msgs/srv/_set_path_s.c
[12.636s] -- Up-to-date symlink: /home/atef/fav/ros2/install/scenario_msgs/lib/python3.12/site-packages/scenario_msgs/scenario_msgs_s__rosidl_typesupport_fastrtps_c.so
[12.637s] -- Up-to-date symlink: /home/atef/fav/ros2/install/scenario_msgs/lib/python3.12/site-packages/scenario_msgs/scenario_msgs_s__rosidl_typesupport_introspection_c.so
[12.637s] -- Up-to-date symlink: /home/atef/fav/ros2/install/scenario_msgs/lib/python3.12/site-packages/scenario_msgs/scenario_msgs_s__rosidl_typesupport_c.so
[12.637s] -- Symlinking: /home/atef/fav/ros2/install/scenario_msgs/share/scenario_msgs/msg/PolygonsStamped.idl
[12.646s] -- Symlinking: /home/atef/fav/ros2/install/scenario_msgs/share/scenario_msgs/msg/Viewpoint.idl
[12.655s] -- Symlinking: /home/atef/fav/ros2/install/scenario_msgs/share/scenario_msgs/msg/Viewpoints.idl
[12.671s] -- Symlinking: /home/atef/fav/ros2/install/scenario_msgs/share/scenario_msgs/srv/MoveToStart.idl
[12.686s] -- Symlinking: /home/atef/fav/ros2/install/scenario_msgs/share/scenario_msgs/srv/SetPath.idl
[12.695s] -- Symlinking: /home/atef/fav/ros2/install/scenario_msgs/share/scenario_msgs/msg/PolygonsStamped.msg
[12.713s] -- Symlinking: /home/atef/fav/ros2/install/scenario_msgs/share/scenario_msgs/msg/Viewpoint.msg
[12.731s] -- Symlinking: /home/atef/fav/ros2/install/scenario_msgs/share/scenario_msgs/msg/Viewpoints.msg
[12.749s] -- Symlinking: /home/atef/fav/ros2/install/scenario_msgs/share/scenario_msgs/srv/MoveToStart.srv
[12.767s] -- Symlinking: /home/atef/fav/ros2/install/scenario_msgs/share/scenario_msgs/srv/SetPath.srv
[12.782s] -- Symlinking: /home/atef/fav/ros2/install/scenario_msgs/share/ament_index/resource_index/package_run_dependencies/scenario_msgs
[12.791s] -- Symlinking: /home/atef/fav/ros2/install/scenario_msgs/share/ament_index/resource_index/parent_prefix_path/scenario_msgs
[12.800s] -- Symlinking: /home/atef/fav/ros2/install/scenario_msgs/share/scenario_msgs/environment/ament_prefix_path.sh
[12.818s] -- Symlinking: /home/atef/fav/ros2/install/scenario_msgs/share/scenario_msgs/environment/ament_prefix_path.dsv
[12.836s] -- Symlinking: /home/atef/fav/ros2/install/scenario_msgs/share/scenario_msgs/environment/path.sh
[12.853s] -- Symlinking: /home/atef/fav/ros2/install/scenario_msgs/share/scenario_msgs/environment/path.dsv
[12.871s] -- Symlinking: /home/atef/fav/ros2/install/scenario_msgs/share/scenario_msgs/local_setup.bash
[12.888s] -- Symlinking: /home/atef/fav/ros2/install/scenario_msgs/share/scenario_msgs/local_setup.sh
[12.896s] -- Symlinking: /home/atef/fav/ros2/install/scenario_msgs/share/scenario_msgs/local_setup.zsh
[12.905s] -- Symlinking: /home/atef/fav/ros2/install/scenario_msgs/share/scenario_msgs/local_setup.dsv
[12.922s] -- Symlinking: /home/atef/fav/ros2/install/scenario_msgs/share/scenario_msgs/package.dsv
[12.937s] -- Symlinking: /home/atef/fav/ros2/install/scenario_msgs/share/ament_index/resource_index/packages/scenario_msgs
[12.946s] -- Symlinking: /home/atef/fav/ros2/install/scenario_msgs/share/scenario_msgs/cmake/rosidl_cmake-extras.cmake
[12.955s] -- Symlinking: /home/atef/fav/ros2/install/scenario_msgs/share/scenario_msgs/cmake/ament_cmake_export_dependencies-extras.cmake
[12.973s] -- Symlinking: /home/atef/fav/ros2/install/scenario_msgs/share/scenario_msgs/cmake/ament_cmake_export_include_directories-extras.cmake
[12.990s] -- Symlinking: /home/atef/fav/ros2/install/scenario_msgs/share/scenario_msgs/cmake/ament_cmake_export_libraries-extras.cmake
[13.007s] -- Symlinking: /home/atef/fav/ros2/install/scenario_msgs/share/scenario_msgs/cmake/ament_cmake_export_targets-extras.cmake
[13.025s] -- Symlinking: /home/atef/fav/ros2/install/scenario_msgs/share/scenario_msgs/cmake/rosidl_cmake_export_typesupport_targets-extras.cmake
[13.035s] -- Symlinking: /home/atef/fav/ros2/install/scenario_msgs/share/scenario_msgs/cmake/rosidl_cmake_export_typesupport_libraries-extras.cmake
[13.044s] -- Symlinking: /home/atef/fav/ros2/install/scenario_msgs/share/scenario_msgs/cmake/scenario_msgsConfig.cmake
[13.054s] -- Symlinking: /home/atef/fav/ros2/install/scenario_msgs/share/scenario_msgs/cmake/scenario_msgsConfig-version.cmake
[13.062s] -- Symlinking: /home/atef/fav/ros2/install/scenario_msgs/share/scenario_msgs/package.xml
[13.071s] -- Installing: /home/atef/fav/ros2/install/scenario_msgs/lib/libscenario_msgs__rosidl_generator_c.so
[13.072s] -- Set runtime path of "/home/atef/fav/ros2/install/scenario_msgs/lib/libscenario_msgs__rosidl_generator_c.so" to ""
[13.072s] -- Installing: /home/atef/fav/ros2/install/scenario_msgs/lib/libscenario_msgs__rosidl_typesupport_fastrtps_c.so
[13.073s] -- Set runtime path of "/home/atef/fav/ros2/install/scenario_msgs/lib/libscenario_msgs__rosidl_typesupport_fastrtps_c.so" to ""
[13.073s] -- Installing: /home/atef/fav/ros2/install/scenario_msgs/lib/libscenario_msgs__rosidl_typesupport_introspection_c.so
[13.074s] -- Set runtime path of "/home/atef/fav/ros2/install/scenario_msgs/lib/libscenario_msgs__rosidl_typesupport_introspection_c.so" to ""
[13.074s] -- Installing: /home/atef/fav/ros2/install/scenario_msgs/lib/libscenario_msgs__rosidl_typesupport_c.so
[13.074s] -- Set runtime path of "/home/atef/fav/ros2/install/scenario_msgs/lib/libscenario_msgs__rosidl_typesupport_c.so" to ""
[13.075s] -- Installing: /home/atef/fav/ros2/install/scenario_msgs/lib/libscenario_msgs__rosidl_typesupport_fastrtps_cpp.so
[13.075s] -- Set runtime path of "/home/atef/fav/ros2/install/scenario_msgs/lib/libscenario_msgs__rosidl_typesupport_fastrtps_cpp.so" to ""
[13.075s] -- Installing: /home/atef/fav/ros2/install/scenario_msgs/lib/libscenario_msgs__rosidl_typesupport_introspection_cpp.so
[13.076s] -- Set runtime path of "/home/atef/fav/ros2/install/scenario_msgs/lib/libscenario_msgs__rosidl_typesupport_introspection_cpp.so" to ""
[13.076s] -- Installing: /home/atef/fav/ros2/install/scenario_msgs/lib/libscenario_msgs__rosidl_typesupport_cpp.so
[13.077s] -- Set runtime path of "/home/atef/fav/ros2/install/scenario_msgs/lib/libscenario_msgs__rosidl_typesupport_cpp.so" to ""
[13.122s] Listing '/home/atef/fav/ros2/install/scenario_msgs/lib/python3.12/site-packages/scenario_msgs'...
[13.122s] Compiling '/home/atef/fav/ros2/install/scenario_msgs/lib/python3.12/site-packages/scenario_msgs/__init__.py'...
[13.122s] Listing '/home/atef/fav/ros2/install/scenario_msgs/lib/python3.12/site-packages/scenario_msgs/msg'...
[13.122s] Compiling '/home/atef/fav/ros2/install/scenario_msgs/lib/python3.12/site-packages/scenario_msgs/msg/__init__.py'...
[13.122s] Compiling '/home/atef/fav/ros2/install/scenario_msgs/lib/python3.12/site-packages/scenario_msgs/msg/_polygons_stamped.py'...
[13.122s] Compiling '/home/atef/fav/ros2/install/scenario_msgs/lib/python3.12/site-packages/scenario_msgs/msg/_viewpoint.py'...
[13.122s] Compiling '/home/atef/fav/ros2/install/scenario_msgs/lib/python3.12/site-packages/scenario_msgs/msg/_viewpoints.py'...
[13.122s] Listing '/home/atef/fav/ros2/install/scenario_msgs/lib/python3.12/site-packages/scenario_msgs/srv'...
[13.123s] Compiling '/home/atef/fav/ros2/install/scenario_msgs/lib/python3.12/site-packages/scenario_msgs/srv/__init__.py'...
[13.123s] Compiling '/home/atef/fav/ros2/install/scenario_msgs/lib/python3.12/site-packages/scenario_msgs/srv/_move_to_start.py'...
[13.123s] Compiling '/home/atef/fav/ros2/install/scenario_msgs/lib/python3.12/site-packages/scenario_msgs/srv/_set_path.py'...
[13.128s] -- Installing: /home/atef/fav/ros2/install/scenario_msgs/lib/libscenario_msgs__rosidl_generator_py.so
[13.128s] -- Set runtime path of "/home/atef/fav/ros2/install/scenario_msgs/lib/libscenario_msgs__rosidl_generator_py.so" to ""
[13.128s] -- Installing: /home/atef/fav/ros2/install/scenario_msgs/share/scenario_msgs/cmake/export_scenario_msgs__rosidl_generator_cExport.cmake
[13.128s] -- Installing: /home/atef/fav/ros2/install/scenario_msgs/share/scenario_msgs/cmake/export_scenario_msgs__rosidl_generator_cExport-noconfig.cmake
[13.129s] -- Installing: /home/atef/fav/ros2/install/scenario_msgs/share/scenario_msgs/cmake/export_scenario_msgs__rosidl_typesupport_fastrtps_cExport.cmake
[13.129s] -- Installing: /home/atef/fav/ros2/install/scenario_msgs/share/scenario_msgs/cmake/export_scenario_msgs__rosidl_typesupport_fastrtps_cExport-noconfig.cmake
[13.129s] -- Installing: /home/atef/fav/ros2/install/scenario_msgs/share/scenario_msgs/cmake/scenario_msgs__rosidl_typesupport_introspection_cExport.cmake
[13.129s] -- Installing: /home/atef/fav/ros2/install/scenario_msgs/share/scenario_msgs/cmake/scenario_msgs__rosidl_typesupport_introspection_cExport-noconfig.cmake
[13.129s] -- Installing: /home/atef/fav/ros2/install/scenario_msgs/share/scenario_msgs/cmake/scenario_msgs__rosidl_typesupport_cExport.cmake
[13.129s] -- Installing: /home/atef/fav/ros2/install/scenario_msgs/share/scenario_msgs/cmake/scenario_msgs__rosidl_typesupport_cExport-noconfig.cmake
[13.130s] -- Installing: /home/atef/fav/ros2/install/scenario_msgs/share/scenario_msgs/cmake/export_scenario_msgs__rosidl_generator_cppExport.cmake
[13.130s] -- Installing: /home/atef/fav/ros2/install/scenario_msgs/share/scenario_msgs/cmake/export_scenario_msgs__rosidl_typesupport_fastrtps_cppExport.cmake
[13.130s] -- Installing: /home/atef/fav/ros2/install/scenario_msgs/share/scenario_msgs/cmake/export_scenario_msgs__rosidl_typesupport_fastrtps_cppExport-noconfig.cmake
[13.130s] -- Installing: /home/atef/fav/ros2/install/scenario_msgs/share/scenario_msgs/cmake/scenario_msgs__rosidl_typesupport_introspection_cppExport.cmake
[13.130s] -- Installing: /home/atef/fav/ros2/install/scenario_msgs/share/scenario_msgs/cmake/scenario_msgs__rosidl_typesupport_introspection_cppExport-noconfig.cmake
[13.131s] -- Installing: /home/atef/fav/ros2/install/scenario_msgs/share/scenario_msgs/cmake/scenario_msgs__rosidl_typesupport_cppExport.cmake
[13.131s] -- Installing: /home/atef/fav/ros2/install/scenario_msgs/share/scenario_msgs/cmake/scenario_msgs__rosidl_typesupport_cppExport-noconfig.cmake
[13.131s] -- Installing: /home/atef/fav/ros2/install/scenario_msgs/share/scenario_msgs/cmake/export_scenario_msgs__rosidl_generator_pyExport.cmake
[13.131s] -- Installing: /home/atef/fav/ros2/install/scenario_msgs/share/scenario_msgs/cmake/export_scenario_msgs__rosidl_generator_pyExport-noconfig.cmake
[13.135s] Invoked command in '/home/atef/fav/ros2/build/scenario_msgs' returned '0': CMAKE_PREFIX_PATH=${CMAKE_PREFIX_PATH}:/opt/ros/jazzy /bin/cmake --install /home/atef/fav/ros2/build/scenario_msgs
