[0.000000] (-) TimerEvent: {}
[0.000477] (depth_control) JobQueued: {'identifier': 'depth_control', 'dependencies': OrderedDict()}
[0.000533] (keyboard_control) JobQueued: {'identifier': 'keyboard_control', 'dependencies': OrderedDict()}
[0.000557] (scenario_msgs) JobQueued: {'identifier': 'scenario_msgs', 'dependencies': OrderedDict()}
[0.000576] (fav) JobQueued: {'identifier': 'fav', 'dependencies': OrderedDict({'scenario_msgs': '/home/atef/fav/ros2/install/scenario_msgs'})}
[0.000605] (scenario_msgs) JobStarted: {'identifier': 'scenario_msgs'}
[0.024070] (depth_control) JobStarted: {'identifier': 'depth_control'}
[0.028573] (keyboard_control) JobStarted: {'identifier': 'keyboard_control'}
[0.034703] (scenario_msgs) JobProgress: {'identifier': 'scenario_msgs', 'progress': 'cmake'}
[0.036412] (scenario_msgs) JobProgress: {'identifier': 'scenario_msgs', 'progress': 'build'}
[0.036497] (scenario_msgs) Command: {'cmd': ['/bin/cmake', '--build', '/home/atef/fav/ros2/build/scenario_msgs', '--', '-j6', '-l6'], 'cwd': '/home/atef/fav/ros2/build/scenario_msgs', 'env': OrderedDict({'GZ_SIM_SYSTEM_PLUGIN_PATH': '/opt/ros/jazzy/lib/hippo_gz_plugins/', 'USER': 'atef', 'GZ_CONFIG_PATH': '/opt/ros/jazzy/opt/gz_sim_vendor/share/gz:/opt/ros/jazzy/opt/sdformat_vendor/share/gz:/opt/ros/jazzy/opt/gz_gui_vendor/share/gz:/opt/ros/jazzy/opt/gz_transport_vendor/share/gz:/opt/ros/jazzy/opt/gz_rendering_vendor/share/gz:/opt/ros/jazzy/opt/gz_plugin_vendor/share/gz:/opt/ros/jazzy/opt/gz_fuel_tools_vendor/share/gz:/opt/ros/jazzy/opt/gz_msgs_vendor/share/gz:/opt/ros/jazzy/opt/gz_common_vendor/share/gz', 'SHLVL': '0', 'LD_LIBRARY_PATH': '/opt/ros/jazzy/opt/gz_sim_vendor/lib:/opt/ros/jazzy/opt/gz_sensors_vendor/lib:/opt/ros/jazzy/opt/gz_physics_vendor/lib:/opt/ros/jazzy/opt/sdformat_vendor/lib:/opt/ros/jazzy/opt/rviz_ogre_vendor/lib:/opt/ros/jazzy/lib/x86_64-linux-gnu:/opt/ros/jazzy/opt/gz_gui_vendor/lib:/opt/ros/jazzy/opt/gz_transport_vendor/lib:/opt/ros/jazzy/opt/gz_rendering_vendor/lib:/opt/ros/jazzy/opt/gz_plugin_vendor/lib:/opt/ros/jazzy/opt/gz_fuel_tools_vendor/lib:/opt/ros/jazzy/opt/gz_msgs_vendor/lib:/opt/ros/jazzy/opt/gz_common_vendor/lib:/opt/ros/jazzy/opt/gz_math_vendor/lib:/opt/ros/jazzy/opt/gz_utils_vendor/lib:/opt/ros/jazzy/opt/gz_tools_vendor/lib:/opt/ros/jazzy/opt/gz_ogre_next_vendor/lib:/opt/ros/jazzy/opt/gz_dartsim_vendor/lib:/opt/ros/jazzy/opt/gz_cmake_vendor/lib:/opt/ros/jazzy/lib', 'HOME': '/home/atef', 'OLDPWD': '/home/atef/fav/ros2', 'ROS_PYTHON_VERSION': '3', 'LC_CTYPE': 'C.UTF-8', 'ROS_DISTRO': 'jazzy', 'LOGNAME': 'atef', '_': '/bin/colcon', 'ROS_VERSION': '2', 'TERM': 'xterm-256color', 'PATH': '/opt/ros/jazzy/opt/gz_msgs_vendor/bin:/opt/ros/jazzy/opt/gz_tools_vendor/bin:/opt/ros/jazzy/opt/gz_ogre_next_vendor/bin:/opt/ros/jazzy/bin:/bin:/usr/bin:/usr/ucb:/usr/local/bin', 'AMENT_PREFIX_PATH': '/opt/ros/jazzy', 'ROS_AUTOMATIC_DISCOVERY_RANGE': 'SUBNET', 'PWD': '/home/atef/fav/ros2/build/scenario_msgs', 'PYTHONPATH': '/opt/ros/jazzy/lib/python3.12/site-packages', 'COLCON': '1', 'CMAKE_PREFIX_PATH': '/opt/ros/jazzy/opt/gz_sim_vendor:/opt/ros/jazzy/opt/gz_sensors_vendor:/opt/ros/jazzy/opt/gz_physics_vendor:/opt/ros/jazzy/opt/sdformat_vendor:/opt/ros/jazzy/opt/gz_gui_vendor:/opt/ros/jazzy/opt/gz_transport_vendor:/opt/ros/jazzy/opt/gz_rendering_vendor:/opt/ros/jazzy/opt/gz_plugin_vendor:/opt/ros/jazzy/opt/gz_fuel_tools_vendor:/opt/ros/jazzy/opt/gz_msgs_vendor:/opt/ros/jazzy/opt/gz_common_vendor:/opt/ros/jazzy/opt/gz_math_vendor:/opt/ros/jazzy/opt/gz_utils_vendor:/opt/ros/jazzy/opt/gz_tools_vendor:/opt/ros/jazzy/opt/gz_ogre_next_vendor:/opt/ros/jazzy/opt/gz_dartsim_vendor:/opt/ros/jazzy/opt/gz_cmake_vendor:/opt/ros/jazzy'}), 'shell': False}
[0.039988] (depth_control) JobProgress: {'identifier': 'depth_control', 'progress': 'cmake'}
[0.040719] (depth_control) JobProgress: {'identifier': 'depth_control', 'progress': 'build'}
[0.040996] (depth_control) Command: {'cmd': ['/bin/cmake', '--build', '/home/atef/fav/ros2/build/depth_control', '--', '-j6', '-l6'], 'cwd': '/home/atef/fav/ros2/build/depth_control', 'env': OrderedDict({'GZ_SIM_SYSTEM_PLUGIN_PATH': '/opt/ros/jazzy/lib/hippo_gz_plugins/', 'USER': 'atef', 'GZ_CONFIG_PATH': '/opt/ros/jazzy/opt/gz_sim_vendor/share/gz:/opt/ros/jazzy/opt/sdformat_vendor/share/gz:/opt/ros/jazzy/opt/gz_gui_vendor/share/gz:/opt/ros/jazzy/opt/gz_transport_vendor/share/gz:/opt/ros/jazzy/opt/gz_rendering_vendor/share/gz:/opt/ros/jazzy/opt/gz_plugin_vendor/share/gz:/opt/ros/jazzy/opt/gz_fuel_tools_vendor/share/gz:/opt/ros/jazzy/opt/gz_msgs_vendor/share/gz:/opt/ros/jazzy/opt/gz_common_vendor/share/gz', 'SHLVL': '0', 'LD_LIBRARY_PATH': '/opt/ros/jazzy/opt/gz_sim_vendor/lib:/opt/ros/jazzy/opt/gz_sensors_vendor/lib:/opt/ros/jazzy/opt/gz_physics_vendor/lib:/opt/ros/jazzy/opt/sdformat_vendor/lib:/opt/ros/jazzy/opt/rviz_ogre_vendor/lib:/opt/ros/jazzy/lib/x86_64-linux-gnu:/opt/ros/jazzy/opt/gz_gui_vendor/lib:/opt/ros/jazzy/opt/gz_transport_vendor/lib:/opt/ros/jazzy/opt/gz_rendering_vendor/lib:/opt/ros/jazzy/opt/gz_plugin_vendor/lib:/opt/ros/jazzy/opt/gz_fuel_tools_vendor/lib:/opt/ros/jazzy/opt/gz_msgs_vendor/lib:/opt/ros/jazzy/opt/gz_common_vendor/lib:/opt/ros/jazzy/opt/gz_math_vendor/lib:/opt/ros/jazzy/opt/gz_utils_vendor/lib:/opt/ros/jazzy/opt/gz_tools_vendor/lib:/opt/ros/jazzy/opt/gz_ogre_next_vendor/lib:/opt/ros/jazzy/opt/gz_dartsim_vendor/lib:/opt/ros/jazzy/opt/gz_cmake_vendor/lib:/opt/ros/jazzy/lib', 'HOME': '/home/atef', 'OLDPWD': '/home/atef/fav/ros2', 'ROS_PYTHON_VERSION': '3', 'LC_CTYPE': 'C.UTF-8', 'ROS_DISTRO': 'jazzy', 'LOGNAME': 'atef', '_': '/bin/colcon', 'ROS_VERSION': '2', 'TERM': 'xterm-256color', 'PATH': '/opt/ros/jazzy/opt/gz_msgs_vendor/bin:/opt/ros/jazzy/opt/gz_tools_vendor/bin:/opt/ros/jazzy/opt/gz_ogre_next_vendor/bin:/opt/ros/jazzy/bin:/bin:/usr/bin:/usr/ucb:/usr/local/bin', 'AMENT_PREFIX_PATH': '/opt/ros/jazzy', 'ROS_AUTOMATIC_DISCOVERY_RANGE': 'SUBNET', 'PWD': '/home/atef/fav/ros2/build/depth_control', 'PYTHONPATH': '/opt/ros/jazzy/lib/python3.12/site-packages', 'COLCON': '1', 'CMAKE_PREFIX_PATH': '/opt/ros/jazzy/opt/gz_sim_vendor:/opt/ros/jazzy/opt/gz_sensors_vendor:/opt/ros/jazzy/opt/gz_physics_vendor:/opt/ros/jazzy/opt/sdformat_vendor:/opt/ros/jazzy/opt/gz_gui_vendor:/opt/ros/jazzy/opt/gz_transport_vendor:/opt/ros/jazzy/opt/gz_rendering_vendor:/opt/ros/jazzy/opt/gz_plugin_vendor:/opt/ros/jazzy/opt/gz_fuel_tools_vendor:/opt/ros/jazzy/opt/gz_msgs_vendor:/opt/ros/jazzy/opt/gz_common_vendor:/opt/ros/jazzy/opt/gz_math_vendor:/opt/ros/jazzy/opt/gz_utils_vendor:/opt/ros/jazzy/opt/gz_tools_vendor:/opt/ros/jazzy/opt/gz_ogre_next_vendor:/opt/ros/jazzy/opt/gz_dartsim_vendor:/opt/ros/jazzy/opt/gz_cmake_vendor:/opt/ros/jazzy'}), 'shell': False}
[0.044772] (keyboard_control) JobProgress: {'identifier': 'keyboard_control', 'progress': 'cmake'}
[0.045378] (keyboard_control) JobProgress: {'identifier': 'keyboard_control', 'progress': 'build'}
[0.045889] (keyboard_control) Command: {'cmd': ['/bin/cmake', '--build', '/home/atef/fav/ros2/build/keyboard_control', '--', '-j6', '-l6'], 'cwd': '/home/atef/fav/ros2/build/keyboard_control', 'env': OrderedDict({'GZ_SIM_SYSTEM_PLUGIN_PATH': '/opt/ros/jazzy/lib/hippo_gz_plugins/', 'USER': 'atef', 'GZ_CONFIG_PATH': '/opt/ros/jazzy/opt/gz_sim_vendor/share/gz:/opt/ros/jazzy/opt/sdformat_vendor/share/gz:/opt/ros/jazzy/opt/gz_gui_vendor/share/gz:/opt/ros/jazzy/opt/gz_transport_vendor/share/gz:/opt/ros/jazzy/opt/gz_rendering_vendor/share/gz:/opt/ros/jazzy/opt/gz_plugin_vendor/share/gz:/opt/ros/jazzy/opt/gz_fuel_tools_vendor/share/gz:/opt/ros/jazzy/opt/gz_msgs_vendor/share/gz:/opt/ros/jazzy/opt/gz_common_vendor/share/gz', 'SHLVL': '0', 'LD_LIBRARY_PATH': '/opt/ros/jazzy/opt/gz_sim_vendor/lib:/opt/ros/jazzy/opt/gz_sensors_vendor/lib:/opt/ros/jazzy/opt/gz_physics_vendor/lib:/opt/ros/jazzy/opt/sdformat_vendor/lib:/opt/ros/jazzy/opt/rviz_ogre_vendor/lib:/opt/ros/jazzy/lib/x86_64-linux-gnu:/opt/ros/jazzy/opt/gz_gui_vendor/lib:/opt/ros/jazzy/opt/gz_transport_vendor/lib:/opt/ros/jazzy/opt/gz_rendering_vendor/lib:/opt/ros/jazzy/opt/gz_plugin_vendor/lib:/opt/ros/jazzy/opt/gz_fuel_tools_vendor/lib:/opt/ros/jazzy/opt/gz_msgs_vendor/lib:/opt/ros/jazzy/opt/gz_common_vendor/lib:/opt/ros/jazzy/opt/gz_math_vendor/lib:/opt/ros/jazzy/opt/gz_utils_vendor/lib:/opt/ros/jazzy/opt/gz_tools_vendor/lib:/opt/ros/jazzy/opt/gz_ogre_next_vendor/lib:/opt/ros/jazzy/opt/gz_dartsim_vendor/lib:/opt/ros/jazzy/opt/gz_cmake_vendor/lib:/opt/ros/jazzy/lib', 'HOME': '/home/atef', 'OLDPWD': '/home/atef/fav/ros2', 'ROS_PYTHON_VERSION': '3', 'LC_CTYPE': 'C.UTF-8', 'ROS_DISTRO': 'jazzy', 'LOGNAME': 'atef', '_': '/bin/colcon', 'ROS_VERSION': '2', 'TERM': 'xterm-256color', 'PATH': '/opt/ros/jazzy/opt/gz_msgs_vendor/bin:/opt/ros/jazzy/opt/gz_tools_vendor/bin:/opt/ros/jazzy/opt/gz_ogre_next_vendor/bin:/opt/ros/jazzy/bin:/bin:/usr/bin:/usr/ucb:/usr/local/bin', 'AMENT_PREFIX_PATH': '/opt/ros/jazzy', 'ROS_AUTOMATIC_DISCOVERY_RANGE': 'SUBNET', 'PWD': '/home/atef/fav/ros2/build/keyboard_control', 'PYTHONPATH': '/opt/ros/jazzy/lib/python3.12/site-packages', 'COLCON': '1', 'CMAKE_PREFIX_PATH': '/opt/ros/jazzy/opt/gz_sim_vendor:/opt/ros/jazzy/opt/gz_sensors_vendor:/opt/ros/jazzy/opt/gz_physics_vendor:/opt/ros/jazzy/opt/sdformat_vendor:/opt/ros/jazzy/opt/gz_gui_vendor:/opt/ros/jazzy/opt/gz_transport_vendor:/opt/ros/jazzy/opt/gz_rendering_vendor:/opt/ros/jazzy/opt/gz_plugin_vendor:/opt/ros/jazzy/opt/gz_fuel_tools_vendor:/opt/ros/jazzy/opt/gz_msgs_vendor:/opt/ros/jazzy/opt/gz_common_vendor:/opt/ros/jazzy/opt/gz_math_vendor:/opt/ros/jazzy/opt/gz_utils_vendor:/opt/ros/jazzy/opt/gz_tools_vendor:/opt/ros/jazzy/opt/gz_ogre_next_vendor:/opt/ros/jazzy/opt/gz_dartsim_vendor:/opt/ros/jazzy/opt/gz_cmake_vendor:/opt/ros/jazzy'}), 'shell': False}
[0.098575] (-) TimerEvent: {}
[0.105672] (depth_control) CommandEnded: {'returncode': 0}
[0.116285] (keyboard_control) CommandEnded: {'returncode': 0}
[0.130726] (scenario_msgs) StdoutLine: {'line': b'[  1%] Built target scenario_msgs__rosidl_generator_type_description\n'}
[0.136329] (depth_control) JobProgress: {'identifier': 'depth_control', 'progress': 'install'}
[0.144805] (scenario_msgs) StdoutLine: {'line': b'[  1%] Built target ament_cmake_python_symlink_scenario_msgs\n'}
[0.149748] (depth_control) Command: {'cmd': ['/bin/cmake', '--install', '/home/atef/fav/ros2/build/depth_control'], 'cwd': '/home/atef/fav/ros2/build/depth_control', 'env': OrderedDict({'GZ_SIM_SYSTEM_PLUGIN_PATH': '/opt/ros/jazzy/lib/hippo_gz_plugins/', 'USER': 'atef', 'GZ_CONFIG_PATH': '/opt/ros/jazzy/opt/gz_sim_vendor/share/gz:/opt/ros/jazzy/opt/sdformat_vendor/share/gz:/opt/ros/jazzy/opt/gz_gui_vendor/share/gz:/opt/ros/jazzy/opt/gz_transport_vendor/share/gz:/opt/ros/jazzy/opt/gz_rendering_vendor/share/gz:/opt/ros/jazzy/opt/gz_plugin_vendor/share/gz:/opt/ros/jazzy/opt/gz_fuel_tools_vendor/share/gz:/opt/ros/jazzy/opt/gz_msgs_vendor/share/gz:/opt/ros/jazzy/opt/gz_common_vendor/share/gz', 'SHLVL': '0', 'LD_LIBRARY_PATH': '/opt/ros/jazzy/opt/gz_sim_vendor/lib:/opt/ros/jazzy/opt/gz_sensors_vendor/lib:/opt/ros/jazzy/opt/gz_physics_vendor/lib:/opt/ros/jazzy/opt/sdformat_vendor/lib:/opt/ros/jazzy/opt/rviz_ogre_vendor/lib:/opt/ros/jazzy/lib/x86_64-linux-gnu:/opt/ros/jazzy/opt/gz_gui_vendor/lib:/opt/ros/jazzy/opt/gz_transport_vendor/lib:/opt/ros/jazzy/opt/gz_rendering_vendor/lib:/opt/ros/jazzy/opt/gz_plugin_vendor/lib:/opt/ros/jazzy/opt/gz_fuel_tools_vendor/lib:/opt/ros/jazzy/opt/gz_msgs_vendor/lib:/opt/ros/jazzy/opt/gz_common_vendor/lib:/opt/ros/jazzy/opt/gz_math_vendor/lib:/opt/ros/jazzy/opt/gz_utils_vendor/lib:/opt/ros/jazzy/opt/gz_tools_vendor/lib:/opt/ros/jazzy/opt/gz_ogre_next_vendor/lib:/opt/ros/jazzy/opt/gz_dartsim_vendor/lib:/opt/ros/jazzy/opt/gz_cmake_vendor/lib:/opt/ros/jazzy/lib', 'HOME': '/home/atef', 'OLDPWD': '/home/atef/fav/ros2', 'ROS_PYTHON_VERSION': '3', 'LC_CTYPE': 'C.UTF-8', 'ROS_DISTRO': 'jazzy', 'LOGNAME': 'atef', '_': '/bin/colcon', 'ROS_VERSION': '2', 'TERM': 'xterm-256color', 'PATH': '/opt/ros/jazzy/opt/gz_msgs_vendor/bin:/opt/ros/jazzy/opt/gz_tools_vendor/bin:/opt/ros/jazzy/opt/gz_ogre_next_vendor/bin:/opt/ros/jazzy/bin:/bin:/usr/bin:/usr/ucb:/usr/local/bin', 'AMENT_PREFIX_PATH': '/opt/ros/jazzy', 'ROS_AUTOMATIC_DISCOVERY_RANGE': 'SUBNET', 'PWD': '/home/atef/fav/ros2/build/depth_control', 'PYTHONPATH': '/opt/ros/jazzy/lib/python3.12/site-packages', 'COLCON': '1', 'CMAKE_PREFIX_PATH': '/opt/ros/jazzy/opt/gz_sim_vendor:/opt/ros/jazzy/opt/gz_sensors_vendor:/opt/ros/jazzy/opt/gz_physics_vendor:/opt/ros/jazzy/opt/sdformat_vendor:/opt/ros/jazzy/opt/gz_gui_vendor:/opt/ros/jazzy/opt/gz_transport_vendor:/opt/ros/jazzy/opt/gz_rendering_vendor:/opt/ros/jazzy/opt/gz_plugin_vendor:/opt/ros/jazzy/opt/gz_fuel_tools_vendor:/opt/ros/jazzy/opt/gz_msgs_vendor:/opt/ros/jazzy/opt/gz_common_vendor:/opt/ros/jazzy/opt/gz_math_vendor:/opt/ros/jazzy/opt/gz_utils_vendor:/opt/ros/jazzy/opt/gz_tools_vendor:/opt/ros/jazzy/opt/gz_ogre_next_vendor:/opt/ros/jazzy/opt/gz_dartsim_vendor:/opt/ros/jazzy/opt/gz_cmake_vendor:/opt/ros/jazzy'}), 'shell': False}
[0.153167] (keyboard_control) JobProgress: {'identifier': 'keyboard_control', 'progress': 'install'}
[0.154103] (keyboard_control) Command: {'cmd': ['/bin/cmake', '--install', '/home/atef/fav/ros2/build/keyboard_control'], 'cwd': '/home/atef/fav/ros2/build/keyboard_control', 'env': OrderedDict({'GZ_SIM_SYSTEM_PLUGIN_PATH': '/opt/ros/jazzy/lib/hippo_gz_plugins/', 'USER': 'atef', 'GZ_CONFIG_PATH': '/opt/ros/jazzy/opt/gz_sim_vendor/share/gz:/opt/ros/jazzy/opt/sdformat_vendor/share/gz:/opt/ros/jazzy/opt/gz_gui_vendor/share/gz:/opt/ros/jazzy/opt/gz_transport_vendor/share/gz:/opt/ros/jazzy/opt/gz_rendering_vendor/share/gz:/opt/ros/jazzy/opt/gz_plugin_vendor/share/gz:/opt/ros/jazzy/opt/gz_fuel_tools_vendor/share/gz:/opt/ros/jazzy/opt/gz_msgs_vendor/share/gz:/opt/ros/jazzy/opt/gz_common_vendor/share/gz', 'SHLVL': '0', 'LD_LIBRARY_PATH': '/opt/ros/jazzy/opt/gz_sim_vendor/lib:/opt/ros/jazzy/opt/gz_sensors_vendor/lib:/opt/ros/jazzy/opt/gz_physics_vendor/lib:/opt/ros/jazzy/opt/sdformat_vendor/lib:/opt/ros/jazzy/opt/rviz_ogre_vendor/lib:/opt/ros/jazzy/lib/x86_64-linux-gnu:/opt/ros/jazzy/opt/gz_gui_vendor/lib:/opt/ros/jazzy/opt/gz_transport_vendor/lib:/opt/ros/jazzy/opt/gz_rendering_vendor/lib:/opt/ros/jazzy/opt/gz_plugin_vendor/lib:/opt/ros/jazzy/opt/gz_fuel_tools_vendor/lib:/opt/ros/jazzy/opt/gz_msgs_vendor/lib:/opt/ros/jazzy/opt/gz_common_vendor/lib:/opt/ros/jazzy/opt/gz_math_vendor/lib:/opt/ros/jazzy/opt/gz_utils_vendor/lib:/opt/ros/jazzy/opt/gz_tools_vendor/lib:/opt/ros/jazzy/opt/gz_ogre_next_vendor/lib:/opt/ros/jazzy/opt/gz_dartsim_vendor/lib:/opt/ros/jazzy/opt/gz_cmake_vendor/lib:/opt/ros/jazzy/lib', 'HOME': '/home/atef', 'OLDPWD': '/home/atef/fav/ros2', 'ROS_PYTHON_VERSION': '3', 'LC_CTYPE': 'C.UTF-8', 'ROS_DISTRO': 'jazzy', 'LOGNAME': 'atef', '_': '/bin/colcon', 'ROS_VERSION': '2', 'TERM': 'xterm-256color', 'PATH': '/opt/ros/jazzy/opt/gz_msgs_vendor/bin:/opt/ros/jazzy/opt/gz_tools_vendor/bin:/opt/ros/jazzy/opt/gz_ogre_next_vendor/bin:/opt/ros/jazzy/bin:/bin:/usr/bin:/usr/ucb:/usr/local/bin', 'AMENT_PREFIX_PATH': '/opt/ros/jazzy', 'ROS_AUTOMATIC_DISCOVERY_RANGE': 'SUBNET', 'PWD': '/home/atef/fav/ros2/build/keyboard_control', 'PYTHONPATH': '/opt/ros/jazzy/lib/python3.12/site-packages', 'COLCON': '1', 'CMAKE_PREFIX_PATH': '/opt/ros/jazzy/opt/gz_sim_vendor:/opt/ros/jazzy/opt/gz_sensors_vendor:/opt/ros/jazzy/opt/gz_physics_vendor:/opt/ros/jazzy/opt/sdformat_vendor:/opt/ros/jazzy/opt/gz_gui_vendor:/opt/ros/jazzy/opt/gz_transport_vendor:/opt/ros/jazzy/opt/gz_rendering_vendor:/opt/ros/jazzy/opt/gz_plugin_vendor:/opt/ros/jazzy/opt/gz_fuel_tools_vendor:/opt/ros/jazzy/opt/gz_msgs_vendor:/opt/ros/jazzy/opt/gz_common_vendor:/opt/ros/jazzy/opt/gz_math_vendor:/opt/ros/jazzy/opt/gz_utils_vendor:/opt/ros/jazzy/opt/gz_tools_vendor:/opt/ros/jazzy/opt/gz_ogre_next_vendor:/opt/ros/jazzy/opt/gz_dartsim_vendor:/opt/ros/jazzy/opt/gz_cmake_vendor:/opt/ros/jazzy'}), 'shell': False}
[0.161765] (scenario_msgs) StdoutLine: {'line': b'[  2%] Built target scenario_msgs__cpp\n'}
[0.162281] (depth_control) StdoutLine: {'line': b'-- Install configuration: ""\n'}
[0.162622] (depth_control) StdoutLine: {'line': b'-- Execute custom install script\n'}
[0.162895] (depth_control) StdoutLine: {'line': b'-- Up-to-date symlink: /home/atef/fav/ros2/install/depth_control/lib/depth_control/depth_calculator.py\n'}
[0.163060] (depth_control) StdoutLine: {'line': b'-- Up-to-date symlink: /home/atef/fav/ros2/install/depth_control/lib/depth_control/depth_controller.py\n'}
[0.163238] (depth_control) StdoutLine: {'line': b'-- Up-to-date symlink: /home/atef/fav/ros2/install/depth_control/lib/depth_control/depth_setpoint.py\n'}
[0.163638] (depth_control) StdoutLine: {'line': b'-- Up-to-date symlink: /home/atef/fav/ros2/install/depth_control/share/depth_control/launch/depth_calculator.launch.py\n'}
[0.163803] (depth_control) StdoutLine: {'line': b'-- Up-to-date symlink: /home/atef/fav/ros2/install/depth_control/share/depth_control/launch/depth_control_full.launch.py\n'}
[0.164008] (depth_control) StdoutLine: {'line': b'-- Up-to-date symlink: /home/atef/fav/ros2/install/depth_control/share/ament_index/resource_index/package_run_dependencies/depth_control\n'}
[0.164333] (depth_control) StdoutLine: {'line': b'-- Up-to-date symlink: /home/atef/fav/ros2/install/depth_control/share/ament_index/resource_index/parent_prefix_path/depth_control\n'}
[0.164560] (depth_control) StdoutLine: {'line': b'-- Up-to-date symlink: /home/atef/fav/ros2/install/depth_control/share/depth_control/environment/ament_prefix_path.sh\n'}
[0.165765] (depth_control) StdoutLine: {'line': b'-- Up-to-date symlink: /home/atef/fav/ros2/install/depth_control/share/depth_control/environment/ament_prefix_path.dsv\n'}
[0.166100] (depth_control) StdoutLine: {'line': b'-- Up-to-date symlink: /home/atef/fav/ros2/install/depth_control/share/depth_control/environment/path.sh\n'}
[0.166197] (depth_control) StdoutLine: {'line': b'-- Up-to-date symlink: /home/atef/fav/ros2/install/depth_control/share/depth_control/environment/path.dsv\n'}
[0.166283] (depth_control) StdoutLine: {'line': b'-- Up-to-date symlink: /home/atef/fav/ros2/install/depth_control/share/depth_control/local_setup.bash\n'}
[0.166366] (depth_control) StdoutLine: {'line': b'-- Up-to-date symlink: /home/atef/fav/ros2/install/depth_control/share/depth_control/local_setup.sh\n'}
[0.166449] (depth_control) StdoutLine: {'line': b'-- Up-to-date symlink: /home/atef/fav/ros2/install/depth_control/share/depth_control/local_setup.zsh\n'}
[0.166532] (depth_control) StdoutLine: {'line': b'-- Up-to-date symlink: /home/atef/fav/ros2/install/depth_control/share/depth_control/local_setup.dsv\n'}
[0.167009] (keyboard_control) StdoutLine: {'line': b'-- Install configuration: ""\n'}
[0.167828] (keyboard_control) StdoutLine: {'line': b'-- Execute custom install script\n'}
[0.167959] (keyboard_control) StdoutLine: {'line': b'-- Up-to-date symlink: /home/atef/fav/ros2/install/keyboard_control/lib/keyboard_control/keyboard_control_node\n'}
[0.168050] (depth_control) StdoutLine: {'line': b'-- Symlinking: /home/atef/fav/ros2/install/depth_control/share/depth_control/package.dsv\n'}
[0.168385] (keyboard_control) StdoutLine: {'line': b'-- Up-to-date symlink: /home/atef/fav/ros2/install/keyboard_control/share/ament_index/resource_index/package_run_dependencies/keyboard_control\n'}
[0.168748] (keyboard_control) StdoutLine: {'line': b'-- Up-to-date symlink: /home/atef/fav/ros2/install/keyboard_control/share/ament_index/resource_index/parent_prefix_path/keyboard_control\n'}
[0.169109] (keyboard_control) StdoutLine: {'line': b'-- Up-to-date symlink: /home/atef/fav/ros2/install/keyboard_control/share/keyboard_control/environment/ament_prefix_path.sh\n'}
[0.169301] (keyboard_control) StdoutLine: {'line': b'-- Up-to-date symlink: /home/atef/fav/ros2/install/keyboard_control/share/keyboard_control/environment/ament_prefix_path.dsv\n'}
[0.169600] (keyboard_control) StdoutLine: {'line': b'-- Up-to-date symlink: /home/atef/fav/ros2/install/keyboard_control/share/keyboard_control/environment/path.sh\n'}
[0.169788] (keyboard_control) StdoutLine: {'line': b'-- Up-to-date symlink: /home/atef/fav/ros2/install/keyboard_control/share/keyboard_control/environment/path.dsv\n'}
[0.170152] (keyboard_control) StdoutLine: {'line': b'-- Up-to-date symlink: /home/atef/fav/ros2/install/keyboard_control/share/keyboard_control/local_setup.bash\n'}
[0.170457] (keyboard_control) StdoutLine: {'line': b'-- Up-to-date symlink: /home/atef/fav/ros2/install/keyboard_control/share/keyboard_control/local_setup.sh\n'}
[0.170687] (keyboard_control) StdoutLine: {'line': b'-- Up-to-date symlink: /home/atef/fav/ros2/install/keyboard_control/share/keyboard_control/local_setup.zsh\n'}
[0.171430] (keyboard_control) StdoutLine: {'line': b'-- Up-to-date symlink: /home/atef/fav/ros2/install/keyboard_control/share/keyboard_control/local_setup.dsv\n'}
[0.172234] (keyboard_control) StdoutLine: {'line': b'-- Symlinking: /home/atef/fav/ros2/install/keyboard_control/share/keyboard_control/package.dsv\n'}
[0.179418] (scenario_msgs) StdoutLine: {'line': b'[ 25%] Built target scenario_msgs__rosidl_generator_c\n'}
[0.181845] (depth_control) StdoutLine: {'line': b'-- Up-to-date symlink: /home/atef/fav/ros2/install/depth_control/share/ament_index/resource_index/packages/depth_control\n'}
[0.182122] (depth_control) StdoutLine: {'line': b'-- Up-to-date symlink: /home/atef/fav/ros2/install/depth_control/share/depth_control/cmake/depth_controlConfig.cmake\n'}
[0.182256] (depth_control) StdoutLine: {'line': b'-- Up-to-date symlink: /home/atef/fav/ros2/install/depth_control/share/depth_control/cmake/depth_controlConfig-version.cmake\n'}
[0.182377] (depth_control) StdoutLine: {'line': b'-- Up-to-date symlink: /home/atef/fav/ros2/install/depth_control/share/depth_control/package.xml\n'}
[0.186968] (depth_control) CommandEnded: {'returncode': 0}
[0.199923] (keyboard_control) StdoutLine: {'line': b'-- Up-to-date symlink: /home/atef/fav/ros2/install/keyboard_control/share/ament_index/resource_index/packages/keyboard_control\n'}
[0.200093] (-) TimerEvent: {}
[0.200226] (keyboard_control) StdoutLine: {'line': b'-- Up-to-date symlink: /home/atef/fav/ros2/install/keyboard_control/share/keyboard_control/cmake/keyboard_controlConfig.cmake\n'}
[0.200329] (keyboard_control) StdoutLine: {'line': b'-- Up-to-date symlink: /home/atef/fav/ros2/install/keyboard_control/share/keyboard_control/cmake/keyboard_controlConfig-version.cmake\n'}
[0.200417] (keyboard_control) StdoutLine: {'line': b'-- Up-to-date symlink: /home/atef/fav/ros2/install/keyboard_control/share/keyboard_control/package.xml\n'}
[0.223939] (keyboard_control) CommandEnded: {'returncode': 0}
[0.236064] (scenario_msgs) StdoutLine: {'line': b'[ 35%] Built target scenario_msgs__rosidl_typesupport_c\n'}
[0.239534] (scenario_msgs) StdoutLine: {'line': b'[ 44%] Built target scenario_msgs__rosidl_typesupport_cpp\n'}
[0.243289] (scenario_msgs) StdoutLine: {'line': b'[ 54%] Built target scenario_msgs__rosidl_typesupport_fastrtps_c\n'}
[0.252363] (scenario_msgs) StdoutLine: {'line': b'[ 63%] Built target scenario_msgs__rosidl_typesupport_fastrtps_cpp\n'}
[0.255255] (scenario_msgs) StdoutLine: {'line': b'[ 72%] Built target scenario_msgs__rosidl_typesupport_introspection_c\n'}
[0.271261] (depth_control) JobEnded: {'identifier': 'depth_control', 'rc': 0}
[0.279834] (scenario_msgs) StdoutLine: {'line': b'[ 82%] Built target scenario_msgs__rosidl_typesupport_introspection_cpp\n'}
[0.285441] (keyboard_control) JobEnded: {'identifier': 'keyboard_control', 'rc': 0}
[0.300215] (-) TimerEvent: {}
[0.309436] (scenario_msgs) StdoutLine: {'line': b'[ 82%] Built target scenario_msgs\n'}
[0.340375] (scenario_msgs) StdoutLine: {'line': b'[ 83%] Built target scenario_msgs__py\n'}
[0.376198] (scenario_msgs) StdoutLine: {'line': b'[ 91%] Built target scenario_msgs__rosidl_generator_py\n'}
[0.400327] (-) TimerEvent: {}
[0.409488] (scenario_msgs) StdoutLine: {'line': b'[ 94%] Built target scenario_msgs_s__rosidl_typesupport_fastrtps_c\n'}
[0.411197] (scenario_msgs) StdoutLine: {'line': b'[ 97%] Built target scenario_msgs_s__rosidl_typesupport_introspection_c\n'}
[0.414367] (scenario_msgs) StdoutLine: {'line': b'[100%] Built target scenario_msgs_s__rosidl_typesupport_c\n'}
[0.500451] (-) TimerEvent: {}
[0.528752] (scenario_msgs) StdoutLine: {'line': b'running egg_info\n'}
[0.561185] (scenario_msgs) StdoutLine: {'line': b'writing scenario_msgs.egg-info/PKG-INFO\n'}
[0.561418] (scenario_msgs) StdoutLine: {'line': b'writing dependency_links to scenario_msgs.egg-info/dependency_links.txt\n'}
[0.562553] (scenario_msgs) StdoutLine: {'line': b'writing top-level names to scenario_msgs.egg-info/top_level.txt\n'}
[0.601947] (-) TimerEvent: {}
[0.663196] (scenario_msgs) StdoutLine: {'line': b"reading manifest file 'scenario_msgs.egg-info/SOURCES.txt'\n"}
[0.664009] (scenario_msgs) StdoutLine: {'line': b"writing manifest file 'scenario_msgs.egg-info/SOURCES.txt'\n"}
[0.702063] (-) TimerEvent: {}
[0.710484] (scenario_msgs) StdoutLine: {'line': b'[100%] Built target ament_cmake_python_build_scenario_msgs_egg\n'}
[0.726413] (scenario_msgs) CommandEnded: {'returncode': 0}
[0.802167] (-) TimerEvent: {}
[0.902459] (-) TimerEvent: {}
[0.946582] (scenario_msgs) JobProgress: {'identifier': 'scenario_msgs', 'progress': 'install'}
[0.947517] (scenario_msgs) Command: {'cmd': ['/bin/cmake', '--install', '/home/atef/fav/ros2/build/scenario_msgs'], 'cwd': '/home/atef/fav/ros2/build/scenario_msgs', 'env': OrderedDict({'GZ_SIM_SYSTEM_PLUGIN_PATH': '/opt/ros/jazzy/lib/hippo_gz_plugins/', 'USER': 'atef', 'GZ_CONFIG_PATH': '/opt/ros/jazzy/opt/gz_sim_vendor/share/gz:/opt/ros/jazzy/opt/sdformat_vendor/share/gz:/opt/ros/jazzy/opt/gz_gui_vendor/share/gz:/opt/ros/jazzy/opt/gz_transport_vendor/share/gz:/opt/ros/jazzy/opt/gz_rendering_vendor/share/gz:/opt/ros/jazzy/opt/gz_plugin_vendor/share/gz:/opt/ros/jazzy/opt/gz_fuel_tools_vendor/share/gz:/opt/ros/jazzy/opt/gz_msgs_vendor/share/gz:/opt/ros/jazzy/opt/gz_common_vendor/share/gz', 'SHLVL': '0', 'LD_LIBRARY_PATH': '/opt/ros/jazzy/opt/gz_sim_vendor/lib:/opt/ros/jazzy/opt/gz_sensors_vendor/lib:/opt/ros/jazzy/opt/gz_physics_vendor/lib:/opt/ros/jazzy/opt/sdformat_vendor/lib:/opt/ros/jazzy/opt/rviz_ogre_vendor/lib:/opt/ros/jazzy/lib/x86_64-linux-gnu:/opt/ros/jazzy/opt/gz_gui_vendor/lib:/opt/ros/jazzy/opt/gz_transport_vendor/lib:/opt/ros/jazzy/opt/gz_rendering_vendor/lib:/opt/ros/jazzy/opt/gz_plugin_vendor/lib:/opt/ros/jazzy/opt/gz_fuel_tools_vendor/lib:/opt/ros/jazzy/opt/gz_msgs_vendor/lib:/opt/ros/jazzy/opt/gz_common_vendor/lib:/opt/ros/jazzy/opt/gz_math_vendor/lib:/opt/ros/jazzy/opt/gz_utils_vendor/lib:/opt/ros/jazzy/opt/gz_tools_vendor/lib:/opt/ros/jazzy/opt/gz_ogre_next_vendor/lib:/opt/ros/jazzy/opt/gz_dartsim_vendor/lib:/opt/ros/jazzy/opt/gz_cmake_vendor/lib:/opt/ros/jazzy/lib', 'HOME': '/home/atef', 'OLDPWD': '/home/atef/fav/ros2', 'ROS_PYTHON_VERSION': '3', 'LC_CTYPE': 'C.UTF-8', 'ROS_DISTRO': 'jazzy', 'LOGNAME': 'atef', '_': '/bin/colcon', 'ROS_VERSION': '2', 'TERM': 'xterm-256color', 'PATH': '/opt/ros/jazzy/opt/gz_msgs_vendor/bin:/opt/ros/jazzy/opt/gz_tools_vendor/bin:/opt/ros/jazzy/opt/gz_ogre_next_vendor/bin:/opt/ros/jazzy/bin:/bin:/usr/bin:/usr/ucb:/usr/local/bin', 'AMENT_PREFIX_PATH': '/opt/ros/jazzy', 'ROS_AUTOMATIC_DISCOVERY_RANGE': 'SUBNET', 'PWD': '/home/atef/fav/ros2/build/scenario_msgs', 'PYTHONPATH': '/opt/ros/jazzy/lib/python3.12/site-packages', 'COLCON': '1', 'CMAKE_PREFIX_PATH': '/opt/ros/jazzy/opt/gz_sim_vendor:/opt/ros/jazzy/opt/gz_sensors_vendor:/opt/ros/jazzy/opt/gz_physics_vendor:/opt/ros/jazzy/opt/sdformat_vendor:/opt/ros/jazzy/opt/gz_gui_vendor:/opt/ros/jazzy/opt/gz_transport_vendor:/opt/ros/jazzy/opt/gz_rendering_vendor:/opt/ros/jazzy/opt/gz_plugin_vendor:/opt/ros/jazzy/opt/gz_fuel_tools_vendor:/opt/ros/jazzy/opt/gz_msgs_vendor:/opt/ros/jazzy/opt/gz_common_vendor:/opt/ros/jazzy/opt/gz_math_vendor:/opt/ros/jazzy/opt/gz_utils_vendor:/opt/ros/jazzy/opt/gz_tools_vendor:/opt/ros/jazzy/opt/gz_ogre_next_vendor:/opt/ros/jazzy/opt/gz_dartsim_vendor:/opt/ros/jazzy/opt/gz_cmake_vendor:/opt/ros/jazzy'}), 'shell': False}
[0.958392] (scenario_msgs) StdoutLine: {'line': b'-- Install configuration: ""\n'}
[0.959260] (scenario_msgs) StdoutLine: {'line': b'-- Execute custom install script\n'}
[0.959893] (scenario_msgs) StdoutLine: {'line': b'-- Up-to-date symlink: /home/atef/fav/ros2/install/scenario_msgs/share/ament_index/resource_index/rosidl_interfaces/scenario_msgs\n'}
[0.960251] (scenario_msgs) StdoutLine: {'line': b'-- Up-to-date symlink: /home/atef/fav/ros2/install/scenario_msgs/share/scenario_msgs/msg/PolygonsStamped.json\n'}
[0.960490] (scenario_msgs) StdoutLine: {'line': b'-- Up-to-date symlink: /home/atef/fav/ros2/install/scenario_msgs/share/scenario_msgs/msg/Viewpoint.json\n'}
[0.960701] (scenario_msgs) StdoutLine: {'line': b'-- Up-to-date symlink: /home/atef/fav/ros2/install/scenario_msgs/share/scenario_msgs/msg/Viewpoints.json\n'}
[0.960897] (scenario_msgs) StdoutLine: {'line': b'-- Up-to-date symlink: /home/atef/fav/ros2/install/scenario_msgs/share/scenario_msgs/srv/MoveToStart.json\n'}
[0.961293] (scenario_msgs) StdoutLine: {'line': b'-- Up-to-date symlink: /home/atef/fav/ros2/install/scenario_msgs/share/scenario_msgs/srv/SetPath.json\n'}
[0.962439] (scenario_msgs) StdoutLine: {'line': b'-- Up-to-date symlink: /home/atef/fav/ros2/install/scenario_msgs/include/scenario_msgs/scenario_msgs/msg/detail/polygons_stamped__functions.h\n'}
[0.962873] (scenario_msgs) StdoutLine: {'line': b'-- Up-to-date symlink: /home/atef/fav/ros2/install/scenario_msgs/include/scenario_msgs/scenario_msgs/msg/detail/polygons_stamped__struct.h\n'}
[0.963126] (scenario_msgs) StdoutLine: {'line': b'-- Up-to-date symlink: /home/atef/fav/ros2/install/scenario_msgs/include/scenario_msgs/scenario_msgs/msg/detail/polygons_stamped__type_support.h\n'}
[0.963461] (scenario_msgs) StdoutLine: {'line': b'-- Up-to-date symlink: /home/atef/fav/ros2/install/scenario_msgs/include/scenario_msgs/scenario_msgs/msg/detail/viewpoint__functions.h\n'}
[0.963641] (scenario_msgs) StdoutLine: {'line': b'-- Up-to-date symlink: /home/atef/fav/ros2/install/scenario_msgs/include/scenario_msgs/scenario_msgs/msg/detail/viewpoint__struct.h\n'}
[0.964310] (scenario_msgs) StdoutLine: {'line': b'-- Up-to-date symlink: /home/atef/fav/ros2/install/scenario_msgs/include/scenario_msgs/scenario_msgs/msg/detail/viewpoint__type_support.h\n'}
[0.965589] (scenario_msgs) StdoutLine: {'line': b'-- Up-to-date symlink: /home/atef/fav/ros2/install/scenario_msgs/include/scenario_msgs/scenario_msgs/msg/detail/viewpoints__functions.h\n'}
[0.965913] (scenario_msgs) StdoutLine: {'line': b'-- Up-to-date symlink: /home/atef/fav/ros2/install/scenario_msgs/include/scenario_msgs/scenario_msgs/msg/detail/viewpoints__struct.h\n'}
[0.966154] (scenario_msgs) StdoutLine: {'line': b'-- Up-to-date symlink: /home/atef/fav/ros2/install/scenario_msgs/include/scenario_msgs/scenario_msgs/msg/detail/viewpoints__type_support.h\n'}
[0.966340] (scenario_msgs) StdoutLine: {'line': b'-- Up-to-date symlink: /home/atef/fav/ros2/install/scenario_msgs/include/scenario_msgs/scenario_msgs/msg/polygons_stamped.h\n'}
[0.966522] (scenario_msgs) StdoutLine: {'line': b'-- Up-to-date symlink: /home/atef/fav/ros2/install/scenario_msgs/include/scenario_msgs/scenario_msgs/msg/rosidl_generator_c__visibility_control.h\n'}
[0.966776] (scenario_msgs) StdoutLine: {'line': b'-- Up-to-date symlink: /home/atef/fav/ros2/install/scenario_msgs/include/scenario_msgs/scenario_msgs/msg/viewpoint.h\n'}
[0.967163] (scenario_msgs) StdoutLine: {'line': b'-- Up-to-date symlink: /home/atef/fav/ros2/install/scenario_msgs/include/scenario_msgs/scenario_msgs/msg/viewpoints.h\n'}
[0.967354] (scenario_msgs) StdoutLine: {'line': b'-- Up-to-date symlink: /home/atef/fav/ros2/install/scenario_msgs/include/scenario_msgs/scenario_msgs/srv/detail/move_to_start__functions.h\n'}
[0.967490] (scenario_msgs) StdoutLine: {'line': b'-- Up-to-date symlink: /home/atef/fav/ros2/install/scenario_msgs/include/scenario_msgs/scenario_msgs/srv/detail/move_to_start__struct.h\n'}
[0.967676] (scenario_msgs) StdoutLine: {'line': b'-- Up-to-date symlink: /home/atef/fav/ros2/install/scenario_msgs/include/scenario_msgs/scenario_msgs/srv/detail/move_to_start__type_support.h\n'}
[0.967922] (scenario_msgs) StdoutLine: {'line': b'-- Up-to-date symlink: /home/atef/fav/ros2/install/scenario_msgs/include/scenario_msgs/scenario_msgs/srv/detail/set_path__functions.h\n'}
[0.968206] (scenario_msgs) StdoutLine: {'line': b'-- Up-to-date symlink: /home/atef/fav/ros2/install/scenario_msgs/include/scenario_msgs/scenario_msgs/srv/detail/set_path__struct.h\n'}
[0.968466] (scenario_msgs) StdoutLine: {'line': b'-- Up-to-date symlink: /home/atef/fav/ros2/install/scenario_msgs/include/scenario_msgs/scenario_msgs/srv/detail/set_path__type_support.h\n'}
[0.968646] (scenario_msgs) StdoutLine: {'line': b'-- Up-to-date symlink: /home/atef/fav/ros2/install/scenario_msgs/include/scenario_msgs/scenario_msgs/srv/move_to_start.h\n'}
[0.968833] (scenario_msgs) StdoutLine: {'line': b'-- Up-to-date symlink: /home/atef/fav/ros2/install/scenario_msgs/include/scenario_msgs/scenario_msgs/srv/set_path.h\n'}
[0.969074] (scenario_msgs) StdoutLine: {'line': b'-- Up-to-date symlink: /home/atef/fav/ros2/install/scenario_msgs/share/scenario_msgs/environment/library_path.sh\n'}
[0.969323] (scenario_msgs) StdoutLine: {'line': b'-- Up-to-date symlink: /home/atef/fav/ros2/install/scenario_msgs/share/scenario_msgs/environment/library_path.dsv\n'}
[0.970442] (scenario_msgs) StdoutLine: {'line': b'-- Up-to-date symlink: /home/atef/fav/ros2/install/scenario_msgs/include/scenario_msgs/scenario_msgs/msg/detail/polygons_stamped__rosidl_typesupport_fastrtps_c.h\n'}
[0.971075] (scenario_msgs) StdoutLine: {'line': b'-- Up-to-date symlink: /home/atef/fav/ros2/install/scenario_msgs/include/scenario_msgs/scenario_msgs/msg/detail/viewpoint__rosidl_typesupport_fastrtps_c.h\n'}
[0.971506] (scenario_msgs) StdoutLine: {'line': b'-- Up-to-date symlink: /home/atef/fav/ros2/install/scenario_msgs/include/scenario_msgs/scenario_msgs/msg/detail/viewpoints__rosidl_typesupport_fastrtps_c.h\n'}
[0.971723] (scenario_msgs) StdoutLine: {'line': b'-- Up-to-date symlink: /home/atef/fav/ros2/install/scenario_msgs/include/scenario_msgs/scenario_msgs/msg/rosidl_typesupport_fastrtps_c__visibility_control.h\n'}
[0.971868] (scenario_msgs) StdoutLine: {'line': b'-- Up-to-date symlink: /home/atef/fav/ros2/install/scenario_msgs/include/scenario_msgs/scenario_msgs/srv/detail/move_to_start__rosidl_typesupport_fastrtps_c.h\n'}
[0.972287] (scenario_msgs) StdoutLine: {'line': b'-- Up-to-date symlink: /home/atef/fav/ros2/install/scenario_msgs/include/scenario_msgs/scenario_msgs/srv/detail/set_path__rosidl_typesupport_fastrtps_c.h\n'}
[0.972738] (scenario_msgs) StdoutLine: {'line': b'-- Up-to-date symlink: /home/atef/fav/ros2/install/scenario_msgs/include/scenario_msgs/scenario_msgs/msg/detail/polygons_stamped__rosidl_typesupport_introspection_c.h\n'}
[0.973098] (scenario_msgs) StdoutLine: {'line': b'-- Up-to-date symlink: /home/atef/fav/ros2/install/scenario_msgs/include/scenario_msgs/scenario_msgs/msg/detail/viewpoint__rosidl_typesupport_introspection_c.h\n'}
[0.973339] (scenario_msgs) StdoutLine: {'line': b'-- Up-to-date symlink: /home/atef/fav/ros2/install/scenario_msgs/include/scenario_msgs/scenario_msgs/msg/detail/viewpoints__rosidl_typesupport_introspection_c.h\n'}
[0.973561] (scenario_msgs) StdoutLine: {'line': b'-- Up-to-date symlink: /home/atef/fav/ros2/install/scenario_msgs/include/scenario_msgs/scenario_msgs/msg/rosidl_typesupport_introspection_c__visibility_control.h\n'}
[0.973728] (scenario_msgs) StdoutLine: {'line': b'-- Up-to-date symlink: /home/atef/fav/ros2/install/scenario_msgs/include/scenario_msgs/scenario_msgs/srv/detail/move_to_start__rosidl_typesupport_introspection_c.h\n'}
[0.973951] (scenario_msgs) StdoutLine: {'line': b'-- Up-to-date symlink: /home/atef/fav/ros2/install/scenario_msgs/include/scenario_msgs/scenario_msgs/srv/detail/set_path__rosidl_typesupport_introspection_c.h\n'}
[0.975251] (scenario_msgs) StdoutLine: {'line': b'-- Up-to-date symlink: /home/atef/fav/ros2/install/scenario_msgs/include/scenario_msgs/scenario_msgs/msg/detail/polygons_stamped__builder.hpp\n'}
[0.975845] (scenario_msgs) StdoutLine: {'line': b'-- Up-to-date symlink: /home/atef/fav/ros2/install/scenario_msgs/include/scenario_msgs/scenario_msgs/msg/detail/polygons_stamped__struct.hpp\n'}
[0.975976] (scenario_msgs) StdoutLine: {'line': b'-- Up-to-date symlink: /home/atef/fav/ros2/install/scenario_msgs/include/scenario_msgs/scenario_msgs/msg/detail/polygons_stamped__traits.hpp\n'}
[0.976114] (scenario_msgs) StdoutLine: {'line': b'-- Up-to-date symlink: /home/atef/fav/ros2/install/scenario_msgs/include/scenario_msgs/scenario_msgs/msg/detail/polygons_stamped__type_support.hpp\n'}
[0.976402] (scenario_msgs) StdoutLine: {'line': b'-- Up-to-date symlink: /home/atef/fav/ros2/install/scenario_msgs/include/scenario_msgs/scenario_msgs/msg/detail/viewpoint__builder.hpp\n'}
[0.976758] (scenario_msgs) StdoutLine: {'line': b'-- Up-to-date symlink: /home/atef/fav/ros2/install/scenario_msgs/include/scenario_msgs/scenario_msgs/msg/detail/viewpoint__struct.hpp\n'}
[0.977083] (scenario_msgs) StdoutLine: {'line': b'-- Up-to-date symlink: /home/atef/fav/ros2/install/scenario_msgs/include/scenario_msgs/scenario_msgs/msg/detail/viewpoint__traits.hpp\n'}
[0.977343] (scenario_msgs) StdoutLine: {'line': b'-- Up-to-date symlink: /home/atef/fav/ros2/install/scenario_msgs/include/scenario_msgs/scenario_msgs/msg/detail/viewpoint__type_support.hpp\n'}
[0.977511] (scenario_msgs) StdoutLine: {'line': b'-- Up-to-date symlink: /home/atef/fav/ros2/install/scenario_msgs/include/scenario_msgs/scenario_msgs/msg/detail/viewpoints__builder.hpp\n'}
[0.977675] (scenario_msgs) StdoutLine: {'line': b'-- Up-to-date symlink: /home/atef/fav/ros2/install/scenario_msgs/include/scenario_msgs/scenario_msgs/msg/detail/viewpoints__struct.hpp\n'}
[0.977875] (scenario_msgs) StdoutLine: {'line': b'-- Up-to-date symlink: /home/atef/fav/ros2/install/scenario_msgs/include/scenario_msgs/scenario_msgs/msg/detail/viewpoints__traits.hpp\n'}
[0.978085] (scenario_msgs) StdoutLine: {'line': b'-- Up-to-date symlink: /home/atef/fav/ros2/install/scenario_msgs/include/scenario_msgs/scenario_msgs/msg/detail/viewpoints__type_support.hpp\n'}
[0.978292] (scenario_msgs) StdoutLine: {'line': b'-- Up-to-date symlink: /home/atef/fav/ros2/install/scenario_msgs/include/scenario_msgs/scenario_msgs/msg/polygons_stamped.hpp\n'}
[0.978493] (scenario_msgs) StdoutLine: {'line': b'-- Up-to-date symlink: /home/atef/fav/ros2/install/scenario_msgs/include/scenario_msgs/scenario_msgs/msg/rosidl_generator_cpp__visibility_control.hpp\n'}
[0.978675] (scenario_msgs) StdoutLine: {'line': b'-- Up-to-date symlink: /home/atef/fav/ros2/install/scenario_msgs/include/scenario_msgs/scenario_msgs/msg/viewpoint.hpp\n'}
[0.978920] (scenario_msgs) StdoutLine: {'line': b'-- Up-to-date symlink: /home/atef/fav/ros2/install/scenario_msgs/include/scenario_msgs/scenario_msgs/msg/viewpoints.hpp\n'}
[0.979176] (scenario_msgs) StdoutLine: {'line': b'-- Up-to-date symlink: /home/atef/fav/ros2/install/scenario_msgs/include/scenario_msgs/scenario_msgs/srv/detail/move_to_start__builder.hpp\n'}
[0.979370] (scenario_msgs) StdoutLine: {'line': b'-- Up-to-date symlink: /home/atef/fav/ros2/install/scenario_msgs/include/scenario_msgs/scenario_msgs/srv/detail/move_to_start__struct.hpp\n'}
[0.980249] (scenario_msgs) StdoutLine: {'line': b'-- Up-to-date symlink: /home/atef/fav/ros2/install/scenario_msgs/include/scenario_msgs/scenario_msgs/srv/detail/move_to_start__traits.hpp\n'}
[0.980548] (scenario_msgs) StdoutLine: {'line': b'-- Up-to-date symlink: /home/atef/fav/ros2/install/scenario_msgs/include/scenario_msgs/scenario_msgs/srv/detail/move_to_start__type_support.hpp\n'}
[0.981000] (scenario_msgs) StdoutLine: {'line': b'-- Up-to-date symlink: /home/atef/fav/ros2/install/scenario_msgs/include/scenario_msgs/scenario_msgs/srv/detail/set_path__builder.hpp\n'}
[0.981305] (scenario_msgs) StdoutLine: {'line': b'-- Up-to-date symlink: /home/atef/fav/ros2/install/scenario_msgs/include/scenario_msgs/scenario_msgs/srv/detail/set_path__struct.hpp\n'}
[0.981404] (scenario_msgs) StdoutLine: {'line': b'-- Up-to-date symlink: /home/atef/fav/ros2/install/scenario_msgs/include/scenario_msgs/scenario_msgs/srv/detail/set_path__traits.hpp\n'}
[0.981519] (scenario_msgs) StdoutLine: {'line': b'-- Up-to-date symlink: /home/atef/fav/ros2/install/scenario_msgs/include/scenario_msgs/scenario_msgs/srv/detail/set_path__type_support.hpp\n'}
[0.981633] (scenario_msgs) StdoutLine: {'line': b'-- Up-to-date symlink: /home/atef/fav/ros2/install/scenario_msgs/include/scenario_msgs/scenario_msgs/srv/move_to_start.hpp\n'}
[0.981744] (scenario_msgs) StdoutLine: {'line': b'-- Up-to-date symlink: /home/atef/fav/ros2/install/scenario_msgs/include/scenario_msgs/scenario_msgs/srv/set_path.hpp\n'}
[0.983185] (scenario_msgs) StdoutLine: {'line': b'-- Up-to-date symlink: /home/atef/fav/ros2/install/scenario_msgs/include/scenario_msgs/scenario_msgs/msg/detail/polygons_stamped__rosidl_typesupport_fastrtps_cpp.hpp\n'}
[0.983435] (scenario_msgs) StdoutLine: {'line': b'-- Up-to-date symlink: /home/atef/fav/ros2/install/scenario_msgs/include/scenario_msgs/scenario_msgs/msg/detail/viewpoint__rosidl_typesupport_fastrtps_cpp.hpp\n'}
[0.983599] (scenario_msgs) StdoutLine: {'line': b'-- Up-to-date symlink: /home/atef/fav/ros2/install/scenario_msgs/include/scenario_msgs/scenario_msgs/msg/detail/viewpoints__rosidl_typesupport_fastrtps_cpp.hpp\n'}
[0.983775] (scenario_msgs) StdoutLine: {'line': b'-- Up-to-date symlink: /home/atef/fav/ros2/install/scenario_msgs/include/scenario_msgs/scenario_msgs/msg/rosidl_typesupport_fastrtps_cpp__visibility_control.h\n'}
[0.983967] (scenario_msgs) StdoutLine: {'line': b'-- Up-to-date symlink: /home/atef/fav/ros2/install/scenario_msgs/include/scenario_msgs/scenario_msgs/srv/detail/move_to_start__rosidl_typesupport_fastrtps_cpp.hpp\n'}
[0.984186] (scenario_msgs) StdoutLine: {'line': b'-- Up-to-date symlink: /home/atef/fav/ros2/install/scenario_msgs/include/scenario_msgs/scenario_msgs/srv/detail/set_path__rosidl_typesupport_fastrtps_cpp.hpp\n'}
[0.985080] (scenario_msgs) StdoutLine: {'line': b'-- Up-to-date symlink: /home/atef/fav/ros2/install/scenario_msgs/include/scenario_msgs/scenario_msgs/msg/detail/polygons_stamped__rosidl_typesupport_introspection_cpp.hpp\n'}
[0.985268] (scenario_msgs) StdoutLine: {'line': b'-- Up-to-date symlink: /home/atef/fav/ros2/install/scenario_msgs/include/scenario_msgs/scenario_msgs/msg/detail/viewpoint__rosidl_typesupport_introspection_cpp.hpp\n'}
[0.985453] (scenario_msgs) StdoutLine: {'line': b'-- Up-to-date symlink: /home/atef/fav/ros2/install/scenario_msgs/include/scenario_msgs/scenario_msgs/msg/detail/viewpoints__rosidl_typesupport_introspection_cpp.hpp\n'}
[0.985627] (scenario_msgs) StdoutLine: {'line': b'-- Up-to-date symlink: /home/atef/fav/ros2/install/scenario_msgs/include/scenario_msgs/scenario_msgs/srv/detail/move_to_start__rosidl_typesupport_introspection_cpp.hpp\n'}
[0.985827] (scenario_msgs) StdoutLine: {'line': b'-- Up-to-date symlink: /home/atef/fav/ros2/install/scenario_msgs/include/scenario_msgs/scenario_msgs/srv/detail/set_path__rosidl_typesupport_introspection_cpp.hpp\n'}
[0.986109] (scenario_msgs) StdoutLine: {'line': b'-- Up-to-date symlink: /home/atef/fav/ros2/install/scenario_msgs/share/scenario_msgs/environment/pythonpath.sh\n'}
[0.986312] (scenario_msgs) StdoutLine: {'line': b'-- Up-to-date symlink: /home/atef/fav/ros2/install/scenario_msgs/share/scenario_msgs/environment/pythonpath.dsv\n'}
[0.986956] (scenario_msgs) StdoutLine: {'line': b'-- Up-to-date symlink: /home/atef/fav/ros2/install/scenario_msgs/lib/python3.12/site-packages/scenario_msgs-0.0.0-py3.12.egg-info/PKG-INFO\n'}
[0.987184] (scenario_msgs) StdoutLine: {'line': b'-- Up-to-date symlink: /home/atef/fav/ros2/install/scenario_msgs/lib/python3.12/site-packages/scenario_msgs-0.0.0-py3.12.egg-info/SOURCES.txt\n'}
[0.987322] (scenario_msgs) StdoutLine: {'line': b'-- Up-to-date symlink: /home/atef/fav/ros2/install/scenario_msgs/lib/python3.12/site-packages/scenario_msgs-0.0.0-py3.12.egg-info/dependency_links.txt\n'}
[0.987588] (scenario_msgs) StdoutLine: {'line': b'-- Up-to-date symlink: /home/atef/fav/ros2/install/scenario_msgs/lib/python3.12/site-packages/scenario_msgs-0.0.0-py3.12.egg-info/top_level.txt\n'}
[0.988572] (scenario_msgs) StdoutLine: {'line': b'-- Up-to-date symlink: /home/atef/fav/ros2/install/scenario_msgs/lib/python3.12/site-packages/scenario_msgs/__init__.py\n'}
[0.989045] (scenario_msgs) StdoutLine: {'line': b'-- Up-to-date symlink: /home/atef/fav/ros2/install/scenario_msgs/lib/python3.12/site-packages/scenario_msgs/_scenario_msgs_s.ep.rosidl_typesupport_c.c\n'}
[0.989247] (scenario_msgs) StdoutLine: {'line': b'-- Up-to-date symlink: /home/atef/fav/ros2/install/scenario_msgs/lib/python3.12/site-packages/scenario_msgs/_scenario_msgs_s.ep.rosidl_typesupport_fastrtps_c.c\n'}
[0.989443] (scenario_msgs) StdoutLine: {'line': b'-- Up-to-date symlink: /home/atef/fav/ros2/install/scenario_msgs/lib/python3.12/site-packages/scenario_msgs/_scenario_msgs_s.ep.rosidl_typesupport_introspection_c.c\n'}
[0.989602] (scenario_msgs) StdoutLine: {'line': b'-- Up-to-date symlink: /home/atef/fav/ros2/install/scenario_msgs/lib/python3.12/site-packages/scenario_msgs/msg/__init__.py\n'}
[0.989815] (scenario_msgs) StdoutLine: {'line': b'-- Up-to-date symlink: /home/atef/fav/ros2/install/scenario_msgs/lib/python3.12/site-packages/scenario_msgs/msg/_polygons_stamped.py\n'}
[0.990001] (scenario_msgs) StdoutLine: {'line': b'-- Up-to-date symlink: /home/atef/fav/ros2/install/scenario_msgs/lib/python3.12/site-packages/scenario_msgs/msg/_polygons_stamped_s.c\n'}
[0.990126] (scenario_msgs) StdoutLine: {'line': b'-- Up-to-date symlink: /home/atef/fav/ros2/install/scenario_msgs/lib/python3.12/site-packages/scenario_msgs/msg/_viewpoint.py\n'}
[0.990259] (scenario_msgs) StdoutLine: {'line': b'-- Up-to-date symlink: /home/atef/fav/ros2/install/scenario_msgs/lib/python3.12/site-packages/scenario_msgs/msg/_viewpoint_s.c\n'}
[0.990474] (scenario_msgs) StdoutLine: {'line': b'-- Up-to-date symlink: /home/atef/fav/ros2/install/scenario_msgs/lib/python3.12/site-packages/scenario_msgs/msg/_viewpoints.py\n'}
[0.990798] (scenario_msgs) StdoutLine: {'line': b'-- Up-to-date symlink: /home/atef/fav/ros2/install/scenario_msgs/lib/python3.12/site-packages/scenario_msgs/msg/_viewpoints_s.c\n'}
[0.991015] (scenario_msgs) StdoutLine: {'line': b'-- Up-to-date symlink: /home/atef/fav/ros2/install/scenario_msgs/lib/python3.12/site-packages/scenario_msgs/scenario_msgs_s__rosidl_typesupport_c.so\n'}
[0.991206] (scenario_msgs) StdoutLine: {'line': b'-- Up-to-date symlink: /home/atef/fav/ros2/install/scenario_msgs/lib/python3.12/site-packages/scenario_msgs/scenario_msgs_s__rosidl_typesupport_fastrtps_c.so\n'}
[0.991300] (scenario_msgs) StdoutLine: {'line': b'-- Up-to-date symlink: /home/atef/fav/ros2/install/scenario_msgs/lib/python3.12/site-packages/scenario_msgs/scenario_msgs_s__rosidl_typesupport_introspection_c.so\n'}
[0.991550] (scenario_msgs) StdoutLine: {'line': b'-- Up-to-date symlink: /home/atef/fav/ros2/install/scenario_msgs/lib/python3.12/site-packages/scenario_msgs/srv/__init__.py\n'}
[0.991643] (scenario_msgs) StdoutLine: {'line': b'-- Up-to-date symlink: /home/atef/fav/ros2/install/scenario_msgs/lib/python3.12/site-packages/scenario_msgs/srv/_move_to_start.py\n'}
[0.991774] (scenario_msgs) StdoutLine: {'line': b'-- Up-to-date symlink: /home/atef/fav/ros2/install/scenario_msgs/lib/python3.12/site-packages/scenario_msgs/srv/_move_to_start_s.c\n'}
[0.991933] (scenario_msgs) StdoutLine: {'line': b'-- Up-to-date symlink: /home/atef/fav/ros2/install/scenario_msgs/lib/python3.12/site-packages/scenario_msgs/srv/_set_path.py\n'}
[0.992066] (scenario_msgs) StdoutLine: {'line': b'-- Up-to-date symlink: /home/atef/fav/ros2/install/scenario_msgs/lib/python3.12/site-packages/scenario_msgs/srv/_set_path_s.c\n'}
[0.992440] (scenario_msgs) StdoutLine: {'line': b'-- Up-to-date symlink: /home/atef/fav/ros2/install/scenario_msgs/lib/python3.12/site-packages/scenario_msgs/scenario_msgs_s__rosidl_typesupport_fastrtps_c.so\n'}
[0.992710] (scenario_msgs) StdoutLine: {'line': b'-- Up-to-date symlink: /home/atef/fav/ros2/install/scenario_msgs/lib/python3.12/site-packages/scenario_msgs/scenario_msgs_s__rosidl_typesupport_introspection_c.so\n'}
[0.993077] (scenario_msgs) StdoutLine: {'line': b'-- Up-to-date symlink: /home/atef/fav/ros2/install/scenario_msgs/lib/python3.12/site-packages/scenario_msgs/scenario_msgs_s__rosidl_typesupport_c.so\n'}
[0.993281] (scenario_msgs) StdoutLine: {'line': b'-- Up-to-date symlink: /home/atef/fav/ros2/install/scenario_msgs/share/scenario_msgs/msg/PolygonsStamped.idl\n'}
[0.993546] (scenario_msgs) StdoutLine: {'line': b'-- Up-to-date symlink: /home/atef/fav/ros2/install/scenario_msgs/share/scenario_msgs/msg/Viewpoint.idl\n'}
[0.993740] (scenario_msgs) StdoutLine: {'line': b'-- Up-to-date symlink: /home/atef/fav/ros2/install/scenario_msgs/share/scenario_msgs/msg/Viewpoints.idl\n'}
[0.993962] (scenario_msgs) StdoutLine: {'line': b'-- Up-to-date symlink: /home/atef/fav/ros2/install/scenario_msgs/share/scenario_msgs/srv/MoveToStart.idl\n'}
[0.994183] (scenario_msgs) StdoutLine: {'line': b'-- Up-to-date symlink: /home/atef/fav/ros2/install/scenario_msgs/share/scenario_msgs/srv/SetPath.idl\n'}
[0.994398] (scenario_msgs) StdoutLine: {'line': b'-- Up-to-date symlink: /home/atef/fav/ros2/install/scenario_msgs/share/scenario_msgs/msg/PolygonsStamped.msg\n'}
[0.994618] (scenario_msgs) StdoutLine: {'line': b'-- Up-to-date symlink: /home/atef/fav/ros2/install/scenario_msgs/share/scenario_msgs/msg/Viewpoint.msg\n'}
[0.994896] (scenario_msgs) StdoutLine: {'line': b'-- Up-to-date symlink: /home/atef/fav/ros2/install/scenario_msgs/share/scenario_msgs/msg/Viewpoints.msg\n'}
[0.995061] (scenario_msgs) StdoutLine: {'line': b'-- Up-to-date symlink: /home/atef/fav/ros2/install/scenario_msgs/share/scenario_msgs/srv/MoveToStart.srv\n'}
[0.995264] (scenario_msgs) StdoutLine: {'line': b'-- Up-to-date symlink: /home/atef/fav/ros2/install/scenario_msgs/share/scenario_msgs/srv/SetPath.srv\n'}
[0.995753] (scenario_msgs) StdoutLine: {'line': b'-- Up-to-date symlink: /home/atef/fav/ros2/install/scenario_msgs/share/ament_index/resource_index/package_run_dependencies/scenario_msgs\n'}
[0.995985] (scenario_msgs) StdoutLine: {'line': b'-- Up-to-date symlink: /home/atef/fav/ros2/install/scenario_msgs/share/ament_index/resource_index/parent_prefix_path/scenario_msgs\n'}
[0.996226] (scenario_msgs) StdoutLine: {'line': b'-- Up-to-date symlink: /home/atef/fav/ros2/install/scenario_msgs/share/scenario_msgs/environment/ament_prefix_path.sh\n'}
[0.996411] (scenario_msgs) StdoutLine: {'line': b'-- Up-to-date symlink: /home/atef/fav/ros2/install/scenario_msgs/share/scenario_msgs/environment/ament_prefix_path.dsv\n'}
[0.996666] (scenario_msgs) StdoutLine: {'line': b'-- Up-to-date symlink: /home/atef/fav/ros2/install/scenario_msgs/share/scenario_msgs/environment/path.sh\n'}
[0.996845] (scenario_msgs) StdoutLine: {'line': b'-- Up-to-date symlink: /home/atef/fav/ros2/install/scenario_msgs/share/scenario_msgs/environment/path.dsv\n'}
[0.997104] (scenario_msgs) StdoutLine: {'line': b'-- Up-to-date symlink: /home/atef/fav/ros2/install/scenario_msgs/share/scenario_msgs/local_setup.bash\n'}
[0.997276] (scenario_msgs) StdoutLine: {'line': b'-- Up-to-date symlink: /home/atef/fav/ros2/install/scenario_msgs/share/scenario_msgs/local_setup.sh\n'}
[0.997525] (scenario_msgs) StdoutLine: {'line': b'-- Up-to-date symlink: /home/atef/fav/ros2/install/scenario_msgs/share/scenario_msgs/local_setup.zsh\n'}
[0.997699] (scenario_msgs) StdoutLine: {'line': b'-- Up-to-date symlink: /home/atef/fav/ros2/install/scenario_msgs/share/scenario_msgs/local_setup.dsv\n'}
[0.997828] (scenario_msgs) StdoutLine: {'line': b'-- Symlinking: /home/atef/fav/ros2/install/scenario_msgs/share/scenario_msgs/package.dsv\n'}
[1.002589] (-) TimerEvent: {}
[1.016130] (scenario_msgs) StdoutLine: {'line': b'-- Up-to-date symlink: /home/atef/fav/ros2/install/scenario_msgs/share/ament_index/resource_index/packages/scenario_msgs\n'}
[1.016389] (scenario_msgs) StdoutLine: {'line': b'-- Up-to-date symlink: /home/atef/fav/ros2/install/scenario_msgs/share/scenario_msgs/cmake/rosidl_cmake-extras.cmake\n'}
[1.016952] (scenario_msgs) StdoutLine: {'line': b'-- Up-to-date symlink: /home/atef/fav/ros2/install/scenario_msgs/share/scenario_msgs/cmake/ament_cmake_export_dependencies-extras.cmake\n'}
[1.017108] (scenario_msgs) StdoutLine: {'line': b'-- Up-to-date symlink: /home/atef/fav/ros2/install/scenario_msgs/share/scenario_msgs/cmake/ament_cmake_export_include_directories-extras.cmake\n'}
[1.017240] (scenario_msgs) StdoutLine: {'line': b'-- Up-to-date symlink: /home/atef/fav/ros2/install/scenario_msgs/share/scenario_msgs/cmake/ament_cmake_export_libraries-extras.cmake\n'}
[1.017403] (scenario_msgs) StdoutLine: {'line': b'-- Up-to-date symlink: /home/atef/fav/ros2/install/scenario_msgs/share/scenario_msgs/cmake/ament_cmake_export_targets-extras.cmake\n'}
[1.017625] (scenario_msgs) StdoutLine: {'line': b'-- Up-to-date symlink: /home/atef/fav/ros2/install/scenario_msgs/share/scenario_msgs/cmake/rosidl_cmake_export_typesupport_targets-extras.cmake\n'}
[1.018151] (scenario_msgs) StdoutLine: {'line': b'-- Up-to-date symlink: /home/atef/fav/ros2/install/scenario_msgs/share/scenario_msgs/cmake/rosidl_cmake_export_typesupport_libraries-extras.cmake\n'}
[1.018435] (scenario_msgs) StdoutLine: {'line': b'-- Up-to-date symlink: /home/atef/fav/ros2/install/scenario_msgs/share/scenario_msgs/cmake/scenario_msgsConfig.cmake\n'}
[1.018597] (scenario_msgs) StdoutLine: {'line': b'-- Up-to-date symlink: /home/atef/fav/ros2/install/scenario_msgs/share/scenario_msgs/cmake/scenario_msgsConfig-version.cmake\n'}
[1.019165] (scenario_msgs) StdoutLine: {'line': b'-- Up-to-date symlink: /home/atef/fav/ros2/install/scenario_msgs/share/scenario_msgs/package.xml\n'}
[1.019399] (scenario_msgs) StdoutLine: {'line': b'-- Up-to-date: /home/atef/fav/ros2/install/scenario_msgs/lib/libscenario_msgs__rosidl_generator_c.so\n'}
[1.019535] (scenario_msgs) StdoutLine: {'line': b'-- Up-to-date: /home/atef/fav/ros2/install/scenario_msgs/lib/libscenario_msgs__rosidl_typesupport_fastrtps_c.so\n'}
[1.019836] (scenario_msgs) StdoutLine: {'line': b'-- Up-to-date: /home/atef/fav/ros2/install/scenario_msgs/lib/libscenario_msgs__rosidl_typesupport_introspection_c.so\n'}
[1.020140] (scenario_msgs) StdoutLine: {'line': b'-- Up-to-date: /home/atef/fav/ros2/install/scenario_msgs/lib/libscenario_msgs__rosidl_typesupport_c.so\n'}
[1.020387] (scenario_msgs) StdoutLine: {'line': b'-- Up-to-date: /home/atef/fav/ros2/install/scenario_msgs/lib/libscenario_msgs__rosidl_typesupport_fastrtps_cpp.so\n'}
[1.020723] (scenario_msgs) StdoutLine: {'line': b'-- Up-to-date: /home/atef/fav/ros2/install/scenario_msgs/lib/libscenario_msgs__rosidl_typesupport_introspection_cpp.so\n'}
[1.020992] (scenario_msgs) StdoutLine: {'line': b'-- Up-to-date: /home/atef/fav/ros2/install/scenario_msgs/lib/libscenario_msgs__rosidl_typesupport_cpp.so\n'}
[1.068983] (scenario_msgs) StdoutLine: {'line': b"Listing '/home/atef/fav/ros2/install/scenario_msgs/lib/python3.12/site-packages/scenario_msgs'...\n"}
[1.069286] (scenario_msgs) StdoutLine: {'line': b"Listing '/home/atef/fav/ros2/install/scenario_msgs/lib/python3.12/site-packages/scenario_msgs/msg'...\n"}
[1.069449] (scenario_msgs) StdoutLine: {'line': b"Listing '/home/atef/fav/ros2/install/scenario_msgs/lib/python3.12/site-packages/scenario_msgs/srv'...\n"}
[1.077544] (scenario_msgs) StdoutLine: {'line': b'-- Up-to-date: /home/atef/fav/ros2/install/scenario_msgs/lib/libscenario_msgs__rosidl_generator_py.so\n'}
[1.077875] (scenario_msgs) StdoutLine: {'line': b'-- Up-to-date: /home/atef/fav/ros2/install/scenario_msgs/share/scenario_msgs/cmake/export_scenario_msgs__rosidl_generator_cExport.cmake\n'}
[1.077991] (scenario_msgs) StdoutLine: {'line': b'-- Up-to-date: /home/atef/fav/ros2/install/scenario_msgs/share/scenario_msgs/cmake/export_scenario_msgs__rosidl_generator_cExport-noconfig.cmake\n'}
[1.078136] (scenario_msgs) StdoutLine: {'line': b'-- Up-to-date: /home/atef/fav/ros2/install/scenario_msgs/share/scenario_msgs/cmake/export_scenario_msgs__rosidl_typesupport_fastrtps_cExport.cmake\n'}
[1.078261] (scenario_msgs) StdoutLine: {'line': b'-- Up-to-date: /home/atef/fav/ros2/install/scenario_msgs/share/scenario_msgs/cmake/export_scenario_msgs__rosidl_typesupport_fastrtps_cExport-noconfig.cmake\n'}
[1.078408] (scenario_msgs) StdoutLine: {'line': b'-- Up-to-date: /home/atef/fav/ros2/install/scenario_msgs/share/scenario_msgs/cmake/scenario_msgs__rosidl_typesupport_introspection_cExport.cmake\n'}
[1.078543] (scenario_msgs) StdoutLine: {'line': b'-- Up-to-date: /home/atef/fav/ros2/install/scenario_msgs/share/scenario_msgs/cmake/scenario_msgs__rosidl_typesupport_introspection_cExport-noconfig.cmake\n'}
[1.078729] (scenario_msgs) StdoutLine: {'line': b'-- Up-to-date: /home/atef/fav/ros2/install/scenario_msgs/share/scenario_msgs/cmake/scenario_msgs__rosidl_typesupport_cExport.cmake\n'}
[1.078908] (scenario_msgs) StdoutLine: {'line': b'-- Up-to-date: /home/atef/fav/ros2/install/scenario_msgs/share/scenario_msgs/cmake/scenario_msgs__rosidl_typesupport_cExport-noconfig.cmake\n'}
[1.079060] (scenario_msgs) StdoutLine: {'line': b'-- Up-to-date: /home/atef/fav/ros2/install/scenario_msgs/share/scenario_msgs/cmake/export_scenario_msgs__rosidl_generator_cppExport.cmake\n'}
[1.079150] (scenario_msgs) StdoutLine: {'line': b'-- Up-to-date: /home/atef/fav/ros2/install/scenario_msgs/share/scenario_msgs/cmake/export_scenario_msgs__rosidl_typesupport_fastrtps_cppExport.cmake\n'}
[1.079254] (scenario_msgs) StdoutLine: {'line': b'-- Up-to-date: /home/atef/fav/ros2/install/scenario_msgs/share/scenario_msgs/cmake/export_scenario_msgs__rosidl_typesupport_fastrtps_cppExport-noconfig.cmake\n'}
[1.079341] (scenario_msgs) StdoutLine: {'line': b'-- Up-to-date: /home/atef/fav/ros2/install/scenario_msgs/share/scenario_msgs/cmake/scenario_msgs__rosidl_typesupport_introspection_cppExport.cmake\n'}
[1.079445] (scenario_msgs) StdoutLine: {'line': b'-- Up-to-date: /home/atef/fav/ros2/install/scenario_msgs/share/scenario_msgs/cmake/scenario_msgs__rosidl_typesupport_introspection_cppExport-noconfig.cmake\n'}
[1.079528] (scenario_msgs) StdoutLine: {'line': b'-- Up-to-date: /home/atef/fav/ros2/install/scenario_msgs/share/scenario_msgs/cmake/scenario_msgs__rosidl_typesupport_cppExport.cmake\n'}
[1.079612] (scenario_msgs) StdoutLine: {'line': b'-- Up-to-date: /home/atef/fav/ros2/install/scenario_msgs/share/scenario_msgs/cmake/scenario_msgs__rosidl_typesupport_cppExport-noconfig.cmake\n'}
[1.079772] (scenario_msgs) StdoutLine: {'line': b'-- Up-to-date: /home/atef/fav/ros2/install/scenario_msgs/share/scenario_msgs/cmake/export_scenario_msgs__rosidl_generator_pyExport.cmake\n'}
[1.079905] (scenario_msgs) StdoutLine: {'line': b'-- Up-to-date: /home/atef/fav/ros2/install/scenario_msgs/share/scenario_msgs/cmake/export_scenario_msgs__rosidl_generator_pyExport-noconfig.cmake\n'}
[1.083839] (scenario_msgs) CommandEnded: {'returncode': 0}
[1.102708] (-) TimerEvent: {}
[1.203087] (-) TimerEvent: {}
[1.303458] (-) TimerEvent: {}
[1.324821] (scenario_msgs) JobEnded: {'identifier': 'scenario_msgs', 'rc': 0}
[1.326872] (fav) JobStarted: {'identifier': 'fav'}
[1.339593] (fav) JobProgress: {'identifier': 'fav', 'progress': 'cmake'}
[1.341234] (fav) JobProgress: {'identifier': 'fav', 'progress': 'build'}
[1.341888] (fav) Command: {'cmd': ['/bin/cmake', '--build', '/home/atef/fav/ros2/build/fav', '--', '-j6', '-l6'], 'cwd': '/home/atef/fav/ros2/build/fav', 'env': OrderedDict({'GZ_SIM_SYSTEM_PLUGIN_PATH': '/opt/ros/jazzy/lib/hippo_gz_plugins/', 'USER': 'atef', 'GZ_CONFIG_PATH': '/opt/ros/jazzy/opt/gz_sim_vendor/share/gz:/opt/ros/jazzy/opt/sdformat_vendor/share/gz:/opt/ros/jazzy/opt/gz_gui_vendor/share/gz:/opt/ros/jazzy/opt/gz_transport_vendor/share/gz:/opt/ros/jazzy/opt/gz_rendering_vendor/share/gz:/opt/ros/jazzy/opt/gz_plugin_vendor/share/gz:/opt/ros/jazzy/opt/gz_fuel_tools_vendor/share/gz:/opt/ros/jazzy/opt/gz_msgs_vendor/share/gz:/opt/ros/jazzy/opt/gz_common_vendor/share/gz', 'SHLVL': '0', 'LD_LIBRARY_PATH': '/home/atef/fav/ros2/install/scenario_msgs/lib:/opt/ros/jazzy/opt/gz_sim_vendor/lib:/opt/ros/jazzy/opt/gz_sensors_vendor/lib:/opt/ros/jazzy/opt/gz_physics_vendor/lib:/opt/ros/jazzy/opt/sdformat_vendor/lib:/opt/ros/jazzy/opt/rviz_ogre_vendor/lib:/opt/ros/jazzy/lib/x86_64-linux-gnu:/opt/ros/jazzy/opt/gz_gui_vendor/lib:/opt/ros/jazzy/opt/gz_transport_vendor/lib:/opt/ros/jazzy/opt/gz_rendering_vendor/lib:/opt/ros/jazzy/opt/gz_plugin_vendor/lib:/opt/ros/jazzy/opt/gz_fuel_tools_vendor/lib:/opt/ros/jazzy/opt/gz_msgs_vendor/lib:/opt/ros/jazzy/opt/gz_common_vendor/lib:/opt/ros/jazzy/opt/gz_math_vendor/lib:/opt/ros/jazzy/opt/gz_utils_vendor/lib:/opt/ros/jazzy/opt/gz_tools_vendor/lib:/opt/ros/jazzy/opt/gz_ogre_next_vendor/lib:/opt/ros/jazzy/opt/gz_dartsim_vendor/lib:/opt/ros/jazzy/opt/gz_cmake_vendor/lib:/opt/ros/jazzy/lib', 'HOME': '/home/atef', 'OLDPWD': '/home/atef/fav/ros2', 'ROS_PYTHON_VERSION': '3', 'LC_CTYPE': 'C.UTF-8', 'ROS_DISTRO': 'jazzy', 'LOGNAME': 'atef', '_': '/bin/colcon', 'ROS_VERSION': '2', 'TERM': 'xterm-256color', 'PATH': '/opt/ros/jazzy/opt/gz_msgs_vendor/bin:/opt/ros/jazzy/opt/gz_tools_vendor/bin:/opt/ros/jazzy/opt/gz_ogre_next_vendor/bin:/opt/ros/jazzy/bin:/bin:/usr/bin:/usr/ucb:/usr/local/bin', 'AMENT_PREFIX_PATH': '/home/atef/fav/ros2/install/scenario_msgs:/opt/ros/jazzy', 'ROS_AUTOMATIC_DISCOVERY_RANGE': 'SUBNET', 'PWD': '/home/atef/fav/ros2/build/fav', 'PYTHONPATH': '/home/atef/fav/ros2/install/scenario_msgs/lib/python3.12/site-packages:/opt/ros/jazzy/lib/python3.12/site-packages', 'COLCON': '1', 'CMAKE_PREFIX_PATH': '/home/atef/fav/ros2/install/scenario_msgs:/opt/ros/jazzy/opt/gz_sim_vendor:/opt/ros/jazzy/opt/gz_sensors_vendor:/opt/ros/jazzy/opt/gz_physics_vendor:/opt/ros/jazzy/opt/sdformat_vendor:/opt/ros/jazzy/opt/gz_gui_vendor:/opt/ros/jazzy/opt/gz_transport_vendor:/opt/ros/jazzy/opt/gz_rendering_vendor:/opt/ros/jazzy/opt/gz_plugin_vendor:/opt/ros/jazzy/opt/gz_fuel_tools_vendor:/opt/ros/jazzy/opt/gz_msgs_vendor:/opt/ros/jazzy/opt/gz_common_vendor:/opt/ros/jazzy/opt/gz_math_vendor:/opt/ros/jazzy/opt/gz_utils_vendor:/opt/ros/jazzy/opt/gz_tools_vendor:/opt/ros/jazzy/opt/gz_ogre_next_vendor:/opt/ros/jazzy/opt/gz_dartsim_vendor:/opt/ros/jazzy/opt/gz_cmake_vendor:/opt/ros/jazzy'}), 'shell': False}
[1.403597] (-) TimerEvent: {}
[1.442096] (fav) StdoutLine: {'line': b'[ 50%] Built target scenario_node\n'}
[1.442450] (fav) StdoutLine: {'line': b'[100%] Built target robot_marker_publisher\n'}
[1.458691] (fav) CommandEnded: {'returncode': 0}
[1.496089] (fav) JobProgress: {'identifier': 'fav', 'progress': 'install'}
[1.496767] (fav) Command: {'cmd': ['/bin/cmake', '--install', '/home/atef/fav/ros2/build/fav'], 'cwd': '/home/atef/fav/ros2/build/fav', 'env': OrderedDict({'GZ_SIM_SYSTEM_PLUGIN_PATH': '/opt/ros/jazzy/lib/hippo_gz_plugins/', 'USER': 'atef', 'GZ_CONFIG_PATH': '/opt/ros/jazzy/opt/gz_sim_vendor/share/gz:/opt/ros/jazzy/opt/sdformat_vendor/share/gz:/opt/ros/jazzy/opt/gz_gui_vendor/share/gz:/opt/ros/jazzy/opt/gz_transport_vendor/share/gz:/opt/ros/jazzy/opt/gz_rendering_vendor/share/gz:/opt/ros/jazzy/opt/gz_plugin_vendor/share/gz:/opt/ros/jazzy/opt/gz_fuel_tools_vendor/share/gz:/opt/ros/jazzy/opt/gz_msgs_vendor/share/gz:/opt/ros/jazzy/opt/gz_common_vendor/share/gz', 'SHLVL': '0', 'LD_LIBRARY_PATH': '/home/atef/fav/ros2/install/scenario_msgs/lib:/opt/ros/jazzy/opt/gz_sim_vendor/lib:/opt/ros/jazzy/opt/gz_sensors_vendor/lib:/opt/ros/jazzy/opt/gz_physics_vendor/lib:/opt/ros/jazzy/opt/sdformat_vendor/lib:/opt/ros/jazzy/opt/rviz_ogre_vendor/lib:/opt/ros/jazzy/lib/x86_64-linux-gnu:/opt/ros/jazzy/opt/gz_gui_vendor/lib:/opt/ros/jazzy/opt/gz_transport_vendor/lib:/opt/ros/jazzy/opt/gz_rendering_vendor/lib:/opt/ros/jazzy/opt/gz_plugin_vendor/lib:/opt/ros/jazzy/opt/gz_fuel_tools_vendor/lib:/opt/ros/jazzy/opt/gz_msgs_vendor/lib:/opt/ros/jazzy/opt/gz_common_vendor/lib:/opt/ros/jazzy/opt/gz_math_vendor/lib:/opt/ros/jazzy/opt/gz_utils_vendor/lib:/opt/ros/jazzy/opt/gz_tools_vendor/lib:/opt/ros/jazzy/opt/gz_ogre_next_vendor/lib:/opt/ros/jazzy/opt/gz_dartsim_vendor/lib:/opt/ros/jazzy/opt/gz_cmake_vendor/lib:/opt/ros/jazzy/lib', 'HOME': '/home/atef', 'OLDPWD': '/home/atef/fav/ros2', 'ROS_PYTHON_VERSION': '3', 'LC_CTYPE': 'C.UTF-8', 'ROS_DISTRO': 'jazzy', 'LOGNAME': 'atef', '_': '/bin/colcon', 'ROS_VERSION': '2', 'TERM': 'xterm-256color', 'PATH': '/opt/ros/jazzy/opt/gz_msgs_vendor/bin:/opt/ros/jazzy/opt/gz_tools_vendor/bin:/opt/ros/jazzy/opt/gz_ogre_next_vendor/bin:/opt/ros/jazzy/bin:/bin:/usr/bin:/usr/ucb:/usr/local/bin', 'AMENT_PREFIX_PATH': '/home/atef/fav/ros2/install/scenario_msgs:/opt/ros/jazzy', 'ROS_AUTOMATIC_DISCOVERY_RANGE': 'SUBNET', 'PWD': '/home/atef/fav/ros2/build/fav', 'PYTHONPATH': '/home/atef/fav/ros2/install/scenario_msgs/lib/python3.12/site-packages:/opt/ros/jazzy/lib/python3.12/site-packages', 'COLCON': '1', 'CMAKE_PREFIX_PATH': '/home/atef/fav/ros2/install/scenario_msgs:/opt/ros/jazzy/opt/gz_sim_vendor:/opt/ros/jazzy/opt/gz_sensors_vendor:/opt/ros/jazzy/opt/gz_physics_vendor:/opt/ros/jazzy/opt/sdformat_vendor:/opt/ros/jazzy/opt/gz_gui_vendor:/opt/ros/jazzy/opt/gz_transport_vendor:/opt/ros/jazzy/opt/gz_rendering_vendor:/opt/ros/jazzy/opt/gz_plugin_vendor:/opt/ros/jazzy/opt/gz_fuel_tools_vendor:/opt/ros/jazzy/opt/gz_msgs_vendor:/opt/ros/jazzy/opt/gz_common_vendor:/opt/ros/jazzy/opt/gz_math_vendor:/opt/ros/jazzy/opt/gz_utils_vendor:/opt/ros/jazzy/opt/gz_tools_vendor:/opt/ros/jazzy/opt/gz_ogre_next_vendor:/opt/ros/jazzy/opt/gz_dartsim_vendor:/opt/ros/jazzy/opt/gz_cmake_vendor:/opt/ros/jazzy'}), 'shell': False}
[1.503709] (-) TimerEvent: {}
[1.507105] (fav) StdoutLine: {'line': b'-- Install configuration: ""\n'}
[1.507659] (fav) StdoutLine: {'line': b'-- Execute custom install script\n'}
[1.508002] (fav) StdoutLine: {'line': b'-- Up-to-date symlink: /home/atef/fav/ros2/install/fav/lib/fav/scenario_node\n'}
[1.508325] (fav) StdoutLine: {'line': b'-- Up-to-date symlink: /home/atef/fav/ros2/install/fav/lib/fav/robot_marker_publisher\n'}
[1.508895] (fav) StdoutLine: {'line': b'-- Up-to-date symlink: /home/atef/fav/ros2/install/fav/share/fav/launch/scenario.launch.py\n'}
[1.509062] (fav) StdoutLine: {'line': b'-- Up-to-date symlink: /home/atef/fav/ros2/install/fav/share/fav/launch/simulation.launch.py\n'}
[1.509318] (fav) StdoutLine: {'line': b'-- Up-to-date symlink: /home/atef/fav/ros2/install/fav/share/fav/launch/simulation_with_keyboard_control.launch.py\n'}
[1.509653] (fav) StdoutLine: {'line': b'-- Up-to-date symlink: /home/atef/fav/ros2/install/fav/share/fav/launch/simulation_with_tags.launch.py\n'}
[1.509879] (fav) StdoutLine: {'line': b'-- Up-to-date symlink: /home/atef/fav/ros2/install/fav/share/fav/launch/simulation_with_tags_and_keyboard_control.launch.py\n'}
[1.510188] (fav) StdoutLine: {'line': b'-- Up-to-date symlink: /home/atef/fav/ros2/install/fav/share/ament_index/resource_index/package_run_dependencies/fav\n'}
[1.510760] (fav) StdoutLine: {'line': b'-- Up-to-date symlink: /home/atef/fav/ros2/install/fav/share/ament_index/resource_index/parent_prefix_path/fav\n'}
[1.510922] (fav) StdoutLine: {'line': b'-- Up-to-date symlink: /home/atef/fav/ros2/install/fav/share/fav/environment/ament_prefix_path.sh\n'}
[1.511082] (fav) StdoutLine: {'line': b'-- Up-to-date symlink: /home/atef/fav/ros2/install/fav/share/fav/environment/ament_prefix_path.dsv\n'}
[1.511251] (fav) StdoutLine: {'line': b'-- Up-to-date symlink: /home/atef/fav/ros2/install/fav/share/fav/environment/path.sh\n'}
[1.511482] (fav) StdoutLine: {'line': b'-- Up-to-date symlink: /home/atef/fav/ros2/install/fav/share/fav/environment/path.dsv\n'}
[1.511756] (fav) StdoutLine: {'line': b'-- Up-to-date symlink: /home/atef/fav/ros2/install/fav/share/fav/local_setup.bash\n'}
[1.512244] (fav) StdoutLine: {'line': b'-- Up-to-date symlink: /home/atef/fav/ros2/install/fav/share/fav/local_setup.sh\n'}
[1.512398] (fav) StdoutLine: {'line': b'-- Up-to-date symlink: /home/atef/fav/ros2/install/fav/share/fav/local_setup.zsh\n'}
[1.512689] (fav) StdoutLine: {'line': b'-- Up-to-date symlink: /home/atef/fav/ros2/install/fav/share/fav/local_setup.dsv\n'}
[1.512834] (fav) StdoutLine: {'line': b'-- Symlinking: /home/atef/fav/ros2/install/fav/share/fav/package.dsv\n'}
[1.526023] (fav) StdoutLine: {'line': b'-- Up-to-date symlink: /home/atef/fav/ros2/install/fav/share/ament_index/resource_index/packages/fav\n'}
[1.526776] (fav) StdoutLine: {'line': b'-- Up-to-date symlink: /home/atef/fav/ros2/install/fav/share/fav/cmake/favConfig.cmake\n'}
[1.527097] (fav) StdoutLine: {'line': b'-- Up-to-date symlink: /home/atef/fav/ros2/install/fav/share/fav/cmake/favConfig-version.cmake\n'}
[1.527270] (fav) StdoutLine: {'line': b'-- Up-to-date symlink: /home/atef/fav/ros2/install/fav/share/fav/package.xml\n'}
[1.529323] (fav) CommandEnded: {'returncode': 0}
[1.585742] (fav) JobEnded: {'identifier': 'fav', 'rc': 0}
[1.587316] (-) EventReactorShutdown: {}
