[0.298s] DEBUG:colcon:Command line arguments: ['/bin/colcon', 'build', '--symlink-install', '--cmake-args', '--no-warn-unused-cli', '-DCMAKE_EXPORT_COMPILE_COMMANDS=ON']
[0.298s] DEBUG:colcon:Parsed command line arguments: Namespace(log_base=None, log_level=None, verb_name='build', build_base='build', install_base='install', merge_install=False, symlink_install=True, test_result_base=None, continue_on_error=False, executor='parallel', parallel_workers=6, event_handlers=None, ignore_user_meta=False, metas=['./colcon.meta'], base_paths=['.'], packages_ignore=None, packages_ignore_regex=None, paths=None, packages_up_to=None, packages_up_to_regex=None, packages_above=None, packages_above_and_dependencies=None, packages_above_depth=None, packages_select_by_dep=None, packages_skip_by_dep=None, packages_skip_up_to=None, packages_select_build_failed=False, packages_skip_build_finished=False, packages_select_test_failures=False, packages_skip_test_passed=False, packages_select=None, packages_skip=None, packages_select_regex=None, packages_skip_regex=None, packages_start=None, packages_end=None, allow_overriding=[], cmake_args=['--no-warn-unused-cli', '-DCMAKE_EXPORT_COMPILE_COMMANDS=ON'], cmake_target=None, cmake_target_skip_unavailable=False, cmake_clean_cache=False, cmake_clean_first=False, cmake_force_configure=False, ament_cmake_args=None, catkin_cmake_args=None, catkin_skip_building_tests=False, mixin_files=None, mixin=None, verb_parser=<colcon_mixin.mixin.mixin_argument.MixinArgumentDecorator object at 0x72e27675d8e0>, verb_extension=<colcon_core.verb.build.BuildVerb object at 0x72e27675d520>, main=<bound method BuildVerb.main of <colcon_core.verb.build.BuildVerb object at 0x72e27675d520>>, mixin_verb=('build',))
[0.358s] Level 1:colcon.colcon_core.package_discovery:discover_packages(colcon_meta) check parameters
[0.358s] Level 1:colcon.colcon_core.package_discovery:discover_packages(recursive) check parameters
[0.358s] Level 1:colcon.colcon_core.package_discovery:discover_packages(ignore) check parameters
[0.358s] Level 1:colcon.colcon_core.package_discovery:discover_packages(path) check parameters
[0.358s] Level 1:colcon.colcon_core.package_discovery:discover_packages(colcon_meta) discover
[0.358s] Level 1:colcon.colcon_core.package_discovery:discover_packages(recursive) discover
[0.358s] INFO:colcon.colcon_core.package_discovery:Crawling recursively for packages in '/home/atef/fav/ros2'
[0.358s] Level 1:colcon.colcon_core.package_identification:_identify(.) by extensions ['ignore', 'ignore_ament_install']
[0.358s] Level 1:colcon.colcon_core.package_identification:_identify(.) by extension 'ignore'
[0.358s] Level 1:colcon.colcon_core.package_identification:_identify(.) by extension 'ignore_ament_install'
[0.358s] Level 1:colcon.colcon_core.package_identification:_identify(.) by extensions ['colcon_pkg']
[0.358s] Level 1:colcon.colcon_core.package_identification:_identify(.) by extension 'colcon_pkg'
[0.359s] Level 1:colcon.colcon_core.package_identification:_identify(.) by extensions ['colcon_meta']
[0.359s] Level 1:colcon.colcon_core.package_identification:_identify(.) by extension 'colcon_meta'
[0.359s] Level 1:colcon.colcon_core.package_identification:_identify(.) by extensions ['ros']
[0.359s] Level 1:colcon.colcon_core.package_identification:_identify(.) by extension 'ros'
[0.393s] Level 1:colcon.colcon_core.package_identification:_identify(.) by extensions ['cmake', 'python']
[0.393s] Level 1:colcon.colcon_core.package_identification:_identify(.) by extension 'cmake'
[0.393s] Level 1:colcon.colcon_core.package_identification:_identify(.) by extension 'python'
[0.393s] Level 1:colcon.colcon_core.package_identification:_identify(.) by extensions ['python_setup_py']
[0.393s] Level 1:colcon.colcon_core.package_identification:_identify(.) by extension 'python_setup_py'
[0.394s] Level 1:colcon.colcon_core.package_identification:_identify(build) by extensions ['ignore', 'ignore_ament_install']
[0.394s] Level 1:colcon.colcon_core.package_identification:_identify(build) by extension 'ignore'
[0.394s] Level 1:colcon.colcon_core.package_identification:_identify(build) ignored
[0.394s] Level 1:colcon.colcon_core.package_identification:_identify(install) by extensions ['ignore', 'ignore_ament_install']
[0.394s] Level 1:colcon.colcon_core.package_identification:_identify(install) by extension 'ignore'
[0.394s] Level 1:colcon.colcon_core.package_identification:_identify(install) ignored
[0.394s] Level 1:colcon.colcon_core.package_identification:_identify(log) by extensions ['ignore', 'ignore_ament_install']
[0.394s] Level 1:colcon.colcon_core.package_identification:_identify(log) by extension 'ignore'
[0.394s] Level 1:colcon.colcon_core.package_identification:_identify(log) ignored
[0.394s] Level 1:colcon.colcon_core.package_identification:_identify(src) by extensions ['ignore', 'ignore_ament_install']
[0.395s] Level 1:colcon.colcon_core.package_identification:_identify(src) by extension 'ignore'
[0.395s] Level 1:colcon.colcon_core.package_identification:_identify(src) by extension 'ignore_ament_install'
[0.395s] Level 1:colcon.colcon_core.package_identification:_identify(src) by extensions ['colcon_pkg']
[0.395s] Level 1:colcon.colcon_core.package_identification:_identify(src) by extension 'colcon_pkg'
[0.395s] Level 1:colcon.colcon_core.package_identification:_identify(src) by extensions ['colcon_meta']
[0.395s] Level 1:colcon.colcon_core.package_identification:_identify(src) by extension 'colcon_meta'
[0.395s] Level 1:colcon.colcon_core.package_identification:_identify(src) by extensions ['ros']
[0.395s] Level 1:colcon.colcon_core.package_identification:_identify(src) by extension 'ros'
[0.395s] Level 1:colcon.colcon_core.package_identification:_identify(src) by extensions ['cmake', 'python']
[0.395s] Level 1:colcon.colcon_core.package_identification:_identify(src) by extension 'cmake'
[0.395s] Level 1:colcon.colcon_core.package_identification:_identify(src) by extension 'python'
[0.395s] Level 1:colcon.colcon_core.package_identification:_identify(src) by extensions ['python_setup_py']
[0.395s] Level 1:colcon.colcon_core.package_identification:_identify(src) by extension 'python_setup_py'
[0.395s] Level 1:colcon.colcon_core.package_identification:_identify(src/depth_control) by extensions ['ignore', 'ignore_ament_install']
[0.395s] Level 1:colcon.colcon_core.package_identification:_identify(src/depth_control) by extension 'ignore'
[0.396s] Level 1:colcon.colcon_core.package_identification:_identify(src/depth_control) by extension 'ignore_ament_install'
[0.396s] Level 1:colcon.colcon_core.package_identification:_identify(src/depth_control) by extensions ['colcon_pkg']
[0.396s] Level 1:colcon.colcon_core.package_identification:_identify(src/depth_control) by extension 'colcon_pkg'
[0.396s] Level 1:colcon.colcon_core.package_identification:_identify(src/depth_control) by extensions ['colcon_meta']
[0.396s] Level 1:colcon.colcon_core.package_identification:_identify(src/depth_control) by extension 'colcon_meta'
[0.396s] Level 1:colcon.colcon_core.package_identification:_identify(src/depth_control) by extensions ['ros']
[0.396s] Level 1:colcon.colcon_core.package_identification:_identify(src/depth_control) by extension 'ros'
[0.400s] DEBUG:colcon.colcon_core.package_identification:Package 'src/depth_control' with type 'ros.ament_cmake' and name 'depth_control'
[0.401s] Level 1:colcon.colcon_core.package_identification:_identify(src/fav) by extensions ['ignore', 'ignore_ament_install']
[0.401s] Level 1:colcon.colcon_core.package_identification:_identify(src/fav) by extension 'ignore'
[0.401s] Level 1:colcon.colcon_core.package_identification:_identify(src/fav) by extension 'ignore_ament_install'
[0.401s] Level 1:colcon.colcon_core.package_identification:_identify(src/fav) by extensions ['colcon_pkg']
[0.401s] Level 1:colcon.colcon_core.package_identification:_identify(src/fav) by extension 'colcon_pkg'
[0.401s] Level 1:colcon.colcon_core.package_identification:_identify(src/fav) by extensions ['colcon_meta']
[0.401s] Level 1:colcon.colcon_core.package_identification:_identify(src/fav) by extension 'colcon_meta'
[0.401s] Level 1:colcon.colcon_core.package_identification:_identify(src/fav) by extensions ['ros']
[0.401s] Level 1:colcon.colcon_core.package_identification:_identify(src/fav) by extension 'ros'
[0.401s] Level 1:colcon.colcon_core.package_identification:_identify(src/fav) by extensions ['cmake', 'python']
[0.401s] Level 1:colcon.colcon_core.package_identification:_identify(src/fav) by extension 'cmake'
[0.401s] Level 1:colcon.colcon_core.package_identification:_identify(src/fav) by extension 'python'
[0.402s] Level 1:colcon.colcon_core.package_identification:_identify(src/fav) by extensions ['python_setup_py']
[0.402s] Level 1:colcon.colcon_core.package_identification:_identify(src/fav) by extension 'python_setup_py'
[0.402s] Level 1:colcon.colcon_core.package_identification:_identify(src/fav/fav) by extensions ['ignore', 'ignore_ament_install']
[0.402s] Level 1:colcon.colcon_core.package_identification:_identify(src/fav/fav) by extension 'ignore'
[0.402s] Level 1:colcon.colcon_core.package_identification:_identify(src/fav/fav) by extension 'ignore_ament_install'
[0.402s] Level 1:colcon.colcon_core.package_identification:_identify(src/fav/fav) by extensions ['colcon_pkg']
[0.402s] Level 1:colcon.colcon_core.package_identification:_identify(src/fav/fav) by extension 'colcon_pkg'
[0.402s] Level 1:colcon.colcon_core.package_identification:_identify(src/fav/fav) by extensions ['colcon_meta']
[0.402s] Level 1:colcon.colcon_core.package_identification:_identify(src/fav/fav) by extension 'colcon_meta'
[0.402s] Level 1:colcon.colcon_core.package_identification:_identify(src/fav/fav) by extensions ['ros']
[0.402s] Level 1:colcon.colcon_core.package_identification:_identify(src/fav/fav) by extension 'ros'
[0.404s] DEBUG:colcon.colcon_core.package_identification:Package 'src/fav/fav' with type 'ros.ament_cmake' and name 'fav'
[0.404s] Level 1:colcon.colcon_core.package_identification:_identify(src/fav/keyboard_control) by extensions ['ignore', 'ignore_ament_install']
[0.404s] Level 1:colcon.colcon_core.package_identification:_identify(src/fav/keyboard_control) by extension 'ignore'
[0.404s] Level 1:colcon.colcon_core.package_identification:_identify(src/fav/keyboard_control) by extension 'ignore_ament_install'
[0.405s] Level 1:colcon.colcon_core.package_identification:_identify(src/fav/keyboard_control) by extensions ['colcon_pkg']
[0.405s] Level 1:colcon.colcon_core.package_identification:_identify(src/fav/keyboard_control) by extension 'colcon_pkg'
[0.405s] Level 1:colcon.colcon_core.package_identification:_identify(src/fav/keyboard_control) by extensions ['colcon_meta']
[0.405s] Level 1:colcon.colcon_core.package_identification:_identify(src/fav/keyboard_control) by extension 'colcon_meta'
[0.405s] Level 1:colcon.colcon_core.package_identification:_identify(src/fav/keyboard_control) by extensions ['ros']
[0.405s] Level 1:colcon.colcon_core.package_identification:_identify(src/fav/keyboard_control) by extension 'ros'
[0.406s] DEBUG:colcon.colcon_core.package_identification:Package 'src/fav/keyboard_control' with type 'ros.ament_cmake' and name 'keyboard_control'
[0.406s] Level 1:colcon.colcon_core.package_identification:_identify(src/fav/scenario_msgs) by extensions ['ignore', 'ignore_ament_install']
[0.406s] Level 1:colcon.colcon_core.package_identification:_identify(src/fav/scenario_msgs) by extension 'ignore'
[0.406s] Level 1:colcon.colcon_core.package_identification:_identify(src/fav/scenario_msgs) by extension 'ignore_ament_install'
[0.406s] Level 1:colcon.colcon_core.package_identification:_identify(src/fav/scenario_msgs) by extensions ['colcon_pkg']
[0.406s] Level 1:colcon.colcon_core.package_identification:_identify(src/fav/scenario_msgs) by extension 'colcon_pkg'
[0.406s] Level 1:colcon.colcon_core.package_identification:_identify(src/fav/scenario_msgs) by extensions ['colcon_meta']
[0.406s] Level 1:colcon.colcon_core.package_identification:_identify(src/fav/scenario_msgs) by extension 'colcon_meta'
[0.406s] Level 1:colcon.colcon_core.package_identification:_identify(src/fav/scenario_msgs) by extensions ['ros']
[0.406s] Level 1:colcon.colcon_core.package_identification:_identify(src/fav/scenario_msgs) by extension 'ros'
[0.407s] DEBUG:colcon.colcon_core.package_identification:Package 'src/fav/scenario_msgs' with type 'ros.ament_cmake' and name 'scenario_msgs'
[0.407s] Level 1:colcon.colcon_core.package_discovery:discover_packages(recursive) using defaults
[0.407s] Level 1:colcon.colcon_core.package_discovery:discover_packages(ignore) discover
[0.408s] Level 1:colcon.colcon_core.package_discovery:discover_packages(ignore) using defaults
[0.408s] Level 1:colcon.colcon_core.package_discovery:discover_packages(path) discover
[0.408s] Level 1:colcon.colcon_core.package_discovery:discover_packages(path) using defaults
[0.470s] Level 1:colcon.colcon_core.package_discovery:discover_packages(prefix_path) check parameters
[0.470s] Level 1:colcon.colcon_core.package_discovery:discover_packages(prefix_path) discover
[0.477s] DEBUG:colcon.colcon_installed_package_information.package_discovery:Found 364 installed packages in /opt/ros/jazzy
[0.478s] Level 1:colcon.colcon_core.package_discovery:discover_packages(prefix_path) using defaults
[0.547s] Level 5:colcon.colcon_core.verb:set package 'depth_control' build argument 'cmake_args' from command line to '['--no-warn-unused-cli', '-DCMAKE_EXPORT_COMPILE_COMMANDS=ON']'
[0.547s] Level 5:colcon.colcon_core.verb:set package 'depth_control' build argument 'cmake_target' from command line to 'None'
[0.547s] Level 5:colcon.colcon_core.verb:set package 'depth_control' build argument 'cmake_target_skip_unavailable' from command line to 'False'
[0.547s] Level 5:colcon.colcon_core.verb:set package 'depth_control' build argument 'cmake_clean_cache' from command line to 'False'
[0.547s] Level 5:colcon.colcon_core.verb:set package 'depth_control' build argument 'cmake_clean_first' from command line to 'False'
[0.547s] Level 5:colcon.colcon_core.verb:set package 'depth_control' build argument 'cmake_force_configure' from command line to 'False'
[0.547s] Level 5:colcon.colcon_core.verb:set package 'depth_control' build argument 'ament_cmake_args' from command line to 'None'
[0.547s] Level 5:colcon.colcon_core.verb:set package 'depth_control' build argument 'catkin_cmake_args' from command line to 'None'
[0.547s] Level 5:colcon.colcon_core.verb:set package 'depth_control' build argument 'catkin_skip_building_tests' from command line to 'False'
[0.547s] DEBUG:colcon.colcon_core.verb:Building package 'depth_control' with the following arguments: {'ament_cmake_args': None, 'build_base': '/home/atef/fav/ros2/build/depth_control', 'catkin_cmake_args': None, 'catkin_skip_building_tests': False, 'cmake_args': ['--no-warn-unused-cli', '-DCMAKE_EXPORT_COMPILE_COMMANDS=ON'], 'cmake_clean_cache': False, 'cmake_clean_first': False, 'cmake_force_configure': False, 'cmake_target': None, 'cmake_target_skip_unavailable': False, 'install_base': '/home/atef/fav/ros2/install/depth_control', 'merge_install': False, 'path': '/home/atef/fav/ros2/src/depth_control', 'symlink_install': True, 'test_result_base': None}
[0.548s] Level 5:colcon.colcon_core.verb:set package 'keyboard_control' build argument 'cmake_args' from command line to '['--no-warn-unused-cli', '-DCMAKE_EXPORT_COMPILE_COMMANDS=ON']'
[0.548s] Level 5:colcon.colcon_core.verb:set package 'keyboard_control' build argument 'cmake_target' from command line to 'None'
[0.548s] Level 5:colcon.colcon_core.verb:set package 'keyboard_control' build argument 'cmake_target_skip_unavailable' from command line to 'False'
[0.548s] Level 5:colcon.colcon_core.verb:set package 'keyboard_control' build argument 'cmake_clean_cache' from command line to 'False'
[0.548s] Level 5:colcon.colcon_core.verb:set package 'keyboard_control' build argument 'cmake_clean_first' from command line to 'False'
[0.548s] Level 5:colcon.colcon_core.verb:set package 'keyboard_control' build argument 'cmake_force_configure' from command line to 'False'
[0.548s] Level 5:colcon.colcon_core.verb:set package 'keyboard_control' build argument 'ament_cmake_args' from command line to 'None'
[0.548s] Level 5:colcon.colcon_core.verb:set package 'keyboard_control' build argument 'catkin_cmake_args' from command line to 'None'
[0.548s] Level 5:colcon.colcon_core.verb:set package 'keyboard_control' build argument 'catkin_skip_building_tests' from command line to 'False'
[0.548s] DEBUG:colcon.colcon_core.verb:Building package 'keyboard_control' with the following arguments: {'ament_cmake_args': None, 'build_base': '/home/atef/fav/ros2/build/keyboard_control', 'catkin_cmake_args': None, 'catkin_skip_building_tests': False, 'cmake_args': ['--no-warn-unused-cli', '-DCMAKE_EXPORT_COMPILE_COMMANDS=ON'], 'cmake_clean_cache': False, 'cmake_clean_first': False, 'cmake_force_configure': False, 'cmake_target': None, 'cmake_target_skip_unavailable': False, 'install_base': '/home/atef/fav/ros2/install/keyboard_control', 'merge_install': False, 'path': '/home/atef/fav/ros2/src/fav/keyboard_control', 'symlink_install': True, 'test_result_base': None}
[0.548s] Level 5:colcon.colcon_core.verb:set package 'scenario_msgs' build argument 'cmake_args' from command line to '['--no-warn-unused-cli', '-DCMAKE_EXPORT_COMPILE_COMMANDS=ON']'
[0.548s] Level 5:colcon.colcon_core.verb:set package 'scenario_msgs' build argument 'cmake_target' from command line to 'None'
[0.548s] Level 5:colcon.colcon_core.verb:set package 'scenario_msgs' build argument 'cmake_target_skip_unavailable' from command line to 'False'
[0.548s] Level 5:colcon.colcon_core.verb:set package 'scenario_msgs' build argument 'cmake_clean_cache' from command line to 'False'
[0.548s] Level 5:colcon.colcon_core.verb:set package 'scenario_msgs' build argument 'cmake_clean_first' from command line to 'False'
[0.548s] Level 5:colcon.colcon_core.verb:set package 'scenario_msgs' build argument 'cmake_force_configure' from command line to 'False'
[0.548s] Level 5:colcon.colcon_core.verb:set package 'scenario_msgs' build argument 'ament_cmake_args' from command line to 'None'
[0.548s] Level 5:colcon.colcon_core.verb:set package 'scenario_msgs' build argument 'catkin_cmake_args' from command line to 'None'
[0.548s] Level 5:colcon.colcon_core.verb:set package 'scenario_msgs' build argument 'catkin_skip_building_tests' from command line to 'False'
[0.548s] DEBUG:colcon.colcon_core.verb:Building package 'scenario_msgs' with the following arguments: {'ament_cmake_args': None, 'build_base': '/home/atef/fav/ros2/build/scenario_msgs', 'catkin_cmake_args': None, 'catkin_skip_building_tests': False, 'cmake_args': ['--no-warn-unused-cli', '-DCMAKE_EXPORT_COMPILE_COMMANDS=ON'], 'cmake_clean_cache': False, 'cmake_clean_first': False, 'cmake_force_configure': False, 'cmake_target': None, 'cmake_target_skip_unavailable': False, 'install_base': '/home/atef/fav/ros2/install/scenario_msgs', 'merge_install': False, 'path': '/home/atef/fav/ros2/src/fav/scenario_msgs', 'symlink_install': True, 'test_result_base': None}
[0.549s] Level 5:colcon.colcon_core.verb:set package 'fav' build argument 'cmake_args' from command line to '['--no-warn-unused-cli', '-DCMAKE_EXPORT_COMPILE_COMMANDS=ON']'
[0.549s] Level 5:colcon.colcon_core.verb:set package 'fav' build argument 'cmake_target' from command line to 'None'
[0.549s] Level 5:colcon.colcon_core.verb:set package 'fav' build argument 'cmake_target_skip_unavailable' from command line to 'False'
[0.549s] Level 5:colcon.colcon_core.verb:set package 'fav' build argument 'cmake_clean_cache' from command line to 'False'
[0.549s] Level 5:colcon.colcon_core.verb:set package 'fav' build argument 'cmake_clean_first' from command line to 'False'
[0.549s] Level 5:colcon.colcon_core.verb:set package 'fav' build argument 'cmake_force_configure' from command line to 'False'
[0.549s] Level 5:colcon.colcon_core.verb:set package 'fav' build argument 'ament_cmake_args' from command line to 'None'
[0.549s] Level 5:colcon.colcon_core.verb:set package 'fav' build argument 'catkin_cmake_args' from command line to 'None'
[0.549s] Level 5:colcon.colcon_core.verb:set package 'fav' build argument 'catkin_skip_building_tests' from command line to 'False'
[0.549s] DEBUG:colcon.colcon_core.verb:Building package 'fav' with the following arguments: {'ament_cmake_args': None, 'build_base': '/home/atef/fav/ros2/build/fav', 'catkin_cmake_args': None, 'catkin_skip_building_tests': False, 'cmake_args': ['--no-warn-unused-cli', '-DCMAKE_EXPORT_COMPILE_COMMANDS=ON'], 'cmake_clean_cache': False, 'cmake_clean_first': False, 'cmake_force_configure': False, 'cmake_target': None, 'cmake_target_skip_unavailable': False, 'install_base': '/home/atef/fav/ros2/install/fav', 'merge_install': False, 'path': '/home/atef/fav/ros2/src/fav/fav', 'symlink_install': True, 'test_result_base': None}
[0.549s] INFO:colcon.colcon_core.executor:Executing jobs using 'parallel' executor
[0.550s] DEBUG:colcon.colcon_parallel_executor.executor.parallel:run_until_complete
[0.551s] INFO:colcon.colcon_ros.task.ament_cmake.build:Building ROS package in '/home/atef/fav/ros2/src/fav/scenario_msgs' with build type 'ament_cmake'
[0.551s] INFO:colcon.colcon_cmake.task.cmake.build:Building CMake package in '/home/atef/fav/ros2/src/fav/scenario_msgs'
[0.558s] INFO:colcon.colcon_core.plugin_system:Skipping extension 'colcon_core.shell.bat': Not used on non-Windows systems
[0.559s] INFO:colcon.colcon_core.shell:Skip shell extension 'powershell' for command environment: Not usable outside of PowerShell
[0.559s] DEBUG:colcon.colcon_core.shell:Skip shell extension 'dsv' for command environment
[0.574s] INFO:colcon.colcon_ros.task.ament_cmake.build:Building ROS package in '/home/atef/fav/ros2/src/depth_control' with build type 'ament_cmake'
[0.575s] INFO:colcon.colcon_cmake.task.cmake.build:Building CMake package in '/home/atef/fav/ros2/src/depth_control'
[0.575s] INFO:colcon.colcon_core.shell:Skip shell extension 'powershell' for command environment: Not usable outside of PowerShell
[0.575s] DEBUG:colcon.colcon_core.shell:Skip shell extension 'dsv' for command environment
[0.580s] INFO:colcon.colcon_ros.task.ament_cmake.build:Building ROS package in '/home/atef/fav/ros2/src/fav/keyboard_control' with build type 'ament_cmake'
[0.580s] INFO:colcon.colcon_cmake.task.cmake.build:Building CMake package in '/home/atef/fav/ros2/src/fav/keyboard_control'
[0.580s] INFO:colcon.colcon_core.shell:Skip shell extension 'powershell' for command environment: Not usable outside of PowerShell
[0.580s] DEBUG:colcon.colcon_core.shell:Skip shell extension 'dsv' for command environment
[0.590s] DEBUG:colcon.colcon_core.event_handler.log_command:Invoking command in '/home/atef/fav/ros2/build/scenario_msgs': CMAKE_PREFIX_PATH=${CMAKE_PREFIX_PATH}:/opt/ros/jazzy /bin/cmake --build /home/atef/fav/ros2/build/scenario_msgs -- -j6 -l6
[0.595s] DEBUG:colcon.colcon_core.event_handler.log_command:Invoking command in '/home/atef/fav/ros2/build/depth_control': CMAKE_PREFIX_PATH=${CMAKE_PREFIX_PATH}:/opt/ros/jazzy /bin/cmake --build /home/atef/fav/ros2/build/depth_control -- -j6 -l6
[0.598s] DEBUG:colcon.colcon_core.event_handler.log_command:Invoking command in '/home/atef/fav/ros2/build/keyboard_control': CMAKE_PREFIX_PATH=${CMAKE_PREFIX_PATH}:/opt/ros/jazzy /bin/cmake --build /home/atef/fav/ros2/build/keyboard_control -- -j6 -l6
[0.657s] DEBUG:colcon.colcon_core.event_handler.log_command:Invoked command in '/home/atef/fav/ros2/build/depth_control' returned '0': CMAKE_PREFIX_PATH=${CMAKE_PREFIX_PATH}:/opt/ros/jazzy /bin/cmake --build /home/atef/fav/ros2/build/depth_control -- -j6 -l6
[0.668s] DEBUG:colcon.colcon_core.event_handler.log_command:Invoked command in '/home/atef/fav/ros2/build/keyboard_control' returned '0': CMAKE_PREFIX_PATH=${CMAKE_PREFIX_PATH}:/opt/ros/jazzy /bin/cmake --build /home/atef/fav/ros2/build/keyboard_control -- -j6 -l6
[0.701s] DEBUG:colcon.colcon_core.event_handler.log_command:Invoking command in '/home/atef/fav/ros2/build/depth_control': CMAKE_PREFIX_PATH=${CMAKE_PREFIX_PATH}:/opt/ros/jazzy /bin/cmake --install /home/atef/fav/ros2/build/depth_control
[0.706s] DEBUG:colcon.colcon_core.event_handler.log_command:Invoking command in '/home/atef/fav/ros2/build/keyboard_control': CMAKE_PREFIX_PATH=${CMAKE_PREFIX_PATH}:/opt/ros/jazzy /bin/cmake --install /home/atef/fav/ros2/build/keyboard_control
[0.736s] Level 1:colcon.colcon_core.environment:create_environment_scripts_only(depth_control)
[0.739s] DEBUG:colcon.colcon_core.event_handler.log_command:Invoked command in '/home/atef/fav/ros2/build/depth_control' returned '0': CMAKE_PREFIX_PATH=${CMAKE_PREFIX_PATH}:/opt/ros/jazzy /bin/cmake --install /home/atef/fav/ros2/build/depth_control
[0.751s] Level 1:colcon.colcon_core.environment:checking '/home/atef/fav/ros2/install/depth_control' for CMake module files
[0.753s] Level 1:colcon.colcon_core.environment:checking '/home/atef/fav/ros2/install/depth_control' for CMake config files
[0.754s] Level 1:colcon.colcon_core.shell:create_environment_hook('depth_control', 'cmake_prefix_path')
[0.754s] INFO:colcon.colcon_core.shell:Creating environment hook '/home/atef/fav/ros2/install/depth_control/share/depth_control/hook/cmake_prefix_path.ps1'
[0.755s] INFO:colcon.colcon_core.shell:Creating environment descriptor '/home/atef/fav/ros2/install/depth_control/share/depth_control/hook/cmake_prefix_path.dsv'
[0.756s] INFO:colcon.colcon_core.shell:Creating environment hook '/home/atef/fav/ros2/install/depth_control/share/depth_control/hook/cmake_prefix_path.sh'
[0.759s] Level 1:colcon.colcon_core.environment:checking '/home/atef/fav/ros2/install/depth_control/lib'
[0.759s] Level 1:colcon.colcon_core.environment:checking '/home/atef/fav/ros2/install/depth_control/bin'
[0.760s] Level 1:colcon.colcon_core.environment:checking '/home/atef/fav/ros2/install/depth_control/lib/pkgconfig/depth_control.pc'
[0.761s] Level 1:colcon.colcon_core.environment:checking '/home/atef/fav/ros2/install/depth_control/lib/python3.12/site-packages'
[0.762s] Level 1:colcon.colcon_core.environment:checking '/home/atef/fav/ros2/install/depth_control/bin'
[0.762s] INFO:colcon.colcon_core.shell:Creating package script '/home/atef/fav/ros2/install/depth_control/share/depth_control/package.ps1'
[0.767s] INFO:colcon.colcon_core.shell:Creating package descriptor '/home/atef/fav/ros2/install/depth_control/share/depth_control/package.dsv'
[0.767s] INFO:colcon.colcon_core.shell:Creating package script '/home/atef/fav/ros2/install/depth_control/share/depth_control/package.sh'
[0.768s] INFO:colcon.colcon_core.shell:Creating package script '/home/atef/fav/ros2/install/depth_control/share/depth_control/package.bash'
[0.770s] INFO:colcon.colcon_core.shell:Creating package script '/home/atef/fav/ros2/install/depth_control/share/depth_control/package.zsh'
[0.770s] Level 1:colcon.colcon_core.environment:create_file_with_runtime_dependencies(/home/atef/fav/ros2/install/depth_control/share/colcon-core/packages/depth_control)
[0.775s] Level 1:colcon.colcon_core.environment:create_environment_scripts_only(keyboard_control)
[0.775s] Level 1:colcon.colcon_core.environment:checking '/home/atef/fav/ros2/install/keyboard_control' for CMake module files
[0.775s] DEBUG:colcon.colcon_core.event_handler.log_command:Invoked command in '/home/atef/fav/ros2/build/keyboard_control' returned '0': CMAKE_PREFIX_PATH=${CMAKE_PREFIX_PATH}:/opt/ros/jazzy /bin/cmake --install /home/atef/fav/ros2/build/keyboard_control
[0.778s] Level 1:colcon.colcon_core.environment:checking '/home/atef/fav/ros2/install/keyboard_control' for CMake config files
[0.779s] Level 1:colcon.colcon_core.shell:create_environment_hook('keyboard_control', 'cmake_prefix_path')
[0.779s] INFO:colcon.colcon_core.shell:Creating environment hook '/home/atef/fav/ros2/install/keyboard_control/share/keyboard_control/hook/cmake_prefix_path.ps1'
[0.782s] INFO:colcon.colcon_core.shell:Creating environment descriptor '/home/atef/fav/ros2/install/keyboard_control/share/keyboard_control/hook/cmake_prefix_path.dsv'
[0.783s] INFO:colcon.colcon_core.shell:Creating environment hook '/home/atef/fav/ros2/install/keyboard_control/share/keyboard_control/hook/cmake_prefix_path.sh'
[0.784s] Level 1:colcon.colcon_core.environment:checking '/home/atef/fav/ros2/install/keyboard_control/lib'
[0.784s] Level 1:colcon.colcon_core.environment:checking '/home/atef/fav/ros2/install/keyboard_control/bin'
[0.784s] Level 1:colcon.colcon_core.environment:checking '/home/atef/fav/ros2/install/keyboard_control/lib/pkgconfig/keyboard_control.pc'
[0.785s] Level 1:colcon.colcon_core.environment:checking '/home/atef/fav/ros2/install/keyboard_control/lib/python3.12/site-packages'
[0.785s] Level 1:colcon.colcon_core.environment:checking '/home/atef/fav/ros2/install/keyboard_control/bin'
[0.785s] INFO:colcon.colcon_core.shell:Creating package script '/home/atef/fav/ros2/install/keyboard_control/share/keyboard_control/package.ps1'
[0.787s] INFO:colcon.colcon_core.shell:Creating package descriptor '/home/atef/fav/ros2/install/keyboard_control/share/keyboard_control/package.dsv'
[0.788s] INFO:colcon.colcon_core.shell:Creating package script '/home/atef/fav/ros2/install/keyboard_control/share/keyboard_control/package.sh'
[0.789s] INFO:colcon.colcon_core.shell:Creating package script '/home/atef/fav/ros2/install/keyboard_control/share/keyboard_control/package.bash'
[0.790s] INFO:colcon.colcon_core.shell:Creating package script '/home/atef/fav/ros2/install/keyboard_control/share/keyboard_control/package.zsh'
[0.790s] Level 1:colcon.colcon_core.environment:create_file_with_runtime_dependencies(/home/atef/fav/ros2/install/keyboard_control/share/colcon-core/packages/keyboard_control)
[0.814s] Level 1:colcon.colcon_core.environment:create_environment_scripts_only(depth_control)
[0.814s] Level 1:colcon.colcon_core.environment:checking '/home/atef/fav/ros2/install/depth_control' for CMake module files
[0.815s] Level 1:colcon.colcon_core.environment:checking '/home/atef/fav/ros2/install/depth_control' for CMake config files
[0.815s] Level 1:colcon.colcon_core.shell:create_environment_hook('depth_control', 'cmake_prefix_path')
[0.815s] INFO:colcon.colcon_core.shell:Creating environment hook '/home/atef/fav/ros2/install/depth_control/share/depth_control/hook/cmake_prefix_path.ps1'
[0.816s] INFO:colcon.colcon_core.shell:Creating environment descriptor '/home/atef/fav/ros2/install/depth_control/share/depth_control/hook/cmake_prefix_path.dsv'
[0.816s] INFO:colcon.colcon_core.shell:Creating environment hook '/home/atef/fav/ros2/install/depth_control/share/depth_control/hook/cmake_prefix_path.sh'
[0.818s] Level 1:colcon.colcon_core.environment:checking '/home/atef/fav/ros2/install/depth_control/lib'
[0.818s] Level 1:colcon.colcon_core.environment:checking '/home/atef/fav/ros2/install/depth_control/bin'
[0.818s] Level 1:colcon.colcon_core.environment:checking '/home/atef/fav/ros2/install/depth_control/lib/pkgconfig/depth_control.pc'
[0.818s] Level 1:colcon.colcon_core.environment:checking '/home/atef/fav/ros2/install/depth_control/lib/python3.12/site-packages'
[0.818s] Level 1:colcon.colcon_core.environment:checking '/home/atef/fav/ros2/install/depth_control/bin'
[0.819s] INFO:colcon.colcon_core.shell:Creating package script '/home/atef/fav/ros2/install/depth_control/share/depth_control/package.ps1'
[0.819s] INFO:colcon.colcon_core.shell:Creating package descriptor '/home/atef/fav/ros2/install/depth_control/share/depth_control/package.dsv'
[0.820s] INFO:colcon.colcon_core.shell:Creating package script '/home/atef/fav/ros2/install/depth_control/share/depth_control/package.sh'
[0.821s] INFO:colcon.colcon_core.shell:Creating package script '/home/atef/fav/ros2/install/depth_control/share/depth_control/package.bash'
[0.822s] INFO:colcon.colcon_core.shell:Creating package script '/home/atef/fav/ros2/install/depth_control/share/depth_control/package.zsh'
[0.822s] Level 1:colcon.colcon_core.environment:create_file_with_runtime_dependencies(/home/atef/fav/ros2/install/depth_control/share/colcon-core/packages/depth_control)
[0.827s] Level 1:colcon.colcon_core.environment:create_environment_scripts_only(keyboard_control)
[0.827s] Level 1:colcon.colcon_core.environment:checking '/home/atef/fav/ros2/install/keyboard_control' for CMake module files
[0.827s] Level 1:colcon.colcon_core.environment:checking '/home/atef/fav/ros2/install/keyboard_control' for CMake config files
[0.828s] Level 1:colcon.colcon_core.shell:create_environment_hook('keyboard_control', 'cmake_prefix_path')
[0.828s] INFO:colcon.colcon_core.shell:Creating environment hook '/home/atef/fav/ros2/install/keyboard_control/share/keyboard_control/hook/cmake_prefix_path.ps1'
[0.829s] INFO:colcon.colcon_core.shell:Creating environment descriptor '/home/atef/fav/ros2/install/keyboard_control/share/keyboard_control/hook/cmake_prefix_path.dsv'
[0.830s] INFO:colcon.colcon_core.shell:Creating environment hook '/home/atef/fav/ros2/install/keyboard_control/share/keyboard_control/hook/cmake_prefix_path.sh'
[0.831s] Level 1:colcon.colcon_core.environment:checking '/home/atef/fav/ros2/install/keyboard_control/lib'
[0.832s] Level 1:colcon.colcon_core.environment:checking '/home/atef/fav/ros2/install/keyboard_control/bin'
[0.832s] Level 1:colcon.colcon_core.environment:checking '/home/atef/fav/ros2/install/keyboard_control/lib/pkgconfig/keyboard_control.pc'
[0.832s] Level 1:colcon.colcon_core.environment:checking '/home/atef/fav/ros2/install/keyboard_control/lib/python3.12/site-packages'
[0.832s] Level 1:colcon.colcon_core.environment:checking '/home/atef/fav/ros2/install/keyboard_control/bin'
[0.833s] INFO:colcon.colcon_core.shell:Creating package script '/home/atef/fav/ros2/install/keyboard_control/share/keyboard_control/package.ps1'
[0.834s] INFO:colcon.colcon_core.shell:Creating package descriptor '/home/atef/fav/ros2/install/keyboard_control/share/keyboard_control/package.dsv'
[0.835s] INFO:colcon.colcon_core.shell:Creating package script '/home/atef/fav/ros2/install/keyboard_control/share/keyboard_control/package.sh'
[0.835s] INFO:colcon.colcon_core.shell:Creating package script '/home/atef/fav/ros2/install/keyboard_control/share/keyboard_control/package.bash'
[0.836s] INFO:colcon.colcon_core.shell:Creating package script '/home/atef/fav/ros2/install/keyboard_control/share/keyboard_control/package.zsh'
[0.836s] Level 1:colcon.colcon_core.environment:create_file_with_runtime_dependencies(/home/atef/fav/ros2/install/keyboard_control/share/colcon-core/packages/keyboard_control)
[1.278s] DEBUG:colcon.colcon_core.event_handler.log_command:Invoked command in '/home/atef/fav/ros2/build/scenario_msgs' returned '0': CMAKE_PREFIX_PATH=${CMAKE_PREFIX_PATH}:/opt/ros/jazzy /bin/cmake --build /home/atef/fav/ros2/build/scenario_msgs -- -j6 -l6
[1.499s] DEBUG:colcon.colcon_core.event_handler.log_command:Invoking command in '/home/atef/fav/ros2/build/scenario_msgs': CMAKE_PREFIX_PATH=${CMAKE_PREFIX_PATH}:/opt/ros/jazzy /bin/cmake --install /home/atef/fav/ros2/build/scenario_msgs
[1.634s] Level 1:colcon.colcon_core.environment:create_environment_scripts_only(scenario_msgs)
[1.635s] Level 1:colcon.colcon_core.environment:checking '/home/atef/fav/ros2/install/scenario_msgs' for CMake module files
[1.635s] DEBUG:colcon.colcon_core.event_handler.log_command:Invoked command in '/home/atef/fav/ros2/build/scenario_msgs' returned '0': CMAKE_PREFIX_PATH=${CMAKE_PREFIX_PATH}:/opt/ros/jazzy /bin/cmake --install /home/atef/fav/ros2/build/scenario_msgs
[1.637s] Level 1:colcon.colcon_core.environment:checking '/home/atef/fav/ros2/install/scenario_msgs' for CMake config files
[1.639s] Level 1:colcon.colcon_core.shell:create_environment_hook('scenario_msgs', 'cmake_prefix_path')
[1.639s] INFO:colcon.colcon_core.shell:Creating environment hook '/home/atef/fav/ros2/install/scenario_msgs/share/scenario_msgs/hook/cmake_prefix_path.ps1'
[1.640s] INFO:colcon.colcon_core.shell:Creating environment descriptor '/home/atef/fav/ros2/install/scenario_msgs/share/scenario_msgs/hook/cmake_prefix_path.dsv'
[1.640s] INFO:colcon.colcon_core.shell:Creating environment hook '/home/atef/fav/ros2/install/scenario_msgs/share/scenario_msgs/hook/cmake_prefix_path.sh'
[1.641s] Level 1:colcon.colcon_core.environment:checking '/home/atef/fav/ros2/install/scenario_msgs/lib'
[1.641s] Level 1:colcon.colcon_core.shell:create_environment_hook('scenario_msgs', 'ld_library_path_lib')
[1.641s] INFO:colcon.colcon_core.shell:Creating environment hook '/home/atef/fav/ros2/install/scenario_msgs/share/scenario_msgs/hook/ld_library_path_lib.ps1'
[1.642s] INFO:colcon.colcon_core.shell:Creating environment descriptor '/home/atef/fav/ros2/install/scenario_msgs/share/scenario_msgs/hook/ld_library_path_lib.dsv'
[1.642s] INFO:colcon.colcon_core.shell:Creating environment hook '/home/atef/fav/ros2/install/scenario_msgs/share/scenario_msgs/hook/ld_library_path_lib.sh'
[1.643s] Level 1:colcon.colcon_core.environment:checking '/home/atef/fav/ros2/install/scenario_msgs/bin'
[1.643s] Level 1:colcon.colcon_core.environment:checking '/home/atef/fav/ros2/install/scenario_msgs/lib/pkgconfig/scenario_msgs.pc'
[1.643s] Level 1:colcon.colcon_core.environment:checking '/home/atef/fav/ros2/install/scenario_msgs/lib/python3.12/site-packages'
[1.643s] Level 1:colcon.colcon_core.shell:create_environment_hook('scenario_msgs', 'pythonpath')
[1.644s] INFO:colcon.colcon_core.shell:Creating environment hook '/home/atef/fav/ros2/install/scenario_msgs/share/scenario_msgs/hook/pythonpath.ps1'
[1.644s] INFO:colcon.colcon_core.shell:Creating environment descriptor '/home/atef/fav/ros2/install/scenario_msgs/share/scenario_msgs/hook/pythonpath.dsv'
[1.644s] INFO:colcon.colcon_core.shell:Creating environment hook '/home/atef/fav/ros2/install/scenario_msgs/share/scenario_msgs/hook/pythonpath.sh'
[1.645s] Level 1:colcon.colcon_core.environment:checking '/home/atef/fav/ros2/install/scenario_msgs/bin'
[1.645s] INFO:colcon.colcon_core.shell:Creating package script '/home/atef/fav/ros2/install/scenario_msgs/share/scenario_msgs/package.ps1'
[1.646s] INFO:colcon.colcon_core.shell:Creating package descriptor '/home/atef/fav/ros2/install/scenario_msgs/share/scenario_msgs/package.dsv'
[1.647s] INFO:colcon.colcon_core.shell:Creating package script '/home/atef/fav/ros2/install/scenario_msgs/share/scenario_msgs/package.sh'
[1.647s] INFO:colcon.colcon_core.shell:Creating package script '/home/atef/fav/ros2/install/scenario_msgs/share/scenario_msgs/package.bash'
[1.648s] INFO:colcon.colcon_core.shell:Creating package script '/home/atef/fav/ros2/install/scenario_msgs/share/scenario_msgs/package.zsh'
[1.648s] Level 1:colcon.colcon_core.environment:create_file_with_runtime_dependencies(/home/atef/fav/ros2/install/scenario_msgs/share/colcon-core/packages/scenario_msgs)
[1.863s] Level 1:colcon.colcon_core.environment:create_environment_scripts_only(scenario_msgs)
[1.863s] Level 1:colcon.colcon_core.environment:checking '/home/atef/fav/ros2/install/scenario_msgs' for CMake module files
[1.865s] Level 1:colcon.colcon_core.environment:checking '/home/atef/fav/ros2/install/scenario_msgs' for CMake config files
[1.866s] Level 1:colcon.colcon_core.shell:create_environment_hook('scenario_msgs', 'cmake_prefix_path')
[1.866s] INFO:colcon.colcon_core.shell:Creating environment hook '/home/atef/fav/ros2/install/scenario_msgs/share/scenario_msgs/hook/cmake_prefix_path.ps1'
[1.867s] INFO:colcon.colcon_core.shell:Creating environment descriptor '/home/atef/fav/ros2/install/scenario_msgs/share/scenario_msgs/hook/cmake_prefix_path.dsv'
[1.867s] INFO:colcon.colcon_core.shell:Creating environment hook '/home/atef/fav/ros2/install/scenario_msgs/share/scenario_msgs/hook/cmake_prefix_path.sh'
[1.868s] Level 1:colcon.colcon_core.environment:checking '/home/atef/fav/ros2/install/scenario_msgs/lib'
[1.868s] Level 1:colcon.colcon_core.shell:create_environment_hook('scenario_msgs', 'ld_library_path_lib')
[1.868s] INFO:colcon.colcon_core.shell:Creating environment hook '/home/atef/fav/ros2/install/scenario_msgs/share/scenario_msgs/hook/ld_library_path_lib.ps1'
[1.869s] INFO:colcon.colcon_core.shell:Creating environment descriptor '/home/atef/fav/ros2/install/scenario_msgs/share/scenario_msgs/hook/ld_library_path_lib.dsv'
[1.869s] INFO:colcon.colcon_core.shell:Creating environment hook '/home/atef/fav/ros2/install/scenario_msgs/share/scenario_msgs/hook/ld_library_path_lib.sh'
[1.869s] Level 1:colcon.colcon_core.environment:checking '/home/atef/fav/ros2/install/scenario_msgs/bin'
[1.869s] Level 1:colcon.colcon_core.environment:checking '/home/atef/fav/ros2/install/scenario_msgs/lib/pkgconfig/scenario_msgs.pc'
[1.870s] Level 1:colcon.colcon_core.environment:checking '/home/atef/fav/ros2/install/scenario_msgs/lib/python3.12/site-packages'
[1.870s] Level 1:colcon.colcon_core.shell:create_environment_hook('scenario_msgs', 'pythonpath')
[1.870s] INFO:colcon.colcon_core.shell:Creating environment hook '/home/atef/fav/ros2/install/scenario_msgs/share/scenario_msgs/hook/pythonpath.ps1'
[1.871s] INFO:colcon.colcon_core.shell:Creating environment descriptor '/home/atef/fav/ros2/install/scenario_msgs/share/scenario_msgs/hook/pythonpath.dsv'
[1.871s] INFO:colcon.colcon_core.shell:Creating environment hook '/home/atef/fav/ros2/install/scenario_msgs/share/scenario_msgs/hook/pythonpath.sh'
[1.872s] Level 1:colcon.colcon_core.environment:checking '/home/atef/fav/ros2/install/scenario_msgs/bin'
[1.872s] INFO:colcon.colcon_core.shell:Creating package script '/home/atef/fav/ros2/install/scenario_msgs/share/scenario_msgs/package.ps1'
[1.873s] INFO:colcon.colcon_core.shell:Creating package descriptor '/home/atef/fav/ros2/install/scenario_msgs/share/scenario_msgs/package.dsv'
[1.874s] INFO:colcon.colcon_core.shell:Creating package script '/home/atef/fav/ros2/install/scenario_msgs/share/scenario_msgs/package.sh'
[1.874s] INFO:colcon.colcon_core.shell:Creating package script '/home/atef/fav/ros2/install/scenario_msgs/share/scenario_msgs/package.bash'
[1.875s] INFO:colcon.colcon_core.shell:Creating package script '/home/atef/fav/ros2/install/scenario_msgs/share/scenario_msgs/package.zsh'
[1.876s] Level 1:colcon.colcon_core.environment:create_file_with_runtime_dependencies(/home/atef/fav/ros2/install/scenario_msgs/share/colcon-core/packages/scenario_msgs)
[1.876s] INFO:colcon.colcon_ros.task.ament_cmake.build:Building ROS package in '/home/atef/fav/ros2/src/fav/fav' with build type 'ament_cmake'
[1.876s] INFO:colcon.colcon_cmake.task.cmake.build:Building CMake package in '/home/atef/fav/ros2/src/fav/fav'
[1.877s] INFO:colcon.colcon_core.shell:Skip shell extension 'powershell' for command environment: Not usable outside of PowerShell
[1.877s] DEBUG:colcon.colcon_core.shell:Skip shell extension 'dsv' for command environment
[1.894s] DEBUG:colcon.colcon_core.event_handler.log_command:Invoking command in '/home/atef/fav/ros2/build/fav': AMENT_PREFIX_PATH=/home/atef/fav/ros2/install/scenario_msgs:${AMENT_PREFIX_PATH} CMAKE_PREFIX_PATH=/home/atef/fav/ros2/install/scenario_msgs:/opt/ros/jazzy/opt/gz_sim_vendor:/opt/ros/jazzy/opt/gz_sensors_vendor:/opt/ros/jazzy/opt/gz_physics_vendor:/opt/ros/jazzy/opt/sdformat_vendor:/opt/ros/jazzy/opt/gz_gui_vendor:/opt/ros/jazzy/opt/gz_transport_vendor:/opt/ros/jazzy/opt/gz_rendering_vendor:/opt/ros/jazzy/opt/gz_plugin_vendor:/opt/ros/jazzy/opt/gz_fuel_tools_vendor:/opt/ros/jazzy/opt/gz_msgs_vendor:/opt/ros/jazzy/opt/gz_common_vendor:/opt/ros/jazzy/opt/gz_math_vendor:/opt/ros/jazzy/opt/gz_utils_vendor:/opt/ros/jazzy/opt/gz_tools_vendor:/opt/ros/jazzy/opt/gz_ogre_next_vendor:/opt/ros/jazzy/opt/gz_dartsim_vendor:/opt/ros/jazzy/opt/gz_cmake_vendor:/opt/ros/jazzy LD_LIBRARY_PATH=/home/atef/fav/ros2/install/scenario_msgs/lib:${LD_LIBRARY_PATH} PYTHONPATH=/home/atef/fav/ros2/install/scenario_msgs/lib/python3.12/site-packages:${PYTHONPATH} /bin/cmake --build /home/atef/fav/ros2/build/fav -- -j6 -l6
[2.010s] DEBUG:colcon.colcon_core.event_handler.log_command:Invoked command in '/home/atef/fav/ros2/build/fav' returned '0': AMENT_PREFIX_PATH=/home/atef/fav/ros2/install/scenario_msgs:${AMENT_PREFIX_PATH} CMAKE_PREFIX_PATH=/home/atef/fav/ros2/install/scenario_msgs:/opt/ros/jazzy/opt/gz_sim_vendor:/opt/ros/jazzy/opt/gz_sensors_vendor:/opt/ros/jazzy/opt/gz_physics_vendor:/opt/ros/jazzy/opt/sdformat_vendor:/opt/ros/jazzy/opt/gz_gui_vendor:/opt/ros/jazzy/opt/gz_transport_vendor:/opt/ros/jazzy/opt/gz_rendering_vendor:/opt/ros/jazzy/opt/gz_plugin_vendor:/opt/ros/jazzy/opt/gz_fuel_tools_vendor:/opt/ros/jazzy/opt/gz_msgs_vendor:/opt/ros/jazzy/opt/gz_common_vendor:/opt/ros/jazzy/opt/gz_math_vendor:/opt/ros/jazzy/opt/gz_utils_vendor:/opt/ros/jazzy/opt/gz_tools_vendor:/opt/ros/jazzy/opt/gz_ogre_next_vendor:/opt/ros/jazzy/opt/gz_dartsim_vendor:/opt/ros/jazzy/opt/gz_cmake_vendor:/opt/ros/jazzy LD_LIBRARY_PATH=/home/atef/fav/ros2/install/scenario_msgs/lib:${LD_LIBRARY_PATH} PYTHONPATH=/home/atef/fav/ros2/install/scenario_msgs/lib/python3.12/site-packages:${PYTHONPATH} /bin/cmake --build /home/atef/fav/ros2/build/fav -- -j6 -l6
[2.048s] DEBUG:colcon.colcon_core.event_handler.log_command:Invoking command in '/home/atef/fav/ros2/build/fav': AMENT_PREFIX_PATH=/home/atef/fav/ros2/install/scenario_msgs:${AMENT_PREFIX_PATH} CMAKE_PREFIX_PATH=/home/atef/fav/ros2/install/scenario_msgs:/opt/ros/jazzy/opt/gz_sim_vendor:/opt/ros/jazzy/opt/gz_sensors_vendor:/opt/ros/jazzy/opt/gz_physics_vendor:/opt/ros/jazzy/opt/sdformat_vendor:/opt/ros/jazzy/opt/gz_gui_vendor:/opt/ros/jazzy/opt/gz_transport_vendor:/opt/ros/jazzy/opt/gz_rendering_vendor:/opt/ros/jazzy/opt/gz_plugin_vendor:/opt/ros/jazzy/opt/gz_fuel_tools_vendor:/opt/ros/jazzy/opt/gz_msgs_vendor:/opt/ros/jazzy/opt/gz_common_vendor:/opt/ros/jazzy/opt/gz_math_vendor:/opt/ros/jazzy/opt/gz_utils_vendor:/opt/ros/jazzy/opt/gz_tools_vendor:/opt/ros/jazzy/opt/gz_ogre_next_vendor:/opt/ros/jazzy/opt/gz_dartsim_vendor:/opt/ros/jazzy/opt/gz_cmake_vendor:/opt/ros/jazzy LD_LIBRARY_PATH=/home/atef/fav/ros2/install/scenario_msgs/lib:${LD_LIBRARY_PATH} PYTHONPATH=/home/atef/fav/ros2/install/scenario_msgs/lib/python3.12/site-packages:${PYTHONPATH} /bin/cmake --install /home/atef/fav/ros2/build/fav
[2.080s] Level 1:colcon.colcon_core.environment:create_environment_scripts_only(fav)
[2.080s] Level 1:colcon.colcon_core.environment:checking '/home/atef/fav/ros2/install/fav' for CMake module files
[2.081s] DEBUG:colcon.colcon_core.event_handler.log_command:Invoked command in '/home/atef/fav/ros2/build/fav' returned '0': AMENT_PREFIX_PATH=/home/atef/fav/ros2/install/scenario_msgs:${AMENT_PREFIX_PATH} CMAKE_PREFIX_PATH=/home/atef/fav/ros2/install/scenario_msgs:/opt/ros/jazzy/opt/gz_sim_vendor:/opt/ros/jazzy/opt/gz_sensors_vendor:/opt/ros/jazzy/opt/gz_physics_vendor:/opt/ros/jazzy/opt/sdformat_vendor:/opt/ros/jazzy/opt/gz_gui_vendor:/opt/ros/jazzy/opt/gz_transport_vendor:/opt/ros/jazzy/opt/gz_rendering_vendor:/opt/ros/jazzy/opt/gz_plugin_vendor:/opt/ros/jazzy/opt/gz_fuel_tools_vendor:/opt/ros/jazzy/opt/gz_msgs_vendor:/opt/ros/jazzy/opt/gz_common_vendor:/opt/ros/jazzy/opt/gz_math_vendor:/opt/ros/jazzy/opt/gz_utils_vendor:/opt/ros/jazzy/opt/gz_tools_vendor:/opt/ros/jazzy/opt/gz_ogre_next_vendor:/opt/ros/jazzy/opt/gz_dartsim_vendor:/opt/ros/jazzy/opt/gz_cmake_vendor:/opt/ros/jazzy LD_LIBRARY_PATH=/home/atef/fav/ros2/install/scenario_msgs/lib:${LD_LIBRARY_PATH} PYTHONPATH=/home/atef/fav/ros2/install/scenario_msgs/lib/python3.12/site-packages:${PYTHONPATH} /bin/cmake --install /home/atef/fav/ros2/build/fav
[2.083s] Level 1:colcon.colcon_core.environment:checking '/home/atef/fav/ros2/install/fav' for CMake config files
[2.084s] Level 1:colcon.colcon_core.shell:create_environment_hook('fav', 'cmake_prefix_path')
[2.084s] INFO:colcon.colcon_core.shell:Creating environment hook '/home/atef/fav/ros2/install/fav/share/fav/hook/cmake_prefix_path.ps1'
[2.085s] INFO:colcon.colcon_core.shell:Creating environment descriptor '/home/atef/fav/ros2/install/fav/share/fav/hook/cmake_prefix_path.dsv'
[2.085s] INFO:colcon.colcon_core.shell:Creating environment hook '/home/atef/fav/ros2/install/fav/share/fav/hook/cmake_prefix_path.sh'
[2.086s] Level 1:colcon.colcon_core.environment:checking '/home/atef/fav/ros2/install/fav/lib'
[2.086s] Level 1:colcon.colcon_core.environment:checking '/home/atef/fav/ros2/install/fav/bin'
[2.086s] Level 1:colcon.colcon_core.environment:checking '/home/atef/fav/ros2/install/fav/lib/pkgconfig/fav.pc'
[2.086s] Level 1:colcon.colcon_core.environment:checking '/home/atef/fav/ros2/install/fav/lib/python3.12/site-packages'
[2.087s] Level 1:colcon.colcon_core.environment:checking '/home/atef/fav/ros2/install/fav/bin'
[2.087s] INFO:colcon.colcon_core.shell:Creating package script '/home/atef/fav/ros2/install/fav/share/fav/package.ps1'
[2.087s] INFO:colcon.colcon_core.shell:Creating package descriptor '/home/atef/fav/ros2/install/fav/share/fav/package.dsv'
[2.088s] INFO:colcon.colcon_core.shell:Creating package script '/home/atef/fav/ros2/install/fav/share/fav/package.sh'
[2.088s] INFO:colcon.colcon_core.shell:Creating package script '/home/atef/fav/ros2/install/fav/share/fav/package.bash'
[2.089s] INFO:colcon.colcon_core.shell:Creating package script '/home/atef/fav/ros2/install/fav/share/fav/package.zsh'
[2.089s] Level 1:colcon.colcon_core.environment:create_file_with_runtime_dependencies(/home/atef/fav/ros2/install/fav/share/colcon-core/packages/fav)
[2.129s] Level 1:colcon.colcon_core.environment:create_environment_scripts_only(fav)
[2.129s] Level 1:colcon.colcon_core.environment:checking '/home/atef/fav/ros2/install/fav' for CMake module files
[2.130s] Level 1:colcon.colcon_core.environment:checking '/home/atef/fav/ros2/install/fav' for CMake config files
[2.130s] Level 1:colcon.colcon_core.shell:create_environment_hook('fav', 'cmake_prefix_path')
[2.130s] INFO:colcon.colcon_core.shell:Creating environment hook '/home/atef/fav/ros2/install/fav/share/fav/hook/cmake_prefix_path.ps1'
[2.131s] INFO:colcon.colcon_core.shell:Creating environment descriptor '/home/atef/fav/ros2/install/fav/share/fav/hook/cmake_prefix_path.dsv'
[2.132s] INFO:colcon.colcon_core.shell:Creating environment hook '/home/atef/fav/ros2/install/fav/share/fav/hook/cmake_prefix_path.sh'
[2.133s] Level 1:colcon.colcon_core.environment:checking '/home/atef/fav/ros2/install/fav/lib'
[2.133s] Level 1:colcon.colcon_core.environment:checking '/home/atef/fav/ros2/install/fav/bin'
[2.133s] Level 1:colcon.colcon_core.environment:checking '/home/atef/fav/ros2/install/fav/lib/pkgconfig/fav.pc'
[2.133s] Level 1:colcon.colcon_core.environment:checking '/home/atef/fav/ros2/install/fav/lib/python3.12/site-packages'
[2.134s] Level 1:colcon.colcon_core.environment:checking '/home/atef/fav/ros2/install/fav/bin'
[2.134s] INFO:colcon.colcon_core.shell:Creating package script '/home/atef/fav/ros2/install/fav/share/fav/package.ps1'
[2.135s] INFO:colcon.colcon_core.shell:Creating package descriptor '/home/atef/fav/ros2/install/fav/share/fav/package.dsv'
[2.135s] INFO:colcon.colcon_core.shell:Creating package script '/home/atef/fav/ros2/install/fav/share/fav/package.sh'
[2.136s] INFO:colcon.colcon_core.shell:Creating package script '/home/atef/fav/ros2/install/fav/share/fav/package.bash'
[2.136s] INFO:colcon.colcon_core.shell:Creating package script '/home/atef/fav/ros2/install/fav/share/fav/package.zsh'
[2.137s] Level 1:colcon.colcon_core.environment:create_file_with_runtime_dependencies(/home/atef/fav/ros2/install/fav/share/colcon-core/packages/fav)
[2.137s] DEBUG:colcon.colcon_parallel_executor.executor.parallel:closing loop
[2.138s] DEBUG:colcon.colcon_parallel_executor.executor.parallel:loop closed
[2.138s] DEBUG:colcon.colcon_parallel_executor.executor.parallel:run_until_complete finished with '0'
[2.138s] DEBUG:colcon.colcon_core.event_reactor:joining thread
[2.152s] INFO:colcon.colcon_core.plugin_system:Skipping extension 'colcon_notification.desktop_notification.terminal_notifier': Not used on non-Darwin systems
[2.152s] INFO:colcon.colcon_core.plugin_system:Skipping extension 'colcon_notification.desktop_notification.win32': Not used on non-Windows systems
[2.152s] INFO:colcon.colcon_notification.desktop_notification:Sending desktop notification using 'notify2'
[2.152s] DEBUG:colcon.colcon_notification.desktop_notification.notify2:Failed to initialize notify2: org.freedesktop.DBus.Error.NotSupported: Unable to autolaunch a dbus-daemon without a $DISPLAY for X11
[2.152s] DEBUG:colcon.colcon_core.event_reactor:joined thread
[2.153s] INFO:colcon.colcon_core.shell:Creating prefix script '/home/atef/fav/ros2/install/local_setup.ps1'
[2.154s] INFO:colcon.colcon_core.shell:Creating prefix util module '/home/atef/fav/ros2/install/_local_setup_util_ps1.py'
[2.155s] INFO:colcon.colcon_core.shell:Creating prefix chain script '/home/atef/fav/ros2/install/setup.ps1'
[2.157s] INFO:colcon.colcon_core.shell:Creating prefix script '/home/atef/fav/ros2/install/local_setup.sh'
[2.157s] INFO:colcon.colcon_core.shell:Creating prefix util module '/home/atef/fav/ros2/install/_local_setup_util_sh.py'
[2.158s] INFO:colcon.colcon_core.shell:Creating prefix chain script '/home/atef/fav/ros2/install/setup.sh'
[2.159s] INFO:colcon.colcon_core.shell:Creating prefix script '/home/atef/fav/ros2/install/local_setup.bash'
[2.160s] INFO:colcon.colcon_core.shell:Creating prefix chain script '/home/atef/fav/ros2/install/setup.bash'
[2.161s] INFO:colcon.colcon_core.shell:Creating prefix script '/home/atef/fav/ros2/install/local_setup.zsh'
[2.161s] INFO:colcon.colcon_core.shell:Creating prefix chain script '/home/atef/fav/ros2/install/setup.zsh'
